0.3516 	WARNING 	We strongly recommend you activate the PTB sound engine in PsychoPy prefs as the preferred audio engine. Its timing is vastly superior. Your prefs are currently set to use ['sounddevice', 'PTB', 'pyo', 'pygame'] (in that order).
4.0769 	INFO 	Loaded monitor calibration from ['2020_10_12 18:18']
5.1582 	EXP 	Created window1 = Window(allowGUI=True, allowStencil=False, args=UNKNOWN, autoLog=True, bitsMode=UNKNOWN, blendMode='avg', bpc=(8, 8, 8), color='black', colorSpace='named', depthBits=8, fullscr=<method-wrapper '__getattribute__' of attributeSetter object at 0x1427d7cc0>, gamma=None, gammaErrorPolicy='raise', kwargs=UNKNOWN, lms=UNKNOWN, monitor=<psychopy.monitors.calibTools.Monitor object at 0x142705b38>, multiSample=False, name='window1', numSamples=2, pos=[360.0, 225.0], screen=0, size=array([2880, 1800]), stencilBits=0, stereo=False, units='height', useFBO=True, useRetina=True, viewOri=0.0, viewPos=None, viewScale=None, waitBlanking=True, winType='pyglet')
5.1584 	EXP 	window1: mouseVisible = True
5.1584 	EXP 	window1: recordFrameIntervals = False
5.3244 	EXP 	window1: recordFrameIntervals = True
5.5077 	DEBUG 	Screen (0) actual frame rate measured at 60.04
5.5077 	EXP 	window1: recordFrameIntervals = False
5.5858 	EXP 	Created IntroScreen = TextStim(__class__=<class 'psychopy.visual.text.TextStim'>, alignHoriz=method-wrapper(...), alignText='center', alignVert=method-wrapper(...), anchorHoriz='center', anchorVert='center', antialias=True, autoLog=True, bold=False, color='white', colorSpace='named', contrast=1.0, depth=0.0, flipHoriz=False, flipVert=False, font='Times New Roman', fontFiles=[], height=0.1, italic=False, languageStyle='LTR', name='IntroScreen', opacity=1.0, ori=0, pos=array([0., 0.]), rgb=array([255., 255., 255.]), text='Big 5 Test', units='height', win=Window(...), wrapWidth=1)
5.6332 	EXP 	Created instructions = TextStim(__class__=<class 'psychopy.visual.text.TextStim'>, alignHoriz=method-wrapper(...), alignText='center', alignVert=method-wrapper(...), anchorHoriz='center', anchorVert='center', antialias=True, autoLog=True, bold=False, color='white', colorSpace='named', contrast=1.0, depth=0.0, flipHoriz=False, flipVert=False, font='Times New Roman', fontFiles=[], height=0.1, italic=False, languageStyle='LTR', name='instructions', opacity=1.0, ori=0, pos=array([0., 0.]), rgb=array([255., 255., 255.]), text=str(...), units='height', win=Window(...), wrapWidth=1)
5.6675 	EXP 	Created scenario1 = TextStim(__class__=<class 'psychopy.visual.text.TextStim'>, alignHoriz=method-wrapper(...), alignText='center', alignVert=method-wrapper(...), anchorHoriz='center', anchorVert='center', antialias=True, autoLog=True, bold=False, color='white', colorSpace='named', contrast=1.0, depth=0.0, flipHoriz=False, flipVert=False, font='Times New Roman', fontFiles=[], height=0.06, italic=False, languageStyle='LTR', name='scenario1', opacity=1.0, ori=0, pos=array([0. , 0.2]), rgb=array([255., 255., 255.]), text='default text', units='height', win=Window(...), wrapWidth=1)
5.6742 	EXP 	Created notAtAll = TextStim(__class__=<class 'psychopy.visual.text.TextStim'>, alignHoriz=method-wrapper(...), alignText='center', alignVert=method-wrapper(...), anchorHoriz='center', anchorVert='center', antialias=True, autoLog=True, bold=False, color='white', colorSpace='named', contrast=1.0, depth=-1.0, flipHoriz=False, flipVert=False, font='Times New Roman', fontFiles=[], height=0.03, italic=False, languageStyle='LTR', name='notAtAll', opacity=1.0, ori=0, pos=array([-0.4, -0.2]), rgb=array([255., 255., 255.]), text='Not at All', units='height', win=Window(...), wrapWidth=1)
5.6797 	EXP 	Created veryMuch = TextStim(__class__=<class 'psychopy.visual.text.TextStim'>, alignHoriz=method-wrapper(...), alignText='center', alignVert=method-wrapper(...), anchorHoriz='center', anchorVert='center', antialias=True, autoLog=True, bold=False, color='white', colorSpace='named', contrast=1.0, depth=-2.0, flipHoriz=False, flipVert=False, font='Times New Roman', fontFiles=[], height=0.03, italic=False, languageStyle='LTR', name='veryMuch', opacity=1.0, ori=0, pos=array([ 0.4, -0.2]), rgb=array([255., 255., 255.]), text='Very much', units='height', win=Window(...), wrapWidth=1)
5.6884 	EXP 	window1: mouseVisible = True
5.7155 	EXP 	Created rating = RatingScale(__class__=type(...), acceptKeys=['return'], acceptPreText=UNKNOWN, acceptSize=UNKNOWN, acceptText='accept?', autoLog=True, choices=False, depth=0, disappear=False, flipVert=False, high=5, kwargs=UNKNOWN, labels=list(...), leftKeys=['left'], lineColor='White', low=1, marker=ShapeStim(...), markerColor='DarkBlue', markerExpansion=UNKNOWN, markerStart=None, maxTime=0.0, minTime=0.4, mouseOnly=False, name='rating', noMouse=False, pos=[0.0, -0.4], precision=1, respKeys=['1', '2', '3', '4', '5'], rightKeys=['right'], scale='', self=UNKNOWN, showAccept=True, showValue=True, singleClick=False, size=0.6, skipKeys=['tab'], stretch=1.0, textColor='LightGray', textFont='Helvetica Bold', textSize=0.12, tickHeight=1.0, tickMarks=4.0, win=Window(...))
5.7421 	EXP 	rating: flipVert = False
5.7421 	EXP 	rating: autoLog = True
5.7421 	EXP 	IntroScreen: autoDraw = True
5.8330 	DATA 	Keypress: space
5.8595 	EXP 	IntroScreen: autoDraw = False
5.8595 	EXP 	instructions: autoDraw = True
6.0352 	DEBUG 	Read Excel file with pandas: ../Library/CELSYS/spatialAnxietyScale1.xlsx
6.0376 	DEBUG 	Clearing unnamed columns from ../Library/CELSYS/spatialAnxietyScale1.xlsx
6.0380 	EXP 	Imported ../Library/CELSYS/spatialAnxietyScale1.xlsx as conditions, 8 conditions, 1 params
6.0383 	EXP 	Created sequence: random, trialTypes=8, nReps=1, seed=None
6.0386 	EXP 	New trial (rep=0, index=0): OrderedDict([('Scenario', 'Pointing in the direction of a place outside that someone wants to get to and has asked you for directions, when you are in a windowless room.')])
6.0556 	EXP 	RatingScale rating: reset()
6.0654 	DATA 	Keypress: space
6.0908 	EXP 	instructions: autoDraw = False
6.0908 	EXP 	scenario1: text = 'Pointing in the direction of a place outside that someone wants to get to and has asked you for directions, when you are in a windowless room.'
6.0908 	EXP 	scenario1: autoDraw = True
6.0908 	EXP 	notAtAll: autoDraw = True
6.0908 	EXP 	veryMuch: autoDraw = True
6.0908 	EXP 	rating: autoDraw = True
6.2619 	DATA 	Keypress: space
7.6761 	DATA 	Mouse: Left button down, pos=(823,265)
7.7428 	DATA 	Mouse:  Left button up, pos=(824,265)
8.4124 	DATA 	Mouse: Left button down, pos=(766,169)
8.4137 	DATA 	RatingScale rating: (mouse response) rating=4
8.4137 	DATA 	RatingScale rating: rating RT=2.357
8.4137 	DATA 	RatingScale rating: history=[(None, 0.0), (4, 1.621), (4, 2.357)]
8.4276 	EXP 	New trial (rep=0, index=1): OrderedDict([('Scenario', 'Finding your way back to a familiar area after realizing you have made a wrong turn and become lost while driving.')])
8.4441 	EXP 	RatingScale rating: reset()
8.4572 	EXP 	scenario1: autoDraw = False
8.4572 	EXP 	notAtAll: autoDraw = False
8.4572 	EXP 	veryMuch: autoDraw = False
8.4572 	EXP 	rating: autoDraw = False
8.4572 	EXP 	scenario1: text = 'Finding your way back to a familiar area after realizing you have made a wrong turn and become lost while driving.'
8.4572 	EXP 	scenario1: autoDraw = True
8.4572 	EXP 	notAtAll: autoDraw = True
8.4572 	EXP 	veryMuch: autoDraw = True
8.4572 	EXP 	rating: autoDraw = True
8.4966 	DATA 	Mouse:  Left button up, pos=(766,169)
9.3788 	DATA 	Mouse: Left button down, pos=(713,271)
9.4632 	DATA 	Mouse:  Left button up, pos=(713,271)
9.9291 	DATA 	Mouse: Left button down, pos=(719,139)
9.9777 	DATA 	Mouse:  Left button up, pos=(719,139)
10.3436 	DATA 	Mouse: Left button down, pos=(721,147)
10.3446 	DATA 	RatingScale rating: (mouse response) rating=3
10.3446 	DATA 	RatingScale rating: rating RT=1.900
10.3446 	DATA 	RatingScale rating: history=[(None, 0.0), (3, 0.935), (3, 1.9)]
10.3603 	EXP 	New trial (rep=0, index=2): OrderedDict([('Scenario', 'Finding your way to an appointment in an area of a city or town with which you are not familiar. ')])
10.3730 	EXP 	RatingScale rating: reset()
10.3905 	EXP 	scenario1: autoDraw = False
10.3905 	EXP 	notAtAll: autoDraw = False
10.3905 	EXP 	veryMuch: autoDraw = False
10.3905 	EXP 	rating: autoDraw = False
10.3905 	EXP 	scenario1: text = 'Finding your way to an appointment in an area of a city or town with which you are not familiar. '
10.3905 	EXP 	scenario1: autoDraw = True
10.3905 	EXP 	notAtAll: autoDraw = True
10.3905 	EXP 	veryMuch: autoDraw = True
10.3905 	EXP 	rating: autoDraw = True
10.4282 	DATA 	Mouse:  Left button up, pos=(721,148)
11.3271 	DATA 	Keypress: escape
11.6840 	EXP 	window1: mouseVisible = True
11.6841 	DEBUG 	Saving data for Big5 ExperimentHandler
11.6848 	INFO 	saved data to /Users/sabrinado/Desktop/data/ _Big5_2020_Oct_25_1850.psydat
11.6856 	INFO 	saved data to '/Users/sabrinado/Desktop/data/ _Big5_2020_Oct_25_1850.csv'
