0.3140 	WARNING 	We strongly recommend you activate the PTB sound engine in PsychoPy prefs as the preferred audio engine. Its timing is vastly superior. Your prefs are currently set to use ['sounddevice', 'PTB', 'pyo', 'pygame'] (in that order).
5.0028 	INFO 	Loaded monitor calibration from ['2020_10_12 18:18']
5.7903 	EXP 	Created window1 = Window(allowGUI=True, allowStencil=False, args=UNKNOWN, autoLog=True, bitsMode=UNKNOWN, blendMode='avg', bpc=(8, 8, 8), color='black', colorSpace='named', depthBits=8, fullscr=<method-wrapper '__getattribute__' of attributeSetter object at 0x142017c50>, gamma=None, gammaErrorPolicy='raise', kwargs=UNKNOWN, lms=UNKNOWN, monitor=<psychopy.monitors.calibTools.Monitor object at 0x141f1cf98>, multiSample=False, name='window1', numSamples=2, pos=[360.0, 225.0], screen=0, size=array([2880, 1800]), stencilBits=0, stereo=False, units='height', useFBO=True, useRetina=True, viewOri=0.0, viewPos=None, viewScale=None, waitBlanking=True, winType='pyglet')
5.7907 	EXP 	window1: mouseVisible = True
5.7907 	EXP 	window1: recordFrameIntervals = False
5.9682 	EXP 	window1: recordFrameIntervals = True
6.1516 	DEBUG 	Screen (0) actual frame rate measured at 60.08
6.1517 	EXP 	window1: recordFrameIntervals = False
6.2322 	EXP 	Created IntroScreen = TextStim(__class__=<class 'psychopy.visual.text.TextStim'>, alignHoriz=method-wrapper(...), alignText='center', alignVert=method-wrapper(...), anchorHoriz='center', anchorVert='center', antialias=True, autoLog=True, bold=False, color='white', colorSpace='named', contrast=1.0, depth=0.0, flipHoriz=False, flipVert=False, font='Times New Roman', fontFiles=[], height=0.1, italic=False, languageStyle='LTR', name='IntroScreen', opacity=1.0, ori=0, pos=array([0., 0.]), rgb=array([255., 255., 255.]), text='Big 5 Test', units='height', win=Window(...), wrapWidth=1)
6.2788 	EXP 	Created instructions = TextStim(__class__=<class 'psychopy.visual.text.TextStim'>, alignHoriz=method-wrapper(...), alignText='center', alignVert=method-wrapper(...), anchorHoriz='center', anchorVert='center', antialias=True, autoLog=True, bold=False, color='white', colorSpace='named', contrast=1.0, depth=0.0, flipHoriz=False, flipVert=False, font='Times New Roman', fontFiles=[], height=0.1, italic=False, languageStyle='LTR', name='instructions', opacity=1.0, ori=0, pos=array([0., 0.]), rgb=array([255., 255., 255.]), text=str(...), units='height', win=Window(...), wrapWidth=1)
6.3066 	EXP 	Created scenario1 = TextStim(__class__=<class 'psychopy.visual.text.TextStim'>, alignHoriz=method-wrapper(...), alignText='center', alignVert=method-wrapper(...), anchorHoriz='center', anchorVert='center', antialias=True, autoLog=True, bold=False, color='white', colorSpace='named', contrast=1.0, depth=0.0, flipHoriz=False, flipVert=False, font='Times New Roman', fontFiles=[], height=0.06, italic=False, languageStyle='LTR', name='scenario1', opacity=1.0, ori=0, pos=array([0. , 0.2]), rgb=array([255., 255., 255.]), text='default text', units='height', win=Window(...), wrapWidth=1)
6.3125 	EXP 	Created notAtAll = TextStim(__class__=<class 'psychopy.visual.text.TextStim'>, alignHoriz=method-wrapper(...), alignText='center', alignVert=method-wrapper(...), anchorHoriz='center', anchorVert='center', antialias=True, autoLog=True, bold=False, color='white', colorSpace='named', contrast=1.0, depth=-1.0, flipHoriz=False, flipVert=False, font='Times New Roman', fontFiles=[], height=0.03, italic=False, languageStyle='LTR', name='notAtAll', opacity=1.0, ori=0, pos=array([-0.4, -0.2]), rgb=array([255., 255., 255.]), text='Not at All', units='height', win=Window(...), wrapWidth=1)
6.3178 	EXP 	Created veryMuch = TextStim(__class__=<class 'psychopy.visual.text.TextStim'>, alignHoriz=method-wrapper(...), alignText='center', alignVert=method-wrapper(...), anchorHoriz='center', anchorVert='center', antialias=True, autoLog=True, bold=False, color='white', colorSpace='named', contrast=1.0, depth=-2.0, flipHoriz=False, flipVert=False, font='Times New Roman', fontFiles=[], height=0.03, italic=False, languageStyle='LTR', name='veryMuch', opacity=1.0, ori=0, pos=array([ 0.4, -0.2]), rgb=array([255., 255., 255.]), text='Very much', units='height', win=Window(...), wrapWidth=1)
6.3259 	EXP 	window1: mouseVisible = True
6.3453 	EXP 	Created rating = RatingScale(__class__=type(...), acceptKeys=['return'], acceptPreText=UNKNOWN, acceptSize=UNKNOWN, acceptText='accept?', autoLog=True, choices=False, depth=0, disappear=False, flipVert=False, high=5, kwargs=UNKNOWN, labels=list(...), leftKeys=['left'], lineColor='White', low=1, marker=ShapeStim(...), markerColor='DarkBlue', markerExpansion=UNKNOWN, markerStart=None, maxTime=0.0, minTime=0.4, mouseOnly=False, name='rating', noMouse=False, pos=[0.0, -0.4], precision=1, respKeys=['1', '2', '3', '4', '5'], rightKeys=['right'], scale='', self=UNKNOWN, showAccept=True, showValue=True, singleClick=False, size=0.6, skipKeys=['tab'], stretch=1.0, textColor='LightGray', textFont='Helvetica Bold', textSize=0.12, tickHeight=1.0, tickMarks=4.0, win=Window(...))
6.3676 	EXP 	rating: flipVert = False
6.3676 	EXP 	rating: autoLog = True
6.3676 	EXP 	IntroScreen: autoDraw = True
7.2819 	DATA 	Keypress: space
7.3006 	EXP 	IntroScreen: autoDraw = False
7.3006 	EXP 	instructions: autoDraw = True
7.8450 	DEBUG 	Read Excel file with pandas: ../Library/CELSYS/spatialAnxietyScale1.xlsx
7.8484 	DEBUG 	Clearing unnamed columns from ../Library/CELSYS/spatialAnxietyScale1.xlsx
7.8488 	EXP 	Imported ../Library/CELSYS/spatialAnxietyScale1.xlsx as conditions, 8 conditions, 1 params
7.8492 	EXP 	Created sequence: random, trialTypes=8, nReps=1, seed=None
7.8495 	EXP 	New trial (rep=0, index=0): OrderedDict([('Scenario', 'Trying a new route that you think will be a shortcut without the benefit of a map.')])
7.8657 	EXP 	RatingScale rating: reset()
7.8757 	DATA 	Keypress: space
7.9000 	EXP 	instructions: autoDraw = False
7.9000 	EXP 	scenario1: text = 'Trying a new route that you think will be a shortcut without the benefit of a map.'
7.9000 	EXP 	scenario1: autoDraw = True
7.9000 	EXP 	notAtAll: autoDraw = True
7.9000 	EXP 	veryMuch: autoDraw = True
7.9000 	EXP 	rating: autoDraw = True
9.0881 	DATA 	Mouse: Left button down, pos=(618,264)
9.1566 	DATA 	Mouse:  Left button up, pos=(618,264)
9.8392 	DATA 	Mouse: Left button down, pos=(681,157)
9.8400 	DATA 	RatingScale rating: (mouse response) rating=2
9.8401 	DATA 	RatingScale rating: rating RT=1.974
9.8401 	DATA 	RatingScale rating: history=[(None, 0.0), (2, 1.223), (2, 1.974)]
9.8554 	EXP 	New trial (rep=0, index=1): OrderedDict([('Scenario', 'Pointing in the direction of a place outside that someone wants to get to and has asked you for directions, when you are in a windowless room.')])
9.8732 	EXP 	RatingScale rating: reset()
9.8841 	EXP 	scenario1: autoDraw = False
9.8841 	EXP 	notAtAll: autoDraw = False
9.8841 	EXP 	veryMuch: autoDraw = False
9.8841 	EXP 	rating: autoDraw = False
9.8841 	EXP 	scenario1: text = 'Pointing in the direction of a place outside that someone wants to get to and has asked you for directions, when you are in a windowless room.'
9.8841 	EXP 	scenario1: autoDraw = True
9.8841 	EXP 	notAtAll: autoDraw = True
9.8841 	EXP 	veryMuch: autoDraw = True
9.8841 	EXP 	rating: autoDraw = True
9.9368 	DATA 	Mouse:  Left button up, pos=(681,157)
10.7911 	DATA 	Mouse: Left button down, pos=(515,270)
10.9421 	DATA 	Mouse:  Left button up, pos=(514,270)
11.3077 	DATA 	Mouse: Left button down, pos=(665,177)
11.3089 	DATA 	RatingScale rating: (mouse response) rating=1
11.3089 	DATA 	RatingScale rating: rating RT=1.435
11.3089 	DATA 	RatingScale rating: history=[(None, 0.0), (1, 0.919), (1, 1.435)]
11.3226 	EXP 	New trial (rep=0, index=2): OrderedDict([('Scenario', 'Finding your way back to a familiar area after realizing you have made a wrong turn and become lost while driving.')])
11.3369 	EXP 	RatingScale rating: reset()
11.3532 	EXP 	scenario1: autoDraw = False
11.3532 	EXP 	notAtAll: autoDraw = False
11.3532 	EXP 	veryMuch: autoDraw = False
11.3532 	EXP 	rating: autoDraw = False
11.3532 	EXP 	scenario1: text = 'Finding your way back to a familiar area after realizing you have made a wrong turn and become lost while driving.'
11.3532 	EXP 	scenario1: autoDraw = True
11.3532 	EXP 	notAtAll: autoDraw = True
11.3532 	EXP 	veryMuch: autoDraw = True
11.3532 	EXP 	rating: autoDraw = True
11.3904 	DATA 	Mouse:  Left button up, pos=(665,177)
12.5062 	DATA 	Mouse: Left button down, pos=(715,276)
12.5740 	DATA 	Mouse:  Left button up, pos=(714,276)
12.8413 	DATA 	Keypress: space
13.7407 	DATA 	Mouse: Left button down, pos=(715,180)
13.7420 	DATA 	RatingScale rating: (mouse response) rating=3
13.7420 	DATA 	RatingScale rating: rating RT=2.404
13.7420 	DATA 	RatingScale rating: history=[(None, 0.0), (3, 1.169), (3, 2.404)]
13.7547 	EXP 	New trial (rep=0, index=3): OrderedDict([('Scenario', 'Leaving a store that you have been to for the first time and deciding which way to turn to get to a destination.')])
13.7673 	EXP 	RatingScale rating: reset()
13.7861 	EXP 	scenario1: autoDraw = False
13.7861 	EXP 	notAtAll: autoDraw = False
13.7861 	EXP 	veryMuch: autoDraw = False
13.7861 	EXP 	rating: autoDraw = False
13.7861 	EXP 	scenario1: text = 'Leaving a store that you have been to for the first time and deciding which way to turn to get to a destination.'
13.7861 	EXP 	scenario1: autoDraw = True
13.7861 	EXP 	notAtAll: autoDraw = True
13.7861 	EXP 	veryMuch: autoDraw = True
13.7861 	EXP 	rating: autoDraw = True
13.8577 	DATA 	Mouse:  Left button up, pos=(715,179)
14.9067 	DATA 	Keypress: escape
15.2706 	EXP 	window1: mouseVisible = True
15.2708 	DEBUG 	Saving data for Big5 ExperimentHandler
15.2716 	INFO 	saved data to /Users/sabrinado/Desktop/data/_Big5_2020_Oct_25_1855.psydat
15.2730 	INFO 	saved data to '/Users/sabrinado/Desktop/data/_Big5_2020_Oct_25_1855.csv'
