0.4655 	WARNING 	We strongly recommend you activate the PTB sound engine in PsychoPy prefs as the preferred audio engine. Its timing is vastly superior. Your prefs are currently set to use ['sounddevice', 'PTB', 'pyo', 'pygame'] (in that order).
4.6825 	INFO 	Loaded monitor calibration from ['2020_10_12 18:18']
5.7291 	EXP 	Created window1 = Window(allowGUI=True, allowStencil=False, args=UNKNOWN, autoLog=True, bitsMode=UNKNOWN, blendMode='avg', bpc=(8, 8, 8), color='black', colorSpace='named', depthBits=8, fullscr=<method-wrapper '__getattribute__' of attributeSetter object at 0x143023978>, gamma=None, gammaErrorPolicy='raise', kwargs=UNKNOWN, lms=UNKNOWN, monitor=<psychopy.monitors.calibTools.Monitor object at 0x142fe76a0>, multiSample=False, name='window1', numSamples=2, pos=[360.0, 225.0], screen=0, size=array([2880, 1800]), stencilBits=0, stereo=False, units='height', useFBO=True, useRetina=True, viewOri=0.0, viewPos=None, viewScale=None, waitBlanking=True, winType='pyglet')
5.7294 	EXP 	window1: mouseVisible = True
5.7295 	EXP 	window1: recordFrameIntervals = False
5.8950 	EXP 	window1: recordFrameIntervals = True
6.0781 	DEBUG 	Screen (0) actual frame rate measured at 60.12
6.0782 	EXP 	window1: recordFrameIntervals = False
6.2304 	EXP 	Created IntroScreen = TextStim(__class__=<class 'psychopy.visual.text.TextStim'>, alignHoriz=method-wrapper(...), alignText='center', alignVert=method-wrapper(...), anchorHoriz='center', anchorVert='center', antialias=True, autoLog=True, bold=False, color='white', colorSpace='named', contrast=1.0, depth=0.0, flipHoriz=False, flipVert=False, font='Times New Roman', fontFiles=[], height=0.1, italic=False, languageStyle='LTR', name='IntroScreen', opacity=1.0, ori=0, pos=array([0., 0.]), rgb=array([255., 255., 255.]), text='Big 5 Test', units='height', win=Window(...), wrapWidth=1)
6.2779 	EXP 	Created instructions = TextStim(__class__=<class 'psychopy.visual.text.TextStim'>, alignHoriz=method-wrapper(...), alignText='center', alignVert=method-wrapper(...), anchorHoriz='center', anchorVert='center', antialias=True, autoLog=True, bold=False, color='white', colorSpace='named', contrast=1.0, depth=0.0, flipHoriz=False, flipVert=False, font='Times New Roman', fontFiles=[], height=0.1, italic=False, languageStyle='LTR', name='instructions', opacity=1.0, ori=0, pos=array([0., 0.]), rgb=array([255., 255., 255.]), text=str(...), units='height', win=Window(...), wrapWidth=1)
6.3058 	EXP 	Created scenario1 = TextStim(__class__=<class 'psychopy.visual.text.TextStim'>, alignHoriz=method-wrapper(...), alignText='center', alignVert=method-wrapper(...), anchorHoriz='center', anchorVert='center', antialias=True, autoLog=True, bold=False, color='white', colorSpace='named', contrast=1.0, depth=0.0, flipHoriz=False, flipVert=False, font='Times New Roman', fontFiles=[], height=0.06, italic=False, languageStyle='LTR', name='scenario1', opacity=1.0, ori=0, pos=array([0. , 0.2]), rgb=array([255., 255., 255.]), text='default text', units='height', win=Window(...), wrapWidth=1)
6.3115 	EXP 	Created notAtAll = TextStim(__class__=<class 'psychopy.visual.text.TextStim'>, alignHoriz=method-wrapper(...), alignText='center', alignVert=method-wrapper(...), anchorHoriz='center', anchorVert='center', antialias=True, autoLog=True, bold=False, color='white', colorSpace='named', contrast=1.0, depth=-1.0, flipHoriz=False, flipVert=False, font='Times New Roman', fontFiles=[], height=0.03, italic=False, languageStyle='LTR', name='notAtAll', opacity=1.0, ori=0, pos=array([-0.4, -0.2]), rgb=array([255., 255., 255.]), text='Not at All', units='height', win=Window(...), wrapWidth=1)
6.3167 	EXP 	Created veryMuch = TextStim(__class__=<class 'psychopy.visual.text.TextStim'>, alignHoriz=method-wrapper(...), alignText='center', alignVert=method-wrapper(...), anchorHoriz='center', anchorVert='center', antialias=True, autoLog=True, bold=False, color='white', colorSpace='named', contrast=1.0, depth=-2.0, flipHoriz=False, flipVert=False, font='Times New Roman', fontFiles=[], height=0.03, italic=False, languageStyle='LTR', name='veryMuch', opacity=1.0, ori=0, pos=array([ 0.4, -0.2]), rgb=array([255., 255., 255.]), text='Very much', units='height', win=Window(...), wrapWidth=1)
6.3288 	EXP 	window1: mouseVisible = True
6.3530 	EXP 	Created rating = RatingScale(__class__=type(...), acceptKeys=['return'], acceptPreText=UNKNOWN, acceptSize=UNKNOWN, acceptText='accept?', autoLog=True, choices=False, depth=0, disappear=False, flipVert=False, high=5, kwargs=UNKNOWN, labels=list(...), leftKeys=['left'], lineColor='White', low=1, marker=ShapeStim(...), markerColor='DarkBlue', markerExpansion=UNKNOWN, markerStart=None, maxTime=0.0, minTime=0.4, mouseOnly=False, name='rating', noMouse=False, pos=[0.0, -0.4], precision=1, respKeys=['1', '2', '3', '4', '5'], rightKeys=['right'], scale='', self=UNKNOWN, showAccept=True, showValue=True, singleClick=False, size=0.6, skipKeys=['tab'], stretch=1.0, textColor='LightGray', textFont='Helvetica Bold', textSize=0.12, tickHeight=1.0, tickMarks=4.0, win=Window(...))
6.3734 	EXP 	Created riskBehaviorScaleScreen = TextStim(__class__=<class 'psychopy.visual.text.TextStim'>, alignHoriz=method-wrapper(...), alignText='center', alignVert=method-wrapper(...), anchorHoriz='center', anchorVert='center', antialias=True, autoLog=True, bold=False, color='white', colorSpace='named', contrast=1.0, depth=0.0, flipHoriz=False, flipVert=False, font='Times New Roman', fontFiles=[], height=0.1, italic=False, languageStyle='LTR', name='riskBehaviorScaleScreen', opacity=1.0, ori=0, pos=array([0., 0.]), rgb=array([255., 255., 255.]), text=str(...), units='height', win=Window(...), wrapWidth=1)
6.4115 	EXP 	Created activity = TextStim(__class__=<class 'psychopy.visual.text.TextStim'>, alignHoriz=method-wrapper(...), alignText='center', alignVert=method-wrapper(...), anchorHoriz='center', anchorVert='center', antialias=True, autoLog=True, bold=False, color='white', colorSpace='named', contrast=1.0, depth=0.0, flipHoriz=False, flipVert=False, font='Times New Roman', fontFiles=[], height=0.06, italic=False, languageStyle='LTR', name='activity', opacity=1.0, ori=0, pos=array([0. , 0.2]), rgb=array([255., 255., 255.]), text='default text', units='height', win=Window(...), wrapWidth=1)
6.4171 	EXP 	Created notAtAll2 = TextStim(__class__=<class 'psychopy.visual.text.TextStim'>, alignHoriz=method-wrapper(...), alignText='center', alignVert=method-wrapper(...), anchorHoriz='center', anchorVert='center', antialias=True, autoLog=True, bold=False, color='white', colorSpace='named', contrast=1.0, depth=-1.0, flipHoriz=False, flipVert=False, font='Times New Roman', fontFiles=[], height=0.03, italic=False, languageStyle='LTR', name='notAtAll2', opacity=1.0, ori=0, pos=array([-0.4, -0.2]), rgb=array([255., 255., 255.]), text='Extremely unlikely', units='height', win=Window(...), wrapWidth=1)
6.4288 	EXP 	Created ExtremelyLikely = TextStim(__class__=<class 'psychopy.visual.text.TextStim'>, alignHoriz=method-wrapper(...), alignText='center', alignVert=method-wrapper(...), anchorHoriz='center', anchorVert='center', antialias=True, autoLog=True, bold=False, color='white', colorSpace='named', contrast=1.0, depth=-2.0, flipHoriz=False, flipVert=False, font='Arial', fontFiles=[], height=0.03, italic=False, languageStyle='LTR', name='ExtremelyLikely', opacity=1.0, ori=0, pos=array([ 0.4, -0.2]), rgb=array([255., 255., 255.]), text='Extremely likely', units='height', win=Window(...), wrapWidth=1)
6.4290 	EXP 	window1: mouseVisible = True
6.4424 	EXP 	Created rating_2 = RatingScale(__class__=type(...), acceptKeys=['return'], acceptPreText=UNKNOWN, acceptSize=UNKNOWN, acceptText='accept?', autoLog=True, choices=False, depth=0, disappear=False, flipVert=False, high=5, kwargs=UNKNOWN, labels=list(...), leftKeys=['left'], lineColor='White', low=1, marker=ShapeStim(...), markerColor='DarkBlue', markerExpansion=UNKNOWN, markerStart=None, maxTime=0.0, minTime=0.4, mouseOnly=False, name='rating_2', noMouse=False, pos=[0.0, -0.4], precision=1, respKeys=['1', '2', '3', '4', '5'], rightKeys=['right'], scale='', self=UNKNOWN, showAccept=True, showValue=True, singleClick=False, size=0.6, skipKeys=['tab'], stretch=1.0, textColor='LightGray', textFont='Helvetica Bold', textSize=0.12, tickHeight=1.0, tickMarks=4.0, win=Window(...))
6.4720 	EXP 	Created riskPerceptionInstructions = TextStim(__class__=<class 'psychopy.visual.text.TextStim'>, alignHoriz=method-wrapper(...), alignText='center', alignVert=method-wrapper(...), anchorHoriz='center', anchorVert='center', antialias=True, autoLog=True, bold=False, color='white', colorSpace='named', contrast=1.0, depth=0.0, flipHoriz=False, flipVert=False, font='Times New Roman', fontFiles=[], height=0.06, italic=False, languageStyle='LTR', name='riskPerceptionInstructions', opacity=1.0, ori=0, pos=array([0., 0.]), rgb=array([255., 255., 255.]), text=str(...), units='height', win=Window(...), wrapWidth=1)
6.4968 	EXP 	Created riskPerceptionActivity2 = TextStim(__class__=<class 'psychopy.visual.text.TextStim'>, alignHoriz=method-wrapper(...), alignText='center', alignVert=method-wrapper(...), anchorHoriz='center', anchorVert='center', antialias=True, autoLog=True, bold=False, color='white', colorSpace='named', contrast=1.0, depth=0.0, flipHoriz=False, flipVert=False, font='Times New Roman', fontFiles=[], height=0.06, italic=False, languageStyle='LTR', name='riskPerceptionActivity2', opacity=1.0, ori=0, pos=array([0. , 0.2]), rgb=array([255., 255., 255.]), text='default text', units='height', win=Window(...), wrapWidth=1)
6.4970 	EXP 	window1: mouseVisible = True
6.5052 	EXP 	Created rating_4 = RatingScale(__class__=type(...), acceptKeys=['return'], acceptPreText=UNKNOWN, acceptSize=UNKNOWN, acceptText='accept?', autoLog=True, choices=False, depth=0, disappear=False, flipVert=False, high=5, kwargs=UNKNOWN, labels=list(...), leftKeys=['left'], lineColor='White', low=1, marker=ShapeStim(...), markerColor='DarkBlue', markerExpansion=UNKNOWN, markerStart=None, maxTime=0.0, minTime=0.4, mouseOnly=False, name='rating_4', noMouse=False, pos=[0.0, -0.4], precision=1, respKeys=['1', '2', '3', '4', '5'], rightKeys=['right'], scale='', self=UNKNOWN, showAccept=True, showValue=True, singleClick=False, size=0.6, skipKeys=['tab'], stretch=1.0, textColor='LightGray', textFont='Helvetica Bold', textSize=0.12, tickHeight=1.0, tickMarks=4.0, win=Window(...))
6.5105 	EXP 	Created notAtAllRisky = TextStim(__class__=<class 'psychopy.visual.text.TextStim'>, alignHoriz=method-wrapper(...), alignText='center', alignVert=method-wrapper(...), anchorHoriz='center', anchorVert='center', antialias=True, autoLog=True, bold=False, color='white', colorSpace='named', contrast=1.0, depth=-2.0, flipHoriz=False, flipVert=False, font='Times New Roman', fontFiles=[], height=0.03, italic=False, languageStyle='LTR', name='notAtAllRisky', opacity=1.0, ori=0, pos=array([-0.4, -0.2]), rgb=array([255., 255., 255.]), text='Not at all risky', units='height', win=Window(...), wrapWidth=1)
6.5162 	EXP 	Created ExtremelyRisky = TextStim(__class__=<class 'psychopy.visual.text.TextStim'>, alignHoriz=method-wrapper(...), alignText='center', alignVert=method-wrapper(...), anchorHoriz='center', anchorVert='center', antialias=True, autoLog=True, bold=False, color='white', colorSpace='named', contrast=1.0, depth=-3.0, flipHoriz=False, flipVert=False, font='Times New Roman', fontFiles=[], height=0.03, italic=False, languageStyle='LTR', name='ExtremelyRisky', opacity=1.0, ori=0, pos=array([ 0.4, -0.2]), rgb=array([255., 255., 255.]), text='Extremely risky\n', units='height', win=Window(...), wrapWidth=1)
6.5197 	EXP 	Created ModeratelyRisky = TextStim(__class__=<class 'psychopy.visual.text.TextStim'>, alignHoriz=method-wrapper(...), alignText='center', alignVert=method-wrapper(...), anchorHoriz='center', anchorVert='center', antialias=True, autoLog=True, bold=False, color='white', colorSpace='named', contrast=1.0, depth=-4.0, flipHoriz=False, flipVert=False, font='Times New Roman', fontFiles=[], height=0.03, italic=False, languageStyle='LTR', name='ModeratelyRisky', opacity=1.0, ori=0, pos=array([ 0. , -0.2]), rgb=array([255., 255., 255.]), text='Moderately risky', units='height', win=Window(...), wrapWidth=1)
6.5414 	EXP 	Created expBenefits = TextStim(__class__=<class 'psychopy.visual.text.TextStim'>, alignHoriz=method-wrapper(...), alignText='center', alignVert=method-wrapper(...), anchorHoriz='center', anchorVert='center', antialias=True, autoLog=True, bold=False, color='white', colorSpace='named', contrast=1.0, depth=0.0, flipHoriz=False, flipVert=False, font='Times New Roman', fontFiles=[], height=0.1, italic=False, languageStyle='LTR', name='expBenefits', opacity=1.0, ori=0, pos=array([0., 0.]), rgb=array([255., 255., 255.]), text=str(...), units='height', win=Window(...), wrapWidth=1)
6.5661 	EXP 	Created riskBenefitsScale = TextStim(__class__=<class 'psychopy.visual.text.TextStim'>, alignHoriz=method-wrapper(...), alignText='center', alignVert=method-wrapper(...), anchorHoriz='center', anchorVert='center', antialias=True, autoLog=True, bold=False, color='white', colorSpace='named', contrast=1.0, depth=0.0, flipHoriz=False, flipVert=False, font='Times New Roman', fontFiles=[], height=0.06, italic=False, languageStyle='LTR', name='riskBenefitsScale', opacity=1.0, ori=0, pos=array([0. , 0.2]), rgb=array([255., 255., 255.]), text='default text', units='height', win=Window(...), wrapWidth=1)
6.5693 	EXP 	Created noBenefits = TextStim(__class__=<class 'psychopy.visual.text.TextStim'>, alignHoriz=method-wrapper(...), alignText='center', alignVert=method-wrapper(...), anchorHoriz='center', anchorVert='center', antialias=True, autoLog=True, bold=False, color='white', colorSpace='named', contrast=1.0, depth=-1.0, flipHoriz=False, flipVert=False, font='Times New Roman', fontFiles=[], height=0.03, italic=False, languageStyle='LTR', name='noBenefits', opacity=1.0, ori=0, pos=array([-0.4, -0.2]), rgb=array([255., 255., 255.]), text='No benefits at all', units='height', win=Window(...), wrapWidth=1)
6.5694 	EXP 	window1: mouseVisible = True
6.5817 	EXP 	Created rating_3 = RatingScale(__class__=type(...), acceptKeys=['return'], acceptPreText=UNKNOWN, acceptSize=UNKNOWN, acceptText='accept?', autoLog=True, choices=False, depth=0, disappear=False, flipVert=False, high=5, kwargs=UNKNOWN, labels=list(...), leftKeys=['left'], lineColor='White', low=1, marker=ShapeStim(...), markerColor='DarkBlue', markerExpansion=UNKNOWN, markerStart=None, maxTime=0.0, minTime=0.4, mouseOnly=False, name='rating_3', noMouse=False, pos=[0.0, -0.4], precision=1, respKeys=['1', '2', '3', '4', '5'], rightKeys=['right'], scale='', self=UNKNOWN, showAccept=True, showValue=True, singleClick=False, size=0.6, skipKeys=['tab'], stretch=1.0, textColor='LightGray', textFont='Helvetica Bold', textSize=0.12, tickHeight=1.0, tickMarks=4.0, win=Window(...))
6.5842 	EXP 	Created greatBenefits = TextStim(__class__=<class 'psychopy.visual.text.TextStim'>, alignHoriz=method-wrapper(...), alignText='center', alignVert=method-wrapper(...), anchorHoriz='center', anchorVert='center', antialias=True, autoLog=True, bold=False, color='white', colorSpace='named', contrast=1.0, depth=-3.0, flipHoriz=False, flipVert=False, font='Times New Roman', fontFiles=[], height=0.03, italic=False, languageStyle='LTR', name='greatBenefits', opacity=1.0, ori=0, pos=array([ 0.4, -0.2]), rgb=array([255., 255., 255.]), text='Great benefits', units='height', win=Window(...), wrapWidth=1)
6.5863 	EXP 	Created moderateBenefits = TextStim(__class__=<class 'psychopy.visual.text.TextStim'>, alignHoriz=method-wrapper(...), alignText='center', alignVert=method-wrapper(...), anchorHoriz='center', anchorVert='center', antialias=True, autoLog=True, bold=False, color='white', colorSpace='named', contrast=1.0, depth=-4.0, flipHoriz=False, flipVert=False, font='Times New Roman', fontFiles=[], height=0.03, italic=False, languageStyle='LTR', name='moderateBenefits', opacity=1.0, ori=0, pos=array([ 0. , -0.2]), rgb=array([255., 255., 255.]), text='Moderate benefits', units='height', win=Window(...), wrapWidth=1)
6.6083 	EXP 	Created big5Screen = TextStim(__class__=<class 'psychopy.visual.text.TextStim'>, alignHoriz=method-wrapper(...), alignText='center', alignVert=method-wrapper(...), anchorHoriz='center', anchorVert='center', antialias=True, autoLog=True, bold=False, color='white', colorSpace='named', contrast=1.0, depth=0.0, flipHoriz=False, flipVert=False, font='Times New Roman', fontFiles=[], height=0.1, italic=False, languageStyle='LTR', name='big5Screen', opacity=1.0, ori=0, pos=array([0., 0.]), rgb=array([255., 255., 255.]), text=str(...), units='height', win=Window(...), wrapWidth=1)
6.6309 	EXP 	window1: mouseVisible = True
6.6391 	EXP 	Created rating_5 = RatingScale(__class__=type(...), acceptKeys=['return'], acceptPreText=UNKNOWN, acceptSize=UNKNOWN, acceptText='accept?', autoLog=True, choices=False, depth=0, disappear=False, flipVert=False, high=5, kwargs=UNKNOWN, labels=list(...), leftKeys=['left'], lineColor='White', low=1, marker=ShapeStim(...), markerColor='DarkBlue', markerExpansion=UNKNOWN, markerStart=None, maxTime=0.0, minTime=0.4, mouseOnly=False, name='rating_5', noMouse=False, pos=[0.0, -0.4], precision=1, respKeys=['1', '2', '3', '4', '5'], rightKeys=['right'], scale='', self=UNKNOWN, showAccept=True, showValue=True, singleClick=False, size=0.6, skipKeys=['tab'], stretch=1.0, textColor='LightGray', textFont='Helvetica Bold', textSize=0.12, tickHeight=1.0, tickMarks=4.0, win=Window(...))
6.6436 	EXP 	Created characText = TextStim(__class__=<class 'psychopy.visual.text.TextStim'>, alignHoriz=method-wrapper(...), alignText='center', alignVert=method-wrapper(...), anchorHoriz='center', anchorVert='center', antialias=True, autoLog=True, bold=False, color='white', colorSpace='named', contrast=1.0, depth=-1.0, flipHoriz=False, flipVert=False, font='Times New Roman', fontFiles=[], height=0.06, italic=False, languageStyle='LTR', name='characText', opacity=1.0, ori=0, pos=array([0. , 0.2]), rgb=array([255., 255., 255.]), text='default text', units='height', win=Window(...), wrapWidth=1)
6.6492 	EXP 	Created Someone = TextStim(__class__=<class 'psychopy.visual.text.TextStim'>, alignHoriz=method-wrapper(...), alignText='center', alignVert=method-wrapper(...), anchorHoriz='center', anchorVert='center', antialias=True, autoLog=True, bold=False, color='white', colorSpace='named', contrast=1.0, depth=-2.0, flipHoriz=False, flipVert=False, font='Times New Roman', fontFiles=[], height=0.06, italic=False, languageStyle='LTR', name='Someone', opacity=1.0, ori=0, pos=array([-0.33,  0.2 ]), rgb=array([255., 255., 255.]), text='I am someone who…', units='height', win=Window(...), wrapWidth=1)
6.6548 	EXP 	Created disagreeStrongly = TextStim(__class__=<class 'psychopy.visual.text.TextStim'>, alignHoriz=method-wrapper(...), alignText='center', alignVert=method-wrapper(...), anchorHoriz='center', anchorVert='center', antialias=True, autoLog=True, bold=False, color='white', colorSpace='named', contrast=1.0, depth=-3.0, flipHoriz=False, flipVert=False, font='Times New Roman', fontFiles=[], height=0.03, italic=False, languageStyle='LTR', name='disagreeStrongly', opacity=1.0, ori=0, pos=array([-0.4, -0.2]), rgb=array([255., 255., 255.]), text='Disagree\nStrongly', units='height', win=Window(...), wrapWidth=1)
6.6597 	EXP 	Created disagreeALittle = TextStim(__class__=<class 'psychopy.visual.text.TextStim'>, alignHoriz=method-wrapper(...), alignText='center', alignVert=method-wrapper(...), anchorHoriz='center', anchorVert='center', antialias=True, autoLog=True, bold=False, color='white', colorSpace='named', contrast=1.0, depth=-4.0, flipHoriz=False, flipVert=False, font='Times New Roman', fontFiles=[], height=0.03, italic=False, languageStyle='LTR', name='disagreeALittle', opacity=1.0, ori=0, pos=array([ 0.2, -0.2]), rgb=array([255., 255., 255.]), text='Disagree\na little', units='height', win=Window(...), wrapWidth=1)
6.6671 	EXP 	Created Neutral = TextStim(__class__=<class 'psychopy.visual.text.TextStim'>, alignHoriz=method-wrapper(...), alignText='center', alignVert=method-wrapper(...), anchorHoriz='center', anchorVert='center', antialias=True, autoLog=True, bold=False, color='white', colorSpace='named', contrast=1.0, depth=-5.0, flipHoriz=False, flipVert=False, font='Arial', fontFiles=[], height=0.03, italic=False, languageStyle='LTR', name='Neutral', opacity=1.0, ori=0, pos=array([ 0. , -0.2]), rgb=array([255., 255., 255.]), text='Neutral;\nno opinion', units='height', win=Window(...), wrapWidth=1)
6.6704 	EXP 	Created AgreeALittle = TextStim(__class__=<class 'psychopy.visual.text.TextStim'>, alignHoriz=method-wrapper(...), alignText='center', alignVert=method-wrapper(...), anchorHoriz='center', anchorVert='center', antialias=True, autoLog=True, bold=False, color='white', colorSpace='named', contrast=1.0, depth=-6.0, flipHoriz=False, flipVert=False, font='Times New Roman', fontFiles=[], height=0.03, italic=False, languageStyle='LTR', name='AgreeALittle', opacity=1.0, ori=0, pos=array([ 0.2, -0.2]), rgb=array([255., 255., 255.]), text='Agree\na little', units='height', win=Window(...), wrapWidth=1)
6.6726 	EXP 	Created AgreeStrongly = TextStim(__class__=<class 'psychopy.visual.text.TextStim'>, alignHoriz=method-wrapper(...), alignText='center', alignVert=method-wrapper(...), anchorHoriz='center', anchorVert='center', antialias=True, autoLog=True, bold=False, color='white', colorSpace='named', contrast=1.0, depth=-7.0, flipHoriz=False, flipVert=False, font='Times New Roman', fontFiles=[], height=0.03, italic=False, languageStyle='LTR', name='AgreeStrongly', opacity=1.0, ori=0, pos=array([ 0.4, -0.2]), rgb=array([255., 255., 255.]), text='Agree\nstrongly', units='height', win=Window(...), wrapWidth=1)
6.6942 	EXP 	rating: flipVert = False
6.6942 	EXP 	rating: autoLog = True
6.6942 	EXP 	rating_2: flipVert = False
6.6942 	EXP 	rating_2: autoLog = True
6.6942 	EXP 	rating_4: flipVert = False
6.6942 	EXP 	rating_4: autoLog = True
6.6942 	EXP 	rating_3: flipVert = False
6.6942 	EXP 	rating_3: autoLog = True
6.6942 	EXP 	rating_5: flipVert = False
6.6942 	EXP 	rating_5: autoLog = True
6.6942 	EXP 	IntroScreen: autoDraw = True
7.5679 	DATA 	Keypress: space
7.5816 	EXP 	IntroScreen: autoDraw = False
7.5816 	EXP 	instructions: autoDraw = True
9.7137 	DEBUG 	Read Excel file with pandas: ../Library/CELSYS/spatialAnxietyScale1.xlsx
9.7163 	DEBUG 	Clearing unnamed columns from ../Library/CELSYS/spatialAnxietyScale1.xlsx
9.7167 	EXP 	Imported ../Library/CELSYS/spatialAnxietyScale1.xlsx as conditions, 8 conditions, 1 params
9.7171 	EXP 	Created sequence: random, trialTypes=8, nReps=1, seed=None
9.7174 	EXP 	New trial (rep=0, index=0): OrderedDict([('Scenario', 'Finding your way to an appointment in an area of a city or town with which you are not familiar. ')])
9.7274 	EXP 	RatingScale rating: reset()
9.7409 	DATA 	Keypress: space
9.7636 	EXP 	instructions: autoDraw = False
9.7636 	EXP 	scenario1: text = 'Finding your way to an appointment in an area of a city or town with which you are not familiar. '
9.7636 	EXP 	scenario1: autoDraw = True
9.7636 	EXP 	notAtAll: autoDraw = True
9.7636 	EXP 	veryMuch: autoDraw = True
9.7636 	EXP 	rating: autoDraw = True
11.3008 	DATA 	Mouse: Left button down, pos=(512,272)
11.4180 	DATA 	Mouse:  Left button up, pos=(512,272)
11.9201 	DATA 	Mouse: Left button down, pos=(677,175)
11.9214 	DATA 	RatingScale rating: (mouse response) rating=1
11.9214 	DATA 	RatingScale rating: rating RT=2.193
11.9214 	DATA 	RatingScale rating: history=[(None, 0.0), (1, 1.574), (1, 2.193)]
11.9349 	EXP 	New trial (rep=0, index=1): OrderedDict([('Scenario', 'Locating your car in a very large parking lot or parking garage.')])
11.9513 	EXP 	RatingScale rating: reset()
11.9635 	EXP 	scenario1: autoDraw = False
11.9635 	EXP 	notAtAll: autoDraw = False
11.9635 	EXP 	veryMuch: autoDraw = False
11.9635 	EXP 	rating: autoDraw = False
11.9635 	EXP 	scenario1: text = 'Locating your car in a very large parking lot or parking garage.'
11.9635 	EXP 	scenario1: autoDraw = True
11.9635 	EXP 	notAtAll: autoDraw = True
11.9635 	EXP 	veryMuch: autoDraw = True
11.9635 	EXP 	rating: autoDraw = True
12.0181 	DATA 	Mouse:  Left button up, pos=(677,175)
12.6999 	DATA 	Mouse: Left button down, pos=(505,270)
12.8350 	DATA 	Mouse:  Left button up, pos=(505,271)
13.1705 	DATA 	Mouse: Left button down, pos=(660,176)
13.1715 	DATA 	RatingScale rating: (mouse response) rating=1
13.1715 	DATA 	RatingScale rating: rating RT=1.219
13.1716 	DATA 	RatingScale rating: history=[(None, 0.0), (1, 0.749), (1, 1.219)]
13.1837 	EXP 	New trial (rep=0, index=2): OrderedDict([('Scenario', 'Leaving a store that you have been to for the first time and deciding which way to turn to get to a destination.')])
13.2002 	EXP 	RatingScale rating: reset()
13.2135 	EXP 	scenario1: autoDraw = False
13.2135 	EXP 	notAtAll: autoDraw = False
13.2135 	EXP 	veryMuch: autoDraw = False
13.2135 	EXP 	rating: autoDraw = False
13.2135 	EXP 	scenario1: text = 'Leaving a store that you have been to for the first time and deciding which way to turn to get to a destination.'
13.2135 	EXP 	scenario1: autoDraw = True
13.2135 	EXP 	notAtAll: autoDraw = True
13.2135 	EXP 	veryMuch: autoDraw = True
13.2135 	EXP 	rating: autoDraw = True
13.2514 	DATA 	Mouse:  Left button up, pos=(660,176)
13.9342 	DATA 	Mouse: Left button down, pos=(509,273)
14.0370 	DATA 	Mouse:  Left button up, pos=(509,273)
14.4354 	DATA 	Mouse: Left button down, pos=(676,159)
14.4365 	DATA 	RatingScale rating: (mouse response) rating=1
14.4365 	DATA 	RatingScale rating: rating RT=1.235
14.4365 	DATA 	RatingScale rating: history=[(None, 0.0), (1, 0.734), (1, 1.235)]
14.4493 	EXP 	New trial (rep=0, index=3): OrderedDict([('Scenario', 'Trying a new route that you think will be a shortcut without the benefit of a map.')])
14.4598 	EXP 	RatingScale rating: reset()
14.4810 	EXP 	scenario1: autoDraw = False
14.4810 	EXP 	notAtAll: autoDraw = False
14.4810 	EXP 	veryMuch: autoDraw = False
14.4810 	EXP 	rating: autoDraw = False
14.4810 	EXP 	scenario1: text = 'Trying a new route that you think will be a shortcut without the benefit of a map.'
14.4810 	EXP 	scenario1: autoDraw = True
14.4810 	EXP 	notAtAll: autoDraw = True
14.4810 	EXP 	veryMuch: autoDraw = True
14.4810 	EXP 	rating: autoDraw = True
14.5186 	DATA 	Mouse:  Left button up, pos=(676,158)
15.0192 	DATA 	Mouse: Left button down, pos=(509,260)
15.1208 	DATA 	Mouse:  Left button up, pos=(509,260)
15.4862 	DATA 	Mouse: Left button down, pos=(641,176)
15.4875 	DATA 	RatingScale rating: (mouse response) rating=1
15.4875 	DATA 	RatingScale rating: rating RT=1.027
15.4876 	DATA 	RatingScale rating: history=[(None, 0.0), (1, 0.559), (1, 1.027)]
15.4999 	EXP 	New trial (rep=0, index=4): OrderedDict([('Scenario', 'Pointing in the direction of a place outside that someone wants to get to and has asked you for directions, when you are in a windowless room.')])
15.5152 	EXP 	RatingScale rating: reset()
15.5301 	EXP 	scenario1: autoDraw = False
15.5301 	EXP 	notAtAll: autoDraw = False
15.5301 	EXP 	veryMuch: autoDraw = False
15.5301 	EXP 	rating: autoDraw = False
15.5301 	EXP 	scenario1: text = 'Pointing in the direction of a place outside that someone wants to get to and has asked you for directions, when you are in a windowless room.'
15.5301 	EXP 	scenario1: autoDraw = True
15.5301 	EXP 	notAtAll: autoDraw = True
15.5301 	EXP 	veryMuch: autoDraw = True
15.5301 	EXP 	rating: autoDraw = True
15.5689 	DATA 	Mouse:  Left button up, pos=(641,176)
16.1183 	DATA 	Mouse: Left button down, pos=(493,283)
16.2349 	DATA 	Mouse:  Left button up, pos=(493,282)
16.6706 	DATA 	Mouse: Left button down, pos=(631,198)
16.8182 	DATA 	Mouse:  Left button up, pos=(632,197)
17.0681 	DATA 	Mouse: Left button down, pos=(632,186)
17.0689 	DATA 	RatingScale rating: (mouse response) rating=1
17.0689 	DATA 	RatingScale rating: rating RT=1.553
17.0689 	DATA 	RatingScale rating: history=[(None, 0.0), (1, 0.604), (1, 1.553)]
17.0831 	EXP 	New trial (rep=0, index=5): OrderedDict([('Scenario', 'Finding your way around in an unfamiliar mall.')])
17.0936 	EXP 	RatingScale rating: reset()
17.1138 	EXP 	scenario1: autoDraw = False
17.1138 	EXP 	notAtAll: autoDraw = False
17.1138 	EXP 	veryMuch: autoDraw = False
17.1138 	EXP 	rating: autoDraw = False
17.1138 	EXP 	scenario1: text = 'Finding your way around in an unfamiliar mall.'
17.1138 	EXP 	scenario1: autoDraw = True
17.1138 	EXP 	notAtAll: autoDraw = True
17.1138 	EXP 	veryMuch: autoDraw = True
17.1138 	EXP 	rating: autoDraw = True
17.1998 	DATA 	Mouse:  Left button up, pos=(632,186)
17.6017 	DATA 	Mouse: Left button down, pos=(515,271)
17.6855 	DATA 	Mouse:  Left button up, pos=(516,271)
18.0875 	DATA 	Mouse: Left button down, pos=(673,139)
18.1849 	DATA 	Mouse:  Left button up, pos=(673,139)
18.5529 	DATA 	Mouse: Left button down, pos=(664,149)
18.5537 	DATA 	RatingScale rating: (mouse response) rating=1
18.5537 	DATA 	RatingScale rating: rating RT=1.459
18.5537 	DATA 	RatingScale rating: history=[(None, 0.0), (1, 0.508), (1, 1.459)]
18.5673 	EXP 	New trial (rep=0, index=6): OrderedDict([('Scenario', 'Finding your way back to a familiar area after realizing you have made a wrong turn and become lost while driving.')])
18.5817 	EXP 	RatingScale rating: reset()
18.5964 	EXP 	scenario1: autoDraw = False
18.5964 	EXP 	notAtAll: autoDraw = False
18.5964 	EXP 	veryMuch: autoDraw = False
18.5964 	EXP 	rating: autoDraw = False
18.5964 	EXP 	scenario1: text = 'Finding your way back to a familiar area after realizing you have made a wrong turn and become lost while driving.'
18.5964 	EXP 	scenario1: autoDraw = True
18.5964 	EXP 	notAtAll: autoDraw = True
18.5964 	EXP 	veryMuch: autoDraw = True
18.5964 	EXP 	rating: autoDraw = True
18.6508 	DATA 	Mouse:  Left button up, pos=(664,149)
20.4512 	DATA 	Mouse: Left button down, pos=(505,279)
20.5361 	DATA 	Mouse:  Left button up, pos=(505,279)
21.1515 	DATA 	Mouse: Left button down, pos=(689,143)
21.2364 	DATA 	Mouse:  Left button up, pos=(690,143)
21.7700 	DATA 	Mouse: Left button down, pos=(665,161)
21.7828 	DATA 	RatingScale rating: (mouse response) rating=1
21.7828 	DATA 	RatingScale rating: rating RT=3.200
21.7828 	DATA 	RatingScale rating: history=[(None, 0.0), (1, 1.869), (1, 3.2)]
21.7993 	EXP 	New trial (rep=0, index=7): OrderedDict([('Scenario', 'Finding your way out of a complex arrangement of offices that you have visited for the first time.')])
21.8116 	EXP 	RatingScale rating: reset()
21.8299 	EXP 	scenario1: autoDraw = False
21.8299 	EXP 	notAtAll: autoDraw = False
21.8299 	EXP 	veryMuch: autoDraw = False
21.8299 	EXP 	rating: autoDraw = False
21.8299 	EXP 	scenario1: text = 'Finding your way out of a complex arrangement of offices that you have visited for the first time.'
21.8299 	EXP 	scenario1: autoDraw = True
21.8299 	EXP 	notAtAll: autoDraw = True
21.8299 	EXP 	veryMuch: autoDraw = True
21.8299 	EXP 	rating: autoDraw = True
21.8688 	DATA 	Mouse:  Left button up, pos=(666,160)
22.6853 	DATA 	Mouse: Left button down, pos=(513,253)
22.7855 	DATA 	Mouse:  Left button up, pos=(512,254)
23.3196 	DATA 	Mouse: Left button down, pos=(730,148)
23.3351 	DATA 	RatingScale rating: (mouse response) rating=1
23.3352 	DATA 	RatingScale rating: rating RT=1.523
23.3352 	DATA 	RatingScale rating: history=[(None, 0.0), (1, 0.874), (1, 1.523)]
23.3643 	EXP 	scenario1: autoDraw = False
23.3643 	EXP 	notAtAll: autoDraw = False
23.3643 	EXP 	veryMuch: autoDraw = False
23.3643 	EXP 	rating: autoDraw = False
23.3643 	EXP 	riskBehaviorScaleScreen: autoDraw = True
23.4496 	DATA 	Mouse:  Left button up, pos=(730,148)
28.4574 	DEBUG 	Read Excel file with pandas: ../Library/CELSYS/activities.xlsx
28.4587 	DEBUG 	Clearing unnamed columns from ../Library/CELSYS/activities.xlsx
28.4600 	EXP 	Imported ../Library/CELSYS/activities.xlsx as conditions, 50 conditions, 2 params
28.4604 	EXP 	Created sequence: sequential, trialTypes=50, nReps=1, seed=None
28.4608 	EXP 	New trial (rep=0, index=0): OrderedDict([('activity', 'Admitting that your tastes are different from those of your friends. (S)'), ('AppendixC', 'Admitting that your tastes are different from those of your friends. (S)')])
28.7736 	EXP 	window1: mouseVisible = True
28.7786 	DEBUG 	Saving data for Big5 ExperimentHandler
28.7801 	INFO 	saved data to /Users/sabrinado/Desktop/data/_Big5_2020_Oct_26_1651.psydat
28.7810 	INFO 	saved data to '/Users/sabrinado/Desktop/data/_Big5_2020_Oct_26_1651.csv'
