0.4854 	WARNING 	We strongly recommend you activate the PTB sound engine in PsychoPy prefs as the preferred audio engine. Its timing is vastly superior. Your prefs are currently set to use ['sounddevice', 'PTB', 'pyo', 'pygame'] (in that order).
4.4501 	INFO 	Loaded monitor calibration from ['2020_10_12 18:18']
5.5007 	EXP 	Created window1 = Window(allowGUI=True, allowStencil=False, args=UNKNOWN, autoLog=True, bitsMode=UNKNOWN, blendMode='avg', bpc=(8, 8, 8), color='black', colorSpace='named', depthBits=8, fullscr=<method-wrapper '__getattribute__' of attributeSetter object at 0x142f239e8>, gamma=None, gammaErrorPolicy='raise', kwargs=UNKNOWN, lms=UNKNOWN, monitor=<psychopy.monitors.calibTools.Monitor object at 0x142ee7710>, multiSample=False, name='window1', numSamples=2, pos=[360.0, 225.0], screen=0, size=array([2880, 1800]), stencilBits=0, stereo=False, units='height', useFBO=True, useRetina=True, viewOri=0.0, viewPos=None, viewScale=None, waitBlanking=True, winType='pyglet')
5.5011 	EXP 	window1: mouseVisible = True
5.5012 	EXP 	window1: recordFrameIntervals = False
5.6664 	EXP 	window1: recordFrameIntervals = True
5.8531 	DEBUG 	Screen (0) actual frame rate measured at 58.82
5.8532 	EXP 	window1: recordFrameIntervals = False
5.9624 	EXP 	Created IntroScreen = TextStim(__class__=<class 'psychopy.visual.text.TextStim'>, alignHoriz=method-wrapper(...), alignText='center', alignVert=method-wrapper(...), anchorHoriz='center', anchorVert='center', antialias=True, autoLog=True, bold=False, color='white', colorSpace='named', contrast=1.0, depth=0.0, flipHoriz=False, flipVert=False, font='Times New Roman', fontFiles=[], height=0.1, italic=False, languageStyle='LTR', name='IntroScreen', opacity=1.0, ori=0, pos=array([0., 0.]), rgb=array([255., 255., 255.]), text='Big 5 Test', units='height', win=Window(...), wrapWidth=1)
6.0105 	EXP 	Created instructions = TextStim(__class__=<class 'psychopy.visual.text.TextStim'>, alignHoriz=method-wrapper(...), alignText='center', alignVert=method-wrapper(...), anchorHoriz='center', anchorVert='center', antialias=True, autoLog=True, bold=False, color='white', colorSpace='named', contrast=1.0, depth=0.0, flipHoriz=False, flipVert=False, font='Times New Roman', fontFiles=[], height=0.1, italic=False, languageStyle='LTR', name='instructions', opacity=1.0, ori=0, pos=array([0., 0.]), rgb=array([255., 255., 255.]), text=str(...), units='height', win=Window(...), wrapWidth=1)
6.0381 	EXP 	Created scenario1 = TextStim(__class__=<class 'psychopy.visual.text.TextStim'>, alignHoriz=method-wrapper(...), alignText='center', alignVert=method-wrapper(...), anchorHoriz='center', anchorVert='center', antialias=True, autoLog=True, bold=False, color='white', colorSpace='named', contrast=1.0, depth=0.0, flipHoriz=False, flipVert=False, font='Times New Roman', fontFiles=[], height=0.06, italic=False, languageStyle='LTR', name='scenario1', opacity=1.0, ori=0, pos=array([0. , 0.2]), rgb=array([255., 255., 255.]), text='default text', units='height', win=Window(...), wrapWidth=1)
6.0436 	EXP 	Created notAtAll = TextStim(__class__=<class 'psychopy.visual.text.TextStim'>, alignHoriz=method-wrapper(...), alignText='center', alignVert=method-wrapper(...), anchorHoriz='center', anchorVert='center', antialias=True, autoLog=True, bold=False, color='white', colorSpace='named', contrast=1.0, depth=-1.0, flipHoriz=False, flipVert=False, font='Times New Roman', fontFiles=[], height=0.03, italic=False, languageStyle='LTR', name='notAtAll', opacity=1.0, ori=0, pos=array([-0.4, -0.2]), rgb=array([255., 255., 255.]), text='Not at All', units='height', win=Window(...), wrapWidth=1)
6.0488 	EXP 	Created veryMuch = TextStim(__class__=<class 'psychopy.visual.text.TextStim'>, alignHoriz=method-wrapper(...), alignText='center', alignVert=method-wrapper(...), anchorHoriz='center', anchorVert='center', antialias=True, autoLog=True, bold=False, color='white', colorSpace='named', contrast=1.0, depth=-2.0, flipHoriz=False, flipVert=False, font='Times New Roman', fontFiles=[], height=0.03, italic=False, languageStyle='LTR', name='veryMuch', opacity=1.0, ori=0, pos=array([ 0.4, -0.2]), rgb=array([255., 255., 255.]), text='Very much', units='height', win=Window(...), wrapWidth=1)
6.0609 	EXP 	window1: mouseVisible = True
6.0853 	EXP 	Created rating = RatingScale(__class__=type(...), acceptKeys=['return'], acceptPreText=UNKNOWN, acceptSize=UNKNOWN, acceptText='accept?', autoLog=True, choices=False, depth=0, disappear=False, flipVert=False, high=5, kwargs=UNKNOWN, labels=list(...), leftKeys=['left'], lineColor='White', low=1, marker=ShapeStim(...), markerColor='DarkBlue', markerExpansion=UNKNOWN, markerStart=None, maxTime=0.0, minTime=0.4, mouseOnly=False, name='rating', noMouse=False, pos=[0.0, -0.4], precision=1, respKeys=['1', '2', '3', '4', '5'], rightKeys=['right'], scale='', self=UNKNOWN, showAccept=True, showValue=True, singleClick=False, size=0.6, skipKeys=['tab'], stretch=1.0, textColor='LightGray', textFont='Helvetica Bold', textSize=0.12, tickHeight=1.0, tickMarks=4.0, win=Window(...))
6.1057 	EXP 	Created riskBehaviorScaleScreen = TextStim(__class__=<class 'psychopy.visual.text.TextStim'>, alignHoriz=method-wrapper(...), alignText='center', alignVert=method-wrapper(...), anchorHoriz='center', anchorVert='center', antialias=True, autoLog=True, bold=False, color='white', colorSpace='named', contrast=1.0, depth=0.0, flipHoriz=False, flipVert=False, font='Times New Roman', fontFiles=[], height=0.1, italic=False, languageStyle='LTR', name='riskBehaviorScaleScreen', opacity=1.0, ori=0, pos=array([0., 0.]), rgb=array([255., 255., 255.]), text=str(...), units='height', win=Window(...), wrapWidth=1)
6.1361 	EXP 	Created activity = TextStim(__class__=<class 'psychopy.visual.text.TextStim'>, alignHoriz=method-wrapper(...), alignText='center', alignVert=method-wrapper(...), anchorHoriz='center', anchorVert='center', antialias=True, autoLog=True, bold=False, color='white', colorSpace='named', contrast=1.0, depth=0.0, flipHoriz=False, flipVert=False, font='Times New Roman', fontFiles=[], height=0.06, italic=False, languageStyle='LTR', name='activity', opacity=1.0, ori=0, pos=array([0. , 0.2]), rgb=array([255., 255., 255.]), text='default text', units='height', win=Window(...), wrapWidth=1)
6.1415 	EXP 	Created notAtAll2 = TextStim(__class__=<class 'psychopy.visual.text.TextStim'>, alignHoriz=method-wrapper(...), alignText='center', alignVert=method-wrapper(...), anchorHoriz='center', anchorVert='center', antialias=True, autoLog=True, bold=False, color='white', colorSpace='named', contrast=1.0, depth=-1.0, flipHoriz=False, flipVert=False, font='Times New Roman', fontFiles=[], height=0.03, italic=False, languageStyle='LTR', name='notAtAll2', opacity=1.0, ori=0, pos=array([-0.4, -0.2]), rgb=array([255., 255., 255.]), text='Extremely unlikely', units='height', win=Window(...), wrapWidth=1)
6.1542 	EXP 	Created ExtremelyLikely = TextStim(__class__=<class 'psychopy.visual.text.TextStim'>, alignHoriz=method-wrapper(...), alignText='center', alignVert=method-wrapper(...), anchorHoriz='center', anchorVert='center', antialias=True, autoLog=True, bold=False, color='white', colorSpace='named', contrast=1.0, depth=-2.0, flipHoriz=False, flipVert=False, font='Arial', fontFiles=[], height=0.03, italic=False, languageStyle='LTR', name='ExtremelyLikely', opacity=1.0, ori=0, pos=array([ 0.4, -0.2]), rgb=array([255., 255., 255.]), text='Extremely likely', units='height', win=Window(...), wrapWidth=1)
6.1544 	EXP 	window1: mouseVisible = True
6.1683 	EXP 	Created rating_2 = RatingScale(__class__=type(...), acceptKeys=['return'], acceptPreText=UNKNOWN, acceptSize=UNKNOWN, acceptText='accept?', autoLog=True, choices=False, depth=0, disappear=False, flipVert=False, high=5, kwargs=UNKNOWN, labels=list(...), leftKeys=['left'], lineColor='White', low=1, marker=ShapeStim(...), markerColor='DarkBlue', markerExpansion=UNKNOWN, markerStart=None, maxTime=0.0, minTime=0.4, mouseOnly=False, name='rating_2', noMouse=False, pos=[0.0, -0.4], precision=1, respKeys=['1', '2', '3', '4', '5'], rightKeys=['right'], scale='', self=UNKNOWN, showAccept=True, showValue=True, singleClick=False, size=0.6, skipKeys=['tab'], stretch=1.0, textColor='LightGray', textFont='Helvetica Bold', textSize=0.12, tickHeight=1.0, tickMarks=4.0, win=Window(...))
6.2001 	EXP 	Created riskPerceptionInstructions = TextStim(__class__=<class 'psychopy.visual.text.TextStim'>, alignHoriz=method-wrapper(...), alignText='center', alignVert=method-wrapper(...), anchorHoriz='center', anchorVert='center', antialias=True, autoLog=True, bold=False, color='white', colorSpace='named', contrast=1.0, depth=0.0, flipHoriz=False, flipVert=False, font='Times New Roman', fontFiles=[], height=0.06, italic=False, languageStyle='LTR', name='riskPerceptionInstructions', opacity=1.0, ori=0, pos=array([0., 0.]), rgb=array([255., 255., 255.]), text=str(...), units='height', win=Window(...), wrapWidth=1)
6.2253 	EXP 	Created riskPerceptionActivity2 = TextStim(__class__=<class 'psychopy.visual.text.TextStim'>, alignHoriz=method-wrapper(...), alignText='center', alignVert=method-wrapper(...), anchorHoriz='center', anchorVert='center', antialias=True, autoLog=True, bold=False, color='white', colorSpace='named', contrast=1.0, depth=0.0, flipHoriz=False, flipVert=False, font='Times New Roman', fontFiles=[], height=0.06, italic=False, languageStyle='LTR', name='riskPerceptionActivity2', opacity=1.0, ori=0, pos=array([0. , 0.2]), rgb=array([255., 255., 255.]), text='default text', units='height', win=Window(...), wrapWidth=1)
6.2255 	EXP 	window1: mouseVisible = True
6.2337 	EXP 	Created rating_4 = RatingScale(__class__=type(...), acceptKeys=['return'], acceptPreText=UNKNOWN, acceptSize=UNKNOWN, acceptText='accept?', autoLog=True, choices=False, depth=0, disappear=False, flipVert=False, high=5, kwargs=UNKNOWN, labels=list(...), leftKeys=['left'], lineColor='White', low=1, marker=ShapeStim(...), markerColor='DarkBlue', markerExpansion=UNKNOWN, markerStart=None, maxTime=0.0, minTime=0.4, mouseOnly=False, name='rating_4', noMouse=False, pos=[0.0, -0.4], precision=1, respKeys=['1', '2', '3', '4', '5'], rightKeys=['right'], scale='', self=UNKNOWN, showAccept=True, showValue=True, singleClick=False, size=0.6, skipKeys=['tab'], stretch=1.0, textColor='LightGray', textFont='Helvetica Bold', textSize=0.12, tickHeight=1.0, tickMarks=4.0, win=Window(...))
6.2389 	EXP 	Created notAtAllRisky = TextStim(__class__=<class 'psychopy.visual.text.TextStim'>, alignHoriz=method-wrapper(...), alignText='center', alignVert=method-wrapper(...), anchorHoriz='center', anchorVert='center', antialias=True, autoLog=True, bold=False, color='white', colorSpace='named', contrast=1.0, depth=-2.0, flipHoriz=False, flipVert=False, font='Times New Roman', fontFiles=[], height=0.03, italic=False, languageStyle='LTR', name='notAtAllRisky', opacity=1.0, ori=0, pos=array([-0.4, -0.2]), rgb=array([255., 255., 255.]), text='Not at all risky', units='height', win=Window(...), wrapWidth=1)
6.2446 	EXP 	Created ExtremelyRisky = TextStim(__class__=<class 'psychopy.visual.text.TextStim'>, alignHoriz=method-wrapper(...), alignText='center', alignVert=method-wrapper(...), anchorHoriz='center', anchorVert='center', antialias=True, autoLog=True, bold=False, color='white', colorSpace='named', contrast=1.0, depth=-3.0, flipHoriz=False, flipVert=False, font='Times New Roman', fontFiles=[], height=0.03, italic=False, languageStyle='LTR', name='ExtremelyRisky', opacity=1.0, ori=0, pos=array([ 0.4, -0.2]), rgb=array([255., 255., 255.]), text='Extremely risky\n', units='height', win=Window(...), wrapWidth=1)
6.2482 	EXP 	Created ModeratelyRisky = TextStim(__class__=<class 'psychopy.visual.text.TextStim'>, alignHoriz=method-wrapper(...), alignText='center', alignVert=method-wrapper(...), anchorHoriz='center', anchorVert='center', antialias=True, autoLog=True, bold=False, color='white', colorSpace='named', contrast=1.0, depth=-4.0, flipHoriz=False, flipVert=False, font='Times New Roman', fontFiles=[], height=0.03, italic=False, languageStyle='LTR', name='ModeratelyRisky', opacity=1.0, ori=0, pos=array([ 0. , -0.2]), rgb=array([255., 255., 255.]), text='Moderately risky', units='height', win=Window(...), wrapWidth=1)
6.2705 	EXP 	Created expBenefits = TextStim(__class__=<class 'psychopy.visual.text.TextStim'>, alignHoriz=method-wrapper(...), alignText='center', alignVert=method-wrapper(...), anchorHoriz='center', anchorVert='center', antialias=True, autoLog=True, bold=False, color='white', colorSpace='named', contrast=1.0, depth=0.0, flipHoriz=False, flipVert=False, font='Times New Roman', fontFiles=[], height=0.1, italic=False, languageStyle='LTR', name='expBenefits', opacity=1.0, ori=0, pos=array([0., 0.]), rgb=array([255., 255., 255.]), text=str(...), units='height', win=Window(...), wrapWidth=1)
6.2949 	EXP 	Created riskBenefitsScale = TextStim(__class__=<class 'psychopy.visual.text.TextStim'>, alignHoriz=method-wrapper(...), alignText='center', alignVert=method-wrapper(...), anchorHoriz='center', anchorVert='center', antialias=True, autoLog=True, bold=False, color='white', colorSpace='named', contrast=1.0, depth=0.0, flipHoriz=False, flipVert=False, font='Times New Roman', fontFiles=[], height=0.06, italic=False, languageStyle='LTR', name='riskBenefitsScale', opacity=1.0, ori=0, pos=array([0. , 0.2]), rgb=array([255., 255., 255.]), text='default text', units='height', win=Window(...), wrapWidth=1)
6.2983 	EXP 	Created noBenefits = TextStim(__class__=<class 'psychopy.visual.text.TextStim'>, alignHoriz=method-wrapper(...), alignText='center', alignVert=method-wrapper(...), anchorHoriz='center', anchorVert='center', antialias=True, autoLog=True, bold=False, color='white', colorSpace='named', contrast=1.0, depth=-1.0, flipHoriz=False, flipVert=False, font='Times New Roman', fontFiles=[], height=0.03, italic=False, languageStyle='LTR', name='noBenefits', opacity=1.0, ori=0, pos=array([-0.4, -0.2]), rgb=array([255., 255., 255.]), text='No benefits at all', units='height', win=Window(...), wrapWidth=1)
6.2985 	EXP 	window1: mouseVisible = True
6.3114 	EXP 	Created rating_3 = RatingScale(__class__=type(...), acceptKeys=['return'], acceptPreText=UNKNOWN, acceptSize=UNKNOWN, acceptText='accept?', autoLog=True, choices=False, depth=0, disappear=False, flipVert=False, high=5, kwargs=UNKNOWN, labels=list(...), leftKeys=['left'], lineColor='White', low=1, marker=ShapeStim(...), markerColor='DarkBlue', markerExpansion=UNKNOWN, markerStart=None, maxTime=0.0, minTime=0.4, mouseOnly=False, name='rating_3', noMouse=False, pos=[0.0, -0.4], precision=1, respKeys=['1', '2', '3', '4', '5'], rightKeys=['right'], scale='', self=UNKNOWN, showAccept=True, showValue=True, singleClick=False, size=0.6, skipKeys=['tab'], stretch=1.0, textColor='LightGray', textFont='Helvetica Bold', textSize=0.12, tickHeight=1.0, tickMarks=4.0, win=Window(...))
6.3148 	EXP 	Created greatBenefits = TextStim(__class__=<class 'psychopy.visual.text.TextStim'>, alignHoriz=method-wrapper(...), alignText='center', alignVert=method-wrapper(...), anchorHoriz='center', anchorVert='center', antialias=True, autoLog=True, bold=False, color='white', colorSpace='named', contrast=1.0, depth=-3.0, flipHoriz=False, flipVert=False, font='Times New Roman', fontFiles=[], height=0.03, italic=False, languageStyle='LTR', name='greatBenefits', opacity=1.0, ori=0, pos=array([ 0.4, -0.2]), rgb=array([255., 255., 255.]), text='Great benefits', units='height', win=Window(...), wrapWidth=1)
6.3169 	EXP 	Created moderateBenefits = TextStim(__class__=<class 'psychopy.visual.text.TextStim'>, alignHoriz=method-wrapper(...), alignText='center', alignVert=method-wrapper(...), anchorHoriz='center', anchorVert='center', antialias=True, autoLog=True, bold=False, color='white', colorSpace='named', contrast=1.0, depth=-4.0, flipHoriz=False, flipVert=False, font='Times New Roman', fontFiles=[], height=0.03, italic=False, languageStyle='LTR', name='moderateBenefits', opacity=1.0, ori=0, pos=array([ 0. , -0.2]), rgb=array([255., 255., 255.]), text='Moderate benefits', units='height', win=Window(...), wrapWidth=1)
6.3392 	EXP 	Created big5Screen = TextStim(__class__=<class 'psychopy.visual.text.TextStim'>, alignHoriz=method-wrapper(...), alignText='center', alignVert=method-wrapper(...), anchorHoriz='center', anchorVert='center', antialias=True, autoLog=True, bold=False, color='white', colorSpace='named', contrast=1.0, depth=0.0, flipHoriz=False, flipVert=False, font='Times New Roman', fontFiles=[], height=0.1, italic=False, languageStyle='LTR', name='big5Screen', opacity=1.0, ori=0, pos=array([0., 0.]), rgb=array([255., 255., 255.]), text=str(...), units='height', win=Window(...), wrapWidth=1)
6.3619 	EXP 	window1: mouseVisible = True
6.3705 	EXP 	Created rating_5 = RatingScale(__class__=type(...), acceptKeys=['return'], acceptPreText=UNKNOWN, acceptSize=UNKNOWN, acceptText='accept?', autoLog=True, choices=False, depth=0, disappear=False, flipVert=False, high=5, kwargs=UNKNOWN, labels=list(...), leftKeys=['left'], lineColor='White', low=1, marker=ShapeStim(...), markerColor='DarkBlue', markerExpansion=UNKNOWN, markerStart=None, maxTime=0.0, minTime=0.4, mouseOnly=False, name='rating_5', noMouse=False, pos=[0.0, -0.4], precision=1, respKeys=['1', '2', '3', '4', '5'], rightKeys=['right'], scale='', self=UNKNOWN, showAccept=True, showValue=True, singleClick=False, size=0.6, skipKeys=['tab'], stretch=1.0, textColor='LightGray', textFont='Helvetica Bold', textSize=0.12, tickHeight=1.0, tickMarks=4.0, win=Window(...))
6.3752 	EXP 	Created characText = TextStim(__class__=<class 'psychopy.visual.text.TextStim'>, alignHoriz=method-wrapper(...), alignText='center', alignVert=method-wrapper(...), anchorHoriz='center', anchorVert='center', antialias=True, autoLog=True, bold=False, color='white', colorSpace='named', contrast=1.0, depth=-1.0, flipHoriz=False, flipVert=False, font='Times New Roman', fontFiles=[], height=0.06, italic=False, languageStyle='LTR', name='characText', opacity=1.0, ori=0, pos=array([0. , 0.2]), rgb=array([255., 255., 255.]), text='default text', units='height', win=Window(...), wrapWidth=1)
6.3795 	EXP 	Created Someone = TextStim(__class__=<class 'psychopy.visual.text.TextStim'>, alignHoriz=method-wrapper(...), alignText='center', alignVert=method-wrapper(...), anchorHoriz='center', anchorVert='center', antialias=True, autoLog=True, bold=False, color='white', colorSpace='named', contrast=1.0, depth=-2.0, flipHoriz=False, flipVert=False, font='Times New Roman', fontFiles=[], height=0.06, italic=False, languageStyle='LTR', name='Someone', opacity=1.0, ori=0, pos=array([-0.33,  0.2 ]), rgb=array([255., 255., 255.]), text='I am someone who…', units='height', win=Window(...), wrapWidth=1)
6.3853 	EXP 	Created disagreeStrongly = TextStim(__class__=<class 'psychopy.visual.text.TextStim'>, alignHoriz=method-wrapper(...), alignText='center', alignVert=method-wrapper(...), anchorHoriz='center', anchorVert='center', antialias=True, autoLog=True, bold=False, color='white', colorSpace='named', contrast=1.0, depth=-3.0, flipHoriz=False, flipVert=False, font='Times New Roman', fontFiles=[], height=0.03, italic=False, languageStyle='LTR', name='disagreeStrongly', opacity=1.0, ori=0, pos=array([-0.4, -0.2]), rgb=array([255., 255., 255.]), text='Disagree\nStrongly', units='height', win=Window(...), wrapWidth=1)
6.3903 	EXP 	Created disagreeALittle = TextStim(__class__=<class 'psychopy.visual.text.TextStim'>, alignHoriz=method-wrapper(...), alignText='center', alignVert=method-wrapper(...), anchorHoriz='center', anchorVert='center', antialias=True, autoLog=True, bold=False, color='white', colorSpace='named', contrast=1.0, depth=-4.0, flipHoriz=False, flipVert=False, font='Times New Roman', fontFiles=[], height=0.03, italic=False, languageStyle='LTR', name='disagreeALittle', opacity=1.0, ori=0, pos=array([ 0.2, -0.2]), rgb=array([255., 255., 255.]), text='Disagree\na little', units='height', win=Window(...), wrapWidth=1)
6.3973 	EXP 	Created Neutral = TextStim(__class__=<class 'psychopy.visual.text.TextStim'>, alignHoriz=method-wrapper(...), alignText='center', alignVert=method-wrapper(...), anchorHoriz='center', anchorVert='center', antialias=True, autoLog=True, bold=False, color='white', colorSpace='named', contrast=1.0, depth=-5.0, flipHoriz=False, flipVert=False, font='Arial', fontFiles=[], height=0.03, italic=False, languageStyle='LTR', name='Neutral', opacity=1.0, ori=0, pos=array([ 0. , -0.2]), rgb=array([255., 255., 255.]), text='Neutral;\nno opinion', units='height', win=Window(...), wrapWidth=1)
6.4000 	EXP 	Created AgreeALittle = TextStim(__class__=<class 'psychopy.visual.text.TextStim'>, alignHoriz=method-wrapper(...), alignText='center', alignVert=method-wrapper(...), anchorHoriz='center', anchorVert='center', antialias=True, autoLog=True, bold=False, color='white', colorSpace='named', contrast=1.0, depth=-6.0, flipHoriz=False, flipVert=False, font='Times New Roman', fontFiles=[], height=0.03, italic=False, languageStyle='LTR', name='AgreeALittle', opacity=1.0, ori=0, pos=array([ 0.2, -0.2]), rgb=array([255., 255., 255.]), text='Agree\na little', units='height', win=Window(...), wrapWidth=1)
6.4023 	EXP 	Created AgreeStrongly = TextStim(__class__=<class 'psychopy.visual.text.TextStim'>, alignHoriz=method-wrapper(...), alignText='center', alignVert=method-wrapper(...), anchorHoriz='center', anchorVert='center', antialias=True, autoLog=True, bold=False, color='white', colorSpace='named', contrast=1.0, depth=-7.0, flipHoriz=False, flipVert=False, font='Times New Roman', fontFiles=[], height=0.03, italic=False, languageStyle='LTR', name='AgreeStrongly', opacity=1.0, ori=0, pos=array([ 0.4, -0.2]), rgb=array([255., 255., 255.]), text='Agree\nstrongly', units='height', win=Window(...), wrapWidth=1)
6.4195 	EXP 	rating: flipVert = False
6.4195 	EXP 	rating: autoLog = True
6.4195 	EXP 	rating_2: flipVert = False
6.4195 	EXP 	rating_2: autoLog = True
6.4195 	EXP 	rating_4: flipVert = False
6.4195 	EXP 	rating_4: autoLog = True
6.4195 	EXP 	rating_3: flipVert = False
6.4195 	EXP 	rating_3: autoLog = True
6.4195 	EXP 	rating_5: flipVert = False
6.4195 	EXP 	rating_5: autoLog = True
6.4195 	EXP 	IntroScreen: autoDraw = True
6.8258 	DATA 	Keypress: space
6.8521 	EXP 	IntroScreen: autoDraw = False
6.8521 	EXP 	instructions: autoDraw = True
7.1815 	DEBUG 	Read Excel file with pandas: ../Library/CELSYS/spatialAnxietyScale1.xlsx
7.1844 	DEBUG 	Clearing unnamed columns from ../Library/CELSYS/spatialAnxietyScale1.xlsx
7.1847 	EXP 	Imported ../Library/CELSYS/spatialAnxietyScale1.xlsx as conditions, 8 conditions, 1 params
7.1851 	EXP 	Created sequence: random, trialTypes=8, nReps=1, seed=None
7.1854 	EXP 	New trial (rep=0, index=0): OrderedDict([('Scenario', 'Leaving a store that you have been to for the first time and deciding which way to turn to get to a destination.')])
7.1977 	EXP 	RatingScale rating: reset()
7.2129 	DATA 	Keypress: space
7.2353 	EXP 	instructions: autoDraw = False
7.2353 	EXP 	scenario1: text = 'Leaving a store that you have been to for the first time and deciding which way to turn to get to a destination.'
7.2353 	EXP 	scenario1: autoDraw = True
7.2353 	EXP 	notAtAll: autoDraw = True
7.2353 	EXP 	veryMuch: autoDraw = True
7.2353 	EXP 	rating: autoDraw = True
7.5898 	DATA 	Keypress: space
8.5876 	DATA 	Mouse: Left button down, pos=(514,286)
8.6571 	DATA 	Mouse:  Left button up, pos=(514,286)
9.2917 	DATA 	Mouse: Left button down, pos=(676,152)
9.3093 	DATA 	RatingScale rating: (mouse response) rating=1
9.3094 	DATA 	RatingScale rating: rating RT=2.111
9.3094 	DATA 	RatingScale rating: history=[(None, 0.0), (1, 1.39), (1, 2.111)]
9.3252 	EXP 	New trial (rep=0, index=1): OrderedDict([('Scenario', 'Trying a new route that you think will be a shortcut without the benefit of a map.')])
9.3435 	EXP 	RatingScale rating: reset()
9.3689 	EXP 	scenario1: autoDraw = False
9.3689 	EXP 	notAtAll: autoDraw = False
9.3689 	EXP 	veryMuch: autoDraw = False
9.3689 	EXP 	rating: autoDraw = False
9.3689 	EXP 	scenario1: text = 'Trying a new route that you think will be a shortcut without the benefit of a map.'
9.3689 	EXP 	scenario1: autoDraw = True
9.3689 	EXP 	notAtAll: autoDraw = True
9.3689 	EXP 	veryMuch: autoDraw = True
9.3689 	EXP 	rating: autoDraw = True
9.3737 	DATA 	Mouse:  Left button up, pos=(676,152)
9.9240 	DATA 	Mouse: Left button down, pos=(500,273)
10.0090 	DATA 	Mouse:  Left button up, pos=(500,272)
10.3904 	DATA 	Mouse: Left button down, pos=(633,198)
10.4578 	DATA 	Mouse:  Left button up, pos=(633,197)
10.8892 	DATA 	Mouse: Left button down, pos=(645,168)
10.8903 	DATA 	RatingScale rating: (mouse response) rating=1
10.8903 	DATA 	RatingScale rating: rating RT=1.546
10.8903 	DATA 	RatingScale rating: history=[(None, 0.0), (1, 0.581), (1, 1.546)]
10.9047 	EXP 	New trial (rep=0, index=2): OrderedDict([('Scenario', 'Finding your way around in an unfamiliar mall.')])
10.9145 	EXP 	RatingScale rating: reset()
10.9360 	EXP 	scenario1: autoDraw = False
10.9360 	EXP 	notAtAll: autoDraw = False
10.9360 	EXP 	veryMuch: autoDraw = False
10.9360 	EXP 	rating: autoDraw = False
10.9360 	EXP 	scenario1: text = 'Finding your way around in an unfamiliar mall.'
10.9360 	EXP 	scenario1: autoDraw = True
10.9360 	EXP 	notAtAll: autoDraw = True
10.9360 	EXP 	veryMuch: autoDraw = True
10.9360 	EXP 	rating: autoDraw = True
10.9739 	DATA 	Mouse:  Left button up, pos=(645,168)
11.5412 	DATA 	Mouse: Left button down, pos=(527,274)
11.6571 	DATA 	Mouse:  Left button up, pos=(527,274)
12.0917 	DATA 	Mouse: Left button down, pos=(674,186)
12.0930 	DATA 	RatingScale rating: (mouse response) rating=1
12.0930 	DATA 	RatingScale rating: rating RT=1.178
12.0931 	DATA 	RatingScale rating: history=[(None, 0.0), (1, 0.641), (1, 1.178)]
12.1064 	EXP 	New trial (rep=0, index=3): OrderedDict([('Scenario', 'Finding your way to an appointment in an area of a city or town with which you are not familiar. ')])
12.1179 	EXP 	RatingScale rating: reset()
12.1362 	EXP 	scenario1: autoDraw = False
12.1362 	EXP 	notAtAll: autoDraw = False
12.1362 	EXP 	veryMuch: autoDraw = False
12.1362 	EXP 	rating: autoDraw = False
12.1362 	EXP 	scenario1: text = 'Finding your way to an appointment in an area of a city or town with which you are not familiar. '
12.1362 	EXP 	scenario1: autoDraw = True
12.1362 	EXP 	notAtAll: autoDraw = True
12.1362 	EXP 	veryMuch: autoDraw = True
12.1362 	EXP 	rating: autoDraw = True
12.1734 	DATA 	Mouse:  Left button up, pos=(674,186)
12.6741 	DATA 	Mouse: Left button down, pos=(508,280)
12.7572 	DATA 	Mouse:  Left button up, pos=(509,279)
13.4739 	DATA 	Mouse: Left button down, pos=(652,175)
13.4750 	DATA 	RatingScale rating: (mouse response) rating=1
13.4751 	DATA 	RatingScale rating: rating RT=1.356
13.4751 	DATA 	RatingScale rating: history=[(None, 0.0), (1, 0.57), (1, 1.356)]
13.4887 	EXP 	New trial (rep=0, index=4): OrderedDict([('Scenario', 'Finding your way back to a familiar area after realizing you have made a wrong turn and become lost while driving.')])
13.5029 	EXP 	RatingScale rating: reset()
13.5194 	EXP 	scenario1: autoDraw = False
13.5194 	EXP 	notAtAll: autoDraw = False
13.5194 	EXP 	veryMuch: autoDraw = False
13.5194 	EXP 	rating: autoDraw = False
13.5194 	EXP 	scenario1: text = 'Finding your way back to a familiar area after realizing you have made a wrong turn and become lost while driving.'
13.5194 	EXP 	scenario1: autoDraw = True
13.5194 	EXP 	notAtAll: autoDraw = True
13.5194 	EXP 	veryMuch: autoDraw = True
13.5194 	EXP 	rating: autoDraw = True
13.5729 	DATA 	Mouse:  Left button up, pos=(652,175)
14.0230 	DATA 	Mouse: Left button down, pos=(522,259)
14.1087 	DATA 	Mouse:  Left button up, pos=(522,259)
14.5423 	DATA 	Mouse: Left button down, pos=(689,151)
14.5435 	DATA 	RatingScale rating: (mouse response) rating=1
14.5435 	DATA 	RatingScale rating: rating RT=1.040
14.5435 	DATA 	RatingScale rating: history=[(None, 0.0), (1, 0.52), (1, 1.04)]
14.5580 	EXP 	New trial (rep=0, index=5): OrderedDict([('Scenario', 'Finding your way out of a complex arrangement of offices that you have visited for the first time.')])
14.5714 	EXP 	RatingScale rating: reset()
14.5848 	EXP 	scenario1: autoDraw = False
14.5848 	EXP 	notAtAll: autoDraw = False
14.5848 	EXP 	veryMuch: autoDraw = False
14.5848 	EXP 	rating: autoDraw = False
14.5848 	EXP 	scenario1: text = 'Finding your way out of a complex arrangement of offices that you have visited for the first time.'
14.5848 	EXP 	scenario1: autoDraw = True
14.5848 	EXP 	notAtAll: autoDraw = True
14.5848 	EXP 	veryMuch: autoDraw = True
14.5848 	EXP 	rating: autoDraw = True
14.6387 	DATA 	Mouse:  Left button up, pos=(689,151)
15.3908 	DATA 	Mouse: Left button down, pos=(503,259)
15.5088 	DATA 	Mouse:  Left button up, pos=(503,259)
15.8394 	DATA 	Mouse: Left button down, pos=(656,146)
15.8404 	DATA 	RatingScale rating: (mouse response) rating=1
15.8405 	DATA 	RatingScale rating: rating RT=1.268
15.8405 	DATA 	RatingScale rating: history=[(None, 0.0), (1, 0.82), (1, 1.268)]
15.8543 	EXP 	New trial (rep=0, index=6): OrderedDict([('Scenario', 'Locating your car in a very large parking lot or parking garage.')])
15.8630 	EXP 	RatingScale rating: reset()
15.8858 	EXP 	scenario1: autoDraw = False
15.8858 	EXP 	notAtAll: autoDraw = False
15.8858 	EXP 	veryMuch: autoDraw = False
15.8858 	EXP 	rating: autoDraw = False
15.8858 	EXP 	scenario1: text = 'Locating your car in a very large parking lot or parking garage.'
15.8858 	EXP 	scenario1: autoDraw = True
15.8858 	EXP 	notAtAll: autoDraw = True
15.8858 	EXP 	veryMuch: autoDraw = True
15.8858 	EXP 	rating: autoDraw = True
15.9239 	DATA 	Mouse:  Left button up, pos=(656,146)
16.7892 	DATA 	Mouse: Left button down, pos=(502,271)
16.8578 	DATA 	Mouse:  Left button up, pos=(502,271)
17.3930 	DATA 	Mouse: Left button down, pos=(654,179)
17.3943 	DATA 	RatingScale rating: (mouse response) rating=1
17.3944 	DATA 	RatingScale rating: rating RT=1.530
17.3944 	DATA 	RatingScale rating: history=[(None, 0.0), (1, 0.926), (1, 1.53)]
17.4217 	EXP 	New trial (rep=0, index=7): OrderedDict([('Scenario', 'Pointing in the direction of a place outside that someone wants to get to and has asked you for directions, when you are in a windowless room.')])
17.4396 	EXP 	RatingScale rating: reset()
17.4529 	EXP 	scenario1: autoDraw = False
17.4529 	EXP 	notAtAll: autoDraw = False
17.4529 	EXP 	veryMuch: autoDraw = False
17.4529 	EXP 	rating: autoDraw = False
17.4529 	EXP 	scenario1: text = 'Pointing in the direction of a place outside that someone wants to get to and has asked you for directions, when you are in a windowless room.'
17.4529 	EXP 	scenario1: autoDraw = True
17.4529 	EXP 	notAtAll: autoDraw = True
17.4529 	EXP 	veryMuch: autoDraw = True
17.4529 	EXP 	rating: autoDraw = True
17.5072 	DATA 	Mouse:  Left button up, pos=(653,178)
17.9242 	DATA 	Mouse: Left button down, pos=(514,274)
18.0074 	DATA 	Mouse:  Left button up, pos=(514,274)
18.3714 	DATA 	Mouse: Left button down, pos=(690,136)
18.4742 	DATA 	Mouse:  Left button up, pos=(690,135)
18.7600 	DATA 	Mouse: Left button down, pos=(674,164)
18.7610 	DATA 	RatingScale rating: (mouse response) rating=1
18.7610 	DATA 	RatingScale rating: rating RT=1.320
18.7610 	DATA 	RatingScale rating: history=[(None, 0.0), (1, 0.484), (1, 1.32)]
18.8186 	EXP 	scenario1: autoDraw = False
18.8186 	EXP 	notAtAll: autoDraw = False
18.8186 	EXP 	veryMuch: autoDraw = False
18.8186 	EXP 	rating: autoDraw = False
18.8186 	EXP 	riskBehaviorScaleScreen: autoDraw = True
18.8388 	DATA 	Mouse:  Left button up, pos=(674,164)
20.8954 	DEBUG 	Read Excel file with pandas: ../Library/CELSYS/activities.xlsx
20.8967 	DEBUG 	Clearing unnamed columns from ../Library/CELSYS/activities.xlsx
20.8979 	EXP 	Imported ../Library/CELSYS/activities.xlsx as conditions, 50 conditions, 2 params
20.8983 	EXP 	Created sequence: sequential, trialTypes=50, nReps=1, seed=None
20.8987 	EXP 	New trial (rep=0, index=0): OrderedDict([('activity', 'Admitting that your tastes are different from those of your friends. (S)'), ('AppendixC', 'Admitting that your tastes are different from those of your friends. (S)')])
21.2116 	EXP 	window1: mouseVisible = True
21.2161 	DEBUG 	Saving data for Big5 ExperimentHandler
21.2172 	INFO 	saved data to /Users/sabrinado/Desktop/data/_Big5_2020_Oct_26_1652.psydat
21.2183 	INFO 	saved data to '/Users/sabrinado/Desktop/data/_Big5_2020_Oct_26_1652.csv'
