0.6208 	WARNING 	We strongly recommend you activate the PTB sound engine in PsychoPy prefs as the preferred audio engine. Its timing is vastly superior. Your prefs are currently set to use ['sounddevice', 'PTB', 'pyo', 'pygame'] (in that order).
5.7876 	INFO 	Loaded monitor calibration from ['2020_10_12 18:18']
6.6928 	EXP 	Created window1 = Window(allowGUI=True, allowStencil=False, args=UNKNOWN, autoLog=True, bitsMode=UNKNOWN, blendMode='avg', bpc=(8, 8, 8), color='black', colorSpace='named', depthBits=8, fullscr=<method-wrapper '__getattribute__' of attributeSetter object at 0x1429239e8>, gamma=None, gammaErrorPolicy='raise', kwargs=UNKNOWN, lms=UNKNOWN, monitor=<psychopy.monitors.calibTools.Monitor object at 0x142a54208>, multiSample=False, name='window1', numSamples=2, pos=[360.0, 225.0], screen=0, size=array([2880, 1800]), stencilBits=0, stereo=False, units='height', useFBO=True, useRetina=True, viewOri=0.0, viewPos=None, viewScale=None, waitBlanking=True, winType='pyglet')
6.6931 	EXP 	window1: mouseVisible = True
6.6931 	EXP 	window1: recordFrameIntervals = False
6.8751 	EXP 	window1: recordFrameIntervals = True
7.0588 	DEBUG 	Screen (0) actual frame rate measured at 59.90
7.0589 	EXP 	window1: recordFrameIntervals = False
7.1575 	EXP 	Created IntroScreen = TextStim(__class__=<class 'psychopy.visual.text.TextStim'>, alignHoriz=method-wrapper(...), alignText='center', alignVert=method-wrapper(...), anchorHoriz='center', anchorVert='center', antialias=True, autoLog=True, bold=False, color='white', colorSpace='named', contrast=1.0, depth=0.0, flipHoriz=False, flipVert=False, font='Times New Roman', fontFiles=[], height=0.1, italic=False, languageStyle='LTR', name='IntroScreen', opacity=1.0, ori=0, pos=array([0., 0.]), rgb=array([255., 255., 255.]), text='Big 5 Test', units='height', win=Window(...), wrapWidth=1)
7.2050 	EXP 	Created instructions = TextStim(__class__=<class 'psychopy.visual.text.TextStim'>, alignHoriz=method-wrapper(...), alignText='center', alignVert=method-wrapper(...), anchorHoriz='center', anchorVert='center', antialias=True, autoLog=True, bold=False, color='white', colorSpace='named', contrast=1.0, depth=0.0, flipHoriz=False, flipVert=False, font='Times New Roman', fontFiles=[], height=0.1, italic=False, languageStyle='LTR', name='instructions', opacity=1.0, ori=0, pos=array([0., 0.]), rgb=array([255., 255., 255.]), text=str(...), units='height', win=Window(...), wrapWidth=1)
7.2331 	EXP 	Created scenario1 = TextStim(__class__=<class 'psychopy.visual.text.TextStim'>, alignHoriz=method-wrapper(...), alignText='center', alignVert=method-wrapper(...), anchorHoriz='center', anchorVert='center', antialias=True, autoLog=True, bold=False, color='white', colorSpace='named', contrast=1.0, depth=0.0, flipHoriz=False, flipVert=False, font='Times New Roman', fontFiles=[], height=0.06, italic=False, languageStyle='LTR', name='scenario1', opacity=1.0, ori=0, pos=array([0. , 0.2]), rgb=array([255., 255., 255.]), text='default text', units='height', win=Window(...), wrapWidth=1)
7.2384 	EXP 	Created notAtAll = TextStim(__class__=<class 'psychopy.visual.text.TextStim'>, alignHoriz=method-wrapper(...), alignText='center', alignVert=method-wrapper(...), anchorHoriz='center', anchorVert='center', antialias=True, autoLog=True, bold=False, color='white', colorSpace='named', contrast=1.0, depth=-1.0, flipHoriz=False, flipVert=False, font='Times New Roman', fontFiles=[], height=0.03, italic=False, languageStyle='LTR', name='notAtAll', opacity=1.0, ori=0, pos=array([-0.4, -0.2]), rgb=array([255., 255., 255.]), text='Not at All', units='height', win=Window(...), wrapWidth=1)
7.2434 	EXP 	Created veryMuch = TextStim(__class__=<class 'psychopy.visual.text.TextStim'>, alignHoriz=method-wrapper(...), alignText='center', alignVert=method-wrapper(...), anchorHoriz='center', anchorVert='center', antialias=True, autoLog=True, bold=False, color='white', colorSpace='named', contrast=1.0, depth=-2.0, flipHoriz=False, flipVert=False, font='Times New Roman', fontFiles=[], height=0.03, italic=False, languageStyle='LTR', name='veryMuch', opacity=1.0, ori=0, pos=array([ 0.4, -0.2]), rgb=array([255., 255., 255.]), text='Very much', units='height', win=Window(...), wrapWidth=1)
7.2608 	EXP 	window1: mouseVisible = True
7.2856 	EXP 	Created rating = RatingScale(__class__=type(...), acceptKeys=['return'], acceptPreText=UNKNOWN, acceptSize=UNKNOWN, acceptText='accept?', autoLog=True, choices=False, depth=0, disappear=False, flipVert=False, high=5, kwargs=UNKNOWN, labels=list(...), leftKeys=['left'], lineColor='White', low=1, marker=ShapeStim(...), markerColor='DarkBlue', markerExpansion=UNKNOWN, markerStart=None, maxTime=0.0, minTime=0.4, mouseOnly=False, name='rating', noMouse=False, pos=[0.0, -0.4], precision=1, respKeys=['1', '2', '3', '4', '5'], rightKeys=['right'], scale='', self=UNKNOWN, showAccept=True, showValue=True, singleClick=False, size=0.6, skipKeys=['tab'], stretch=1.0, textColor='LightGray', textFont='Helvetica Bold', textSize=0.12, tickHeight=1.0, tickMarks=4.0, win=Window(...))
7.3062 	EXP 	Created riskBehaviorScaleScreen = TextStim(__class__=<class 'psychopy.visual.text.TextStim'>, alignHoriz=method-wrapper(...), alignText='center', alignVert=method-wrapper(...), anchorHoriz='center', anchorVert='center', antialias=True, autoLog=True, bold=False, color='white', colorSpace='named', contrast=1.0, depth=0.0, flipHoriz=False, flipVert=False, font='Times New Roman', fontFiles=[], height=0.1, italic=False, languageStyle='LTR', name='riskBehaviorScaleScreen', opacity=1.0, ori=0, pos=array([0., 0.]), rgb=array([255., 255., 255.]), text=str(...), units='height', win=Window(...), wrapWidth=1)
7.3369 	EXP 	Created activity = TextStim(__class__=<class 'psychopy.visual.text.TextStim'>, alignHoriz=method-wrapper(...), alignText='center', alignVert=method-wrapper(...), anchorHoriz='center', anchorVert='center', antialias=True, autoLog=True, bold=False, color='white', colorSpace='named', contrast=1.0, depth=0.0, flipHoriz=False, flipVert=False, font='Times New Roman', fontFiles=[], height=0.06, italic=False, languageStyle='LTR', name='activity', opacity=1.0, ori=0, pos=array([0. , 0.2]), rgb=array([255., 255., 255.]), text='default text', units='height', win=Window(...), wrapWidth=1)
7.3423 	EXP 	Created notAtAll2 = TextStim(__class__=<class 'psychopy.visual.text.TextStim'>, alignHoriz=method-wrapper(...), alignText='center', alignVert=method-wrapper(...), anchorHoriz='center', anchorVert='center', antialias=True, autoLog=True, bold=False, color='white', colorSpace='named', contrast=1.0, depth=-1.0, flipHoriz=False, flipVert=False, font='Times New Roman', fontFiles=[], height=0.03, italic=False, languageStyle='LTR', name='notAtAll2', opacity=1.0, ori=0, pos=array([-0.4, -0.2]), rgb=array([255., 255., 255.]), text='Extremely unlikely', units='height', win=Window(...), wrapWidth=1)
7.3552 	EXP 	Created ExtremelyLikely = TextStim(__class__=<class 'psychopy.visual.text.TextStim'>, alignHoriz=method-wrapper(...), alignText='center', alignVert=method-wrapper(...), anchorHoriz='center', anchorVert='center', antialias=True, autoLog=True, bold=False, color='white', colorSpace='named', contrast=1.0, depth=-2.0, flipHoriz=False, flipVert=False, font='Arial', fontFiles=[], height=0.03, italic=False, languageStyle='LTR', name='ExtremelyLikely', opacity=1.0, ori=0, pos=array([ 0.4, -0.2]), rgb=array([255., 255., 255.]), text='Extremely likely', units='height', win=Window(...), wrapWidth=1)
7.3554 	EXP 	window1: mouseVisible = True
7.3693 	EXP 	Created rating_2 = RatingScale(__class__=type(...), acceptKeys=['return'], acceptPreText=UNKNOWN, acceptSize=UNKNOWN, acceptText='accept?', autoLog=True, choices=False, depth=0, disappear=False, flipVert=False, high=5, kwargs=UNKNOWN, labels=list(...), leftKeys=['left'], lineColor='White', low=1, marker=ShapeStim(...), markerColor='DarkBlue', markerExpansion=UNKNOWN, markerStart=None, maxTime=0.0, minTime=0.4, mouseOnly=False, name='rating_2', noMouse=False, pos=[0.0, -0.4], precision=1, respKeys=['1', '2', '3', '4', '5'], rightKeys=['right'], scale='', self=UNKNOWN, showAccept=True, showValue=True, singleClick=False, size=0.6, skipKeys=['tab'], stretch=1.0, textColor='LightGray', textFont='Helvetica Bold', textSize=0.12, tickHeight=1.0, tickMarks=4.0, win=Window(...))
7.3997 	EXP 	Created riskPerceptionInstructions = TextStim(__class__=<class 'psychopy.visual.text.TextStim'>, alignHoriz=method-wrapper(...), alignText='center', alignVert=method-wrapper(...), anchorHoriz='center', anchorVert='center', antialias=True, autoLog=True, bold=False, color='white', colorSpace='named', contrast=1.0, depth=0.0, flipHoriz=False, flipVert=False, font='Times New Roman', fontFiles=[], height=0.06, italic=False, languageStyle='LTR', name='riskPerceptionInstructions', opacity=1.0, ori=0, pos=array([0., 0.]), rgb=array([255., 255., 255.]), text=str(...), units='height', win=Window(...), wrapWidth=1)
7.4251 	EXP 	Created riskPerceptionActivity2 = TextStim(__class__=<class 'psychopy.visual.text.TextStim'>, alignHoriz=method-wrapper(...), alignText='center', alignVert=method-wrapper(...), anchorHoriz='center', anchorVert='center', antialias=True, autoLog=True, bold=False, color='white', colorSpace='named', contrast=1.0, depth=0.0, flipHoriz=False, flipVert=False, font='Times New Roman', fontFiles=[], height=0.06, italic=False, languageStyle='LTR', name='riskPerceptionActivity2', opacity=1.0, ori=0, pos=array([0. , 0.2]), rgb=array([255., 255., 255.]), text='default text', units='height', win=Window(...), wrapWidth=1)
7.4253 	EXP 	window1: mouseVisible = True
7.4338 	EXP 	Created rating_4 = RatingScale(__class__=type(...), acceptKeys=['return'], acceptPreText=UNKNOWN, acceptSize=UNKNOWN, acceptText='accept?', autoLog=True, choices=False, depth=0, disappear=False, flipVert=False, high=5, kwargs=UNKNOWN, labels=list(...), leftKeys=['left'], lineColor='White', low=1, marker=ShapeStim(...), markerColor='DarkBlue', markerExpansion=UNKNOWN, markerStart=None, maxTime=0.0, minTime=0.4, mouseOnly=False, name='rating_4', noMouse=False, pos=[0.0, -0.4], precision=1, respKeys=['1', '2', '3', '4', '5'], rightKeys=['right'], scale='', self=UNKNOWN, showAccept=True, showValue=True, singleClick=False, size=0.6, skipKeys=['tab'], stretch=1.0, textColor='LightGray', textFont='Helvetica Bold', textSize=0.12, tickHeight=1.0, tickMarks=4.0, win=Window(...))
7.4389 	EXP 	Created notAtAllRisky = TextStim(__class__=<class 'psychopy.visual.text.TextStim'>, alignHoriz=method-wrapper(...), alignText='center', alignVert=method-wrapper(...), anchorHoriz='center', anchorVert='center', antialias=True, autoLog=True, bold=False, color='white', colorSpace='named', contrast=1.0, depth=-2.0, flipHoriz=False, flipVert=False, font='Times New Roman', fontFiles=[], height=0.03, italic=False, languageStyle='LTR', name='notAtAllRisky', opacity=1.0, ori=0, pos=array([-0.4, -0.2]), rgb=array([255., 255., 255.]), text='Not at all risky', units='height', win=Window(...), wrapWidth=1)
7.4448 	EXP 	Created ExtremelyRisky = TextStim(__class__=<class 'psychopy.visual.text.TextStim'>, alignHoriz=method-wrapper(...), alignText='center', alignVert=method-wrapper(...), anchorHoriz='center', anchorVert='center', antialias=True, autoLog=True, bold=False, color='white', colorSpace='named', contrast=1.0, depth=-3.0, flipHoriz=False, flipVert=False, font='Times New Roman', fontFiles=[], height=0.03, italic=False, languageStyle='LTR', name='ExtremelyRisky', opacity=1.0, ori=0, pos=array([ 0.4, -0.2]), rgb=array([255., 255., 255.]), text='Extremely risky\n', units='height', win=Window(...), wrapWidth=1)
7.4479 	EXP 	Created ModeratelyRisky = TextStim(__class__=<class 'psychopy.visual.text.TextStim'>, alignHoriz=method-wrapper(...), alignText='center', alignVert=method-wrapper(...), anchorHoriz='center', anchorVert='center', antialias=True, autoLog=True, bold=False, color='white', colorSpace='named', contrast=1.0, depth=-4.0, flipHoriz=False, flipVert=False, font='Times New Roman', fontFiles=[], height=0.03, italic=False, languageStyle='LTR', name='ModeratelyRisky', opacity=1.0, ori=0, pos=array([ 0. , -0.2]), rgb=array([255., 255., 255.]), text='Moderately risky', units='height', win=Window(...), wrapWidth=1)
7.4714 	EXP 	Created expBenefits = TextStim(__class__=<class 'psychopy.visual.text.TextStim'>, alignHoriz=method-wrapper(...), alignText='center', alignVert=method-wrapper(...), anchorHoriz='center', anchorVert='center', antialias=True, autoLog=True, bold=False, color='white', colorSpace='named', contrast=1.0, depth=0.0, flipHoriz=False, flipVert=False, font='Times New Roman', fontFiles=[], height=0.1, italic=False, languageStyle='LTR', name='expBenefits', opacity=1.0, ori=0, pos=array([0., 0.]), rgb=array([255., 255., 255.]), text=str(...), units='height', win=Window(...), wrapWidth=1)
7.4963 	EXP 	Created riskBenefitsScale = TextStim(__class__=<class 'psychopy.visual.text.TextStim'>, alignHoriz=method-wrapper(...), alignText='center', alignVert=method-wrapper(...), anchorHoriz='center', anchorVert='center', antialias=True, autoLog=True, bold=False, color='white', colorSpace='named', contrast=1.0, depth=0.0, flipHoriz=False, flipVert=False, font='Times New Roman', fontFiles=[], height=0.06, italic=False, languageStyle='LTR', name='riskBenefitsScale', opacity=1.0, ori=0, pos=array([0. , 0.2]), rgb=array([255., 255., 255.]), text='default text', units='height', win=Window(...), wrapWidth=1)
7.4995 	EXP 	Created noBenefits = TextStim(__class__=<class 'psychopy.visual.text.TextStim'>, alignHoriz=method-wrapper(...), alignText='center', alignVert=method-wrapper(...), anchorHoriz='center', anchorVert='center', antialias=True, autoLog=True, bold=False, color='white', colorSpace='named', contrast=1.0, depth=-1.0, flipHoriz=False, flipVert=False, font='Times New Roman', fontFiles=[], height=0.03, italic=False, languageStyle='LTR', name='noBenefits', opacity=1.0, ori=0, pos=array([-0.4, -0.2]), rgb=array([255., 255., 255.]), text='No benefits at all', units='height', win=Window(...), wrapWidth=1)
7.4997 	EXP 	window1: mouseVisible = True
7.5118 	EXP 	Created rating_3 = RatingScale(__class__=type(...), acceptKeys=['return'], acceptPreText=UNKNOWN, acceptSize=UNKNOWN, acceptText='accept?', autoLog=True, choices=False, depth=0, disappear=False, flipVert=False, high=5, kwargs=UNKNOWN, labels=list(...), leftKeys=['left'], lineColor='White', low=1, marker=ShapeStim(...), markerColor='DarkBlue', markerExpansion=UNKNOWN, markerStart=None, maxTime=0.0, minTime=0.4, mouseOnly=False, name='rating_3', noMouse=False, pos=[0.0, -0.4], precision=1, respKeys=['1', '2', '3', '4', '5'], rightKeys=['right'], scale='', self=UNKNOWN, showAccept=True, showValue=True, singleClick=False, size=0.6, skipKeys=['tab'], stretch=1.0, textColor='LightGray', textFont='Helvetica Bold', textSize=0.12, tickHeight=1.0, tickMarks=4.0, win=Window(...))
7.5144 	EXP 	Created greatBenefits = TextStim(__class__=<class 'psychopy.visual.text.TextStim'>, alignHoriz=method-wrapper(...), alignText='center', alignVert=method-wrapper(...), anchorHoriz='center', anchorVert='center', antialias=True, autoLog=True, bold=False, color='white', colorSpace='named', contrast=1.0, depth=-3.0, flipHoriz=False, flipVert=False, font='Times New Roman', fontFiles=[], height=0.03, italic=False, languageStyle='LTR', name='greatBenefits', opacity=1.0, ori=0, pos=array([ 0.4, -0.2]), rgb=array([255., 255., 255.]), text='Great benefits', units='height', win=Window(...), wrapWidth=1)
7.5167 	EXP 	Created moderateBenefits = TextStim(__class__=<class 'psychopy.visual.text.TextStim'>, alignHoriz=method-wrapper(...), alignText='center', alignVert=method-wrapper(...), anchorHoriz='center', anchorVert='center', antialias=True, autoLog=True, bold=False, color='white', colorSpace='named', contrast=1.0, depth=-4.0, flipHoriz=False, flipVert=False, font='Times New Roman', fontFiles=[], height=0.03, italic=False, languageStyle='LTR', name='moderateBenefits', opacity=1.0, ori=0, pos=array([ 0. , -0.2]), rgb=array([255., 255., 255.]), text='Moderate benefits', units='height', win=Window(...), wrapWidth=1)
7.5381 	EXP 	Created big5Screen = TextStim(__class__=<class 'psychopy.visual.text.TextStim'>, alignHoriz=method-wrapper(...), alignText='center', alignVert=method-wrapper(...), anchorHoriz='center', anchorVert='center', antialias=True, autoLog=True, bold=False, color='white', colorSpace='named', contrast=1.0, depth=0.0, flipHoriz=False, flipVert=False, font='Times New Roman', fontFiles=[], height=0.1, italic=False, languageStyle='LTR', name='big5Screen', opacity=1.0, ori=0, pos=array([0., 0.]), rgb=array([255., 255., 255.]), text=str(...), units='height', win=Window(...), wrapWidth=1)
7.5605 	EXP 	window1: mouseVisible = True
7.5688 	EXP 	Created rating_5 = RatingScale(__class__=type(...), acceptKeys=['return'], acceptPreText=UNKNOWN, acceptSize=UNKNOWN, acceptText='accept?', autoLog=True, choices=False, depth=0, disappear=False, flipVert=False, high=5, kwargs=UNKNOWN, labels=list(...), leftKeys=['left'], lineColor='White', low=1, marker=ShapeStim(...), markerColor='DarkBlue', markerExpansion=UNKNOWN, markerStart=None, maxTime=0.0, minTime=0.4, mouseOnly=False, name='rating_5', noMouse=False, pos=[0.0, -0.4], precision=1, respKeys=['1', '2', '3', '4', '5'], rightKeys=['right'], scale='', self=UNKNOWN, showAccept=True, showValue=True, singleClick=False, size=0.6, skipKeys=['tab'], stretch=1.0, textColor='LightGray', textFont='Helvetica Bold', textSize=0.12, tickHeight=1.0, tickMarks=4.0, win=Window(...))
7.5738 	EXP 	Created characText = TextStim(__class__=<class 'psychopy.visual.text.TextStim'>, alignHoriz=method-wrapper(...), alignText='center', alignVert=method-wrapper(...), anchorHoriz='center', anchorVert='center', antialias=True, autoLog=True, bold=False, color='white', colorSpace='named', contrast=1.0, depth=-1.0, flipHoriz=False, flipVert=False, font='Times New Roman', fontFiles=[], height=0.06, italic=False, languageStyle='LTR', name='characText', opacity=1.0, ori=0, pos=array([0. , 0.2]), rgb=array([255., 255., 255.]), text='default text', units='height', win=Window(...), wrapWidth=1)
7.5782 	EXP 	Created Someone = TextStim(__class__=<class 'psychopy.visual.text.TextStim'>, alignHoriz=method-wrapper(...), alignText='center', alignVert=method-wrapper(...), anchorHoriz='center', anchorVert='center', antialias=True, autoLog=True, bold=False, color='white', colorSpace='named', contrast=1.0, depth=-2.0, flipHoriz=False, flipVert=False, font='Times New Roman', fontFiles=[], height=0.06, italic=False, languageStyle='LTR', name='Someone', opacity=1.0, ori=0, pos=array([-0.33,  0.2 ]), rgb=array([255., 255., 255.]), text='I am someone who…', units='height', win=Window(...), wrapWidth=1)
7.5843 	EXP 	Created disagreeStrongly = TextStim(__class__=<class 'psychopy.visual.text.TextStim'>, alignHoriz=method-wrapper(...), alignText='center', alignVert=method-wrapper(...), anchorHoriz='center', anchorVert='center', antialias=True, autoLog=True, bold=False, color='white', colorSpace='named', contrast=1.0, depth=-3.0, flipHoriz=False, flipVert=False, font='Times New Roman', fontFiles=[], height=0.03, italic=False, languageStyle='LTR', name='disagreeStrongly', opacity=1.0, ori=0, pos=array([-0.4, -0.2]), rgb=array([255., 255., 255.]), text='Disagree\nStrongly', units='height', win=Window(...), wrapWidth=1)
7.5892 	EXP 	Created disagreeALittle = TextStim(__class__=<class 'psychopy.visual.text.TextStim'>, alignHoriz=method-wrapper(...), alignText='center', alignVert=method-wrapper(...), anchorHoriz='center', anchorVert='center', antialias=True, autoLog=True, bold=False, color='white', colorSpace='named', contrast=1.0, depth=-4.0, flipHoriz=False, flipVert=False, font='Times New Roman', fontFiles=[], height=0.03, italic=False, languageStyle='LTR', name='disagreeALittle', opacity=1.0, ori=0, pos=array([ 0.2, -0.2]), rgb=array([255., 255., 255.]), text='Disagree\na little', units='height', win=Window(...), wrapWidth=1)
7.5964 	EXP 	Created Neutral = TextStim(__class__=<class 'psychopy.visual.text.TextStim'>, alignHoriz=method-wrapper(...), alignText='center', alignVert=method-wrapper(...), anchorHoriz='center', anchorVert='center', antialias=True, autoLog=True, bold=False, color='white', colorSpace='named', contrast=1.0, depth=-5.0, flipHoriz=False, flipVert=False, font='Arial', fontFiles=[], height=0.03, italic=False, languageStyle='LTR', name='Neutral', opacity=1.0, ori=0, pos=array([ 0. , -0.2]), rgb=array([255., 255., 255.]), text='Neutral;\nno opinion', units='height', win=Window(...), wrapWidth=1)
7.5991 	EXP 	Created AgreeALittle = TextStim(__class__=<class 'psychopy.visual.text.TextStim'>, alignHoriz=method-wrapper(...), alignText='center', alignVert=method-wrapper(...), anchorHoriz='center', anchorVert='center', antialias=True, autoLog=True, bold=False, color='white', colorSpace='named', contrast=1.0, depth=-6.0, flipHoriz=False, flipVert=False, font='Times New Roman', fontFiles=[], height=0.03, italic=False, languageStyle='LTR', name='AgreeALittle', opacity=1.0, ori=0, pos=array([ 0.2, -0.2]), rgb=array([255., 255., 255.]), text='Agree\na little', units='height', win=Window(...), wrapWidth=1)
7.6015 	EXP 	Created AgreeStrongly = TextStim(__class__=<class 'psychopy.visual.text.TextStim'>, alignHoriz=method-wrapper(...), alignText='center', alignVert=method-wrapper(...), anchorHoriz='center', anchorVert='center', antialias=True, autoLog=True, bold=False, color='white', colorSpace='named', contrast=1.0, depth=-7.0, flipHoriz=False, flipVert=False, font='Times New Roman', fontFiles=[], height=0.03, italic=False, languageStyle='LTR', name='AgreeStrongly', opacity=1.0, ori=0, pos=array([ 0.4, -0.2]), rgb=array([255., 255., 255.]), text='Agree\nstrongly', units='height', win=Window(...), wrapWidth=1)
7.6246 	EXP 	rating: flipVert = False
7.6246 	EXP 	rating: autoLog = True
7.6246 	EXP 	rating_2: flipVert = False
7.6246 	EXP 	rating_2: autoLog = True
7.6246 	EXP 	rating_4: flipVert = False
7.6246 	EXP 	rating_4: autoLog = True
7.6246 	EXP 	rating_3: flipVert = False
7.6246 	EXP 	rating_3: autoLog = True
7.6246 	EXP 	rating_5: flipVert = False
7.6246 	EXP 	rating_5: autoLog = True
7.6246 	EXP 	IntroScreen: autoDraw = True
7.9192 	DATA 	Keypress: space
7.9414 	EXP 	IntroScreen: autoDraw = False
7.9414 	EXP 	instructions: autoDraw = True
8.1357 	DEBUG 	Read Excel file with pandas: ../Library/CELSYS/spatialAnxietyScale1.xlsx
8.1383 	DEBUG 	Clearing unnamed columns from ../Library/CELSYS/spatialAnxietyScale1.xlsx
8.1387 	EXP 	Imported ../Library/CELSYS/spatialAnxietyScale1.xlsx as conditions, 8 conditions, 1 params
8.1391 	EXP 	Created sequence: random, trialTypes=8, nReps=1, seed=None
8.1394 	EXP 	New trial (rep=0, index=0): OrderedDict([('Scenario', 'Finding your way back to a familiar area after realizing you have made a wrong turn and become lost while driving.')])
8.1526 	EXP 	RatingScale rating: reset()
8.1678 	DATA 	Keypress: space
8.1912 	EXP 	instructions: autoDraw = False
8.1912 	EXP 	scenario1: text = 'Finding your way back to a familiar area after realizing you have made a wrong turn and become lost while driving.'
8.1912 	EXP 	scenario1: autoDraw = True
8.1912 	EXP 	notAtAll: autoDraw = True
8.1912 	EXP 	veryMuch: autoDraw = True
8.1912 	EXP 	rating: autoDraw = True
8.3149 	DATA 	Keypress: space
9.5021 	DATA 	Mouse: Left button down, pos=(625,289)
9.6168 	DATA 	Mouse:  Left button up, pos=(625,289)
9.8984 	DATA 	Mouse: Left button down, pos=(646,188)
9.8992 	DATA 	RatingScale rating: (mouse response) rating=2
9.8992 	DATA 	RatingScale rating: rating RT=1.746
9.8992 	DATA 	RatingScale rating: history=[(None, 0.0), (2, 1.35), (2, 1.746)]
9.9143 	EXP 	New trial (rep=0, index=1): OrderedDict([('Scenario', 'Leaving a store that you have been to for the first time and deciding which way to turn to get to a destination.')])
9.9309 	EXP 	RatingScale rating: reset()
9.9462 	EXP 	scenario1: autoDraw = False
9.9462 	EXP 	notAtAll: autoDraw = False
9.9462 	EXP 	veryMuch: autoDraw = False
9.9462 	EXP 	rating: autoDraw = False
9.9462 	EXP 	scenario1: text = 'Leaving a store that you have been to for the first time and deciding which way to turn to get to a destination.'
9.9462 	EXP 	scenario1: autoDraw = True
9.9462 	EXP 	notAtAll: autoDraw = True
9.9462 	EXP 	veryMuch: autoDraw = True
9.9462 	EXP 	rating: autoDraw = True
9.9664 	DATA 	Mouse:  Left button up, pos=(646,187)
10.3339 	DATA 	Mouse: Left button down, pos=(613,283)
10.4002 	DATA 	Mouse:  Left button up, pos=(613,283)
10.7513 	DATA 	Mouse: Left button down, pos=(639,174)
10.7525 	DATA 	RatingScale rating: (mouse response) rating=2
10.7526 	DATA 	RatingScale rating: rating RT=0.821
10.7526 	DATA 	RatingScale rating: history=[(None, 0.0), (2, 0.403), (2, 0.821)]
10.7662 	EXP 	New trial (rep=0, index=2): OrderedDict([('Scenario', 'Finding your way out of a complex arrangement of offices that you have visited for the first time.')])
10.7791 	EXP 	RatingScale rating: reset()
10.7956 	EXP 	scenario1: autoDraw = False
10.7956 	EXP 	notAtAll: autoDraw = False
10.7956 	EXP 	veryMuch: autoDraw = False
10.7956 	EXP 	rating: autoDraw = False
10.7956 	EXP 	scenario1: text = 'Finding your way out of a complex arrangement of offices that you have visited for the first time.'
10.7956 	EXP 	scenario1: autoDraw = True
10.7956 	EXP 	notAtAll: autoDraw = True
10.7956 	EXP 	veryMuch: autoDraw = True
10.7956 	EXP 	rating: autoDraw = True
10.8480 	DATA 	Mouse:  Left button up, pos=(639,173)
11.3322 	DATA 	Mouse: Left button down, pos=(620,263)
11.4000 	DATA 	Mouse:  Left button up, pos=(620,263)
11.7847 	DATA 	Mouse: Left button down, pos=(653,147)
11.7854 	DATA 	RatingScale rating: (mouse response) rating=2
11.7855 	DATA 	RatingScale rating: rating RT=1.006
11.7855 	DATA 	RatingScale rating: history=[(None, 0.0), (2, 0.553), (2, 1.005)]
11.8004 	EXP 	New trial (rep=0, index=3): OrderedDict([('Scenario', 'Trying a new route that you think will be a shortcut without the benefit of a map.')])
11.8123 	EXP 	RatingScale rating: reset()
11.8284 	EXP 	scenario1: autoDraw = False
11.8284 	EXP 	notAtAll: autoDraw = False
11.8284 	EXP 	veryMuch: autoDraw = False
11.8284 	EXP 	rating: autoDraw = False
11.8284 	EXP 	scenario1: text = 'Trying a new route that you think will be a shortcut without the benefit of a map.'
11.8284 	EXP 	scenario1: autoDraw = True
11.8284 	EXP 	notAtAll: autoDraw = True
11.8284 	EXP 	veryMuch: autoDraw = True
11.8284 	EXP 	rating: autoDraw = True
11.8500 	DATA 	Mouse:  Left button up, pos=(653,147)
12.2992 	DATA 	Mouse: Left button down, pos=(612,262)
12.3846 	DATA 	Mouse:  Left button up, pos=(612,262)
12.6336 	DATA 	Mouse: Left button down, pos=(645,168)
12.6347 	DATA 	RatingScale rating: (mouse response) rating=2
12.6347 	DATA 	RatingScale rating: rating RT=0.821
12.6347 	DATA 	RatingScale rating: history=[(None, 0.0), (2, 0.487), (2, 0.821)]
12.6491 	EXP 	New trial (rep=0, index=4): OrderedDict([('Scenario', 'Finding your way around in an unfamiliar mall.')])
12.6590 	EXP 	RatingScale rating: reset()
12.6786 	EXP 	scenario1: autoDraw = False
12.6786 	EXP 	notAtAll: autoDraw = False
12.6786 	EXP 	veryMuch: autoDraw = False
12.6786 	EXP 	rating: autoDraw = False
12.6786 	EXP 	scenario1: text = 'Finding your way around in an unfamiliar mall.'
12.6786 	EXP 	scenario1: autoDraw = True
12.6786 	EXP 	notAtAll: autoDraw = True
12.6786 	EXP 	veryMuch: autoDraw = True
12.6786 	EXP 	rating: autoDraw = True
12.7154 	DATA 	Mouse:  Left button up, pos=(645,168)
13.1154 	DATA 	Mouse: Left button down, pos=(620,269)
13.2179 	DATA 	Mouse:  Left button up, pos=(620,269)
13.5677 	DATA 	Mouse: Left button down, pos=(653,192)
13.7004 	DATA 	Mouse:  Left button up, pos=(653,191)
14.3669 	DATA 	Mouse: Left button down, pos=(654,170)
14.3680 	DATA 	RatingScale rating: (mouse response) rating=2
14.3681 	DATA 	RatingScale rating: rating RT=1.708
14.3681 	DATA 	RatingScale rating: history=[(None, 0.0), (2, 0.456), (2, 1.708)]
14.3813 	EXP 	New trial (rep=0, index=5): OrderedDict([('Scenario', 'Locating your car in a very large parking lot or parking garage.')])
14.3903 	EXP 	RatingScale rating: reset()
14.4123 	EXP 	scenario1: autoDraw = False
14.4123 	EXP 	notAtAll: autoDraw = False
14.4123 	EXP 	veryMuch: autoDraw = False
14.4123 	EXP 	rating: autoDraw = False
14.4123 	EXP 	scenario1: text = 'Locating your car in a very large parking lot or parking garage.'
14.4123 	EXP 	scenario1: autoDraw = True
14.4123 	EXP 	notAtAll: autoDraw = True
14.4123 	EXP 	veryMuch: autoDraw = True
14.4123 	EXP 	rating: autoDraw = True
14.4518 	DATA 	Mouse:  Left button up, pos=(654,170)
14.9655 	DATA 	Mouse: Left button down, pos=(613,267)
15.0344 	DATA 	Mouse:  Left button up, pos=(613,267)
15.4171 	DATA 	Mouse: Left button down, pos=(665,145)
15.4185 	DATA 	RatingScale rating: (mouse response) rating=2
15.4185 	DATA 	RatingScale rating: rating RT=1.027
15.4185 	DATA 	RatingScale rating: history=[(None, 0.0), (2, 0.575), (2, 1.027)]
15.4325 	EXP 	New trial (rep=0, index=6): OrderedDict([('Scenario', 'Finding your way to an appointment in an area of a city or town with which you are not familiar. ')])
15.4439 	EXP 	RatingScale rating: reset()
15.4618 	EXP 	scenario1: autoDraw = False
15.4618 	EXP 	notAtAll: autoDraw = False
15.4618 	EXP 	veryMuch: autoDraw = False
15.4618 	EXP 	rating: autoDraw = False
15.4618 	EXP 	scenario1: text = 'Finding your way to an appointment in an area of a city or town with which you are not familiar. '
15.4618 	EXP 	scenario1: autoDraw = True
15.4618 	EXP 	notAtAll: autoDraw = True
15.4618 	EXP 	veryMuch: autoDraw = True
15.4618 	EXP 	rating: autoDraw = True
15.5154 	DATA 	Mouse:  Left button up, pos=(665,144)
16.0320 	DATA 	Mouse: Left button down, pos=(624,290)
16.1168 	DATA 	Mouse:  Left button up, pos=(624,288)
16.5833 	DATA 	Mouse: Left button down, pos=(674,155)
16.5847 	DATA 	RatingScale rating: (mouse response) rating=2
16.5847 	DATA 	RatingScale rating: rating RT=1.140
16.5847 	DATA 	RatingScale rating: history=[(None, 0.0), (2, 0.588), (2, 1.14)]
16.5994 	EXP 	New trial (rep=0, index=7): OrderedDict([('Scenario', 'Pointing in the direction of a place outside that someone wants to get to and has asked you for directions, when you are in a windowless room.')])
16.6158 	EXP 	RatingScale rating: reset()
16.6293 	EXP 	scenario1: autoDraw = False
16.6293 	EXP 	notAtAll: autoDraw = False
16.6293 	EXP 	veryMuch: autoDraw = False
16.6293 	EXP 	rating: autoDraw = False
16.6293 	EXP 	scenario1: text = 'Pointing in the direction of a place outside that someone wants to get to and has asked you for directions, when you are in a windowless room.'
16.6293 	EXP 	scenario1: autoDraw = True
16.6293 	EXP 	notAtAll: autoDraw = True
16.6293 	EXP 	veryMuch: autoDraw = True
16.6293 	EXP 	rating: autoDraw = True
16.6655 	DATA 	Mouse:  Left button up, pos=(674,154)
17.2154 	DATA 	Mouse: Left button down, pos=(615,260)
17.3024 	DATA 	Mouse:  Left button up, pos=(615,260)
17.6176 	DATA 	Mouse: Left button down, pos=(660,142)
17.7183 	DATA 	Mouse:  Left button up, pos=(660,142)
18.0509 	DATA 	Mouse: Left button down, pos=(652,164)
18.0520 	DATA 	RatingScale rating: (mouse response) rating=2
18.0520 	DATA 	RatingScale rating: rating RT=1.435
18.0521 	DATA 	RatingScale rating: history=[(None, 0.0), (2, 0.599), (2, 1.435)]
18.0959 	EXP 	scenario1: autoDraw = False
18.0959 	EXP 	notAtAll: autoDraw = False
18.0959 	EXP 	veryMuch: autoDraw = False
18.0959 	EXP 	rating: autoDraw = False
18.0959 	EXP 	riskBehaviorScaleScreen: autoDraw = True
18.1484 	DATA 	Mouse:  Left button up, pos=(652,163)
19.1529 	DEBUG 	Read Excel file with pandas: ../Library/CELSYS/activities.xlsx
19.1544 	DEBUG 	Clearing unnamed columns from ../Library/CELSYS/activities.xlsx
19.1553 	EXP 	Imported ../Library/CELSYS/activities.xlsx as conditions, 40 conditions, 1 params
19.1557 	EXP 	Created sequence: sequential, trialTypes=40, nReps=1, seed=None
19.1561 	EXP 	New trial (rep=0, index=0): OrderedDict([('C', 'Admitting that your tastes are different from those of your friends. (S)')])
19.1649 	EXP 	RatingScale rating_2: reset()
19.1714 	DATA 	Keypress: space
19.1954 	EXP 	riskBehaviorScaleScreen: autoDraw = False
19.1954 	EXP 	activity: text = 'Admitting that your tastes are different from those of your friends. (S)'
19.1954 	EXP 	activity: autoDraw = True
19.1954 	EXP 	notAtAll2: autoDraw = True
19.1954 	EXP 	ExtremelyLikely: autoDraw = True
19.1954 	EXP 	rating_2: autoDraw = True
20.0827 	DATA 	Mouse: Left button down, pos=(626,268)
20.1512 	DATA 	Mouse:  Left button up, pos=(625,268)
20.6336 	DATA 	Mouse: Left button down, pos=(691,158)
20.6350 	DATA 	RatingScale rating_2: (mouse response) rating=2
20.6350 	DATA 	RatingScale rating_2: rating RT=1.469
20.6351 	DATA 	RatingScale rating_2: history=[(None, 0.0), (2, 0.918), (2, 1.469)]
20.6501 	EXP 	New trial (rep=0, index=1): OrderedDict([('C', 'Going camping in the wilderness, beyond the civilization of a campgound. (R) ')])
20.6621 	EXP 	RatingScale rating_2: reset()
20.6784 	EXP 	activity: autoDraw = False
20.6784 	EXP 	notAtAll2: autoDraw = False
20.6784 	EXP 	ExtremelyLikely: autoDraw = False
20.6784 	EXP 	rating_2: autoDraw = False
20.6784 	EXP 	activity: text = 'Going camping in the wilderness, beyond the civilization of a campgound. (R) '
20.6784 	EXP 	activity: autoDraw = True
20.6784 	EXP 	notAtAll2: autoDraw = True
20.6784 	EXP 	ExtremelyLikely: autoDraw = True
20.6784 	EXP 	rating_2: autoDraw = True
20.7167 	DATA 	Mouse:  Left button up, pos=(691,158)
21.2976 	DATA 	Mouse: Left button down, pos=(733,286)
21.3840 	DATA 	Mouse:  Left button up, pos=(733,286)
21.7019 	DATA 	Mouse: Left button down, pos=(729,185)
21.7033 	DATA 	RatingScale rating_2: (mouse response) rating=3
21.7034 	DATA 	RatingScale rating_2: rating RT=1.040
21.7034 	DATA 	RatingScale rating_2: history=[(None, 0.0), (3, 0.636), (3, 1.04)]
21.7167 	EXP 	New trial (rep=0, index=2): OrderedDict([('C', "Betting a day's income at the horse races. (G)")])
21.7264 	EXP 	RatingScale rating_2: reset()
21.7452 	EXP 	activity: autoDraw = False
21.7452 	EXP 	notAtAll2: autoDraw = False
21.7452 	EXP 	ExtremelyLikely: autoDraw = False
21.7452 	EXP 	rating_2: autoDraw = False
21.7452 	EXP 	activity: text = "Betting a day's income at the horse races. (G)"
21.7452 	EXP 	activity: autoDraw = True
21.7452 	EXP 	notAtAll2: autoDraw = True
21.7452 	EXP 	ExtremelyLikely: autoDraw = True
21.7452 	EXP 	rating_2: autoDraw = True
21.7835 	DATA 	Mouse:  Left button up, pos=(729,185)
22.1836 	DATA 	Mouse: Left button down, pos=(735,286)
22.2832 	DATA 	Mouse:  Left button up, pos=(735,286)
22.7013 	DATA 	Mouse: Left button down, pos=(734,196)
22.7675 	DATA 	Mouse:  Left button up, pos=(734,196)
23.1000 	DATA 	Mouse: Left button down, pos=(734,182)
23.1011 	DATA 	RatingScale rating_2: (mouse response) rating=3
23.1012 	DATA 	RatingScale rating_2: rating RT=1.374
23.1012 	DATA 	RatingScale rating_2: history=[(None, 0.0), (3, 0.472), (3, 1.374)]
23.1143 	EXP 	New trial (rep=0, index=3): OrderedDict([('C', 'Buying a illegal drug for your own use. (H)')])
23.1231 	EXP 	RatingScale rating_2: reset()
23.1452 	EXP 	activity: autoDraw = False
23.1452 	EXP 	notAtAll2: autoDraw = False
23.1452 	EXP 	ExtremelyLikely: autoDraw = False
23.1452 	EXP 	rating_2: autoDraw = False
23.1452 	EXP 	activity: text = 'Buying a illegal drug for your own use. (H)'
23.1452 	EXP 	activity: autoDraw = True
23.1452 	EXP 	notAtAll2: autoDraw = True
23.1452 	EXP 	ExtremelyLikely: autoDraw = True
23.1452 	EXP 	rating_2: autoDraw = True
23.1831 	DATA 	Mouse:  Left button up, pos=(734,182)
23.4837 	DATA 	Mouse: Left button down, pos=(729,267)
23.5658 	DATA 	Mouse:  Left button up, pos=(729,267)
23.8673 	DATA 	Mouse: Left button down, pos=(733,177)
23.8687 	DATA 	RatingScale rating_2: (mouse response) rating=3
23.8688 	DATA 	RatingScale rating_2: rating RT=0.745
23.8688 	DATA 	RatingScale rating_2: history=[(None, 0.0), (3, 0.36), (3, 0.745)]
23.8817 	EXP 	New trial (rep=0, index=4): OrderedDict([('C', 'Cheating on an exam. (E)')])
23.8900 	EXP 	RatingScale rating_2: reset()
23.9118 	EXP 	activity: autoDraw = False
23.9118 	EXP 	notAtAll2: autoDraw = False
23.9118 	EXP 	ExtremelyLikely: autoDraw = False
23.9118 	EXP 	rating_2: autoDraw = False
23.9118 	EXP 	activity: text = 'Cheating on an exam. (E)'
23.9118 	EXP 	activity: autoDraw = True
23.9118 	EXP 	notAtAll2: autoDraw = True
23.9118 	EXP 	ExtremelyLikely: autoDraw = True
23.9118 	EXP 	rating_2: autoDraw = True
23.9489 	DATA 	Mouse:  Left button up, pos=(733,177)
24.2323 	DATA 	Mouse: Left button down, pos=(730,270)
24.3009 	DATA 	Mouse:  Left button up, pos=(730,270)
24.5505 	DATA 	Mouse: Left button down, pos=(730,180)
24.5516 	DATA 	RatingScale rating_2: (mouse response) rating=3
24.5516 	DATA 	RatingScale rating_2: rating RT=0.661
24.5516 	DATA 	RatingScale rating_2: history=[(None, 0.0), (3, 0.342), (3, 0.661)]
24.5651 	EXP 	New trial (rep=0, index=5): OrderedDict([('C', 'Chasing tornado or hurricane by care to take dramatic photos. (R)')])
24.5743 	EXP 	RatingScale rating_2: reset()
24.5957 	EXP 	activity: autoDraw = False
24.5957 	EXP 	notAtAll2: autoDraw = False
24.5957 	EXP 	ExtremelyLikely: autoDraw = False
24.5957 	EXP 	rating_2: autoDraw = False
24.5957 	EXP 	activity: text = 'Chasing tornado or hurricane by care to take dramatic photos. (R)'
24.5957 	EXP 	activity: autoDraw = True
24.5957 	EXP 	notAtAll2: autoDraw = True
24.5957 	EXP 	ExtremelyLikely: autoDraw = True
24.5957 	EXP 	rating_2: autoDraw = True
24.6657 	DATA 	Mouse:  Left button up, pos=(730,180)
24.9168 	DATA 	Mouse: Left button down, pos=(709,292)
24.9665 	DATA 	Mouse:  Left button up, pos=(709,292)
25.4340 	DATA 	Mouse: Left button down, pos=(732,197)
25.5318 	DATA 	Mouse:  Left button up, pos=(732,196)
25.7992 	DATA 	Mouse: Left button down, pos=(735,167)
25.7998 	DATA 	RatingScale rating_2: (mouse response) rating=3
25.7998 	DATA 	RatingScale rating_2: rating RT=1.225
25.7999 	DATA 	RatingScale rating_2: history=[(None, 0.0), (3, 0.343), (3, 1.225)]
25.8138 	EXP 	New trial (rep=0, index=6): OrderedDict([('C', 'Investing 10% of your annual income in a moderate growth mutual fund. (I)')])
25.8265 	EXP 	RatingScale rating_2: reset()
25.8455 	EXP 	activity: autoDraw = False
25.8455 	EXP 	notAtAll2: autoDraw = False
25.8455 	EXP 	ExtremelyLikely: autoDraw = False
25.8455 	EXP 	rating_2: autoDraw = False
25.8455 	EXP 	activity: text = 'Investing 10% of your annual income in a moderate growth mutual fund. (I)'
25.8455 	EXP 	activity: autoDraw = True
25.8455 	EXP 	notAtAll2: autoDraw = True
25.8455 	EXP 	ExtremelyLikely: autoDraw = True
25.8455 	EXP 	rating_2: autoDraw = True
25.8835 	DATA 	Mouse:  Left button up, pos=(735,167)
26.1667 	DATA 	Mouse: Left button down, pos=(724,275)
26.2497 	DATA 	Mouse:  Left button up, pos=(724,275)
26.5004 	DATA 	Mouse: Left button down, pos=(727,164)
26.5010 	DATA 	RatingScale rating_2: (mouse response) rating=3
26.5010 	DATA 	RatingScale rating_2: rating RT=0.674
26.5011 	DATA 	RatingScale rating_2: history=[(None, 0.0), (3, 0.34), (3, 0.674)]
26.5151 	EXP 	New trial (rep=0, index=7): OrderedDict([('C', 'Consuming five or more servings of alcohol in a single evening. (H)')])
26.5247 	EXP 	RatingScale rating_2: reset()
26.5450 	EXP 	activity: autoDraw = False
26.5450 	EXP 	notAtAll2: autoDraw = False
26.5450 	EXP 	ExtremelyLikely: autoDraw = False
26.5450 	EXP 	rating_2: autoDraw = False
26.5450 	EXP 	activity: text = 'Consuming five or more servings of alcohol in a single evening. (H)'
26.5450 	EXP 	activity: autoDraw = True
26.5450 	EXP 	notAtAll2: autoDraw = True
26.5450 	EXP 	ExtremelyLikely: autoDraw = True
26.5450 	EXP 	rating_2: autoDraw = True
26.5673 	DATA 	Mouse:  Left button up, pos=(727,164)
26.8996 	DATA 	Mouse: Left button down, pos=(720,264)
27.0000 	DATA 	Mouse:  Left button up, pos=(720,264)
27.2658 	DATA 	Mouse: Left button down, pos=(720,164)
27.2669 	DATA 	RatingScale rating_2: (mouse response) rating=3
27.2669 	DATA 	RatingScale rating_2: rating RT=0.741
27.2669 	DATA 	RatingScale rating_2: history=[(None, 0.0), (3, 0.375), (3, 0.741)]
27.2825 	EXP 	New trial (rep=0, index=8): OrderedDict([('C', 'Cheating by a signficiant amount on your income tax return. (E)')])
27.2928 	EXP 	RatingScale rating_2: reset()
27.3123 	EXP 	activity: autoDraw = False
27.3123 	EXP 	notAtAll2: autoDraw = False
27.3123 	EXP 	ExtremelyLikely: autoDraw = False
27.3123 	EXP 	rating_2: autoDraw = False
27.3123 	EXP 	activity: text = 'Cheating by a signficiant amount on your income tax return. (E)'
27.3123 	EXP 	activity: autoDraw = True
27.3123 	EXP 	notAtAll2: autoDraw = True
27.3123 	EXP 	ExtremelyLikely: autoDraw = True
27.3123 	EXP 	rating_2: autoDraw = True
27.3485 	DATA 	Mouse:  Left button up, pos=(720,164)
27.6338 	DATA 	Mouse: Left button down, pos=(720,264)
27.7174 	DATA 	Mouse:  Left button up, pos=(720,264)
27.9854 	DATA 	Mouse: Left button down, pos=(719,171)
27.9863 	DATA 	RatingScale rating_2: (mouse response) rating=3
27.9863 	DATA 	RatingScale rating_2: rating RT=0.693
27.9864 	DATA 	RatingScale rating_2: history=[(None, 0.0), (3, 0.341), (3, 0.693)]
28.0004 	EXP 	New trial (rep=0, index=9): OrderedDict([('C', 'Disagreeing with your father on a major issue. (S)')])
28.0121 	EXP 	RatingScale rating_2: reset()
28.0294 	EXP 	activity: autoDraw = False
28.0294 	EXP 	notAtAll2: autoDraw = False
28.0294 	EXP 	ExtremelyLikely: autoDraw = False
28.0294 	EXP 	rating_2: autoDraw = False
28.0294 	EXP 	activity: text = 'Disagreeing with your father on a major issue. (S)'
28.0294 	EXP 	activity: autoDraw = True
28.0294 	EXP 	notAtAll2: autoDraw = True
28.0294 	EXP 	ExtremelyLikely: autoDraw = True
28.0294 	EXP 	rating_2: autoDraw = True
28.0825 	DATA 	Mouse:  Left button up, pos=(719,171)
28.3827 	DATA 	Mouse: Left button down, pos=(719,281)
28.4513 	DATA 	Mouse:  Left button up, pos=(719,281)
28.8509 	DATA 	Mouse: Left button down, pos=(718,180)
28.8524 	DATA 	RatingScale rating_2: (mouse response) rating=3
28.8524 	DATA 	RatingScale rating_2: rating RT=0.839
28.8524 	DATA 	RatingScale rating_2: history=[(None, 0.0), (3, 0.371), (3, 0.839)]
28.8665 	EXP 	New trial (rep=0, index=10): OrderedDict([('C', "Betting a day's income at a high stake poker game. (G)")])
28.8763 	EXP 	RatingScale rating_2: reset()
28.8948 	EXP 	activity: autoDraw = False
28.8948 	EXP 	notAtAll2: autoDraw = False
28.8948 	EXP 	ExtremelyLikely: autoDraw = False
28.8948 	EXP 	rating_2: autoDraw = False
28.8948 	EXP 	activity: text = "Betting a day's income at a high stake poker game. (G)"
28.8948 	EXP 	activity: autoDraw = True
28.8948 	EXP 	notAtAll2: autoDraw = True
28.8948 	EXP 	ExtremelyLikely: autoDraw = True
28.8948 	EXP 	rating_2: autoDraw = True
28.9670 	DATA 	Mouse:  Left button up, pos=(718,180)
29.2685 	DATA 	Mouse: Left button down, pos=(718,266)
29.3662 	DATA 	Mouse:  Left button up, pos=(718,266)
29.6001 	DATA 	Mouse: Left button down, pos=(718,183)
29.6009 	DATA 	RatingScale rating_2: (mouse response) rating=3
29.6010 	DATA 	RatingScale rating_2: rating RT=0.724
29.6010 	DATA 	RatingScale rating_2: history=[(None, 0.0), (3, 0.405), (3, 0.724)]
29.6142 	EXP 	New trial (rep=0, index=11): OrderedDict([('C', 'Having an affair with a married man or woman. (E)')])
29.6227 	EXP 	RatingScale rating_2: reset()
29.6455 	EXP 	activity: autoDraw = False
29.6455 	EXP 	notAtAll2: autoDraw = False
29.6455 	EXP 	ExtremelyLikely: autoDraw = False
29.6455 	EXP 	rating_2: autoDraw = False
29.6455 	EXP 	activity: text = 'Having an affair with a married man or woman. (E)'
29.6455 	EXP 	activity: autoDraw = True
29.6455 	EXP 	notAtAll2: autoDraw = True
29.6455 	EXP 	ExtremelyLikely: autoDraw = True
29.6455 	EXP 	rating_2: autoDraw = True
29.6830 	DATA 	Mouse:  Left button up, pos=(718,183)
30.0999 	DATA 	Mouse: Left button down, pos=(718,278)
30.1675 	DATA 	Mouse:  Left button up, pos=(718,277)
30.4339 	DATA 	Mouse: Left button down, pos=(718,139)
30.5001 	DATA 	Mouse:  Left button up, pos=(718,139)
30.9164 	DATA 	Mouse: Left button down, pos=(718,265)
31.0185 	DATA 	Mouse:  Left button up, pos=(718,265)
31.2670 	DATA 	Mouse: Left button down, pos=(718,176)
31.2682 	DATA 	RatingScale rating_2: (mouse response) rating=3
31.2682 	DATA 	RatingScale rating_2: rating RT=1.645
31.2683 	DATA 	RatingScale rating_2: history=[(None, 0.0), (3, 0.478), (3, 1.645)]
31.2824 	EXP 	New trial (rep=0, index=12): OrderedDict([('C', "Forging somebody's signature. (E)")])
31.2902 	EXP 	RatingScale rating_2: reset()
31.3122 	EXP 	activity: autoDraw = False
31.3122 	EXP 	notAtAll2: autoDraw = False
31.3122 	EXP 	ExtremelyLikely: autoDraw = False
31.3122 	EXP 	rating_2: autoDraw = False
31.3122 	EXP 	activity: text = "Forging somebody's signature. (E)"
31.3122 	EXP 	activity: autoDraw = True
31.3122 	EXP 	notAtAll2: autoDraw = True
31.3122 	EXP 	ExtremelyLikely: autoDraw = True
31.3122 	EXP 	rating_2: autoDraw = True
31.3506 	DATA 	Mouse:  Left button up, pos=(718,175)
31.6827 	DATA 	Mouse: Left button down, pos=(718,297)
31.7658 	DATA 	Mouse:  Left button up, pos=(718,297)
32.0828 	DATA 	Mouse: Left button down, pos=(718,169)
32.0839 	DATA 	RatingScale rating_2: (mouse response) rating=3
32.0840 	DATA 	RatingScale rating_2: rating RT=0.793
32.0840 	DATA 	RatingScale rating_2: history=[(None, 0.0), (3, 0.392), (3, 0.793)]
32.0967 	EXP 	New trial (rep=0, index=13): OrderedDict([('C', "Passing off somebody else's work as your own. (E)")])
32.1038 	EXP 	RatingScale rating_2: reset()
32.1280 	EXP 	activity: autoDraw = False
32.1280 	EXP 	notAtAll2: autoDraw = False
32.1280 	EXP 	ExtremelyLikely: autoDraw = False
32.1280 	EXP 	rating_2: autoDraw = False
32.1280 	EXP 	activity: text = "Passing off somebody else's work as your own. (E)"
32.1280 	EXP 	activity: autoDraw = True
32.1280 	EXP 	notAtAll2: autoDraw = True
32.1280 	EXP 	ExtremelyLikely: autoDraw = True
32.1280 	EXP 	rating_2: autoDraw = True
32.1814 	DATA 	Mouse:  Left button up, pos=(718,169)
32.5168 	DATA 	Mouse: Left button down, pos=(718,255)
32.6351 	DATA 	Mouse:  Left button up, pos=(718,255)
32.9496 	DATA 	Mouse: Left button down, pos=(719,198)
33.1001 	DATA 	Mouse:  Left button up, pos=(720,197)
33.2996 	DATA 	Mouse: Left button down, pos=(720,178)
33.3005 	DATA 	RatingScale rating_2: (mouse response) rating=3
33.3005 	DATA 	RatingScale rating_2: rating RT=1.196
33.3005 	DATA 	RatingScale rating_2: history=[(None, 0.0), (3, 0.413), (3, 1.196)]
33.3148 	EXP 	New trial (rep=0, index=14): OrderedDict([('C', 'Going on a vacation in a third-world country without prearranged travel and hotel accomodations. (R)')])
33.3273 	EXP 	RatingScale rating_2: reset()
33.3455 	EXP 	activity: autoDraw = False
33.3455 	EXP 	notAtAll2: autoDraw = False
33.3455 	EXP 	ExtremelyLikely: autoDraw = False
33.3455 	EXP 	rating_2: autoDraw = False
33.3455 	EXP 	activity: text = 'Going on a vacation in a third-world country without prearranged travel and hotel accomodations. (R)'
33.3455 	EXP 	activity: autoDraw = True
33.3455 	EXP 	notAtAll2: autoDraw = True
33.3455 	EXP 	ExtremelyLikely: autoDraw = True
33.3455 	EXP 	rating_2: autoDraw = True
33.3830 	DATA 	Mouse:  Left button up, pos=(720,178)
33.6663 	DATA 	Mouse: Left button down, pos=(720,279)
33.7326 	DATA 	Mouse:  Left button up, pos=(720,279)
33.9999 	DATA 	Mouse: Left button down, pos=(726,182)
34.0006 	DATA 	RatingScale rating_2: (mouse response) rating=3
34.0007 	DATA 	RatingScale rating_2: rating RT=0.672
34.0007 	DATA 	RatingScale rating_2: history=[(None, 0.0), (3, 0.339), (3, 0.672)]
34.0151 	EXP 	New trial (rep=0, index=15): OrderedDict([('C', 'Arguing with a friend about ann issue on whiich he or she has a very different opinion. (S) ')])
34.0255 	EXP 	RatingScale rating_2: reset()
34.0449 	EXP 	activity: autoDraw = False
34.0449 	EXP 	notAtAll2: autoDraw = False
34.0449 	EXP 	ExtremelyLikely: autoDraw = False
34.0449 	EXP 	rating_2: autoDraw = False
34.0449 	EXP 	activity: text = 'Arguing with a friend about ann issue on whiich he or she has a very different opinion. (S) '
34.0449 	EXP 	activity: autoDraw = True
34.0449 	EXP 	notAtAll2: autoDraw = True
34.0449 	EXP 	ExtremelyLikely: autoDraw = True
34.0449 	EXP 	rating_2: autoDraw = True
34.1164 	DATA 	Mouse:  Left button up, pos=(726,182)
34.3671 	DATA 	Mouse: Left button down, pos=(726,269)
34.4494 	DATA 	Mouse:  Left button up, pos=(726,269)
34.6851 	DATA 	Mouse: Left button down, pos=(726,160)
34.6861 	DATA 	RatingScale rating_2: (mouse response) rating=3
34.6861 	DATA 	RatingScale rating_2: rating RT=0.660
34.6862 	DATA 	RatingScale rating_2: history=[(None, 0.0), (3, 0.341), (3, 0.66)]
34.7000 	EXP 	New trial (rep=0, index=16): OrderedDict([('C', 'Going down a ski run that is beyond your ability or closed. (R)')])
34.7090 	EXP 	RatingScale rating_2: reset()
34.7286 	EXP 	activity: autoDraw = False
34.7286 	EXP 	notAtAll2: autoDraw = False
34.7286 	EXP 	ExtremelyLikely: autoDraw = False
34.7286 	EXP 	rating_2: autoDraw = False
34.7286 	EXP 	activity: text = 'Going down a ski run that is beyond your ability or closed. (R)'
34.7286 	EXP 	activity: autoDraw = True
34.7286 	EXP 	notAtAll2: autoDraw = True
34.7286 	EXP 	ExtremelyLikely: autoDraw = True
34.7286 	EXP 	rating_2: autoDraw = True
34.7663 	DATA 	Mouse:  Left button up, pos=(726,160)
35.0829 	DATA 	Mouse: Left button down, pos=(722,278)
35.1665 	DATA 	Mouse:  Left button up, pos=(722,277)
35.4337 	DATA 	Mouse: Left button down, pos=(733,142)
35.5330 	DATA 	Mouse:  Left button up, pos=(733,142)
36.1161 	DATA 	Mouse: Left button down, pos=(735,155)
36.1173 	DATA 	RatingScale rating_2: (mouse response) rating=3
36.1173 	DATA 	RatingScale rating_2: rating RT=1.407
36.1173 	DATA 	RatingScale rating_2: history=[(None, 0.0), (3, 0.374), (3, 1.407)]
36.1302 	EXP 	New trial (rep=0, index=17): OrderedDict([('C', 'Investing 5% of your annual income in a very speculative stock. (I)')])
36.1408 	EXP 	RatingScale rating_2: reset()
36.1617 	EXP 	activity: autoDraw = False
36.1617 	EXP 	notAtAll2: autoDraw = False
36.1617 	EXP 	ExtremelyLikely: autoDraw = False
36.1617 	EXP 	rating_2: autoDraw = False
36.1617 	EXP 	activity: text = 'Investing 5% of your annual income in a very speculative stock. (I)'
36.1617 	EXP 	activity: autoDraw = True
36.1617 	EXP 	notAtAll2: autoDraw = True
36.1617 	EXP 	ExtremelyLikely: autoDraw = True
36.1617 	EXP 	rating_2: autoDraw = True
36.1849 	DATA 	Mouse:  Left button up, pos=(735,155)
36.5333 	DATA 	Mouse: Left button down, pos=(732,250)
36.6180 	DATA 	Mouse:  Left button up, pos=(732,250)
37.0841 	DATA 	Mouse: Left button down, pos=(734,151)
37.0854 	DATA 	RatingScale rating_2: (mouse response) rating=3
37.0854 	DATA 	RatingScale rating_2: rating RT=0.944
37.0854 	DATA 	RatingScale rating_2: history=[(None, 0.0), (3, 0.392), (3, 0.944)]
37.0997 	EXP 	New trial (rep=0, index=18): OrderedDict([('C', 'Approaching your boss to ask for a raise. (S)')])
37.1090 	EXP 	RatingScale rating_2: reset()
37.1275 	EXP 	activity: autoDraw = False
37.1275 	EXP 	notAtAll2: autoDraw = False
37.1275 	EXP 	ExtremelyLikely: autoDraw = False
37.1275 	EXP 	rating_2: autoDraw = False
37.1275 	EXP 	activity: text = 'Approaching your boss to ask for a raise. (S)'
37.1275 	EXP 	activity: autoDraw = True
37.1275 	EXP 	notAtAll2: autoDraw = True
37.1275 	EXP 	ExtremelyLikely: autoDraw = True
37.1275 	EXP 	rating_2: autoDraw = True
37.1642 	DATA 	Mouse:  Left button up, pos=(734,150)
37.6974 	DATA 	Mouse: Left button down, pos=(717,272)
37.8013 	DATA 	Mouse:  Left button up, pos=(717,272)
38.0684 	DATA 	Mouse: Left button down, pos=(720,172)
38.0697 	DATA 	RatingScale rating_2: (mouse response) rating=3
38.0697 	DATA 	RatingScale rating_2: rating RT=0.960
38.0698 	DATA 	RatingScale rating_2: history=[(None, 0.0), (3, 0.588), (3, 0.96)]
38.0834 	EXP 	New trial (rep=0, index=19): OrderedDict([('C', 'Illegally copying a piece of software. (E) ')])
38.0914 	EXP 	RatingScale rating_2: reset()
38.1123 	EXP 	activity: autoDraw = False
38.1123 	EXP 	notAtAll2: autoDraw = False
38.1123 	EXP 	ExtremelyLikely: autoDraw = False
38.1123 	EXP 	rating_2: autoDraw = False
38.1123 	EXP 	activity: text = 'Illegally copying a piece of software. (E) '
38.1123 	EXP 	activity: autoDraw = True
38.1123 	EXP 	notAtAll2: autoDraw = True
38.1123 	EXP 	ExtremelyLikely: autoDraw = True
38.1123 	EXP 	rating_2: autoDraw = True
38.1824 	DATA 	Mouse:  Left button up, pos=(720,172)
38.8821 	DATA 	Mouse: Left button down, pos=(719,273)
38.9833 	DATA 	Mouse:  Left button up, pos=(719,272)
39.3990 	DATA 	Mouse: Left button down, pos=(747,156)
39.4005 	DATA 	RatingScale rating_2: (mouse response) rating=3
39.4005 	DATA 	RatingScale rating_2: rating RT=1.308
39.4005 	DATA 	RatingScale rating_2: history=[(None, 0.0), (3, 0.791), (3, 1.308)]
39.4135 	EXP 	New trial (rep=0, index=20): OrderedDict([('C', 'Going whitewater rafting during rapid water flows in the spring. (R) ')])
39.4227 	EXP 	RatingScale rating_2: reset()
39.4449 	EXP 	activity: autoDraw = False
39.4449 	EXP 	notAtAll2: autoDraw = False
39.4449 	EXP 	ExtremelyLikely: autoDraw = False
39.4449 	EXP 	rating_2: autoDraw = False
39.4449 	EXP 	activity: text = 'Going whitewater rafting during rapid water flows in the spring. (R) '
39.4449 	EXP 	activity: autoDraw = True
39.4449 	EXP 	notAtAll2: autoDraw = True
39.4449 	EXP 	ExtremelyLikely: autoDraw = True
39.4449 	EXP 	rating_2: autoDraw = True
39.5155 	DATA 	Mouse:  Left button up, pos=(747,156)
39.8480 	DATA 	Mouse: Left button down, pos=(747,245)
39.9488 	DATA 	Mouse:  Left button up, pos=(747,245)
40.3649 	DATA 	Mouse: Left button down, pos=(761,159)
40.3661 	DATA 	RatingScale rating_2: (mouse response) rating=3
40.3662 	DATA 	RatingScale rating_2: rating RT=0.943
40.3662 	DATA 	RatingScale rating_2: history=[(None, 0.0), (3, 0.425), (3, 0.943)]
40.3808 	EXP 	New trial (rep=0, index=21): OrderedDict([('C', "Betting a day's income on the outcome of a sporting event (e.g. baseball, soccer, or football). (G)")])
40.3922 	EXP 	RatingScale rating_2: reset()
40.4111 	EXP 	activity: autoDraw = False
40.4111 	EXP 	notAtAll2: autoDraw = False
40.4111 	EXP 	ExtremelyLikely: autoDraw = False
40.4111 	EXP 	rating_2: autoDraw = False
40.4111 	EXP 	activity: text = "Betting a day's income on the outcome of a sporting event (e.g. baseball, soccer, or football). (G)"
40.4111 	EXP 	activity: autoDraw = True
40.4111 	EXP 	notAtAll2: autoDraw = True
40.4111 	EXP 	ExtremelyLikely: autoDraw = True
40.4111 	EXP 	rating_2: autoDraw = True
40.4641 	DATA 	Mouse:  Left button up, pos=(761,158)
41.0485 	DATA 	Mouse: Left button down, pos=(839,269)
41.1504 	DATA 	Mouse:  Left button up, pos=(839,269)
41.4995 	DATA 	Mouse: Left button down, pos=(792,180)
41.5009 	DATA 	RatingScale rating_2: (mouse response) rating=4
41.5009 	DATA 	RatingScale rating_2: rating RT=1.108
41.5009 	DATA 	RatingScale rating_2: history=[(None, 0.0), (4, 0.656), (4, 1.108)]
41.5138 	EXP 	New trial (rep=0, index=22): OrderedDict([('C', 'Telling a friend if his or her significant other has made a pass at you. (S)')])
41.5236 	EXP 	RatingScale rating_2: reset()
41.5444 	EXP 	activity: autoDraw = False
41.5444 	EXP 	notAtAll2: autoDraw = False
41.5444 	EXP 	ExtremelyLikely: autoDraw = False
41.5444 	EXP 	rating_2: autoDraw = False
41.5444 	EXP 	activity: text = 'Telling a friend if his or her significant other has made a pass at you. (S)'
41.5444 	EXP 	activity: autoDraw = True
41.5444 	EXP 	notAtAll2: autoDraw = True
41.5444 	EXP 	ExtremelyLikely: autoDraw = True
41.5444 	EXP 	rating_2: autoDraw = True
41.5658 	DATA 	Mouse:  Left button up, pos=(792,180)
42.0482 	DATA 	Mouse: Left button down, pos=(913,265)
42.1466 	DATA 	Mouse:  Left button up, pos=(913,265)
42.5172 	DATA 	Mouse: Left button down, pos=(751,165)
42.5183 	DATA 	RatingScale rating_2: (mouse response) rating=5
42.5183 	DATA 	RatingScale rating_2: rating RT=0.994
42.5183 	DATA 	RatingScale rating_2: history=[(None, 0.0), (5, 0.524), (5, 0.994)]
42.5299 	EXP 	New trial (rep=0, index=23): OrderedDict([('C', 'Investing 5% of your annual income in an conservative stock. (I)')])
42.5401 	EXP 	RatingScale rating_2: reset()
42.5614 	EXP 	activity: autoDraw = False
42.5614 	EXP 	notAtAll2: autoDraw = False
42.5614 	EXP 	ExtremelyLikely: autoDraw = False
42.5614 	EXP 	rating_2: autoDraw = False
42.5614 	EXP 	activity: text = 'Investing 5% of your annual income in an conservative stock. (I)'
42.5614 	EXP 	activity: autoDraw = True
42.5614 	EXP 	notAtAll2: autoDraw = True
42.5614 	EXP 	ExtremelyLikely: autoDraw = True
42.5614 	EXP 	rating_2: autoDraw = True
42.5809 	DATA 	Mouse:  Left button up, pos=(751,165)
42.9335 	DATA 	Mouse: Left button down, pos=(776,301)
43.0492 	DATA 	Mouse:  Left button up, pos=(776,301)
43.3667 	DATA 	Mouse: Left button down, pos=(744,201)
43.4503 	DATA 	Mouse:  Left button up, pos=(744,201)
43.6676 	DATA 	Mouse: Left button down, pos=(744,279)
43.7671 	DATA 	Mouse:  Left button up, pos=(744,279)
44.4173 	DATA 	Mouse: Left button down, pos=(728,189)
44.5329 	DATA 	Mouse:  Left button up, pos=(728,189)
44.8176 	DATA 	Mouse: Left button down, pos=(728,174)
44.8190 	DATA 	RatingScale rating_2: (mouse response) rating=3
44.8190 	DATA 	RatingScale rating_2: rating RT=2.278
44.8191 	DATA 	RatingScale rating_2: history=[(None, 0.0), (4, 0.407), (3, 1.127), (3, 2.278)]
44.8317 	EXP 	New trial (rep=0, index=24): OrderedDict([('C', 'Shoplifting a small item (e.g. a lipstick or a pen). (E) ')])
44.8420 	EXP 	RatingScale rating_2: reset()
44.8617 	EXP 	activity: autoDraw = False
44.8617 	EXP 	notAtAll2: autoDraw = False
44.8617 	EXP 	ExtremelyLikely: autoDraw = False
44.8617 	EXP 	rating_2: autoDraw = False
44.8617 	EXP 	activity: text = 'Shoplifting a small item (e.g. a lipstick or a pen). (E) '
44.8617 	EXP 	activity: autoDraw = True
44.8617 	EXP 	notAtAll2: autoDraw = True
44.8617 	EXP 	ExtremelyLikely: autoDraw = True
44.8617 	EXP 	rating_2: autoDraw = True
44.8980 	DATA 	Mouse:  Left button up, pos=(728,174)
46.0512 	DATA 	Keypress: escape
46.4179 	EXP 	window1: mouseVisible = True
46.4180 	DEBUG 	Saving data for Big5 ExperimentHandler
46.4203 	INFO 	saved data to /Users/sabrinado/Desktop/data/_Big5_2020_Oct_26_1702.psydat
46.4237 	INFO 	saved data to '/Users/sabrinado/Desktop/data/_Big5_2020_Oct_26_1702.csv'
