0.6946 	WARNING 	We strongly recommend you activate the PTB sound engine in PsychoPy prefs as the preferred audio engine. Its timing is vastly superior. Your prefs are currently set to use ['sounddevice', 'PTB', 'pyo', 'pygame'] (in that order).
7.7839 	WARNING 	User requested fullscreen with size [1024  768], but screen is actually [1440, 900]. Using actual size
8.7137 	EXP 	Created window1 = Window(allowGUI=False, allowStencil=False, args=UNKNOWN, autoLog=True, bitsMode=UNKNOWN, blendMode='avg', bpc=(8, 8, 8), color=array([0., 0., 0.]), colorSpace='rgb', depthBits=8, fullscr=<method-wrapper '__getattribute__' of attributeSetter object at 0x142fd9b70>, gamma=None, gammaErrorPolicy='raise', kwargs=UNKNOWN, lms=UNKNOWN, monitor=<psychopy.monitors.calibTools.Monitor object at 0x142f5be10>, multiSample=False, name='window1', numSamples=2, pos=[360.0, 225.0], screen=0, size=array([2880, 1800]), stencilBits=0, stereo=False, units='height', useFBO=True, useRetina=True, viewOri=0.0, viewPos=None, viewScale=None, waitBlanking=True, winType='pyglet')
8.7141 	EXP 	window1: mouseVisible = True
8.7141 	EXP 	window1: recordFrameIntervals = False
8.8953 	EXP 	window1: recordFrameIntervals = True
8.9658 	WARNING 	t of last frame was 20.58ms (=1/48)
9.1328 	EXP 	window1: recordFrameIntervals = False
9.3146 	EXP 	Created instructions = TextStim(__class__=<class 'psychopy.visual.text.TextStim'>, alignHoriz=method-wrapper(...), alignText='center', alignVert=method-wrapper(...), anchorHoriz='center', anchorVert='center', antialias=True, autoLog=True, bold=False, color='black', colorSpace='named', contrast=1.0, depth=0.0, flipHoriz=False, flipVert=False, font='Times New Roman', fontFiles=[], height=0.1, italic=False, languageStyle='LTR', name='instructions', opacity=1.0, ori=0, pos=array([0., 0.]), rgb=array([0., 0., 0.]), text=str(...), units='height', win=Window(...), wrapWidth=1)
9.3482 	EXP 	Created scenario1 = TextStim(__class__=<class 'psychopy.visual.text.TextStim'>, alignHoriz=method-wrapper(...), alignText='center', alignVert=method-wrapper(...), anchorHoriz='center', anchorVert='center', antialias=True, autoLog=True, bold=False, color='black', colorSpace='named', contrast=1.0, depth=0.0, flipHoriz=False, flipVert=False, font='Times New Roman', fontFiles=[], height=0.06, italic=False, languageStyle='LTR', name='scenario1', opacity=1.0, ori=0, pos=array([0. , 0.2]), rgb=array([0., 0., 0.]), text=str(...), units='height', win=Window(...), wrapWidth=1)
9.3689 	EXP 	window1: mouseVisible = True
9.3754 	EXP 	Created slider = Slider(__class__=<class 'psychopy.visual.slider.Slider'>, autoDraw=False, autoLog=True, color='LightGray', depth=0, flip=False, font='HelveticaBold', granularity=0, labelHeight=0.1, labelWrapWidth=None, labels=None, name='slider', pos=(0, -0.4), readOnly=False, self=UNKNOWN, size=(1.0, 0.1), style=method-wrapper(...), ticks=array([1, 2, 3, 4, 5]), units='height', win=Window(...))
9.3823 	EXP 	Created text = TextStim(__class__=<class 'psychopy.visual.text.TextStim'>, alignHoriz=method-wrapper(...), alignText='center', alignVert=method-wrapper(...), anchorHoriz='center', anchorVert='center', antialias=True, autoLog=True, bold=False, color='black', colorSpace='named', contrast=1.0, depth=-2.0, flipHoriz=False, flipVert=False, font='Times New Roman', fontFiles=[], height=0.06, italic=False, languageStyle='LTR', name='text', opacity=1.0, ori=0, pos=array([-0.3, -0.1]), rgb=array([0., 0., 0.]), text='Not at All', units='height', win=Window(...), wrapWidth=1)
9.4152 	EXP 	slider: autoLog = True
9.4152 	EXP 	slider: markerPos = None
9.4152 	EXP 	slider: rating = None
9.4152 	EXP 	slider: markerPos = None
9.4152 	EXP 	slider: contrast = 1.0
9.4152 	EXP 	slider: autoLog = True
9.4152 	EXP 	slider: style = ['rating']
9.4152 	EXP 	instructions: autoDraw = True
11.1153 	DATA 	Keypress: space
11.1487 	EXP 	instructions: autoDraw = False
11.1487 	EXP 	slider: markerPos = None
11.1487 	EXP 	slider: markerPos = None
11.1487 	EXP 	slider: rating = None
11.1487 	EXP 	scenario1: autoDraw = True
11.1487 	EXP 	slider: autoDraw = True
11.1487 	EXP 	text: autoDraw = True
18.9176 	DATA 	Keypress: escape
19.3527 	EXP 	window1: mouseVisible = True
