0.2987 	WARNING 	We strongly recommend you activate the PTB sound engine in PsychoPy prefs as the preferred audio engine. Its timing is vastly superior. Your prefs are currently set to use ['sounddevice', 'PTB', 'pyo', 'pygame'] (in that order).
6.5367 	INFO 	Loaded monitor calibration from ['2020_10_12 18:18']
7.3173 	EXP 	Created window1 = Window(allowGUI=False, allowStencil=False, args=UNKNOWN, autoLog=True, bitsMode=UNKNOWN, blendMode='avg', bpc=(8, 8, 8), color='black', colorSpace='named', depthBits=8, fullscr=<method-wrapper '__getattribute__' of attributeSetter object at 0x142117cc0>, gamma=None, gammaErrorPolicy='raise', kwargs=UNKNOWN, lms=UNKNOWN, monitor=<psychopy.monitors.calibTools.Monitor object at 0x142045b00>, multiSample=False, name='window1', numSamples=2, pos=[360.0, 225.0], screen=0, size=array([2880, 1800]), stencilBits=0, stereo=False, units='height', useFBO=True, useRetina=True, viewOri=0.0, viewPos=None, viewScale=None, waitBlanking=True, winType='pyglet')
7.3176 	EXP 	window1: mouseVisible = True
7.3177 	EXP 	window1: recordFrameIntervals = False
7.4992 	EXP 	window1: recordFrameIntervals = True
7.6832 	DEBUG 	Screen (0) actual frame rate measured at 60.23
7.6833 	EXP 	window1: recordFrameIntervals = False
7.7612 	EXP 	Created IntroScreen = TextStim(__class__=<class 'psychopy.visual.text.TextStim'>, alignHoriz=method-wrapper(...), alignText='center', alignVert=method-wrapper(...), anchorHoriz='center', anchorVert='center', antialias=True, autoLog=True, bold=False, color='white', colorSpace='named', contrast=1.0, depth=0.0, flipHoriz=False, flipVert=False, font='Times New Roman', fontFiles=[], height=0.1, italic=False, languageStyle='LTR', name='IntroScreen', opacity=1.0, ori=0, pos=array([0., 0.]), rgb=array([255., 255., 255.]), text='Big 5 Test', units='height', win=Window(...), wrapWidth=1)
7.8082 	EXP 	Created instructions = TextStim(__class__=<class 'psychopy.visual.text.TextStim'>, alignHoriz=method-wrapper(...), alignText='center', alignVert=method-wrapper(...), anchorHoriz='center', anchorVert='center', antialias=True, autoLog=True, bold=False, color='white', colorSpace='named', contrast=1.0, depth=0.0, flipHoriz=False, flipVert=False, font='Times New Roman', fontFiles=[], height=0.1, italic=False, languageStyle='LTR', name='instructions', opacity=1.0, ori=0, pos=array([0., 0.]), rgb=array([255., 255., 255.]), text=str(...), units='height', win=Window(...), wrapWidth=1)
7.8360 	EXP 	Created scenario1 = TextStim(__class__=<class 'psychopy.visual.text.TextStim'>, alignHoriz=method-wrapper(...), alignText='center', alignVert=method-wrapper(...), anchorHoriz='center', anchorVert='center', antialias=True, autoLog=True, bold=False, color='white', colorSpace='named', contrast=1.0, depth=0.0, flipHoriz=False, flipVert=False, font='Times New Roman', fontFiles=[], height=0.06, italic=False, languageStyle='LTR', name='scenario1', opacity=1.0, ori=0, pos=array([0. , 0.2]), rgb=array([255., 255., 255.]), text='default text', units='height', win=Window(...), wrapWidth=1)
7.8437 	INFO 	Mouse: using default window
7.8438 	EXP 	window1: mouseVisible = True
7.8477 	EXP 	Created slider = Slider(__class__=<class 'psychopy.visual.slider.Slider'>, autoDraw=False, autoLog=True, color='LightGray', depth=0, flip=False, font='HelveticaBold', granularity=0, labelHeight=0.1, labelWrapWidth=None, labels=None, name='slider', pos=(0, -0.3), readOnly=False, self=UNKNOWN, size=(1.0, 0.1), style=method-wrapper(...), ticks=array([0. , 0.2, 0.4, 0.6, 0.8]), units='height', win=Window(...))
7.8541 	EXP 	Created notAtAll = TextStim(__class__=<class 'psychopy.visual.text.TextStim'>, alignHoriz=method-wrapper(...), alignText='center', alignVert=method-wrapper(...), anchorHoriz='center', anchorVert='center', antialias=True, autoLog=True, bold=False, color='white', colorSpace='named', contrast=1.0, depth=-2.0, flipHoriz=False, flipVert=False, font='Times New Roman', fontFiles=[], height=0.06, italic=False, languageStyle='LTR', name='notAtAll', opacity=1.0, ori=0, pos=array([-0.5, -0.2]), rgb=array([255., 255., 255.]), text='Not at All', units='height', win=Window(...), wrapWidth=1)
7.8578 	EXP 	Created veryMuch = TextStim(__class__=<class 'psychopy.visual.text.TextStim'>, alignHoriz=method-wrapper(...), alignText='center', alignVert=method-wrapper(...), anchorHoriz='center', anchorVert='center', antialias=True, autoLog=True, bold=False, color='white', colorSpace='named', contrast=1.0, depth=-3.0, flipHoriz=False, flipVert=False, font='Times New Roman', fontFiles=[], height=0.06, italic=False, languageStyle='LTR', name='veryMuch', opacity=1.0, ori=0, pos=array([ 0.5, -0.2]), rgb=array([255., 255., 255.]), text='Very much', units='height', win=Window(...), wrapWidth=1)
7.8827 	EXP 	slider: autoLog = True
7.8827 	EXP 	slider: markerPos = None
7.8827 	EXP 	slider: rating = None
7.8827 	EXP 	slider: markerPos = None
7.8827 	EXP 	slider: contrast = 1.0
7.8827 	EXP 	slider: autoLog = True
7.8827 	EXP 	slider: style = ['rating']
7.8827 	EXP 	IntroScreen: autoDraw = True
8.7479 	DATA 	Keypress: space
8.7661 	EXP 	IntroScreen: autoDraw = False
8.7661 	EXP 	instructions: autoDraw = True
9.3441 	DEBUG 	Read Excel file with pandas: ../Library/CELSYS/spatialAnxietyScale1.xlsx
9.3468 	DEBUG 	Clearing unnamed columns from ../Library/CELSYS/spatialAnxietyScale1.xlsx
9.3471 	EXP 	Imported ../Library/CELSYS/spatialAnxietyScale1.xlsx as conditions, 8 conditions, 1 params
9.3495 	EXP 	Created sequence: random, trialTypes=8, nReps=5, seed=None
9.3500 	EXP 	New trial (rep=0, index=0): OrderedDict([('Scenario', 'Pointing in the direction of a place outside that someone wants to get to and has asked you for directions, when you are in a windowless room.')])
9.3655 	DATA 	Keypress: space
9.3998 	EXP 	instructions: autoDraw = False
9.3998 	EXP 	scenario1: text = 'Pointing in the direction of a place outside that someone wants to get to and has asked you for directions, when you are in a windowless room.'
9.3998 	EXP 	slider: markerPos = None
9.3998 	EXP 	slider: markerPos = None
9.3998 	EXP 	slider: rating = None
9.3998 	EXP 	scenario1: autoDraw = True
9.3998 	EXP 	slider: autoDraw = True
9.3998 	EXP 	notAtAll: autoDraw = True
9.3998 	EXP 	veryMuch: autoDraw = True
12.1743 	DATA 	Mouse: Left button down, pos=(320,184)
12.2059 	EXP 	slider: markerPos = 0.04444444444444447
12.2226 	EXP 	slider: markerPos = 0.04444444444444447
12.2393 	EXP 	slider: markerPos = 0.04444444444444447
12.2556 	EXP 	slider: markerPos = 0.04444444444444447
12.2720 	EXP 	slider: markerPos = 0.04444444444444447
12.2882 	EXP 	slider: markerPos = 0.04444444444444447
12.3058 	EXP 	slider: markerPos = 0.04444444444444447
12.3226 	EXP 	slider: markerPos = 0.04444444444444447
12.3390 	EXP 	slider: markerPos = 0.04444444444444447
12.3559 	EXP 	slider: markerPos = 0.04444444444444447
12.3716 	EXP 	slider: markerPos = 0.04622222222222221
12.3889 	EXP 	slider: markerPos = 0.05244444444444443
12.4052 	EXP 	slider: markerPos = 0.06488888888888891
12.4224 	EXP 	slider: markerPos = 0.07288888888888888
12.4389 	EXP 	slider: markerPos = 0.07822222222222225
12.4557 	EXP 	slider: markerPos = 0.08266666666666667
12.4722 	EXP 	slider: markerPos = 0.08533333333333336
12.4890 	EXP 	slider: markerPos = 0.0862222222222222
12.5063 	EXP 	slider: markerPos = 0.088
12.5219 	EXP 	slider: markerPos = 0.088
12.5393 	EXP 	slider: markerPos = 0.08888888888888889
12.5551 	EXP 	slider: markerPos = 0.09244444444444447
12.5726 	EXP 	slider: markerPos = 0.0951111111111111
12.5878 	EXP 	slider: markerPos = 0.09955555555555558
12.6055 	EXP 	slider: markerPos = 0.10400000000000001
12.6218 	EXP 	slider: markerPos = 0.10844444444444444
12.6394 	EXP 	slider: markerPos = 0.11200000000000002
12.6566 	EXP 	slider: markerPos = 0.11555555555555555
12.6725 	EXP 	slider: markerPos = 0.11822222222222223
12.6887 	EXP 	slider: markerPos = 0.11911111111111113
12.7054 	EXP 	slider: markerPos = 0.11911111111111113
12.7218 	EXP 	slider: markerPos = 0.11911111111111113
12.7391 	EXP 	slider: markerPos = 0.12000000000000002
12.7556 	EXP 	slider: markerPos = 0.12000000000000002
12.7726 	EXP 	slider: markerPos = 0.12088888888888888
12.7882 	EXP 	slider: markerPos = 0.12266666666666666
12.8057 	EXP 	slider: markerPos = 0.12622222222222224
12.8213 	EXP 	slider: markerPos = 0.13599999999999998
12.8385 	EXP 	slider: markerPos = 0.15733333333333333
12.8552 	EXP 	slider: markerPos = 0.17511111111111113
12.8724 	EXP 	slider: markerPos = 0.18666666666666668
12.8890 	EXP 	slider: markerPos = 0.2017777777777778
12.9058 	EXP 	slider: markerPos = 0.20888888888888887
12.9228 	EXP 	slider: markerPos = 0.21600000000000003
12.9398 	EXP 	slider: markerPos = 0.21955555555555556
12.9550 	EXP 	slider: markerPos = 0.22222222222222224
12.9722 	EXP 	slider: markerPos = 0.2231111111111111
12.9880 	EXP 	slider: markerPos = 0.2231111111111111
13.0055 	EXP 	slider: markerPos = 0.22400000000000003
13.0222 	EXP 	slider: markerPos = 0.22400000000000003
13.0387 	EXP 	slider: markerPos = 0.22400000000000003
13.0558 	EXP 	slider: markerPos = 0.22400000000000003
13.0729 	EXP 	slider: markerPos = 0.2248888888888889
13.0886 	EXP 	slider: markerPos = 0.2248888888888889
13.1051 	EXP 	slider: markerPos = 0.2248888888888889
13.1219 	EXP 	slider: markerPos = 0.22400000000000003
13.1385 	EXP 	slider: markerPos = 0.22222222222222224
13.1554 	EXP 	slider: markerPos = 0.22044444444444444
13.1715 	EXP 	slider: markerPos = 0.21777777777777782
13.1880 	EXP 	slider: markerPos = 0.21600000000000003
13.2050 	EXP 	slider: markerPos = 0.2008888888888889
13.2227 	EXP 	slider: markerPos = 0.17511111111111113
13.2385 	EXP 	slider: markerPos = 0.11377777777777781
13.2548 	EXP 	slider: markerPos = 0.06755555555555555
13.2724 	EXP 	slider: markerPos = 0.03733333333333335
13.2891 	EXP 	slider: markerPos = -0.018666666666666654
13.3055 	EXP 	slider: markerPos = -0.0488888888888889
13.3224 	EXP 	slider: markerPos = -0.08533333333333336
13.3398 	EXP 	slider: markerPos = -0.10400000000000001
13.3563 	EXP 	slider: markerPos = -0.11733333333333329
13.3725 	EXP 	slider: markerPos = -0.1271111111111111
13.3880 	EXP 	slider: markerPos = -0.1315555555555555
13.4051 	EXP 	slider: markerPos = -0.13244444444444445
13.4221 	EXP 	slider: markerPos = -0.13422222222222224
13.4383 	EXP 	slider: markerPos = -0.1351111111111111
13.4556 	EXP 	slider: markerPos = -0.1351111111111111
13.4729 	EXP 	slider: markerPos = -0.1351111111111111
13.4897 	EXP 	slider: markerPos = -0.1333333333333333
13.5061 	EXP 	slider: markerPos = -0.12800000000000003
13.5219 	EXP 	slider: markerPos = -0.09688888888888886
13.5388 	EXP 	slider: markerPos = -0.040000000000000036
13.5557 	EXP 	slider: markerPos = 0.04177777777777778
13.5723 	EXP 	slider: markerPos = 0.14755555555555558
13.5891 	EXP 	slider: markerPos = 0.26222222222222225
13.6060 	EXP 	slider: markerPos = 0.3751111111111112
13.6231 	EXP 	slider: markerPos = 0.45333333333333337
13.6399 	EXP 	slider: markerPos = 0.5137777777777778
13.6560 	EXP 	slider: markerPos = 0.5591111111111111
13.6720 	EXP 	slider: markerPos = 0.5804444444444444
13.6885 	EXP 	slider: markerPos = 0.5884444444444444
13.7049 	EXP 	slider: markerPos = 0.5911111111111111
13.7222 	EXP 	slider: markerPos = 0.592
13.7382 	EXP 	slider: markerPos = 0.5928888888888889
13.7549 	EXP 	slider: markerPos = 0.5928888888888889
13.7722 	EXP 	slider: markerPos = 0.5928888888888889
13.7892 	EXP 	slider: markerPos = 0.5946666666666668
13.8055 	EXP 	slider: markerPos = 0.5982222222222222
13.8219 	EXP 	slider: markerPos = 0.6026666666666668
13.8385 	EXP 	slider: markerPos = 0.6053333333333333
13.8554 	EXP 	slider: markerPos = 0.6088888888888889
13.8726 	EXP 	slider: markerPos = 0.6115555555555556
13.8883 	EXP 	slider: markerPos = 0.6142222222222222
13.9054 	EXP 	slider: markerPos = 0.6160000000000001
13.9229 	EXP 	slider: markerPos = 0.6177777777777778
13.9386 	EXP 	slider: markerPos = 0.6204444444444445
13.9557 	EXP 	slider: markerPos = 0.6240000000000001
13.9720 	EXP 	slider: markerPos = 0.6266666666666667
13.9885 	EXP 	slider: markerPos = 0.6302222222222222
14.0056 	EXP 	slider: markerPos = 0.6337777777777778
14.0223 	EXP 	slider: markerPos = 0.6364444444444445
14.0395 	EXP 	slider: markerPos = 0.6373333333333333
14.0557 	EXP 	slider: markerPos = 0.6391111111111112
14.0727 	EXP 	slider: markerPos = 0.6400000000000001
14.0884 	EXP 	slider: markerPos = 0.640888888888889
14.1057 	EXP 	slider: markerPos = 0.640888888888889
14.1222 	EXP 	slider: markerPos = 0.640888888888889
14.1391 	EXP 	slider: markerPos = 0.640888888888889
14.1556 	EXP 	slider: markerPos = 0.640888888888889
14.1721 	EXP 	slider: markerPos = 0.640888888888889
14.1894 	EXP 	slider: markerPos = 0.6400000000000001
14.2058 	EXP 	slider: markerPos = 0.6382222222222222
14.2224 	EXP 	slider: markerPos = 0.6346666666666667
14.2379 	EXP 	slider: markerPos = 0.6240000000000001
14.2558 	EXP 	slider: markerPos = 0.6080000000000001
14.2718 	EXP 	slider: markerPos = 0.5786666666666668
14.2884 	EXP 	slider: markerPos = 0.5315555555555556
14.3057 	EXP 	slider: markerPos = 0.5066666666666667
14.3230 	EXP 	slider: markerPos = 0.4782222222222222
14.3390 	EXP 	slider: markerPos = 0.4524444444444445
14.3547 	EXP 	slider: markerPos = 0.4382222222222223
14.3724 	EXP 	slider: markerPos = 0.4115555555555556
14.3890 	EXP 	slider: markerPos = 0.39911111111111114
14.4057 	EXP 	slider: markerPos = 0.3884444444444445
14.4216 	EXP 	slider: markerPos = 0.3786666666666667
14.4389 	EXP 	slider: markerPos = 0.36800000000000005
14.4552 	EXP 	slider: markerPos = 0.35911111111111116
14.4726 	EXP 	slider: markerPos = 0.3502222222222222
14.4896 	EXP 	slider: markerPos = 0.34222222222222226
14.5054 	EXP 	slider: markerPos = 0.32800000000000007
14.5224 	EXP 	slider: markerPos = 0.31822222222222224
14.5374 	EXP 	slider: markerPos = 0.30844444444444447
14.5551 	EXP 	slider: markerPos = 0.29866666666666664
14.5719 	EXP 	slider: markerPos = 0.2906666666666667
14.5885 	EXP 	slider: markerPos = 0.2826666666666667
14.6052 	EXP 	slider: markerPos = 0.27466666666666667
14.6222 	EXP 	slider: markerPos = 0.2657777777777778
14.6392 	EXP 	slider: markerPos = 0.2568888888888889
14.6546 	EXP 	slider: markerPos = 0.24355555555555553
14.6725 	EXP 	slider: markerPos = 0.23644444444444446
14.6892 	EXP 	slider: markerPos = 0.22844444444444445
14.7056 	EXP 	slider: markerPos = 0.22133333333333335
14.7222 	EXP 	slider: markerPos = 0.21422222222222223
14.7390 	EXP 	slider: markerPos = 0.20622222222222222
14.7562 	EXP 	slider: markerPos = 0.19911111111111113
14.7720 	EXP 	slider: markerPos = 0.1928888888888889
14.7891 	EXP 	slider: markerPos = 0.1857777777777778
14.8049 	EXP 	slider: markerPos = 0.17688888888888887
14.8210 	EXP 	slider: markerPos = 0.16977777777777778
14.8386 	EXP 	slider: markerPos = 0.1617777777777778
14.8549 	EXP 	slider: markerPos = 0.1546666666666667
14.8716 	EXP 	slider: markerPos = 0.14933333333333332
14.8887 	EXP 	slider: markerPos = 0.14222222222222222
14.9055 	EXP 	slider: markerPos = 0.1368888888888889
14.9227 	EXP 	slider: markerPos = 0.13333333333333336
14.9392 	EXP 	slider: markerPos = 0.12799999999999997
14.9558 	EXP 	slider: markerPos = 0.12266666666666666
14.9715 	EXP 	slider: markerPos = 0.12000000000000002
14.9886 	EXP 	slider: markerPos = 0.11822222222222223
15.0054 	EXP 	slider: markerPos = 0.11733333333333335
15.0224 	EXP 	slider: markerPos = 0.11644444444444445
15.0381 	EXP 	slider: markerPos = 0.11466666666666665
15.0557 	EXP 	slider: markerPos = 0.11377777777777781
15.0727 	EXP 	slider: markerPos = 0.11200000000000002
15.0885 	EXP 	slider: markerPos = 0.10933333333333334
15.1054 	EXP 	slider: markerPos = 0.10666666666666669
15.1221 	EXP 	slider: markerPos = 0.1048888888888889
15.1391 	EXP 	slider: markerPos = 0.10222222222222221
15.1555 	EXP 	slider: markerPos = 0.09955555555555558
15.1724 	EXP 	slider: markerPos = 0.0977777777777778
15.1898 	EXP 	slider: markerPos = 0.0951111111111111
15.2057 	EXP 	slider: markerPos = 0.09244444444444447
15.2226 	EXP 	slider: markerPos = 0.08977777777777779
15.2383 	EXP 	slider: markerPos = 0.0862222222222222
15.2558 	EXP 	slider: markerPos = 0.08533333333333336
15.2717 	EXP 	slider: markerPos = 0.08444444444444446
15.2881 	EXP 	slider: markerPos = 0.08355555555555556
15.3055 	EXP 	slider: markerPos = 0.08266666666666667
15.3226 	EXP 	slider: markerPos = 0.08177777777777778
15.3395 	EXP 	slider: markerPos = 0.08177777777777778
15.3564 	EXP 	slider: markerPos = 0.08177777777777778
15.3721 	EXP 	slider: markerPos = 0.08177777777777778
15.3884 	EXP 	slider: markerPos = 0.08355555555555556
15.4056 	EXP 	slider: markerPos = 0.0871111111111111
15.4224 	EXP 	slider: markerPos = 0.09333333333333332
15.4385 	EXP 	slider: markerPos = 0.1057777777777778
15.4558 	EXP 	slider: markerPos = 0.12088888888888888
15.4729 	EXP 	slider: markerPos = 0.13955555555555557
15.4899 	EXP 	slider: markerPos = 0.18933333333333335
15.5045 	EXP 	slider: markerPos = 0.21511111111111114
15.5208 	EXP 	slider: markerPos = 0.25333333333333335
15.5386 	EXP 	slider: markerPos = 0.28711111111111115
15.5547 	EXP 	slider: markerPos = 0.31822222222222224
15.5717 	EXP 	slider: markerPos = 0.3368888888888889
15.5892 	EXP 	slider: markerPos = 0.36533333333333334
15.6064 	EXP 	slider: markerPos = 0.384
15.6230 	EXP 	slider: markerPos = 0.40444444444444444
15.6389 	EXP 	slider: markerPos = 0.4408888888888889
15.6551 	EXP 	slider: markerPos = 0.46666666666666673
15.6707 	EXP 	slider: markerPos = 0.48355555555555557
15.6886 	EXP 	slider: markerPos = 0.5031111111111111
15.7048 	EXP 	slider: markerPos = 0.5164444444444445
15.7223 	EXP 	slider: markerPos = 0.5262222222222223
15.7394 	EXP 	slider: markerPos = 0.536
15.7555 	EXP 	slider: markerPos = 0.5493333333333333
15.7726 	EXP 	slider: markerPos = 0.5644444444444444
15.7897 	EXP 	slider: markerPos = 0.5937777777777778
15.8049 	EXP 	slider: markerPos = 0.6151111111111112
15.8223 	EXP 	slider: markerPos = 0.6382222222222222
15.8389 	EXP 	slider: markerPos = 0.6604444444444445
15.8557 	EXP 	slider: markerPos = 0.6746666666666666
15.8729 	EXP 	slider: markerPos = 0.688888888888889
15.8893 	EXP 	slider: markerPos = 0.6951111111111111
15.9057 	EXP 	slider: markerPos = 0.7004444444444444
15.9219 	EXP 	slider: markerPos = 0.7040000000000001
15.9386 	EXP 	slider: markerPos = 0.7066666666666667
15.9538 	EXP 	slider: markerPos = 0.7111111111111111
15.9721 	EXP 	slider: markerPos = 0.7137777777777778
15.9883 	EXP 	slider: markerPos = 0.7164444444444444
16.0055 	EXP 	slider: markerPos = 0.7200000000000001
16.0226 	EXP 	slider: markerPos = 0.7217777777777779
16.0387 	EXP 	slider: markerPos = 0.7244444444444444
16.0554 	EXP 	slider: markerPos = 0.7262222222222223
16.0721 	EXP 	slider: markerPos = 0.7271111111111112
16.0888 	EXP 	slider: markerPos = 0.7288888888888889
16.1054 	EXP 	slider: markerPos = 0.7297777777777779
16.1223 	EXP 	slider: markerPos = 0.7306666666666667
16.1389 	EXP 	slider: markerPos = 0.7306666666666667
16.1726 	EXP 	slider: markerPos = 0.7315555555555555
16.1880 	EXP 	slider: markerPos = 0.7315555555555555
16.2050 	EXP 	slider: markerPos = 0.7315555555555555
16.2216 	EXP 	slider: markerPos = 0.7315555555555555
16.2380 	EXP 	slider: markerPos = 0.7306666666666667
16.2551 	EXP 	slider: markerPos = 0.7297777777777779
16.2718 	EXP 	slider: markerPos = 0.7288888888888889
16.2883 	EXP 	slider: markerPos = 0.7271111111111112
16.3056 	EXP 	slider: markerPos = 0.7262222222222223
16.3228 	EXP 	slider: markerPos = 0.7253333333333334
16.3385 	EXP 	slider: markerPos = 0.7244444444444444
16.3559 	EXP 	slider: markerPos = 0.7235555555555555
16.3724 	EXP 	slider: markerPos = 0.7226666666666667
16.3888 	EXP 	slider: markerPos = 0.7226666666666667
16.4053 	EXP 	slider: markerPos = 0.7217777777777779
16.4219 	EXP 	slider: markerPos = 0.7208888888888889
16.4387 	EXP 	slider: markerPos = 0.7200000000000001
16.4555 	EXP 	slider: markerPos = 0.7182222222222223
16.4726 	EXP 	slider: markerPos = 0.7146666666666667
16.4890 	EXP 	slider: markerPos = 0.7093333333333334
16.5057 	EXP 	slider: markerPos = 0.7013333333333334
16.5214 	EXP 	slider: markerPos = 0.6960000000000001
16.5383 	EXP 	slider: markerPos = 0.6906666666666667
16.5551 	EXP 	slider: markerPos = 0.6853333333333333
16.5724 	EXP 	slider: markerPos = 0.6791111111111112
16.5887 	EXP 	slider: markerPos = 0.6755555555555556
16.6054 	EXP 	slider: markerPos = 0.6711111111111112
16.6222 	EXP 	slider: markerPos = 0.6684444444444445
16.6387 	EXP 	slider: markerPos = 0.6657777777777778
16.6546 	EXP 	slider: markerPos = 0.664888888888889
16.6723 	EXP 	slider: markerPos = 0.6640000000000001
16.6886 	EXP 	slider: markerPos = 0.6631111111111112
16.7057 	EXP 	slider: markerPos = 0.6595555555555556
16.7227 	EXP 	slider: markerPos = 0.656888888888889
16.7391 	EXP 	slider: markerPos = 0.6533333333333333
16.7556 	EXP 	slider: markerPos = 0.6497777777777778
16.7729 	EXP 	slider: markerPos = 0.6453333333333333
16.7889 	EXP 	slider: markerPos = 0.6382222222222222
16.8050 	EXP 	slider: markerPos = 0.6320000000000001
16.8220 	EXP 	slider: markerPos = 0.6231111111111112
16.8384 	EXP 	slider: markerPos = 0.6142222222222222
16.8557 	EXP 	slider: markerPos = 0.6062222222222222
16.8726 	EXP 	slider: markerPos = 0.5973333333333334
16.8899 	EXP 	slider: markerPos = 0.5902222222222222
16.9061 	EXP 	slider: markerPos = 0.5786666666666668
16.9224 	EXP 	slider: markerPos = 0.5724444444444444
16.9383 	EXP 	slider: markerPos = 0.5662222222222223
16.9550 	EXP 	slider: markerPos = 0.5617777777777778
16.9722 	EXP 	slider: markerPos = 0.5573333333333333
16.9882 	EXP 	slider: markerPos = 0.5528888888888889
17.0054 	EXP 	slider: markerPos = 0.5493333333333333
17.0213 	EXP 	slider: markerPos = 0.5457777777777778
17.0392 	EXP 	slider: markerPos = 0.5439999999999999
17.0562 	EXP 	slider: markerPos = 0.5422222222222223
17.0714 	EXP 	slider: markerPos = 0.5404444444444445
17.0896 	EXP 	slider: markerPos = 0.5395555555555556
17.1053 	EXP 	slider: markerPos = 0.5395555555555556
17.1215 	EXP 	slider: markerPos = 0.5368888888888889
17.1386 	EXP 	slider: markerPos = 0.5333333333333333
17.1557 	EXP 	slider: markerPos = 0.528
17.1729 	EXP 	slider: markerPos = 0.5226666666666667
17.1897 	EXP 	slider: markerPos = 0.5182222222222223
17.2057 	EXP 	slider: markerPos = 0.5084444444444445
17.2220 	EXP 	slider: markerPos = 0.5013333333333334
17.2391 	EXP 	slider: markerPos = 0.49511111111111117
17.2551 	EXP 	slider: markerPos = 0.48711111111111116
17.2723 	EXP 	slider: markerPos = 0.4782222222222222
17.2891 	EXP 	slider: markerPos = 0.46666666666666673
17.3053 	EXP 	slider: markerPos = 0.45511111111111113
17.3228 	EXP 	slider: markerPos = 0.44177777777777777
17.3399 	EXP 	slider: markerPos = 0.4302222222222223
17.3553 	EXP 	slider: markerPos = 0.41422222222222227
17.3722 	EXP 	slider: markerPos = 0.40800000000000003
17.3883 	EXP 	slider: markerPos = 0.40088888888888885
17.4047 	EXP 	slider: markerPos = 0.3973333333333333
17.4219 	EXP 	slider: markerPos = 0.3946666666666667
17.4391 	EXP 	slider: markerPos = 0.3937777777777778
17.4559 	EXP 	slider: markerPos = 0.3928888888888889
17.4727 	EXP 	slider: markerPos = 0.3928888888888889
17.4887 	EXP 	slider: markerPos = 0.3928888888888889
17.5048 	EXP 	slider: markerPos = 0.3928888888888889
17.5223 	EXP 	slider: markerPos = 0.3928888888888889
17.5389 	EXP 	slider: markerPos = 0.3928888888888889
17.5555 	EXP 	slider: markerPos = 0.3928888888888889
17.5724 	EXP 	slider: markerPos = 0.3928888888888889
17.5892 	EXP 	slider: markerPos = 0.3928888888888889
17.6055 	EXP 	slider: markerPos = 0.3928888888888889
17.6223 	EXP 	slider: markerPos = 0.3928888888888889
17.6390 	EXP 	slider: markerPos = 0.3928888888888889
17.6552 	EXP 	slider: markerPos = 0.3928888888888889
17.6723 	EXP 	slider: markerPos = 0.3928888888888889
17.6885 	EXP 	slider: markerPos = 0.3928888888888889
17.7053 	EXP 	slider: markerPos = 0.3928888888888889
17.7220 	EXP 	slider: markerPos = 0.3928888888888889
17.7390 	EXP 	slider: markerPos = 0.3928888888888889
17.7560 	EXP 	slider: markerPos = 0.3928888888888889
17.7724 	EXP 	slider: markerPos = 0.3928888888888889
17.7884 	EXP 	slider: markerPos = 0.3937777777777778
17.8059 	EXP 	slider: markerPos = 0.3937777777777778
17.8218 	EXP 	slider: markerPos = 0.3946666666666667
17.8382 	EXP 	slider: markerPos = 0.3955555555555556
17.8556 	EXP 	slider: markerPos = 0.3973333333333333
17.8727 	EXP 	slider: markerPos = 0.39911111111111114
17.8898 	EXP 	slider: markerPos = 0.40088888888888885
17.9053 	EXP 	slider: markerPos = 0.4017777777777778
17.9226 	EXP 	slider: markerPos = 0.4035555555555556
17.9376 	EXP 	slider: markerPos = 0.4035555555555556
17.9553 	EXP 	slider: markerPos = 0.40444444444444444
17.9724 	EXP 	slider: markerPos = 0.40444444444444444
17.9887 	EXP 	slider: markerPos = 0.4053333333333334
18.0057 	EXP 	slider: markerPos = 0.40622222222222226
18.0225 	EXP 	slider: markerPos = 0.40622222222222226
18.0394 	EXP 	slider: markerPos = 0.4071111111111111
18.0557 	EXP 	slider: markerPos = 0.4071111111111111
18.0713 	EXP 	slider: markerPos = 0.40622222222222226
18.0742 	DATA 	Mouse:  Left button up, pos=(727,186)
18.0883 	EXP 	slider: markerPos = 0.40622222222222226
18.0883 	EXP 	slider: rating = 0.40622222222222226
18.0942 	EXP 	New trial (rep=0, index=1): OrderedDict([('Scenario', 'Finding your way back to a familiar area after realizing you have made a wrong turn and become lost while driving.')])
18.1219 	EXP 	scenario1: autoDraw = False
18.1219 	EXP 	slider: autoDraw = False
18.1219 	EXP 	notAtAll: autoDraw = False
18.1219 	EXP 	veryMuch: autoDraw = False
18.1219 	EXP 	scenario1: text = 'Finding your way back to a familiar area after realizing you have made a wrong turn and become lost while driving.'
18.1219 	EXP 	slider: markerPos = None
18.1219 	EXP 	slider: markerPos = None
18.1219 	EXP 	slider: rating = None
18.1219 	EXP 	scenario1: autoDraw = True
18.1219 	EXP 	slider: autoDraw = True
18.1219 	EXP 	notAtAll: autoDraw = True
18.1219 	EXP 	veryMuch: autoDraw = True
19.1068 	DATA 	Mouse: Left button down, pos=(726,186)
19.1217 	EXP 	slider: markerPos = 0.4053333333333334
19.1386 	EXP 	slider: markerPos = 0.4053333333333334
19.1556 	EXP 	slider: markerPos = 0.4053333333333334
19.1724 	EXP 	slider: markerPos = 0.4053333333333334
19.1890 	EXP 	slider: markerPos = 0.4053333333333334
19.2051 	EXP 	slider: markerPos = 0.4053333333333334
19.2219 	EXP 	slider: markerPos = 0.4035555555555556
19.2388 	EXP 	slider: markerPos = 0.3964444444444445
19.2556 	EXP 	slider: markerPos = 0.38133333333333336
19.2726 	EXP 	slider: markerPos = 0.3484444444444445
19.2889 	EXP 	slider: markerPos = 0.31822222222222224
19.3060 	EXP 	slider: markerPos = 0.2782222222222222
19.3221 	EXP 	slider: markerPos = 0.22400000000000003
19.3383 	EXP 	slider: markerPos = 0.18844444444444447
19.3561 	EXP 	slider: markerPos = 0.16888888888888892
19.3724 	EXP 	slider: markerPos = 0.15644444444444444
19.3891 	EXP 	slider: markerPos = 0.14755555555555558
19.4058 	EXP 	slider: markerPos = 0.14222222222222222
19.4219 	EXP 	slider: markerPos = 0.13955555555555557
19.4393 	EXP 	slider: markerPos = 0.1386666666666667
19.4557 	EXP 	slider: markerPos = 0.1351111111111111
19.4714 	EXP 	slider: markerPos = 0.13066666666666668
19.4884 	EXP 	slider: markerPos = 0.12711111111111115
19.5054 	EXP 	slider: markerPos = 0.12355555555555556
19.5224 	EXP 	slider: markerPos = 0.12000000000000002
19.5386 	EXP 	slider: markerPos = 0.11555555555555555
19.5557 	EXP 	slider: markerPos = 0.11288888888888891
19.5725 	EXP 	slider: markerPos = 0.10933333333333334
19.5895 	EXP 	slider: markerPos = 0.10666666666666669
19.6058 	EXP 	slider: markerPos = 0.10400000000000001
19.6214 	EXP 	slider: markerPos = 0.10311111111111111
19.6388 	EXP 	slider: markerPos = 0.10222222222222221
19.6551 	EXP 	slider: markerPos = 0.10222222222222221
19.6726 	EXP 	slider: markerPos = 0.10133333333333333
19.6889 	EXP 	slider: markerPos = 0.10133333333333333
19.7059 	EXP 	slider: markerPos = 0.10133333333333333
19.7222 	EXP 	slider: markerPos = 0.10133333333333333
19.7389 	EXP 	slider: markerPos = 0.10133333333333333
19.7557 	EXP 	slider: markerPos = 0.10133333333333333
19.7718 	EXP 	slider: markerPos = 0.10133333333333333
19.7881 	EXP 	slider: markerPos = 0.10133333333333333
19.8058 	EXP 	slider: markerPos = 0.10222222222222221
19.8214 	EXP 	slider: markerPos = 0.10222222222222221
19.8384 	EXP 	slider: markerPos = 0.10222222222222221
19.8562 	EXP 	slider: markerPos = 0.10311111111111111
19.8727 	EXP 	slider: markerPos = 0.10311111111111111
19.8748 	DATA 	Mouse:  Left button up, pos=(386,190)
19.8891 	EXP 	slider: markerPos = 0.10311111111111111
19.8891 	EXP 	slider: rating = 0.10311111111111111
19.8924 	EXP 	New trial (rep=0, index=2): OrderedDict([('Scenario', 'Finding your way out of a complex arrangement of offices that you have visited for the first time.')])
19.9218 	EXP 	scenario1: autoDraw = False
19.9218 	EXP 	slider: autoDraw = False
19.9218 	EXP 	notAtAll: autoDraw = False
19.9218 	EXP 	veryMuch: autoDraw = False
19.9218 	EXP 	scenario1: text = 'Finding your way out of a complex arrangement of offices that you have visited for the first time.'
19.9218 	EXP 	slider: markerPos = None
19.9218 	EXP 	slider: markerPos = None
19.9218 	EXP 	slider: rating = None
19.9218 	EXP 	scenario1: autoDraw = True
19.9218 	EXP 	slider: autoDraw = True
19.9218 	EXP 	notAtAll: autoDraw = True
19.9218 	EXP 	veryMuch: autoDraw = True
20.2734 	DATA 	Mouse: Left button down, pos=(386,190)
20.2881 	EXP 	slider: markerPos = 0.10311111111111111
20.3055 	EXP 	slider: markerPos = 0.10311111111111111
20.3221 	EXP 	slider: markerPos = 0.10311111111111111
20.3382 	EXP 	slider: markerPos = 0.10311111111111111
20.3546 	EXP 	slider: markerPos = 0.10311111111111111
20.3719 	EXP 	slider: markerPos = 0.10311111111111111
20.3889 	EXP 	slider: markerPos = 0.10311111111111111
20.4052 	EXP 	slider: markerPos = 0.10311111111111111
20.4218 	EXP 	slider: markerPos = 0.10311111111111111
20.4384 	EXP 	slider: markerPos = 0.10311111111111111
20.4554 	EXP 	slider: markerPos = 0.10755555555555554
20.4715 	EXP 	slider: markerPos = 0.13599999999999998
20.4887 	EXP 	slider: markerPos = 0.19644444444444448
20.5047 	EXP 	slider: markerPos = 0.2817777777777778
20.5214 	EXP 	slider: markerPos = 0.45333333333333337
20.5392 	EXP 	slider: markerPos = 0.5546666666666668
20.5561 	EXP 	slider: markerPos = 0.6737777777777778
20.5721 	EXP 	slider: markerPos = 0.7333333333333334
20.5894 	EXP 	slider: markerPos = 0.7804444444444445
20.6053 	EXP 	slider: markerPos = 0.8302222222222224
20.6222 	EXP 	slider: markerPos = 0.8524444444444446
20.6383 	EXP 	slider: markerPos = 0.8604444444444446
20.6551 	EXP 	slider: markerPos = 0.8666666666666668
20.6714 	EXP 	slider: markerPos = 0.8684444444444446
20.6885 	EXP 	slider: markerPos = 0.8693333333333334
20.7056 	EXP 	slider: markerPos = 0.8693333333333334
20.7226 	EXP 	slider: markerPos = 0.8693333333333334
20.7391 	EXP 	slider: markerPos = 0.8693333333333334
20.7550 	EXP 	slider: markerPos = 0.8693333333333334
20.7726 	EXP 	slider: markerPos = 0.8693333333333334
20.7883 	EXP 	slider: markerPos = 0.8693333333333334
20.8058 	EXP 	slider: markerPos = 0.8693333333333334
20.8220 	EXP 	slider: markerPos = 0.8693333333333334
20.8387 	EXP 	slider: markerPos = 0.8684444444444446
20.8450 	DATA 	Mouse:  Left button up, pos=(1246,208)
20.8550 	EXP 	slider: markerPos = 0.8675555555555555
20.8714 	EXP 	slider: markerPos = 0.8
20.8714 	EXP 	slider: rating = 0.8
20.8751 	EXP 	New trial (rep=0, index=3): OrderedDict([('Scenario', 'Trying a new route that you think will be a shortcutt without the benefit of a map.')])
20.9049 	EXP 	scenario1: autoDraw = False
20.9049 	EXP 	slider: autoDraw = False
20.9049 	EXP 	notAtAll: autoDraw = False
20.9049 	EXP 	veryMuch: autoDraw = False
20.9049 	EXP 	scenario1: text = 'Trying a new route that you think will be a shortcutt without the benefit of a map.'
20.9049 	EXP 	slider: markerPos = None
20.9049 	EXP 	slider: markerPos = None
20.9049 	EXP 	slider: rating = None
20.9049 	EXP 	scenario1: autoDraw = True
20.9049 	EXP 	slider: autoDraw = True
20.9049 	EXP 	notAtAll: autoDraw = True
20.9049 	EXP 	veryMuch: autoDraw = True
21.8580 	DATA 	Mouse: Left button down, pos=(305,177)
21.8729 	EXP 	slider: markerPos = 0.03111111111111109
21.8885 	EXP 	slider: markerPos = 0.03111111111111109
21.9048 	EXP 	slider: markerPos = 0.03111111111111109
21.9222 	EXP 	slider: markerPos = 0.03111111111111109
21.9378 	EXP 	slider: markerPos = 0.03111111111111109
21.9555 	EXP 	slider: markerPos = 0.03111111111111109
21.9724 	EXP 	slider: markerPos = 0.03111111111111109
21.9898 	EXP 	slider: markerPos = 0.03288888888888888
22.0055 	EXP 	slider: markerPos = 0.05333333333333332
22.0217 	EXP 	slider: markerPos = 0.0968888888888889
22.0379 	EXP 	slider: markerPos = 0.16000000000000003
22.0552 	EXP 	slider: markerPos = 0.2391111111111111
22.0721 	EXP 	slider: markerPos = 0.32711111111111113
22.0882 	EXP 	slider: markerPos = 0.39022222222222225
22.1051 	EXP 	slider: markerPos = 0.47555555555555556
22.1216 	EXP 	slider: markerPos = 0.5404444444444445
22.1392 	EXP 	slider: markerPos = 0.5742222222222222
22.1560 	EXP 	slider: markerPos = 0.6142222222222222
22.1715 	EXP 	slider: markerPos = 0.6346666666666667
22.1887 	EXP 	slider: markerPos = 0.6426666666666667
22.2056 	EXP 	slider: markerPos = 0.6497777777777778
22.2221 	EXP 	slider: markerPos = 0.6524444444444445
22.2385 	EXP 	slider: markerPos = 0.6533333333333333
22.2553 	EXP 	slider: markerPos = 0.6542222222222223
22.2722 	EXP 	slider: markerPos = 0.6542222222222223
22.2893 	EXP 	slider: markerPos = 0.6542222222222223
22.3056 	EXP 	slider: markerPos = 0.6542222222222223
22.3220 	EXP 	slider: markerPos = 0.6542222222222223
22.3389 	EXP 	slider: markerPos = 0.6542222222222223
22.3554 	EXP 	slider: markerPos = 0.6542222222222223
22.3719 	EXP 	slider: markerPos = 0.6542222222222223
22.3889 	EXP 	slider: markerPos = 0.6542222222222223
22.4058 	EXP 	slider: markerPos = 0.6533333333333333
22.4225 	EXP 	slider: markerPos = 0.6515555555555557
22.4393 	EXP 	slider: markerPos = 0.6480000000000001
22.4548 	EXP 	slider: markerPos = 0.6302222222222222
22.4724 	EXP 	slider: markerPos = 0.5982222222222222
22.4888 	EXP 	slider: markerPos = 0.5226666666666667
22.5047 	EXP 	slider: markerPos = 0.4702222222222222
22.5224 	EXP 	slider: markerPos = 0.4257777777777778
22.5394 	EXP 	slider: markerPos = 0.36800000000000005
22.5567 	EXP 	slider: markerPos = 0.34400000000000003
22.5722 	EXP 	slider: markerPos = 0.32622222222222225
22.5886 	EXP 	slider: markerPos = 0.3208888888888889
22.6042 	EXP 	slider: markerPos = 0.3191111111111111
22.6222 	EXP 	slider: markerPos = 0.3191111111111111
22.6390 	EXP 	slider: markerPos = 0.3191111111111111
22.6416 	DATA 	Mouse:  Left button up, pos=(629,151)
22.6556 	EXP 	slider: markerPos = 0.3191111111111111
22.6556 	EXP 	slider: rating = 0.3191111111111111
22.6595 	EXP 	New trial (rep=0, index=4): OrderedDict([('Scenario', 'Finding your way around in an unfamiliar mall.')])
22.6886 	EXP 	scenario1: autoDraw = False
22.6886 	EXP 	slider: autoDraw = False
22.6886 	EXP 	notAtAll: autoDraw = False
22.6886 	EXP 	veryMuch: autoDraw = False
22.6886 	EXP 	scenario1: text = 'Finding your way around in an unfamiliar mall.'
22.6886 	EXP 	slider: markerPos = None
22.6886 	EXP 	slider: markerPos = None
22.6886 	EXP 	slider: rating = None
22.6886 	EXP 	scenario1: autoDraw = True
22.6886 	EXP 	slider: autoDraw = True
22.6886 	EXP 	notAtAll: autoDraw = True
22.6886 	EXP 	veryMuch: autoDraw = True
23.0235 	DATA 	Mouse: Left button down, pos=(629,151)
23.0379 	EXP 	slider: markerPos = 0.3191111111111111
23.0552 	EXP 	slider: markerPos = 0.3191111111111111
23.0714 	EXP 	slider: markerPos = 0.3191111111111111
23.0890 	EXP 	slider: markerPos = 0.3191111111111111
23.1053 	EXP 	slider: markerPos = 0.3191111111111111
23.1222 	EXP 	slider: markerPos = 0.3191111111111111
23.1392 	EXP 	slider: markerPos = 0.31822222222222224
23.1551 	EXP 	slider: markerPos = 0.27111111111111114
23.1710 	EXP 	slider: markerPos = 0.2311111111111111
23.1887 	EXP 	slider: markerPos = 0.17155555555555557
23.2051 	EXP 	slider: markerPos = 0.12266666666666666
23.2216 	EXP 	slider: markerPos = 0.096
23.2388 	EXP 	slider: markerPos = 0.06133333333333333
23.2544 	EXP 	slider: markerPos = 0.03466666666666667
23.2713 	EXP 	slider: markerPos = 0.01333333333333333
23.2888 	EXP 	slider: markerPos = 0.008000000000000007
23.3053 	EXP 	slider: markerPos = 0.0
23.3223 	EXP 	slider: markerPos = 0.0
23.3384 	EXP 	slider: markerPos = 0.0
23.3551 	EXP 	slider: markerPos = 0.0
23.3720 	EXP 	slider: markerPos = 0.0008888888888888947
23.3890 	EXP 	slider: markerPos = 0.002666666666666684
23.4061 	EXP 	slider: markerPos = 0.004444444444444429
23.4222 	EXP 	slider: markerPos = 0.006222222222222218
23.4384 	EXP 	slider: markerPos = 0.01511111111111112
23.4553 	EXP 	slider: markerPos = 0.045333333333333316
23.4719 	EXP 	slider: markerPos = 0.11200000000000002
23.4886 	EXP 	slider: markerPos = 0.2666666666666667
23.5051 	EXP 	slider: markerPos = 0.3768888888888889
23.5225 	EXP 	slider: markerPos = 0.47111111111111115
23.5397 	EXP 	slider: markerPos = 0.5368888888888889
23.5552 	EXP 	slider: markerPos = 0.5786666666666668
23.5717 	EXP 	slider: markerPos = 0.5973333333333334
23.5889 	EXP 	slider: markerPos = 0.6044444444444445
23.6053 	EXP 	slider: markerPos = 0.6071111111111112
23.6216 	EXP 	slider: markerPos = 0.6071111111111112
23.6380 	EXP 	slider: markerPos = 0.6080000000000001
23.6552 	EXP 	slider: markerPos = 0.6080000000000001
23.6574 	DATA 	Mouse:  Left button up, pos=(954,206)
23.6723 	EXP 	slider: markerPos = 0.6080000000000001
23.6723 	EXP 	slider: rating = 0.6080000000000001
23.6766 	EXP 	New trial (rep=0, index=5): OrderedDict([('Scenario', 'Leaving a store that you have been to for the first time and deciding which way to turn to get to a destination.')])
23.7053 	EXP 	scenario1: autoDraw = False
23.7053 	EXP 	slider: autoDraw = False
23.7053 	EXP 	notAtAll: autoDraw = False
23.7053 	EXP 	veryMuch: autoDraw = False
23.7053 	EXP 	scenario1: text = 'Leaving a store that you have been to for the first time and deciding which way to turn to get to a destination.'
23.7053 	EXP 	slider: markerPos = None
23.7053 	EXP 	slider: markerPos = None
23.7053 	EXP 	slider: rating = None
23.7053 	EXP 	scenario1: autoDraw = True
23.7053 	EXP 	slider: autoDraw = True
23.7053 	EXP 	notAtAll: autoDraw = True
23.7053 	EXP 	veryMuch: autoDraw = True
23.9606 	DATA 	Mouse: Left button down, pos=(954,206)
23.9886 	EXP 	slider: markerPos = 0.6080000000000001
24.0054 	EXP 	slider: markerPos = 0.6080000000000001
24.0221 	EXP 	slider: markerPos = 0.6080000000000001
24.0383 	EXP 	slider: markerPos = 0.6080000000000001
24.0554 	EXP 	slider: markerPos = 0.6080000000000001
24.0717 	EXP 	slider: markerPos = 0.6080000000000001
24.0881 	EXP 	slider: markerPos = 0.5964444444444444
24.1051 	EXP 	slider: markerPos = 0.5715555555555556
24.1218 	EXP 	slider: markerPos = 0.4995555555555556
24.1378 	EXP 	slider: markerPos = 0.4328888888888889
24.1545 	EXP 	slider: markerPos = 0.3831111111111111
24.1722 	EXP 	slider: markerPos = 0.3155555555555556
24.1886 	EXP 	slider: markerPos = 0.2782222222222222
24.2055 	EXP 	slider: markerPos = 0.26311111111111113
24.2229 	EXP 	slider: markerPos = 0.2551111111111111
24.2389 	EXP 	slider: markerPos = 0.2497777777777778
24.2557 	EXP 	slider: markerPos = 0.2488888888888889
24.2724 	EXP 	slider: markerPos = 0.2488888888888889
24.2888 	EXP 	slider: markerPos = 0.2488888888888889
24.3049 	EXP 	slider: markerPos = 0.2488888888888889
24.3218 	EXP 	slider: markerPos = 0.2497777777777778
24.3382 	EXP 	slider: markerPos = 0.25244444444444447
24.3551 	EXP 	slider: markerPos = 0.2666666666666667
24.3719 	EXP 	slider: markerPos = 0.3111111111111111
24.3891 	EXP 	slider: markerPos = 0.38933333333333336
24.4051 	EXP 	slider: markerPos = 0.49244444444444446
24.4224 	EXP 	slider: markerPos = 0.6044444444444445
24.4378 	EXP 	slider: markerPos = 0.6275555555555556
24.4538 	EXP 	slider: markerPos = 0.6471111111111112
24.4722 	EXP 	slider: markerPos = 0.6640000000000001
24.4772 	DATA 	Mouse:  Left button up, pos=(1019,238)
24.4888 	EXP 	slider: markerPos = 0.6657777777777778
24.5057 	EXP 	slider: markerPos = 0.6657777777777778
24.5057 	EXP 	slider: rating = 0.6657777777777778
24.5094 	EXP 	New trial (rep=0, index=6): OrderedDict([('Scenario', 'Finding your way out of a complex arrangement of offices that you have visited for the first time.')])
24.5384 	EXP 	scenario1: autoDraw = False
24.5384 	EXP 	slider: autoDraw = False
24.5384 	EXP 	notAtAll: autoDraw = False
24.5384 	EXP 	veryMuch: autoDraw = False
24.5384 	EXP 	scenario1: text = 'Finding your way out of a complex arrangement of offices that you have visited for the first time.'
24.5384 	EXP 	slider: markerPos = None
24.5384 	EXP 	slider: markerPos = None
24.5384 	EXP 	slider: rating = None
24.5384 	EXP 	scenario1: autoDraw = True
24.5384 	EXP 	slider: autoDraw = True
24.5384 	EXP 	notAtAll: autoDraw = True
24.5384 	EXP 	veryMuch: autoDraw = True
24.7238 	DATA 	Mouse: Left button down, pos=(1019,238)
25.1071 	DATA 	Mouse:  Left button up, pos=(658,236)
25.5753 	DATA 	Mouse: Left button down, pos=(634,187)
25.5886 	EXP 	slider: markerPos = 0.3235555555555556
25.6057 	EXP 	slider: markerPos = 0.3235555555555556
25.6215 	EXP 	slider: markerPos = 0.3235555555555556
25.6384 	EXP 	slider: markerPos = 0.3235555555555556
25.6555 	EXP 	slider: markerPos = 0.3235555555555556
25.6718 	EXP 	slider: markerPos = 0.3235555555555556
25.6889 	EXP 	slider: markerPos = 0.3235555555555556
25.6916 	DATA 	Mouse:  Left button up, pos=(634,187)
25.7045 	EXP 	slider: markerPos = 0.3235555555555556
25.7045 	EXP 	slider: rating = 0.3235555555555556
25.7094 	EXP 	New trial (rep=0, index=7): OrderedDict([('Scenario', 'Finding your way to an appointment in an area of a city or town with which you are not familiar. ')])
25.7381 	EXP 	scenario1: autoDraw = False
25.7381 	EXP 	slider: autoDraw = False
25.7381 	EXP 	notAtAll: autoDraw = False
25.7381 	EXP 	veryMuch: autoDraw = False
25.7381 	EXP 	scenario1: text = 'Finding your way to an appointment in an area of a city or town with which you are not familiar. '
25.7381 	EXP 	slider: markerPos = None
25.7381 	EXP 	slider: markerPos = None
25.7381 	EXP 	slider: rating = None
25.7381 	EXP 	scenario1: autoDraw = True
25.7381 	EXP 	slider: autoDraw = True
25.7381 	EXP 	notAtAll: autoDraw = True
25.7381 	EXP 	veryMuch: autoDraw = True
26.1252 	DATA 	Mouse: Left button down, pos=(602,171)
26.1385 	EXP 	slider: markerPos = 0.2951111111111111
26.1719 	EXP 	slider: markerPos = 0.2951111111111111
26.1884 	EXP 	slider: markerPos = 0.2951111111111111
26.2053 	EXP 	slider: markerPos = 0.2951111111111111
26.2219 	EXP 	slider: markerPos = 0.2951111111111111
26.2272 	DATA 	Mouse:  Left button up, pos=(602,171)
26.2391 	EXP 	slider: markerPos = 0.2951111111111111
26.2553 	EXP 	slider: markerPos = 0.2951111111111111
26.2553 	EXP 	slider: rating = 0.2951111111111111
26.2591 	EXP 	New trial (rep=1, index=0): OrderedDict([('Scenario', 'Pointing in the direction of a place outside that someone wants to get to and has asked you for directions, when you are in a windowless room.')])
26.2883 	EXP 	scenario1: autoDraw = False
26.2883 	EXP 	slider: autoDraw = False
26.2883 	EXP 	notAtAll: autoDraw = False
26.2883 	EXP 	veryMuch: autoDraw = False
26.2883 	EXP 	scenario1: text = 'Pointing in the direction of a place outside that someone wants to get to and has asked you for directions, when you are in a windowless room.'
26.2883 	EXP 	slider: markerPos = None
26.2883 	EXP 	slider: markerPos = None
26.2883 	EXP 	slider: rating = None
26.2883 	EXP 	scenario1: autoDraw = True
26.2883 	EXP 	slider: autoDraw = True
26.2883 	EXP 	notAtAll: autoDraw = True
26.2883 	EXP 	veryMuch: autoDraw = True
26.4770 	DATA 	Mouse: Left button down, pos=(602,171)
26.5057 	EXP 	slider: markerPos = 0.2951111111111111
26.5223 	EXP 	slider: markerPos = 0.2951111111111111
26.5389 	EXP 	slider: markerPos = 0.2951111111111111
26.5550 	EXP 	slider: markerPos = 0.2951111111111111
26.5715 	EXP 	slider: markerPos = 0.2951111111111111
26.5886 	EXP 	slider: markerPos = 0.2951111111111111
26.5913 	DATA 	Mouse:  Left button up, pos=(602,171)
26.6061 	EXP 	slider: markerPos = 0.2951111111111111
26.6061 	EXP 	slider: rating = 0.2951111111111111
26.6090 	EXP 	New trial (rep=1, index=1): OrderedDict([('Scenario', 'Finding your way back to a familiar area after realizing you have made a wrong turn and become lost while driving.')])
26.6381 	EXP 	scenario1: autoDraw = False
26.6381 	EXP 	slider: autoDraw = False
26.6381 	EXP 	notAtAll: autoDraw = False
26.6381 	EXP 	veryMuch: autoDraw = False
26.6381 	EXP 	scenario1: text = 'Finding your way back to a familiar area after realizing you have made a wrong turn and become lost while driving.'
26.6381 	EXP 	slider: markerPos = None
26.6381 	EXP 	slider: markerPos = None
26.6381 	EXP 	slider: rating = None
26.6381 	EXP 	scenario1: autoDraw = True
26.6381 	EXP 	slider: autoDraw = True
26.6381 	EXP 	notAtAll: autoDraw = True
26.6381 	EXP 	veryMuch: autoDraw = True
26.7082 	DATA 	Mouse: Left button down, pos=(602,171)
26.7224 	EXP 	slider: markerPos = 0.2951111111111111
26.7380 	EXP 	slider: markerPos = 0.2951111111111111
26.7553 	EXP 	slider: markerPos = 0.2951111111111111
26.7724 	EXP 	slider: markerPos = 0.2951111111111111
26.7891 	EXP 	slider: markerPos = 0.2951111111111111
26.8055 	EXP 	slider: markerPos = 0.2951111111111111
26.8084 	DATA 	Mouse:  Left button up, pos=(602,171)
26.8226 	EXP 	slider: markerPos = 0.2951111111111111
26.8226 	EXP 	slider: rating = 0.2951111111111111
26.8263 	EXP 	New trial (rep=1, index=2): OrderedDict([('Scenario', 'Leaving a store that you have been to for the first time and deciding which way to turn to get to a destination.')])
26.8550 	EXP 	scenario1: autoDraw = False
26.8550 	EXP 	slider: autoDraw = False
26.8550 	EXP 	notAtAll: autoDraw = False
26.8550 	EXP 	veryMuch: autoDraw = False
26.8550 	EXP 	scenario1: text = 'Leaving a store that you have been to for the first time and deciding which way to turn to get to a destination.'
26.8550 	EXP 	slider: markerPos = None
26.8550 	EXP 	slider: markerPos = None
26.8550 	EXP 	slider: rating = None
26.8550 	EXP 	scenario1: autoDraw = True
26.8550 	EXP 	slider: autoDraw = True
26.8550 	EXP 	notAtAll: autoDraw = True
26.8550 	EXP 	veryMuch: autoDraw = True
26.9571 	DATA 	Mouse: Left button down, pos=(602,171)
26.9717 	EXP 	slider: markerPos = 0.2951111111111111
26.9881 	EXP 	slider: markerPos = 0.2951111111111111
27.0054 	EXP 	slider: markerPos = 0.2951111111111111
27.0216 	EXP 	slider: markerPos = 0.2951111111111111
27.0387 	EXP 	slider: markerPos = 0.2951111111111111
27.0445 	DATA 	Mouse:  Left button up, pos=(602,171)
27.0558 	EXP 	slider: markerPos = 0.2951111111111111
27.0721 	EXP 	slider: markerPos = 0.2951111111111111
27.0721 	EXP 	slider: rating = 0.2951111111111111
27.0759 	EXP 	New trial (rep=1, index=3): OrderedDict([('Scenario', 'Finding your way to an appointment in an area of a city or town with which you are not familiar. ')])
27.1049 	EXP 	scenario1: autoDraw = False
27.1049 	EXP 	slider: autoDraw = False
27.1049 	EXP 	notAtAll: autoDraw = False
27.1049 	EXP 	veryMuch: autoDraw = False
27.1049 	EXP 	scenario1: text = 'Finding your way to an appointment in an area of a city or town with which you are not familiar. '
27.1049 	EXP 	slider: markerPos = None
27.1049 	EXP 	slider: markerPos = None
27.1049 	EXP 	slider: rating = None
27.1049 	EXP 	scenario1: autoDraw = True
27.1049 	EXP 	slider: autoDraw = True
27.1049 	EXP 	notAtAll: autoDraw = True
27.1049 	EXP 	veryMuch: autoDraw = True
27.1248 	DATA 	Mouse: Left button down, pos=(602,171)
27.1394 	EXP 	slider: markerPos = 0.2951111111111111
27.1554 	EXP 	slider: markerPos = 0.2951111111111111
27.1716 	EXP 	slider: markerPos = 0.2951111111111111
27.1886 	EXP 	slider: markerPos = 0.2951111111111111
27.2057 	EXP 	slider: markerPos = 0.2951111111111111
27.2217 	EXP 	slider: markerPos = 0.2951111111111111
27.2249 	DATA 	Mouse:  Left button up, pos=(602,171)
27.2378 	EXP 	slider: markerPos = 0.2951111111111111
27.2378 	EXP 	slider: rating = 0.2951111111111111
27.2419 	EXP 	New trial (rep=1, index=4): OrderedDict([('Scenario', 'Finding your way out of a complex arrangement of offices that you have visited for the first time.')])
27.2717 	EXP 	scenario1: autoDraw = False
27.2717 	EXP 	slider: autoDraw = False
27.2717 	EXP 	notAtAll: autoDraw = False
27.2717 	EXP 	veryMuch: autoDraw = False
27.2717 	EXP 	scenario1: text = 'Finding your way out of a complex arrangement of offices that you have visited for the first time.'
27.2717 	EXP 	slider: markerPos = None
27.2717 	EXP 	slider: markerPos = None
27.2717 	EXP 	slider: rating = None
27.2717 	EXP 	scenario1: autoDraw = True
27.2717 	EXP 	slider: autoDraw = True
27.2717 	EXP 	notAtAll: autoDraw = True
27.2717 	EXP 	veryMuch: autoDraw = True
27.3075 	DATA 	Mouse: Left button down, pos=(602,171)
27.3220 	EXP 	slider: markerPos = 0.2951111111111111
27.3388 	EXP 	slider: markerPos = 0.2951111111111111
27.3556 	EXP 	slider: markerPos = 0.2951111111111111
27.3722 	EXP 	slider: markerPos = 0.2951111111111111
27.3887 	EXP 	slider: markerPos = 0.2951111111111111
27.3908 	DATA 	Mouse:  Left button up, pos=(602,171)
27.4048 	EXP 	slider: markerPos = 0.2951111111111111
27.4048 	EXP 	slider: rating = 0.2951111111111111
27.4083 	EXP 	New trial (rep=1, index=5): OrderedDict([('Scenario', 'Finding your way around in an unfamiliar mall.')])
27.4385 	EXP 	scenario1: autoDraw = False
27.4385 	EXP 	slider: autoDraw = False
27.4385 	EXP 	notAtAll: autoDraw = False
27.4385 	EXP 	veryMuch: autoDraw = False
27.4385 	EXP 	scenario1: text = 'Finding your way around in an unfamiliar mall.'
27.4385 	EXP 	slider: markerPos = None
27.4385 	EXP 	slider: markerPos = None
27.4385 	EXP 	slider: rating = None
27.4385 	EXP 	scenario1: autoDraw = True
27.4385 	EXP 	slider: autoDraw = True
27.4385 	EXP 	notAtAll: autoDraw = True
27.4385 	EXP 	veryMuch: autoDraw = True
27.4752 	DATA 	Mouse: Left button down, pos=(602,171)
27.4887 	EXP 	slider: markerPos = 0.2951111111111111
27.5055 	EXP 	slider: markerPos = 0.2951111111111111
27.5221 	EXP 	slider: markerPos = 0.2951111111111111
27.5385 	EXP 	slider: markerPos = 0.2951111111111111
27.5545 	EXP 	slider: markerPos = 0.2951111111111111
27.5572 	DATA 	Mouse:  Left button up, pos=(602,171)
27.5723 	EXP 	slider: markerPos = 0.2951111111111111
27.5723 	EXP 	slider: rating = 0.2951111111111111
27.5753 	EXP 	New trial (rep=1, index=6): OrderedDict([('Scenario', 'Finding your way out of a complex arrangement of offices that you have visited for the first time.')])
27.6048 	EXP 	scenario1: autoDraw = False
27.6048 	EXP 	slider: autoDraw = False
27.6048 	EXP 	notAtAll: autoDraw = False
27.6048 	EXP 	veryMuch: autoDraw = False
27.6048 	EXP 	scenario1: text = 'Finding your way out of a complex arrangement of offices that you have visited for the first time.'
27.6048 	EXP 	slider: markerPos = None
27.6048 	EXP 	slider: markerPos = None
27.6048 	EXP 	slider: rating = None
27.6048 	EXP 	scenario1: autoDraw = True
27.6048 	EXP 	slider: autoDraw = True
27.6048 	EXP 	notAtAll: autoDraw = True
27.6048 	EXP 	veryMuch: autoDraw = True
27.7577 	DATA 	Mouse: Left button down, pos=(602,171)
27.7718 	EXP 	slider: markerPos = 0.2951111111111111
27.7888 	EXP 	slider: markerPos = 0.2951111111111111
27.8055 	EXP 	slider: markerPos = 0.2951111111111111
27.8215 	EXP 	slider: markerPos = 0.2951111111111111
27.8379 	EXP 	slider: markerPos = 0.2951111111111111
27.8554 	EXP 	slider: markerPos = 0.2951111111111111
27.8575 	DATA 	Mouse:  Left button up, pos=(602,171)
27.8720 	EXP 	slider: markerPos = 0.2951111111111111
27.8720 	EXP 	slider: rating = 0.2951111111111111
27.8749 	EXP 	New trial (rep=1, index=7): OrderedDict([('Scenario', 'Trying a new route that you think will be a shortcutt without the benefit of a map.')])
27.9048 	EXP 	scenario1: autoDraw = False
27.9048 	EXP 	slider: autoDraw = False
27.9048 	EXP 	notAtAll: autoDraw = False
27.9048 	EXP 	veryMuch: autoDraw = False
27.9048 	EXP 	scenario1: text = 'Trying a new route that you think will be a shortcutt without the benefit of a map.'
27.9048 	EXP 	slider: markerPos = None
27.9048 	EXP 	slider: markerPos = None
27.9048 	EXP 	slider: rating = None
27.9048 	EXP 	scenario1: autoDraw = True
27.9048 	EXP 	slider: autoDraw = True
27.9048 	EXP 	notAtAll: autoDraw = True
27.9048 	EXP 	veryMuch: autoDraw = True
28.0604 	DATA 	Mouse: Left button down, pos=(602,171)
28.0890 	EXP 	slider: markerPos = 0.2951111111111111
28.1052 	EXP 	slider: markerPos = 0.2951111111111111
28.1216 	EXP 	slider: markerPos = 0.2951111111111111
28.1382 	EXP 	slider: markerPos = 0.2951111111111111
28.1547 	EXP 	slider: markerPos = 0.2951111111111111
28.1721 	EXP 	slider: markerPos = 0.2951111111111111
28.1780 	DATA 	Mouse:  Left button up, pos=(602,171)
28.1893 	EXP 	slider: markerPos = 0.2951111111111111
28.2053 	EXP 	slider: markerPos = 0.2951111111111111
28.2053 	EXP 	slider: rating = 0.2951111111111111
28.2078 	EXP 	New trial (rep=2, index=0): OrderedDict([('Scenario', 'Finding your way out of a complex arrangement of offices that you have visited for the first time.')])
28.2382 	EXP 	scenario1: autoDraw = False
28.2382 	EXP 	slider: autoDraw = False
28.2382 	EXP 	notAtAll: autoDraw = False
28.2382 	EXP 	veryMuch: autoDraw = False
28.2382 	EXP 	scenario1: text = 'Finding your way out of a complex arrangement of offices that you have visited for the first time.'
28.2382 	EXP 	slider: markerPos = None
28.2382 	EXP 	slider: markerPos = None
28.2382 	EXP 	slider: rating = None
28.2382 	EXP 	scenario1: autoDraw = True
28.2382 	EXP 	slider: autoDraw = True
28.2382 	EXP 	notAtAll: autoDraw = True
28.2382 	EXP 	veryMuch: autoDraw = True
28.4078 	DATA 	Mouse: Left button down, pos=(602,171)
28.4225 	EXP 	slider: markerPos = 0.2951111111111111
28.4379 	EXP 	slider: markerPos = 0.2951111111111111
28.4554 	EXP 	slider: markerPos = 0.2951111111111111
28.4719 	EXP 	slider: markerPos = 0.2951111111111111
28.4889 	EXP 	slider: markerPos = 0.2951111111111111
28.5057 	EXP 	slider: markerPos = 0.2951111111111111
28.5214 	EXP 	slider: markerPos = 0.2951111111111111
28.5387 	EXP 	slider: markerPos = 0.2951111111111111
28.5409 	DATA 	Mouse:  Left button up, pos=(602,171)
28.5550 	EXP 	slider: markerPos = 0.2951111111111111
28.5550 	EXP 	slider: rating = 0.2951111111111111
28.5584 	EXP 	New trial (rep=2, index=1): OrderedDict([('Scenario', 'Finding your way to an appointment in an area of a city or town with which you are not familiar. ')])
28.5883 	EXP 	scenario1: autoDraw = False
28.5883 	EXP 	slider: autoDraw = False
28.5883 	EXP 	notAtAll: autoDraw = False
28.5883 	EXP 	veryMuch: autoDraw = False
28.5883 	EXP 	scenario1: text = 'Finding your way to an appointment in an area of a city or town with which you are not familiar. '
28.5883 	EXP 	slider: markerPos = None
28.5883 	EXP 	slider: markerPos = None
28.5883 	EXP 	slider: rating = None
28.5883 	EXP 	scenario1: autoDraw = True
28.5883 	EXP 	slider: autoDraw = True
28.5883 	EXP 	notAtAll: autoDraw = True
28.5883 	EXP 	veryMuch: autoDraw = True
28.7248 	DATA 	Mouse: Left button down, pos=(602,171)
28.7395 	EXP 	slider: markerPos = 0.2951111111111111
28.7555 	EXP 	slider: markerPos = 0.2951111111111111
28.7722 	EXP 	slider: markerPos = 0.2951111111111111
28.7887 	EXP 	slider: markerPos = 0.2951111111111111
28.8046 	EXP 	slider: markerPos = 0.2951111111111111
28.8214 	EXP 	slider: markerPos = 0.2951111111111111
28.8388 	EXP 	slider: markerPos = 0.2951111111111111
28.8553 	EXP 	slider: markerPos = 0.2951111111111111
28.8573 	DATA 	Mouse:  Left button up, pos=(602,171)
28.8717 	EXP 	slider: markerPos = 0.2951111111111111
28.8717 	EXP 	slider: rating = 0.2951111111111111
28.8752 	EXP 	New trial (rep=2, index=2): OrderedDict([('Scenario', 'Finding your way out of a complex arrangement of offices that you have visited for the first time.')])
28.9047 	EXP 	scenario1: autoDraw = False
28.9047 	EXP 	slider: autoDraw = False
28.9047 	EXP 	notAtAll: autoDraw = False
28.9047 	EXP 	veryMuch: autoDraw = False
28.9047 	EXP 	scenario1: text = 'Finding your way out of a complex arrangement of offices that you have visited for the first time.'
28.9047 	EXP 	slider: markerPos = None
28.9047 	EXP 	slider: markerPos = None
28.9047 	EXP 	slider: rating = None
28.9047 	EXP 	scenario1: autoDraw = True
28.9047 	EXP 	slider: autoDraw = True
28.9047 	EXP 	notAtAll: autoDraw = True
28.9047 	EXP 	veryMuch: autoDraw = True
29.0418 	DATA 	Mouse: Left button down, pos=(602,171)
29.0567 	EXP 	slider: markerPos = 0.2951111111111111
29.0728 	EXP 	slider: markerPos = 0.2951111111111111
29.0888 	EXP 	slider: markerPos = 0.2951111111111111
29.1052 	EXP 	slider: markerPos = 0.2951111111111111
29.1224 	EXP 	slider: markerPos = 0.2951111111111111
29.1387 	EXP 	slider: markerPos = 0.2951111111111111
29.1553 	EXP 	slider: markerPos = 0.2951111111111111
29.1577 	DATA 	Mouse:  Left button up, pos=(602,171)
29.1723 	EXP 	slider: markerPos = 0.2951111111111111
29.1723 	EXP 	slider: rating = 0.2951111111111111
29.1770 	EXP 	New trial (rep=2, index=3): OrderedDict([('Scenario', 'Finding your way around in an unfamiliar mall.')])
29.2057 	EXP 	scenario1: autoDraw = False
29.2057 	EXP 	slider: autoDraw = False
29.2057 	EXP 	notAtAll: autoDraw = False
29.2057 	EXP 	veryMuch: autoDraw = False
29.2057 	EXP 	scenario1: text = 'Finding your way around in an unfamiliar mall.'
29.2057 	EXP 	slider: markerPos = None
29.2057 	EXP 	slider: markerPos = None
29.2057 	EXP 	slider: rating = None
29.2057 	EXP 	scenario1: autoDraw = True
29.2057 	EXP 	slider: autoDraw = True
29.2057 	EXP 	notAtAll: autoDraw = True
29.2057 	EXP 	veryMuch: autoDraw = True
29.6908 	DATA 	Mouse: Left button down, pos=(602,171)
29.7047 	EXP 	slider: markerPos = 0.2951111111111111
29.7215 	EXP 	slider: markerPos = 0.2951111111111111
29.7386 	EXP 	slider: markerPos = 0.2951111111111111
29.7555 	EXP 	slider: markerPos = 0.2951111111111111
29.7717 	EXP 	slider: markerPos = 0.2951111111111111
29.7881 	EXP 	slider: markerPos = 0.2951111111111111
29.7910 	DATA 	Mouse:  Left button up, pos=(602,170)
29.8056 	EXP 	slider: markerPos = 0.2951111111111111
29.8056 	EXP 	slider: rating = 0.2951111111111111
29.8085 	EXP 	New trial (rep=2, index=4): OrderedDict([('Scenario', 'Pointing in the direction of a place outside that someone wants to get to and has asked you for directions, when you are in a windowless room.')])
29.8384 	EXP 	scenario1: autoDraw = False
29.8384 	EXP 	slider: autoDraw = False
29.8384 	EXP 	notAtAll: autoDraw = False
29.8384 	EXP 	veryMuch: autoDraw = False
29.8384 	EXP 	scenario1: text = 'Pointing in the direction of a place outside that someone wants to get to and has asked you for directions, when you are in a windowless room.'
29.8384 	EXP 	slider: markerPos = None
29.8384 	EXP 	slider: markerPos = None
29.8384 	EXP 	slider: rating = None
29.8384 	EXP 	scenario1: autoDraw = True
29.8384 	EXP 	slider: autoDraw = True
29.8384 	EXP 	notAtAll: autoDraw = True
29.8384 	EXP 	veryMuch: autoDraw = True
31.1612 	DATA 	Mouse: Left button down, pos=(602,168)
31.1727 	EXP 	slider: markerPos = 0.2951111111111111
31.1881 	EXP 	slider: markerPos = 0.2951111111111111
31.2049 	EXP 	slider: markerPos = 0.2951111111111111
31.2211 	EXP 	slider: markerPos = 0.2951111111111111
31.2380 	EXP 	slider: markerPos = 0.2951111111111111
31.2545 	EXP 	slider: markerPos = 0.2951111111111111
31.2713 	EXP 	slider: markerPos = 0.2951111111111111
31.2878 	EXP 	slider: markerPos = 0.2951111111111111
31.3047 	EXP 	slider: markerPos = 0.2951111111111111
31.3216 	EXP 	slider: markerPos = 0.2951111111111111
31.3246 	DATA 	Mouse:  Left button up, pos=(602,168)
31.3395 	EXP 	slider: markerPos = 0.2951111111111111
31.3395 	EXP 	slider: rating = 0.2951111111111111
31.3436 	EXP 	New trial (rep=2, index=5): OrderedDict([('Scenario', 'Trying a new route that you think will be a shortcutt without the benefit of a map.')])
31.3723 	EXP 	scenario1: autoDraw = False
31.3723 	EXP 	slider: autoDraw = False
31.3723 	EXP 	notAtAll: autoDraw = False
31.3723 	EXP 	veryMuch: autoDraw = False
31.3723 	EXP 	scenario1: text = 'Trying a new route that you think will be a shortcutt without the benefit of a map.'
31.3723 	EXP 	slider: markerPos = None
31.3723 	EXP 	slider: markerPos = None
31.3723 	EXP 	slider: rating = None
31.3723 	EXP 	scenario1: autoDraw = True
31.3723 	EXP 	slider: autoDraw = True
31.3723 	EXP 	notAtAll: autoDraw = True
31.3723 	EXP 	veryMuch: autoDraw = True
32.4247 	DATA 	Mouse: Left button down, pos=(602,168)
32.4397 	EXP 	slider: markerPos = 0.2951111111111111
32.4556 	EXP 	slider: markerPos = 0.2951111111111111
32.4718 	EXP 	slider: markerPos = 0.2951111111111111
32.4881 	EXP 	slider: markerPos = 0.2951111111111111
32.5048 	EXP 	slider: markerPos = 0.2951111111111111
32.5222 	EXP 	slider: markerPos = 0.2951111111111111
32.5387 	EXP 	slider: markerPos = 0.2951111111111111
32.5551 	EXP 	slider: markerPos = 0.2951111111111111
32.5721 	EXP 	slider: markerPos = 0.2951111111111111
32.5887 	EXP 	slider: markerPos = 0.2951111111111111
32.6048 	EXP 	slider: markerPos = 0.2951111111111111
32.6076 	DATA 	Mouse:  Left button up, pos=(602,168)
32.6222 	EXP 	slider: markerPos = 0.2951111111111111
32.6222 	EXP 	slider: rating = 0.2951111111111111
32.6258 	EXP 	New trial (rep=2, index=6): OrderedDict([('Scenario', 'Finding your way back to a familiar area after realizing you have made a wrong turn and become lost while driving.')])
32.6547 	EXP 	scenario1: autoDraw = False
32.6547 	EXP 	slider: autoDraw = False
32.6547 	EXP 	notAtAll: autoDraw = False
32.6547 	EXP 	veryMuch: autoDraw = False
32.6547 	EXP 	scenario1: text = 'Finding your way back to a familiar area after realizing you have made a wrong turn and become lost while driving.'
32.6547 	EXP 	slider: markerPos = None
32.6547 	EXP 	slider: markerPos = None
32.6547 	EXP 	slider: rating = None
32.6547 	EXP 	scenario1: autoDraw = True
32.6547 	EXP 	slider: autoDraw = True
32.6547 	EXP 	notAtAll: autoDraw = True
32.6547 	EXP 	veryMuch: autoDraw = True
34.8077 	DATA 	Mouse: wheel shift=(0,0), pos=(603,169)
34.8245 	DATA 	Mouse: wheel shift=(0,0), pos=(603,169)
35.2580 	DATA 	Mouse: Left button down, pos=(588,179)
35.2732 	EXP 	slider: markerPos = 0.2826666666666667
35.2895 	EXP 	slider: markerPos = 0.2826666666666667
35.3053 	EXP 	slider: markerPos = 0.2826666666666667
35.3222 	EXP 	slider: markerPos = 0.2826666666666667
35.3382 	EXP 	slider: markerPos = 0.2826666666666667
35.3548 	EXP 	slider: markerPos = 0.2826666666666667
35.3713 	EXP 	slider: markerPos = 0.2826666666666667
35.3885 	EXP 	slider: markerPos = 0.2826666666666667
35.4055 	EXP 	slider: markerPos = 0.2826666666666667
35.4224 	EXP 	slider: markerPos = 0.2826666666666667
35.4384 	EXP 	slider: markerPos = 0.2826666666666667
35.4410 	DATA 	Mouse:  Left button up, pos=(588,179)
35.4554 	EXP 	slider: markerPos = 0.2826666666666667
35.4554 	EXP 	slider: rating = 0.2826666666666667
35.4597 	EXP 	New trial (rep=2, index=7): OrderedDict([('Scenario', 'Leaving a store that you have been to for the first time and deciding which way to turn to get to a destination.')])
35.5390 	EXP 	scenario1: autoDraw = False
35.5390 	EXP 	slider: autoDraw = False
35.5390 	EXP 	notAtAll: autoDraw = False
35.5390 	EXP 	veryMuch: autoDraw = False
35.5390 	EXP 	scenario1: text = 'Leaving a store that you have been to for the first time and deciding which way to turn to get to a destination.'
35.5390 	EXP 	slider: markerPos = None
35.5390 	EXP 	slider: markerPos = None
35.5390 	EXP 	slider: rating = None
35.5390 	EXP 	scenario1: autoDraw = True
35.5390 	EXP 	slider: autoDraw = True
35.5390 	EXP 	notAtAll: autoDraw = True
35.5390 	EXP 	veryMuch: autoDraw = True
38.0084 	DATA 	Mouse: Left button down, pos=(590,180)
38.0216 	EXP 	slider: markerPos = 0.28444444444444444
38.0382 	EXP 	slider: markerPos = 0.28444444444444444
38.0549 	EXP 	slider: markerPos = 0.28444444444444444
38.0712 	EXP 	slider: markerPos = 0.28444444444444444
38.0883 	EXP 	slider: markerPos = 0.28444444444444444
38.1053 	EXP 	slider: markerPos = 0.28444444444444444
38.1217 	EXP 	slider: markerPos = 0.28444444444444444
38.1383 	EXP 	slider: markerPos = 0.28444444444444444
38.1553 	EXP 	slider: markerPos = 0.28444444444444444
38.1719 	EXP 	slider: markerPos = 0.28444444444444444
38.1745 	DATA 	Mouse:  Left button up, pos=(590,180)
38.1873 	EXP 	slider: markerPos = 0.28444444444444444
38.1873 	EXP 	slider: rating = 0.28444444444444444
38.1918 	EXP 	New trial (rep=3, index=0): OrderedDict([('Scenario', 'Trying a new route that you think will be a shortcutt without the benefit of a map.')])
38.2213 	EXP 	scenario1: autoDraw = False
38.2213 	EXP 	slider: autoDraw = False
38.2213 	EXP 	notAtAll: autoDraw = False
38.2213 	EXP 	veryMuch: autoDraw = False
38.2213 	EXP 	scenario1: text = 'Trying a new route that you think will be a shortcutt without the benefit of a map.'
38.2213 	EXP 	slider: markerPos = None
38.2213 	EXP 	slider: markerPos = None
38.2213 	EXP 	slider: rating = None
38.2213 	EXP 	scenario1: autoDraw = True
38.2213 	EXP 	slider: autoDraw = True
38.2213 	EXP 	notAtAll: autoDraw = True
38.2213 	EXP 	veryMuch: autoDraw = True
40.8410 	DATA 	Mouse: Left button down, pos=(599,172)
40.8546 	EXP 	slider: markerPos = 0.29244444444444445
40.8721 	EXP 	slider: markerPos = 0.29244444444444445
40.8882 	EXP 	slider: markerPos = 0.29244444444444445
40.9051 	EXP 	slider: markerPos = 0.29244444444444445
40.9218 	EXP 	slider: markerPos = 0.29244444444444445
40.9382 	EXP 	slider: markerPos = 0.29244444444444445
40.9548 	EXP 	slider: markerPos = 0.29244444444444445
40.9577 	DATA 	Mouse:  Left button up, pos=(599,172)
40.9725 	EXP 	slider: markerPos = 0.29244444444444445
40.9725 	EXP 	slider: rating = 0.29244444444444445
40.9756 	EXP 	New trial (rep=3, index=1): OrderedDict([('Scenario', 'Finding your way back to a familiar area after realizing you have made a wrong turn and become lost while driving.')])
41.0046 	EXP 	scenario1: autoDraw = False
41.0046 	EXP 	slider: autoDraw = False
41.0046 	EXP 	notAtAll: autoDraw = False
41.0046 	EXP 	veryMuch: autoDraw = False
41.0046 	EXP 	scenario1: text = 'Finding your way back to a familiar area after realizing you have made a wrong turn and become lost while driving.'
41.0046 	EXP 	slider: markerPos = None
41.0046 	EXP 	slider: markerPos = None
41.0046 	EXP 	slider: rating = None
41.0046 	EXP 	scenario1: autoDraw = True
41.0046 	EXP 	slider: autoDraw = True
41.0046 	EXP 	notAtAll: autoDraw = True
41.0046 	EXP 	veryMuch: autoDraw = True
41.5268 	DATA 	Mouse: Left button down, pos=(601,170)
41.5546 	EXP 	slider: markerPos = 0.2942222222222222
41.5714 	EXP 	slider: markerPos = 0.2942222222222222
41.5879 	EXP 	slider: markerPos = 0.2942222222222222
41.6052 	EXP 	slider: markerPos = 0.2942222222222222
41.6215 	EXP 	slider: markerPos = 0.2942222222222222
41.6389 	EXP 	slider: markerPos = 0.2942222222222222
41.6555 	EXP 	slider: markerPos = 0.2942222222222222
41.6716 	EXP 	slider: markerPos = 0.2942222222222222
41.6746 	DATA 	Mouse:  Left button up, pos=(601,170)
41.6883 	EXP 	slider: markerPos = 0.2942222222222222
41.6883 	EXP 	slider: rating = 0.2942222222222222
41.6927 	EXP 	New trial (rep=3, index=2): OrderedDict([('Scenario', 'Finding your way around in an unfamiliar mall.')])
41.7215 	EXP 	scenario1: autoDraw = False
41.7215 	EXP 	slider: autoDraw = False
41.7215 	EXP 	notAtAll: autoDraw = False
41.7215 	EXP 	veryMuch: autoDraw = False
41.7215 	EXP 	scenario1: text = 'Finding your way around in an unfamiliar mall.'
41.7215 	EXP 	slider: markerPos = None
41.7215 	EXP 	slider: markerPos = None
41.7215 	EXP 	slider: rating = None
41.7215 	EXP 	scenario1: autoDraw = True
41.7215 	EXP 	slider: autoDraw = True
41.7215 	EXP 	notAtAll: autoDraw = True
41.7215 	EXP 	veryMuch: autoDraw = True
42.1247 	DATA 	Mouse: Left button down, pos=(601,169)
42.1377 	EXP 	slider: markerPos = 0.2942222222222222
42.1554 	EXP 	slider: markerPos = 0.2942222222222222
42.1712 	EXP 	slider: markerPos = 0.2942222222222222
42.1877 	EXP 	slider: markerPos = 0.2942222222222222
42.2049 	EXP 	slider: markerPos = 0.2942222222222222
42.2221 	EXP 	slider: markerPos = 0.2942222222222222
42.2381 	EXP 	slider: markerPos = 0.2942222222222222
42.2552 	EXP 	slider: markerPos = 0.2942222222222222
42.2714 	EXP 	slider: markerPos = 0.2942222222222222
42.2880 	EXP 	slider: markerPos = 0.2942222222222222
42.2904 	DATA 	Mouse:  Left button up, pos=(601,169)
42.3050 	EXP 	slider: markerPos = 0.2942222222222222
42.3050 	EXP 	slider: rating = 0.2942222222222222
42.3077 	EXP 	New trial (rep=3, index=3): OrderedDict([('Scenario', 'Finding your way out of a complex arrangement of offices that you have visited for the first time.')])
42.3379 	EXP 	scenario1: autoDraw = False
42.3379 	EXP 	slider: autoDraw = False
42.3379 	EXP 	notAtAll: autoDraw = False
42.3379 	EXP 	veryMuch: autoDraw = False
42.3379 	EXP 	scenario1: text = 'Finding your way out of a complex arrangement of offices that you have visited for the first time.'
42.3379 	EXP 	slider: markerPos = None
42.3379 	EXP 	slider: markerPos = None
42.3379 	EXP 	slider: rating = None
42.3379 	EXP 	scenario1: autoDraw = True
42.3379 	EXP 	slider: autoDraw = True
42.3379 	EXP 	notAtAll: autoDraw = True
42.3379 	EXP 	veryMuch: autoDraw = True
42.6413 	DATA 	Mouse: Left button down, pos=(601,168)
42.6552 	EXP 	slider: markerPos = 0.2951111111111111
42.6718 	EXP 	slider: markerPos = 0.2951111111111111
42.6881 	EXP 	slider: markerPos = 0.2951111111111111
42.7050 	EXP 	slider: markerPos = 0.2951111111111111
42.7213 	EXP 	slider: markerPos = 0.2951111111111111
42.7379 	EXP 	slider: markerPos = 0.2951111111111111
42.7553 	EXP 	slider: markerPos = 0.2951111111111111
42.7719 	EXP 	slider: markerPos = 0.2951111111111111
42.7751 	DATA 	Mouse:  Left button up, pos=(602,168)
42.7885 	EXP 	slider: markerPos = 0.2951111111111111
42.7885 	EXP 	slider: rating = 0.2951111111111111
42.7926 	EXP 	New trial (rep=3, index=4): OrderedDict([('Scenario', 'Finding your way to an appointment in an area of a city or town with which you are not familiar. ')])
42.8216 	EXP 	scenario1: autoDraw = False
42.8216 	EXP 	slider: autoDraw = False
42.8216 	EXP 	notAtAll: autoDraw = False
42.8216 	EXP 	veryMuch: autoDraw = False
42.8216 	EXP 	scenario1: text = 'Finding your way to an appointment in an area of a city or town with which you are not familiar. '
42.8216 	EXP 	slider: markerPos = None
42.8216 	EXP 	slider: markerPos = None
42.8216 	EXP 	slider: rating = None
42.8216 	EXP 	scenario1: autoDraw = True
42.8216 	EXP 	slider: autoDraw = True
42.8216 	EXP 	notAtAll: autoDraw = True
42.8216 	EXP 	veryMuch: autoDraw = True
43.1404 	DATA 	Mouse: Left button down, pos=(602,168)
43.1548 	EXP 	slider: markerPos = 0.2951111111111111
43.1718 	EXP 	slider: markerPos = 0.2951111111111111
43.1884 	EXP 	slider: markerPos = 0.2951111111111111
43.2048 	EXP 	slider: markerPos = 0.2951111111111111
43.2220 	EXP 	slider: markerPos = 0.2951111111111111
43.2382 	EXP 	slider: markerPos = 0.2951111111111111
43.2552 	EXP 	slider: markerPos = 0.2951111111111111
43.2577 	DATA 	Mouse:  Left button up, pos=(602,168)
43.2717 	EXP 	slider: markerPos = 0.2951111111111111
43.2717 	EXP 	slider: rating = 0.2951111111111111
43.2742 	EXP 	New trial (rep=3, index=5): OrderedDict([('Scenario', 'Finding your way out of a complex arrangement of offices that you have visited for the first time.')])
43.3047 	EXP 	scenario1: autoDraw = False
43.3047 	EXP 	slider: autoDraw = False
43.3047 	EXP 	notAtAll: autoDraw = False
43.3047 	EXP 	veryMuch: autoDraw = False
43.3047 	EXP 	scenario1: text = 'Finding your way out of a complex arrangement of offices that you have visited for the first time.'
43.3047 	EXP 	slider: markerPos = None
43.3047 	EXP 	slider: markerPos = None
43.3047 	EXP 	slider: rating = None
43.3047 	EXP 	scenario1: autoDraw = True
43.3047 	EXP 	slider: autoDraw = True
43.3047 	EXP 	notAtAll: autoDraw = True
43.3047 	EXP 	veryMuch: autoDraw = True
43.3569 	DATA 	Mouse: Left button down, pos=(602,168)
43.3717 	EXP 	slider: markerPos = 0.2951111111111111
43.3878 	EXP 	slider: markerPos = 0.2951111111111111
43.4041 	EXP 	slider: markerPos = 0.2951111111111111
43.4211 	EXP 	slider: markerPos = 0.2951111111111111
43.4380 	EXP 	slider: markerPos = 0.2951111111111111
43.4406 	DATA 	Mouse:  Left button up, pos=(602,168)
43.4550 	EXP 	slider: markerPos = 0.2951111111111111
43.4550 	EXP 	slider: rating = 0.2951111111111111
43.4572 	EXP 	New trial (rep=3, index=6): OrderedDict([('Scenario', 'Leaving a store that you have been to for the first time and deciding which way to turn to get to a destination.')])
43.4879 	EXP 	scenario1: autoDraw = False
43.4879 	EXP 	slider: autoDraw = False
43.4879 	EXP 	notAtAll: autoDraw = False
43.4879 	EXP 	veryMuch: autoDraw = False
43.4879 	EXP 	scenario1: text = 'Leaving a store that you have been to for the first time and deciding which way to turn to get to a destination.'
43.4879 	EXP 	slider: markerPos = None
43.4879 	EXP 	slider: markerPos = None
43.4879 	EXP 	slider: rating = None
43.4879 	EXP 	scenario1: autoDraw = True
43.4879 	EXP 	slider: autoDraw = True
43.4879 	EXP 	notAtAll: autoDraw = True
43.4879 	EXP 	veryMuch: autoDraw = True
43.5573 	DATA 	Mouse: Left button down, pos=(602,168)
43.5713 	EXP 	slider: markerPos = 0.2951111111111111
43.5884 	EXP 	slider: markerPos = 0.2951111111111111
43.6047 	EXP 	slider: markerPos = 0.2951111111111111
43.6220 	EXP 	slider: markerPos = 0.2951111111111111
43.6250 	DATA 	Mouse:  Left button up, pos=(602,168)
43.6382 	EXP 	slider: markerPos = 0.2951111111111111
43.6382 	EXP 	slider: rating = 0.2951111111111111
43.6425 	EXP 	New trial (rep=3, index=7): OrderedDict([('Scenario', 'Pointing in the direction of a place outside that someone wants to get to and has asked you for directions, when you are in a windowless room.')])
43.6713 	EXP 	scenario1: autoDraw = False
43.6713 	EXP 	slider: autoDraw = False
43.6713 	EXP 	notAtAll: autoDraw = False
43.6713 	EXP 	veryMuch: autoDraw = False
43.6713 	EXP 	scenario1: text = 'Pointing in the direction of a place outside that someone wants to get to and has asked you for directions, when you are in a windowless room.'
43.6713 	EXP 	slider: markerPos = None
43.6713 	EXP 	slider: markerPos = None
43.6713 	EXP 	slider: rating = None
43.6713 	EXP 	scenario1: autoDraw = True
43.6713 	EXP 	slider: autoDraw = True
43.6713 	EXP 	notAtAll: autoDraw = True
43.6713 	EXP 	veryMuch: autoDraw = True
43.7251 	DATA 	Mouse: Left button down, pos=(602,168)
43.7392 	EXP 	slider: markerPos = 0.2951111111111111
43.7555 	EXP 	slider: markerPos = 0.2951111111111111
43.7721 	EXP 	slider: markerPos = 0.2951111111111111
43.7783 	DATA 	Mouse:  Left button up, pos=(602,168)
43.7884 	EXP 	slider: markerPos = 0.2951111111111111
43.8054 	EXP 	slider: markerPos = 0.2951111111111111
43.8054 	EXP 	slider: rating = 0.2951111111111111
43.8096 	EXP 	New trial (rep=4, index=0): OrderedDict([('Scenario', 'Finding your way back to a familiar area after realizing you have made a wrong turn and become lost while driving.')])
43.8386 	EXP 	scenario1: autoDraw = False
43.8386 	EXP 	slider: autoDraw = False
43.8386 	EXP 	notAtAll: autoDraw = False
43.8386 	EXP 	veryMuch: autoDraw = False
43.8386 	EXP 	scenario1: text = 'Finding your way back to a familiar area after realizing you have made a wrong turn and become lost while driving.'
43.8386 	EXP 	slider: markerPos = None
43.8386 	EXP 	slider: markerPos = None
43.8386 	EXP 	slider: rating = None
43.8386 	EXP 	scenario1: autoDraw = True
43.8386 	EXP 	slider: autoDraw = True
43.8386 	EXP 	notAtAll: autoDraw = True
43.8386 	EXP 	veryMuch: autoDraw = True
44.0741 	DATA 	Mouse: Left button down, pos=(602,168)
44.0890 	EXP 	slider: markerPos = 0.2951111111111111
44.1050 	EXP 	slider: markerPos = 0.2951111111111111
44.1214 	EXP 	slider: markerPos = 0.2951111111111111
44.1241 	DATA 	Mouse:  Left button up, pos=(602,168)
44.1386 	EXP 	slider: markerPos = 0.2951111111111111
44.1386 	EXP 	slider: rating = 0.2951111111111111
44.1414 	EXP 	New trial (rep=4, index=1): OrderedDict([('Scenario', 'Leaving a store that you have been to for the first time and deciding which way to turn to get to a destination.')])
44.1716 	EXP 	scenario1: autoDraw = False
44.1716 	EXP 	slider: autoDraw = False
44.1716 	EXP 	notAtAll: autoDraw = False
44.1716 	EXP 	veryMuch: autoDraw = False
44.1716 	EXP 	scenario1: text = 'Leaving a store that you have been to for the first time and deciding which way to turn to get to a destination.'
44.1716 	EXP 	slider: markerPos = None
44.1716 	EXP 	slider: markerPos = None
44.1716 	EXP 	slider: rating = None
44.1716 	EXP 	scenario1: autoDraw = True
44.1716 	EXP 	slider: autoDraw = True
44.1716 	EXP 	notAtAll: autoDraw = True
44.1716 	EXP 	veryMuch: autoDraw = True
44.6916 	DATA 	Keypress: escape
45.0532 	EXP 	window1: mouseVisible = True
45.0534 	DEBUG 	Saving data for Big5 ExperimentHandler
45.0547 	INFO 	saved data to /Users/sabrinado/Desktop/data/_Big5_2020_Oct_25_1812.psydat
45.0569 	INFO 	saved data to '/Users/sabrinado/Desktop/data/_Big5_2020_Oct_25_1812.csv'
