0.2967 	WARNING 	We strongly recommend you activate the PTB sound engine in PsychoPy prefs as the preferred audio engine. Its timing is vastly superior. Your prefs are currently set to use ['sounddevice', 'PTB', 'pyo', 'pygame'] (in that order).
4.3543 	INFO 	Loaded monitor calibration from ['2020_10_12 18:18']
5.1340 	EXP 	Created window1 = Window(allowGUI=True, allowStencil=False, args=UNKNOWN, autoLog=True, bitsMode=UNKNOWN, blendMode='avg', bpc=(8, 8, 8), color='black', colorSpace='named', depthBits=8, fullscr=<method-wrapper '__getattribute__' of attributeSetter object at 0x1420d7cc0>, gamma=None, gammaErrorPolicy='raise', kwargs=UNKNOWN, lms=UNKNOWN, monitor=<psychopy.monitors.calibTools.Monitor object at 0x142005b00>, multiSample=False, name='window1', numSamples=2, pos=[360.0, 225.0], screen=0, size=array([2880, 1800]), stencilBits=0, stereo=False, units='height', useFBO=True, useRetina=True, viewOri=0.0, viewPos=None, viewScale=None, waitBlanking=True, winType='pyglet')
5.1343 	EXP 	window1: mouseVisible = True
5.1343 	EXP 	window1: recordFrameIntervals = False
5.3169 	EXP 	window1: recordFrameIntervals = True
5.5006 	DEBUG 	Screen (0) actual frame rate measured at 60.10
5.5007 	EXP 	window1: recordFrameIntervals = False
5.5753 	EXP 	Created IntroScreen = TextStim(__class__=<class 'psychopy.visual.text.TextStim'>, alignHoriz=method-wrapper(...), alignText='center', alignVert=method-wrapper(...), anchorHoriz='center', anchorVert='center', antialias=True, autoLog=True, bold=False, color='white', colorSpace='named', contrast=1.0, depth=0.0, flipHoriz=False, flipVert=False, font='Times New Roman', fontFiles=[], height=0.1, italic=False, languageStyle='LTR', name='IntroScreen', opacity=1.0, ori=0, pos=array([0., 0.]), rgb=array([255., 255., 255.]), text='Big 5 Test', units='height', win=Window(...), wrapWidth=1)
5.6278 	EXP 	Created instructions = TextStim(__class__=<class 'psychopy.visual.text.TextStim'>, alignHoriz=method-wrapper(...), alignText='center', alignVert=method-wrapper(...), anchorHoriz='center', anchorVert='center', antialias=True, autoLog=True, bold=False, color='white', colorSpace='named', contrast=1.0, depth=0.0, flipHoriz=False, flipVert=False, font='Times New Roman', fontFiles=[], height=0.1, italic=False, languageStyle='LTR', name='instructions', opacity=1.0, ori=0, pos=array([0., 0.]), rgb=array([255., 255., 255.]), text=str(...), units='height', win=Window(...), wrapWidth=1)
5.6564 	EXP 	Created scenario1 = TextStim(__class__=<class 'psychopy.visual.text.TextStim'>, alignHoriz=method-wrapper(...), alignText='center', alignVert=method-wrapper(...), anchorHoriz='center', anchorVert='center', antialias=True, autoLog=True, bold=False, color='white', colorSpace='named', contrast=1.0, depth=0.0, flipHoriz=False, flipVert=False, font='Times New Roman', fontFiles=[], height=0.06, italic=False, languageStyle='LTR', name='scenario1', opacity=1.0, ori=0, pos=array([0. , 0.2]), rgb=array([255., 255., 255.]), text='default text', units='height', win=Window(...), wrapWidth=1)
5.6619 	EXP 	Created notAtAll = TextStim(__class__=<class 'psychopy.visual.text.TextStim'>, alignHoriz=method-wrapper(...), alignText='center', alignVert=method-wrapper(...), anchorHoriz='center', anchorVert='center', antialias=True, autoLog=True, bold=False, color='white', colorSpace='named', contrast=1.0, depth=-1.0, flipHoriz=False, flipVert=False, font='Times New Roman', fontFiles=[], height=0.03, italic=False, languageStyle='LTR', name='notAtAll', opacity=1.0, ori=0, pos=array([-0.4, -0.2]), rgb=array([255., 255., 255.]), text='Not at All', units='height', win=Window(...), wrapWidth=1)
5.6674 	EXP 	Created veryMuch = TextStim(__class__=<class 'psychopy.visual.text.TextStim'>, alignHoriz=method-wrapper(...), alignText='center', alignVert=method-wrapper(...), anchorHoriz='center', anchorVert='center', antialias=True, autoLog=True, bold=False, color='white', colorSpace='named', contrast=1.0, depth=-2.0, flipHoriz=False, flipVert=False, font='Times New Roman', fontFiles=[], height=0.03, italic=False, languageStyle='LTR', name='veryMuch', opacity=1.0, ori=0, pos=array([ 0.4, -0.2]), rgb=array([255., 255., 255.]), text='Very much', units='height', win=Window(...), wrapWidth=1)
5.6758 	EXP 	window1: mouseVisible = True
5.6953 	EXP 	Created rating = RatingScale(__class__=type(...), acceptKeys=['return'], acceptPreText=UNKNOWN, acceptSize=UNKNOWN, acceptText='accept?', autoLog=True, choices=False, depth=0, disappear=False, flipVert=False, high=5, kwargs=UNKNOWN, labels=list(...), leftKeys=['left'], lineColor='White', low=1, marker=ShapeStim(...), markerColor='DarkBlue', markerExpansion=UNKNOWN, markerStart=None, maxTime=0.0, minTime=0.4, mouseOnly=False, name='rating', noMouse=False, pos=[0.0, -0.4], precision=1, respKeys=['1', '2', '3', '4', '5'], rightKeys=['right'], scale='', self=UNKNOWN, showAccept=True, showValue=True, singleClick=False, size=0.6, skipKeys=['tab'], stretch=1.0, textColor='LightGray', textFont='Helvetica Bold', textSize=0.12, tickHeight=1.0, tickMarks=4.0, win=Window(...))
5.7169 	EXP 	rating: flipVert = False
5.7169 	EXP 	rating: autoLog = True
5.7169 	EXP 	IntroScreen: autoDraw = True
6.1308 	DATA 	Keypress: space
6.1495 	EXP 	IntroScreen: autoDraw = False
6.1495 	EXP 	instructions: autoDraw = True
6.5453 	DEBUG 	Read Excel file with pandas: ../Library/CELSYS/spatialAnxietyScale1.xlsx
6.5480 	DEBUG 	Clearing unnamed columns from ../Library/CELSYS/spatialAnxietyScale1.xlsx
6.5483 	EXP 	Imported ../Library/CELSYS/spatialAnxietyScale1.xlsx as conditions, 8 conditions, 1 params
6.5487 	EXP 	Created sequence: random, trialTypes=8, nReps=1, seed=None
6.5490 	EXP 	New trial (rep=0, index=0): OrderedDict([('Scenario', 'Finding your way back to a familiar area after realizing you have made a wrong turn and become lost while driving.')])
6.5656 	EXP 	RatingScale rating: reset()
6.5753 	DATA 	Keypress: space
6.6011 	EXP 	instructions: autoDraw = False
6.6011 	EXP 	scenario1: text = 'Finding your way back to a familiar area after realizing you have made a wrong turn and become lost while driving.'
6.6011 	EXP 	scenario1: autoDraw = True
6.6011 	EXP 	notAtAll: autoDraw = True
6.6011 	EXP 	veryMuch: autoDraw = True
6.6011 	EXP 	rating: autoDraw = True
7.4868 	DATA 	Mouse: Left button down, pos=(512,279)
7.5561 	DATA 	Mouse:  Left button up, pos=(512,279)
8.1055 	DATA 	Mouse: Left button down, pos=(682,171)
8.1068 	DATA 	RatingScale rating: (mouse response) rating=1
8.1068 	DATA 	RatingScale rating: rating RT=1.540
8.1069 	DATA 	RatingScale rating: history=[(None, 0.0), (1, 0.921), (1, 1.54)]
8.1203 	EXP 	New trial (rep=0, index=1): OrderedDict([('Scenario', 'Finding your way out of a complex arrangement of offices that you have visited for the first time.')])
8.1346 	EXP 	RatingScale rating: reset()
8.1499 	EXP 	scenario1: autoDraw = False
8.1499 	EXP 	notAtAll: autoDraw = False
8.1499 	EXP 	veryMuch: autoDraw = False
8.1499 	EXP 	rating: autoDraw = False
8.1499 	EXP 	scenario1: text = 'Finding your way out of a complex arrangement of offices that you have visited for the first time.'
8.1499 	EXP 	scenario1: autoDraw = True
8.1499 	EXP 	notAtAll: autoDraw = True
8.1499 	EXP 	veryMuch: autoDraw = True
8.1499 	EXP 	rating: autoDraw = True
8.1710 	DATA 	Mouse:  Left button up, pos=(682,170)
8.8407 	DATA 	Mouse: Left button down, pos=(739,269)
8.8919 	DATA 	Mouse:  Left button up, pos=(739,269)
9.3737 	DATA 	Mouse: Left button down, pos=(672,191)
9.4425 	DATA 	Mouse:  Left button up, pos=(672,191)
9.7241 	DATA 	Mouse: Left button down, pos=(672,180)
9.7254 	DATA 	RatingScale rating: (mouse response) rating=3
9.7254 	DATA 	RatingScale rating: rating RT=1.590
9.7254 	DATA 	RatingScale rating: history=[(None, 0.0), (3, 0.707), (3, 1.59)]
9.7381 	EXP 	New trial (rep=0, index=2): OrderedDict([('Scenario', 'Leaving a store that you have been to for the first time and deciding which way to turn to get to a destination.')])
9.7509 	EXP 	RatingScale rating: reset()
9.7704 	EXP 	scenario1: autoDraw = False
9.7704 	EXP 	notAtAll: autoDraw = False
9.7704 	EXP 	veryMuch: autoDraw = False
9.7704 	EXP 	rating: autoDraw = False
9.7704 	EXP 	scenario1: text = 'Leaving a store that you have been to for the first time and deciding which way to turn to get to a destination.'
9.7704 	EXP 	scenario1: autoDraw = True
9.7704 	EXP 	notAtAll: autoDraw = True
9.7704 	EXP 	veryMuch: autoDraw = True
9.7704 	EXP 	rating: autoDraw = True
9.8406 	DATA 	Mouse:  Left button up, pos=(672,179)
10.2245 	DATA 	Mouse: Left button down, pos=(721,266)
10.2916 	DATA 	Mouse:  Left button up, pos=(721,266)
10.6590 	DATA 	Mouse: Left button down, pos=(686,151)
10.6599 	DATA 	RatingScale rating: (mouse response) rating=3
10.6599 	DATA 	RatingScale rating: rating RT=0.908
10.6599 	DATA 	RatingScale rating: history=[(None, 0.0), (3, 0.473), (3, 0.908)]
10.6731 	EXP 	New trial (rep=0, index=3): OrderedDict([('Scenario', 'Finding your way to an appointment in an area of a city or town with which you are not familiar. ')])
10.6853 	EXP 	RatingScale rating: reset()
10.7032 	EXP 	scenario1: autoDraw = False
10.7032 	EXP 	notAtAll: autoDraw = False
10.7032 	EXP 	veryMuch: autoDraw = False
10.7032 	EXP 	rating: autoDraw = False
10.7032 	EXP 	scenario1: text = 'Finding your way to an appointment in an area of a city or town with which you are not familiar. '
10.7032 	EXP 	scenario1: autoDraw = True
10.7032 	EXP 	notAtAll: autoDraw = True
10.7032 	EXP 	veryMuch: autoDraw = True
10.7032 	EXP 	rating: autoDraw = True
10.7417 	DATA 	Mouse:  Left button up, pos=(686,151)
11.2923 	DATA 	Mouse: Left button down, pos=(719,255)
11.3564 	DATA 	Mouse:  Left button up, pos=(719,255)
11.7415 	DATA 	Mouse: Left button down, pos=(683,171)
11.7427 	DATA 	RatingScale rating: (mouse response) rating=3
11.7427 	DATA 	RatingScale rating: rating RT=1.057
11.7427 	DATA 	RatingScale rating: history=[(None, 0.0), (3, 0.607), (3, 1.057)]
11.7569 	EXP 	New trial (rep=0, index=4): OrderedDict([('Scenario', 'Trying a new route that you think will be a shortcut without the benefit of a map.')])
11.7689 	EXP 	RatingScale rating: reset()
11.7856 	EXP 	scenario1: autoDraw = False
11.7856 	EXP 	notAtAll: autoDraw = False
11.7856 	EXP 	veryMuch: autoDraw = False
11.7856 	EXP 	rating: autoDraw = False
11.7856 	EXP 	scenario1: text = 'Trying a new route that you think will be a shortcut without the benefit of a map.'
11.7856 	EXP 	scenario1: autoDraw = True
11.7856 	EXP 	notAtAll: autoDraw = True
11.7856 	EXP 	veryMuch: autoDraw = True
11.7856 	EXP 	rating: autoDraw = True
11.8242 	DATA 	Mouse:  Left button up, pos=(683,171)
12.4085 	DATA 	Mouse: Left button down, pos=(720,277)
12.5079 	DATA 	Mouse:  Left button up, pos=(720,277)
12.7904 	DATA 	Mouse: Left button down, pos=(706,179)
12.7911 	DATA 	RatingScale rating: (mouse response) rating=3
12.7911 	DATA 	RatingScale rating: rating RT=1.021
12.7911 	DATA 	RatingScale rating: history=[(None, 0.0), (3, 0.64), (3, 1.021)]
12.8054 	EXP 	New trial (rep=0, index=5): OrderedDict([('Scenario', 'Pointing in the direction of a place outside that someone wants to get to and has asked you for directions, when you are in a windowless room.')])
12.8207 	EXP 	RatingScale rating: reset()
12.8365 	EXP 	scenario1: autoDraw = False
12.8365 	EXP 	notAtAll: autoDraw = False
12.8365 	EXP 	veryMuch: autoDraw = False
12.8365 	EXP 	rating: autoDraw = False
12.8365 	EXP 	scenario1: text = 'Pointing in the direction of a place outside that someone wants to get to and has asked you for directions, when you are in a windowless room.'
12.8365 	EXP 	scenario1: autoDraw = True
12.8365 	EXP 	notAtAll: autoDraw = True
12.8365 	EXP 	veryMuch: autoDraw = True
12.8365 	EXP 	rating: autoDraw = True
12.8744 	DATA 	Mouse:  Left button up, pos=(706,179)
13.2230 	DATA 	Mouse: Left button down, pos=(716,262)
13.3401 	DATA 	Mouse:  Left button up, pos=(716,262)
13.6591 	DATA 	Mouse: Left button down, pos=(713,131)
13.7257 	DATA 	Mouse:  Left button up, pos=(713,131)
14.0255 	DATA 	Mouse: Left button down, pos=(708,165)
14.0268 	DATA 	RatingScale rating: (mouse response) rating=3
14.0269 	DATA 	RatingScale rating: rating RT=1.205
14.0269 	DATA 	RatingScale rating: history=[(None, 0.0), (3, 0.402), (3, 1.205)]
14.0392 	EXP 	New trial (rep=0, index=6): OrderedDict([('Scenario', 'Finding your way around in an unfamiliar mall.')])
14.0493 	EXP 	RatingScale rating: reset()
14.0699 	EXP 	scenario1: autoDraw = False
14.0699 	EXP 	notAtAll: autoDraw = False
14.0699 	EXP 	veryMuch: autoDraw = False
14.0699 	EXP 	rating: autoDraw = False
14.0699 	EXP 	scenario1: text = 'Finding your way around in an unfamiliar mall.'
14.0699 	EXP 	scenario1: autoDraw = True
14.0699 	EXP 	notAtAll: autoDraw = True
14.0699 	EXP 	veryMuch: autoDraw = True
14.0699 	EXP 	rating: autoDraw = True
14.0909 	DATA 	Mouse:  Left button up, pos=(708,165)
14.6236 	DATA 	Mouse: Left button down, pos=(722,268)
14.7085 	DATA 	Mouse:  Left button up, pos=(722,268)
15.0423 	DATA 	Mouse: Left button down, pos=(719,168)
15.0432 	DATA 	RatingScale rating: (mouse response) rating=3
15.0433 	DATA 	RatingScale rating: rating RT=0.993
15.0433 	DATA 	RatingScale rating: history=[(None, 0.0), (3, 0.575), (3, 0.993)]
15.0561 	EXP 	New trial (rep=0, index=7): OrderedDict([('Scenario', 'Locating your car in a very large parking lot or parking garage.')])
15.0672 	EXP 	RatingScale rating: reset()
15.0867 	EXP 	scenario1: autoDraw = False
15.0867 	EXP 	notAtAll: autoDraw = False
15.0867 	EXP 	veryMuch: autoDraw = False
15.0867 	EXP 	rating: autoDraw = False
15.0867 	EXP 	scenario1: text = 'Locating your car in a very large parking lot or parking garage.'
15.0867 	EXP 	scenario1: autoDraw = True
15.0867 	EXP 	notAtAll: autoDraw = True
15.0867 	EXP 	veryMuch: autoDraw = True
15.0867 	EXP 	rating: autoDraw = True
15.1250 	DATA 	Mouse:  Left button up, pos=(719,168)
15.6232 	DATA 	Mouse: Left button down, pos=(724,289)
15.7422 	DATA 	Mouse:  Left button up, pos=(724,289)
16.0930 	DATA 	Mouse: Left button down, pos=(715,201)
16.1901 	DATA 	Mouse:  Left button up, pos=(715,201)
16.7578 	DATA 	Mouse: Left button down, pos=(715,159)
16.7587 	DATA 	RatingScale rating: (mouse response) rating=3
16.7588 	DATA 	RatingScale rating: rating RT=1.691
16.7588 	DATA 	RatingScale rating: history=[(None, 0.0), (3, 0.556), (3, 1.691)]
16.7869 	EXP 	scenario1: autoDraw = False
16.7869 	EXP 	notAtAll: autoDraw = False
16.7869 	EXP 	veryMuch: autoDraw = False
16.7869 	EXP 	rating: autoDraw = False
16.7893 	INFO 	saved data to '/Users/sabrinado/Desktop/data/_Big5_2020_Oct_25_1851.csv'
16.7904 	INFO 	saved data to /Users/sabrinado/Desktop/data/_Big5_2020_Oct_25_1851.psydat
17.0728 	EXP 	window1: mouseVisible = True
17.0731 	DEBUG 	Saving data for Big5 ExperimentHandler
