0.2938 	WARNING 	We strongly recommend you activate the PTB sound engine in PsychoPy prefs as the preferred audio engine. Its timing is vastly superior. Your prefs are currently set to use ['sounddevice', 'PTB', 'pyo', 'pygame'] (in that order).
16.9032 	INFO 	Loaded monitor calibration from ['2020_10_12 18:18']
17.9695 	EXP 	Created window1 = Window(allowGUI=True, allowStencil=False, args=UNKNOWN, autoLog=True, bitsMode=UNKNOWN, blendMode='avg', bpc=(8, 8, 8), color='black', colorSpace='named', depthBits=8, fullscr=<method-wrapper '__getattribute__' of attributeSetter object at 0x142dec208>, gamma=None, gammaErrorPolicy='raise', kwargs=UNKNOWN, lms=UNKNOWN, monitor=<psychopy.monitors.calibTools.Monitor object at 0x142e05b70>, multiSample=False, name='window1', numSamples=2, pos=[360.0, 225.0], screen=0, size=array([2880, 1800]), stencilBits=0, stereo=False, units='height', useFBO=True, useRetina=True, viewOri=0.0, viewPos=None, viewScale=None, waitBlanking=True, winType='pyglet')
17.9698 	EXP 	window1: mouseVisible = True
17.9699 	EXP 	window1: recordFrameIntervals = False
18.1356 	EXP 	window1: recordFrameIntervals = True
18.3192 	DEBUG 	Screen (0) actual frame rate measured at 59.97
18.3193 	EXP 	window1: recordFrameIntervals = False
18.3972 	EXP 	Created IntroScreen = TextStim(__class__=<class 'psychopy.visual.text.TextStim'>, alignHoriz=method-wrapper(...), alignText='center', alignVert=method-wrapper(...), anchorHoriz='center', anchorVert='center', antialias=True, autoLog=True, bold=False, color='white', colorSpace='named', contrast=1.0, depth=0.0, flipHoriz=False, flipVert=False, font='Times New Roman', fontFiles=[], height=0.1, italic=False, languageStyle='LTR', name='IntroScreen', opacity=1.0, ori=0, pos=array([0., 0.]), rgb=array([255., 255., 255.]), text='Big 5 Test', units='height', win=Window(...), wrapWidth=1)
18.4448 	EXP 	Created instructions = TextStim(__class__=<class 'psychopy.visual.text.TextStim'>, alignHoriz=method-wrapper(...), alignText='center', alignVert=method-wrapper(...), anchorHoriz='center', anchorVert='center', antialias=True, autoLog=True, bold=False, color='white', colorSpace='named', contrast=1.0, depth=0.0, flipHoriz=False, flipVert=False, font='Times New Roman', fontFiles=[], height=0.1, italic=False, languageStyle='LTR', name='instructions', opacity=1.0, ori=0, pos=array([0., 0.]), rgb=array([255., 255., 255.]), text=str(...), units='height', win=Window(...), wrapWidth=1)
18.4729 	EXP 	Created scenario1 = TextStim(__class__=<class 'psychopy.visual.text.TextStim'>, alignHoriz=method-wrapper(...), alignText='center', alignVert=method-wrapper(...), anchorHoriz='center', anchorVert='center', antialias=True, autoLog=True, bold=False, color='white', colorSpace='named', contrast=1.0, depth=0.0, flipHoriz=False, flipVert=False, font='Times New Roman', fontFiles=[], height=0.06, italic=False, languageStyle='LTR', name='scenario1', opacity=1.0, ori=0, pos=array([0. , 0.2]), rgb=array([255., 255., 255.]), text='default text', units='height', win=Window(...), wrapWidth=1)
18.4808 	INFO 	Mouse: using default window
18.4810 	EXP 	window1: mouseVisible = True
18.4848 	EXP 	Created slider = Slider(__class__=<class 'psychopy.visual.slider.Slider'>, autoDraw=False, autoLog=True, color='LightGray', depth=0, flip=False, font='HelveticaBold', granularity=0, labelHeight=0.1, labelWrapWidth=None, labels=None, name='slider', pos=(0, -0.3), readOnly=False, self=UNKNOWN, size=(1.0, 0.1), style=method-wrapper(...), ticks=array([0. , 0.2, 0.4, 0.6, 0.8]), units='height', win=Window(...))
18.4902 	EXP 	Created notAtAll = TextStim(__class__=<class 'psychopy.visual.text.TextStim'>, alignHoriz=method-wrapper(...), alignText='center', alignVert=method-wrapper(...), anchorHoriz='center', anchorVert='center', antialias=True, autoLog=True, bold=False, color='white', colorSpace='named', contrast=1.0, depth=-2.0, flipHoriz=False, flipVert=False, font='Times New Roman', fontFiles=[], height=0.06, italic=False, languageStyle='LTR', name='notAtAll', opacity=1.0, ori=0, pos=array([-0.5, -0.2]), rgb=array([255., 255., 255.]), text='Not at All', units='height', win=Window(...), wrapWidth=1)
18.4939 	EXP 	Created veryMuch = TextStim(__class__=<class 'psychopy.visual.text.TextStim'>, alignHoriz=method-wrapper(...), alignText='center', alignVert=method-wrapper(...), anchorHoriz='center', anchorVert='center', antialias=True, autoLog=True, bold=False, color='white', colorSpace='named', contrast=1.0, depth=-3.0, flipHoriz=False, flipVert=False, font='Times New Roman', fontFiles=[], height=0.06, italic=False, languageStyle='LTR', name='veryMuch', opacity=1.0, ori=0, pos=array([ 0.5, -0.2]), rgb=array([255., 255., 255.]), text='Very much', units='height', win=Window(...), wrapWidth=1)
18.5032 	EXP 	window1: mouseVisible = True
18.5529 	EXP 	Created rating = RatingScale(__class__=type(...), acceptKeys=['return'], acceptPreText=UNKNOWN, acceptSize=UNKNOWN, acceptText='accept?', autoLog=True, choices=False, depth=0, disappear=False, flipVert=False, high=5, kwargs=UNKNOWN, labels=list(...), leftKeys=['left'], lineColor='White', low=1, marker=ShapeStim(...), markerColor='DarkBlue', markerExpansion=UNKNOWN, markerStart=None, maxTime=0.0, minTime=0.4, mouseOnly=False, name='rating', noMouse=False, pos=[0.0, -0.4], precision=1, respKeys=['1', '2', '3', '4', '5'], rightKeys=['right'], scale='', self=UNKNOWN, showAccept=True, showValue=True, singleClick=False, size=0.6, skipKeys=['tab'], stretch=1.0, textColor='LightGray', textFont='Helvetica Bold', textSize=0.12, tickHeight=1.0, tickMarks=4.0, win=Window(...))
18.5687 	EXP 	slider: autoLog = True
18.5687 	EXP 	slider: markerPos = None
18.5687 	EXP 	slider: rating = None
18.5687 	EXP 	slider: markerPos = None
18.5687 	EXP 	slider: contrast = 1.0
18.5687 	EXP 	slider: autoLog = True
18.5687 	EXP 	slider: style = ['rating']
18.5687 	EXP 	rating: flipVert = False
18.5687 	EXP 	rating: autoLog = True
18.5687 	EXP 	IntroScreen: autoDraw = True
19.0370 	DATA 	Keypress: space
19.0516 	EXP 	IntroScreen: autoDraw = False
19.0516 	EXP 	instructions: autoDraw = True
21.4785 	DEBUG 	Read Excel file with pandas: ../Library/CELSYS/spatialAnxietyScale1.xlsx
21.4812 	DEBUG 	Clearing unnamed columns from ../Library/CELSYS/spatialAnxietyScale1.xlsx
21.4816 	EXP 	Imported ../Library/CELSYS/spatialAnxietyScale1.xlsx as conditions, 8 conditions, 1 params
21.4819 	EXP 	Created sequence: random, trialTypes=8, nReps=1, seed=None
21.4822 	EXP 	New trial (rep=0, index=0): OrderedDict([('Scenario', 'Finding your way to an appointment in an area of a city or town with which you are not familiar. ')])
21.4979 	EXP 	RatingScale rating: reset()
21.5012 	DATA 	Keypress: space
21.5360 	EXP 	instructions: autoDraw = False
21.5360 	EXP 	scenario1: text = 'Finding your way to an appointment in an area of a city or town with which you are not familiar. '
21.5360 	EXP 	slider: markerPos = None
21.5360 	EXP 	slider: markerPos = None
21.5360 	EXP 	slider: rating = None
21.5360 	EXP 	scenario1: autoDraw = True
21.5360 	EXP 	slider: autoDraw = True
21.5360 	EXP 	notAtAll: autoDraw = True
21.5360 	EXP 	veryMuch: autoDraw = True
21.5360 	EXP 	rating: autoDraw = True
24.4737 	DATA 	Mouse: Left button down, pos=(508,280)
24.6384 	DATA 	Mouse:  Left button up, pos=(508,280)
25.1379 	DATA 	Mouse: Left button down, pos=(616,283)
25.2206 	DATA 	Mouse:  Left button up, pos=(616,283)
25.6043 	DATA 	Mouse: Left button down, pos=(726,273)
25.6720 	DATA 	Mouse:  Left button up, pos=(726,273)
26.0878 	DATA 	Mouse: Left button down, pos=(824,276)
26.1891 	DATA 	Mouse:  Left button up, pos=(824,276)
26.6198 	DATA 	Mouse: Left button down, pos=(908,277)
26.7530 	DATA 	Mouse:  Left button up, pos=(908,277)
31.0552 	DATA 	Keypress: escape
31.4288 	EXP 	window1: mouseVisible = True
31.4290 	DEBUG 	Saving data for Big5 ExperimentHandler
31.4297 	INFO 	saved data to /Users/sabrinado/Desktop/data/_Big5_2020_Oct_25_1842.psydat
31.4303 	INFO 	saved data to '/Users/sabrinado/Desktop/data/_Big5_2020_Oct_25_1842.csv'
