0.4003 	WARNING 	We strongly recommend you activate the PTB sound engine in PsychoPy prefs as the preferred audio engine. Its timing is vastly superior. Your prefs are currently set to use ['sounddevice', 'PTB', 'pyo', 'pygame'] (in that order).
4.0994 	INFO 	Loaded monitor calibration from ['2020_10_12 18:18']
5.1206 	EXP 	Created window1 = Window(allowGUI=True, allowStencil=False, args=UNKNOWN, autoLog=True, bitsMode=UNKNOWN, blendMode='avg', bpc=(8, 8, 8), color='black', colorSpace='named', depthBits=8, fullscr=<method-wrapper '__getattribute__' of attributeSetter object at 0x143017c50>, gamma=None, gammaErrorPolicy='raise', kwargs=UNKNOWN, lms=UNKNOWN, monitor=<psychopy.monitors.calibTools.Monitor object at 0x142f1cf98>, multiSample=False, name='window1', numSamples=2, pos=[360.0, 225.0], screen=0, size=array([2880, 1800]), stencilBits=0, stereo=False, units='height', useFBO=True, useRetina=True, viewOri=0.0, viewPos=None, viewScale=None, waitBlanking=True, winType='pyglet')
5.1209 	EXP 	window1: mouseVisible = True
5.1210 	EXP 	window1: recordFrameIntervals = False
5.2878 	EXP 	window1: recordFrameIntervals = True
5.6194 	DEBUG 	Screen (0) actual frame rate measured at 60.80
5.6195 	EXP 	window1: recordFrameIntervals = False
5.6985 	EXP 	Created IntroScreen = TextStim(__class__=<class 'psychopy.visual.text.TextStim'>, alignHoriz=method-wrapper(...), alignText='center', alignVert=method-wrapper(...), anchorHoriz='center', anchorVert='center', antialias=True, autoLog=True, bold=False, color='white', colorSpace='named', contrast=1.0, depth=0.0, flipHoriz=False, flipVert=False, font='Times New Roman', fontFiles=[], height=0.1, italic=False, languageStyle='LTR', name='IntroScreen', opacity=1.0, ori=0, pos=array([0., 0.]), rgb=array([255., 255., 255.]), text='Big 5 Test', units='height', win=Window(...), wrapWidth=1)
5.7461 	EXP 	Created instructions = TextStim(__class__=<class 'psychopy.visual.text.TextStim'>, alignHoriz=method-wrapper(...), alignText='center', alignVert=method-wrapper(...), anchorHoriz='center', anchorVert='center', antialias=True, autoLog=True, bold=False, color='white', colorSpace='named', contrast=1.0, depth=0.0, flipHoriz=False, flipVert=False, font='Times New Roman', fontFiles=[], height=0.1, italic=False, languageStyle='LTR', name='instructions', opacity=1.0, ori=0, pos=array([0., 0.]), rgb=array([255., 255., 255.]), text=str(...), units='height', win=Window(...), wrapWidth=1)
5.7737 	EXP 	Created scenario1 = TextStim(__class__=<class 'psychopy.visual.text.TextStim'>, alignHoriz=method-wrapper(...), alignText='center', alignVert=method-wrapper(...), anchorHoriz='center', anchorVert='center', antialias=True, autoLog=True, bold=False, color='white', colorSpace='named', contrast=1.0, depth=0.0, flipHoriz=False, flipVert=False, font='Times New Roman', fontFiles=[], height=0.06, italic=False, languageStyle='LTR', name='scenario1', opacity=1.0, ori=0, pos=array([0. , 0.2]), rgb=array([255., 255., 255.]), text='default text', units='height', win=Window(...), wrapWidth=1)
5.7794 	EXP 	Created notAtAll = TextStim(__class__=<class 'psychopy.visual.text.TextStim'>, alignHoriz=method-wrapper(...), alignText='center', alignVert=method-wrapper(...), anchorHoriz='center', anchorVert='center', antialias=True, autoLog=True, bold=False, color='white', colorSpace='named', contrast=1.0, depth=-1.0, flipHoriz=False, flipVert=False, font='Times New Roman', fontFiles=[], height=0.03, italic=False, languageStyle='LTR', name='notAtAll', opacity=1.0, ori=0, pos=array([-0.4, -0.2]), rgb=array([255., 255., 255.]), text='Not at All', units='height', win=Window(...), wrapWidth=1)
5.7844 	EXP 	Created veryMuch = TextStim(__class__=<class 'psychopy.visual.text.TextStim'>, alignHoriz=method-wrapper(...), alignText='center', alignVert=method-wrapper(...), anchorHoriz='center', anchorVert='center', antialias=True, autoLog=True, bold=False, color='white', colorSpace='named', contrast=1.0, depth=-2.0, flipHoriz=False, flipVert=False, font='Times New Roman', fontFiles=[], height=0.03, italic=False, languageStyle='LTR', name='veryMuch', opacity=1.0, ori=0, pos=array([ 0.4, -0.2]), rgb=array([255., 255., 255.]), text='Very much', units='height', win=Window(...), wrapWidth=1)
5.7925 	EXP 	window1: mouseVisible = True
5.8128 	EXP 	Created rating = RatingScale(__class__=type(...), acceptKeys=['return'], acceptPreText=UNKNOWN, acceptSize=UNKNOWN, acceptText='accept?', autoLog=True, choices=False, depth=0, disappear=False, flipVert=False, high=5, kwargs=UNKNOWN, labels=list(...), leftKeys=['left'], lineColor='White', low=1, marker=ShapeStim(...), markerColor='DarkBlue', markerExpansion=UNKNOWN, markerStart=None, maxTime=0.0, minTime=0.4, mouseOnly=False, name='rating', noMouse=False, pos=[0.0, -0.4], precision=1, respKeys=['1', '2', '3', '4', '5'], rightKeys=['right'], scale='', self=UNKNOWN, showAccept=True, showValue=True, singleClick=False, size=0.6, skipKeys=['tab'], stretch=1.0, textColor='LightGray', textFont='Helvetica Bold', textSize=0.12, tickHeight=1.0, tickMarks=4.0, win=Window(...))
5.8355 	EXP 	rating: flipVert = False
5.8355 	EXP 	rating: autoLog = True
5.8355 	EXP 	IntroScreen: autoDraw = True
8.9374 	DATA 	Keypress: space
8.9553 	EXP 	IntroScreen: autoDraw = False
8.9553 	EXP 	instructions: autoDraw = True
9.2659 	DEBUG 	Read Excel file with pandas: ../Library/CELSYS/spatialAnxietyScale1.xlsx
9.2684 	DEBUG 	Clearing unnamed columns from ../Library/CELSYS/spatialAnxietyScale1.xlsx
9.2688 	EXP 	Imported ../Library/CELSYS/spatialAnxietyScale1.xlsx as conditions, 8 conditions, 1 params
9.2692 	EXP 	Created sequence: random, trialTypes=8, nReps=1, seed=None
9.2695 	EXP 	New trial (rep=0, index=0): OrderedDict([('Scenario', 'Finding your way out of a complex arrangement of offices that you have visited for the first time.')])
9.2851 	EXP 	RatingScale rating: reset()
9.2959 	DATA 	Keypress: space
9.3223 	EXP 	instructions: autoDraw = False
9.3223 	EXP 	scenario1: text = 'Finding your way out of a complex arrangement of offices that you have visited for the first time.'
9.3223 	EXP 	scenario1: autoDraw = True
9.3223 	EXP 	notAtAll: autoDraw = True
9.3223 	EXP 	veryMuch: autoDraw = True
9.3223 	EXP 	rating: autoDraw = True
10.7587 	DATA 	Mouse: Left button down, pos=(511,289)
10.8439 	DATA 	Mouse:  Left button up, pos=(511,289)
11.3608 	DATA 	Mouse: Left button down, pos=(673,175)
11.3752 	DATA 	RatingScale rating: (mouse response) rating=1
11.3752 	DATA 	RatingScale rating: rating RT=2.089
11.3753 	DATA 	RatingScale rating: history=[(None, 0.0), (1, 1.474), (1, 2.089)]
11.3932 	EXP 	New trial (rep=0, index=1): OrderedDict([('Scenario', 'Finding your way back to a familiar area after realizing you have made a wrong turn and become lost while driving.')])
11.4097 	EXP 	RatingScale rating: reset()
11.4220 	EXP 	scenario1: autoDraw = False
11.4220 	EXP 	notAtAll: autoDraw = False
11.4220 	EXP 	veryMuch: autoDraw = False
11.4220 	EXP 	rating: autoDraw = False
11.4220 	EXP 	scenario1: text = 'Finding your way back to a familiar area after realizing you have made a wrong turn and become lost while driving.'
11.4220 	EXP 	scenario1: autoDraw = True
11.4220 	EXP 	notAtAll: autoDraw = True
11.4220 	EXP 	veryMuch: autoDraw = True
11.4220 	EXP 	rating: autoDraw = True
11.4419 	DATA 	Mouse:  Left button up, pos=(673,175)
12.0086 	DATA 	Mouse: Left button down, pos=(712,274)
12.1106 	DATA 	Mouse:  Left button up, pos=(712,274)
12.5427 	DATA 	Mouse: Left button down, pos=(710,183)
12.5438 	DATA 	RatingScale rating: (mouse response) rating=3
12.5438 	DATA 	RatingScale rating: rating RT=1.133
12.5439 	DATA 	RatingScale rating: history=[(None, 0.0), (3, 0.599), (3, 1.133)]
12.5582 	EXP 	New trial (rep=0, index=2): OrderedDict([('Scenario', 'Pointing in the direction of a place outside that someone wants to get to and has asked you for directions, when you are in a windowless room.')])
12.5741 	EXP 	RatingScale rating: reset()
12.5887 	EXP 	scenario1: autoDraw = False
12.5887 	EXP 	notAtAll: autoDraw = False
12.5887 	EXP 	veryMuch: autoDraw = False
12.5887 	EXP 	rating: autoDraw = False
12.5887 	EXP 	scenario1: text = 'Pointing in the direction of a place outside that someone wants to get to and has asked you for directions, when you are in a windowless room.'
12.5887 	EXP 	scenario1: autoDraw = True
12.5887 	EXP 	notAtAll: autoDraw = True
12.5887 	EXP 	veryMuch: autoDraw = True
12.5887 	EXP 	rating: autoDraw = True
12.6263 	DATA 	Mouse:  Left button up, pos=(710,183)
13.4933 	DATA 	Mouse: Left button down, pos=(933,270)
13.5928 	DATA 	Mouse:  Left button up, pos=(933,269)
14.0923 	DATA 	Mouse: Left button down, pos=(797,178)
14.0934 	DATA 	RatingScale rating: (mouse response) rating=5
14.0935 	DATA 	RatingScale rating: rating RT=1.519
14.0935 	DATA 	RatingScale rating: history=[(None, 0.0), (5, 0.92), (5, 1.519)]
14.1083 	EXP 	New trial (rep=0, index=3): OrderedDict([('Scenario', 'Finding your way to an appointment in an area of a city or town with which you are not familiar. ')])
14.1202 	EXP 	RatingScale rating: reset()
14.1383 	EXP 	scenario1: autoDraw = False
14.1383 	EXP 	notAtAll: autoDraw = False
14.1383 	EXP 	veryMuch: autoDraw = False
14.1383 	EXP 	rating: autoDraw = False
14.1383 	EXP 	scenario1: text = 'Finding your way to an appointment in an area of a city or town with which you are not familiar. '
14.1383 	EXP 	scenario1: autoDraw = True
14.1383 	EXP 	notAtAll: autoDraw = True
14.1383 	EXP 	veryMuch: autoDraw = True
14.1383 	EXP 	rating: autoDraw = True
14.1933 	DATA 	Mouse:  Left button up, pos=(797,178)
15.3251 	DATA 	Keypress: escape
15.7014 	EXP 	window1: mouseVisible = True
15.7015 	DEBUG 	Saving data for Big5 ExperimentHandler
15.7028 	INFO 	saved data to /Users/sabrinado/Desktop/data/_Big5_2020_Oct_25_1856.psydat
15.7037 	INFO 	saved data to '/Users/sabrinado/Desktop/data/_Big5_2020_Oct_25_1856.csv'
