0.2948 	WARNING 	We strongly recommend you activate the PTB sound engine in PsychoPy prefs as the preferred audio engine. Its timing is vastly superior. Your prefs are currently set to use ['sounddevice', 'PTB', 'pyo', 'pygame'] (in that order).
4.3946 	INFO 	Loaded monitor calibration from ['2020_10_12 18:18']
5.1747 	EXP 	Created window1 = Window(allowGUI=False, allowStencil=False, args=UNKNOWN, autoLog=True, bitsMode=UNKNOWN, blendMode='avg', bpc=(8, 8, 8), color='white', colorSpace='named', depthBits=8, fullscr=<method-wrapper '__getattribute__' of attributeSetter object at 0x1418d7c88>, gamma=None, gammaErrorPolicy='raise', kwargs=UNKNOWN, lms=UNKNOWN, monitor=<psychopy.monitors.calibTools.Monitor object at 0x141844ac8>, multiSample=False, name='window1', numSamples=2, pos=[360.0, 225.0], screen=0, size=array([2880, 1800]), stencilBits=0, stereo=False, units='height', useFBO=True, useRetina=True, viewOri=0.0, viewPos=None, viewScale=None, waitBlanking=True, winType='pyglet')
5.1751 	EXP 	window1: mouseVisible = True
5.1751 	EXP 	window1: recordFrameIntervals = False
5.3521 	EXP 	window1: recordFrameIntervals = True
5.6560 	DEBUG 	Screen (0) actual frame rate measured at 59.66
5.6561 	EXP 	window1: recordFrameIntervals = False
5.7325 	EXP 	Created IntroScreen = TextStim(__class__=<class 'psychopy.visual.text.TextStim'>, alignHoriz=method-wrapper(...), alignText='center', alignVert=method-wrapper(...), anchorHoriz='center', anchorVert='center', antialias=True, autoLog=True, bold=False, color='black', colorSpace='named', contrast=1.0, depth=0.0, flipHoriz=False, flipVert=False, font='Times New Roman', fontFiles=[], height=0.1, italic=False, languageStyle='LTR', name='IntroScreen', opacity=1.0, ori=0, pos=array([0., 0.]), rgb=array([0., 0., 0.]), text='Big 5 Test', units='height', win=Window(...), wrapWidth=1)
5.7826 	EXP 	Created instructions = TextStim(__class__=<class 'psychopy.visual.text.TextStim'>, alignHoriz=method-wrapper(...), alignText='center', alignVert=method-wrapper(...), anchorHoriz='center', anchorVert='center', antialias=True, autoLog=True, bold=False, color='black', colorSpace='named', contrast=1.0, depth=0.0, flipHoriz=False, flipVert=False, font='Times New Roman', fontFiles=[], height=0.1, italic=False, languageStyle='LTR', name='instructions', opacity=1.0, ori=0, pos=array([0., 0.]), rgb=array([0., 0., 0.]), text=str(...), units='height', win=Window(...), wrapWidth=1)
5.8120 	EXP 	Created scenario1 = TextStim(__class__=<class 'psychopy.visual.text.TextStim'>, alignHoriz=method-wrapper(...), alignText='center', alignVert=method-wrapper(...), anchorHoriz='center', anchorVert='center', antialias=True, autoLog=True, bold=False, color='black', colorSpace='named', contrast=1.0, depth=0.0, flipHoriz=False, flipVert=False, font='Times New Roman', fontFiles=[], height=0.06, italic=False, languageStyle='LTR', name='scenario1', opacity=1.0, ori=0, pos=array([0. , 0.2]), rgb=array([0., 0., 0.]), text='text', units='height', win=Window(...), wrapWidth=1)
5.8202 	INFO 	Mouse: using default window
5.8203 	EXP 	window1: mouseVisible = True
5.8243 	EXP 	Created slider = Slider(__class__=<class 'psychopy.visual.slider.Slider'>, autoDraw=False, autoLog=True, color='LightGray', depth=0, flip=False, font='HelveticaBold', granularity=0, labelHeight=0.1, labelWrapWidth=None, labels=None, name='slider', pos=(0, -0.3), readOnly=False, self=UNKNOWN, size=(1.0, 0.1), style=method-wrapper(...), ticks=array([0. , 0.2, 0.4, 0.6, 0.8]), units='height', win=Window(...))
5.8304 	EXP 	Created notAtAll = TextStim(__class__=<class 'psychopy.visual.text.TextStim'>, alignHoriz=method-wrapper(...), alignText='center', alignVert=method-wrapper(...), anchorHoriz='center', anchorVert='center', antialias=True, autoLog=True, bold=False, color='black', colorSpace='named', contrast=1.0, depth=-2.0, flipHoriz=False, flipVert=False, font='Times New Roman', fontFiles=[], height=0.06, italic=False, languageStyle='LTR', name='notAtAll', opacity=1.0, ori=0, pos=array([-0.5, -0.2]), rgb=array([0., 0., 0.]), text='Not at All', units='height', win=Window(...), wrapWidth=1)
5.8350 	EXP 	Created veryMuch = TextStim(__class__=<class 'psychopy.visual.text.TextStim'>, alignHoriz=method-wrapper(...), alignText='center', alignVert=method-wrapper(...), anchorHoriz='center', anchorVert='center', antialias=True, autoLog=True, bold=False, color='black', colorSpace='named', contrast=1.0, depth=-3.0, flipHoriz=False, flipVert=False, font='Times New Roman', fontFiles=[], height=0.06, italic=False, languageStyle='LTR', name='veryMuch', opacity=1.0, ori=0, pos=array([ 0.5, -0.2]), rgb=array([0., 0., 0.]), text='Very much', units='height', win=Window(...), wrapWidth=1)
5.8546 	EXP 	slider: autoLog = True
5.8546 	EXP 	slider: markerPos = None
5.8546 	EXP 	slider: rating = None
5.8546 	EXP 	slider: markerPos = None
5.8546 	EXP 	slider: contrast = 1.0
5.8546 	EXP 	slider: autoLog = True
5.8546 	EXP 	slider: style = ['rating']
5.8546 	EXP 	IntroScreen: autoDraw = True
6.3870 	DATA 	Keypress: space
6.4050 	EXP 	IntroScreen: autoDraw = False
6.4050 	EXP 	instructions: autoDraw = True
7.6934 	DATA 	Keypress: space
7.7227 	EXP 	instructions: autoDraw = False
7.7227 	EXP 	slider: markerPos = None
7.7227 	EXP 	slider: markerPos = None
7.7227 	EXP 	slider: rating = None
7.7227 	EXP 	scenario1: autoDraw = True
7.7227 	EXP 	slider: autoDraw = True
7.7227 	EXP 	notAtAll: autoDraw = True
7.7227 	EXP 	veryMuch: autoDraw = True
9.8415 	DATA 	Mouse: Left button down, pos=(498,178)
9.8720 	EXP 	slider: markerPos = 0.20266666666666666
9.8890 	EXP 	slider: markerPos = 0.20266666666666666
9.9054 	EXP 	slider: markerPos = 0.20266666666666666
9.9218 	EXP 	slider: markerPos = 0.20266666666666666
9.9382 	EXP 	slider: markerPos = 0.20266666666666666
9.9546 	EXP 	slider: markerPos = 0.20266666666666666
9.9719 	EXP 	slider: markerPos = 0.20266666666666666
9.9879 	EXP 	slider: markerPos = 0.20266666666666666
9.9898 	DATA 	Mouse:  Left button up, pos=(498,178)
10.0056 	EXP 	slider: markerPos = 0.20266666666666666
10.0056 	EXP 	slider: rating = 0.20266666666666666
10.0221 	EXP 	scenario1: autoDraw = False
10.0221 	EXP 	slider: autoDraw = False
10.0221 	EXP 	notAtAll: autoDraw = False
10.0221 	EXP 	veryMuch: autoDraw = False
10.0234 	INFO 	saved data to '/Users/sabrinado/Desktop/data/_Big5_2020_Oct_25_1810.csv'
10.0242 	INFO 	saved data to /Users/sabrinado/Desktop/data/_Big5_2020_Oct_25_1810.psydat
10.3374 	EXP 	window1: mouseVisible = True
10.3377 	DEBUG 	Saving data for Big5 ExperimentHandler
0.2973 	WARNING 	We strongly recommend you activate the PTB sound engine in PsychoPy prefs as the preferred audio engine. Its timing is vastly superior. Your prefs are currently set to use ['sounddevice', 'PTB', 'pyo', 'pygame'] (in that order).
3.3269 	INFO 	Loaded monitor calibration from ['2020_10_12 18:18']
4.1292 	EXP 	Created window1 = Window(allowGUI=False, allowStencil=False, args=UNKNOWN, autoLog=True, bitsMode=UNKNOWN, blendMode='avg', bpc=(8, 8, 8), color='white', colorSpace='named', depthBits=8, fullscr=<method-wrapper '__getattribute__' of attributeSetter object at 0x1427d7c88>, gamma=None, gammaErrorPolicy='raise', kwargs=UNKNOWN, lms=UNKNOWN, monitor=<psychopy.monitors.calibTools.Monitor object at 0x14271bfd0>, multiSample=False, name='window1', numSamples=2, pos=[360.0, 225.0], screen=0, size=array([2880, 1800]), stencilBits=0, stereo=False, units='height', useFBO=True, useRetina=True, viewOri=0.0, viewPos=None, viewScale=None, waitBlanking=True, winType='pyglet')
4.1296 	EXP 	window1: mouseVisible = True
4.1297 	EXP 	window1: recordFrameIntervals = False
4.3118 	EXP 	window1: recordFrameIntervals = True
4.4948 	DEBUG 	Screen (0) actual frame rate measured at 60.27
4.4948 	EXP 	window1: recordFrameIntervals = False
4.5763 	EXP 	Created IntroScreen = TextStim(__class__=<class 'psychopy.visual.text.TextStim'>, alignHoriz=method-wrapper(...), alignText='center', alignVert=method-wrapper(...), anchorHoriz='center', anchorVert='center', antialias=True, autoLog=True, bold=False, color='black', colorSpace='named', contrast=1.0, depth=0.0, flipHoriz=False, flipVert=False, font='Times New Roman', fontFiles=[], height=0.1, italic=False, languageStyle='LTR', name='IntroScreen', opacity=1.0, ori=0, pos=array([0., 0.]), rgb=array([0., 0., 0.]), text='Big 5 Test', units='height', win=Window(...), wrapWidth=1)
4.6249 	EXP 	Created instructions = TextStim(__class__=<class 'psychopy.visual.text.TextStim'>, alignHoriz=method-wrapper(...), alignText='center', alignVert=method-wrapper(...), anchorHoriz='center', anchorVert='center', antialias=True, autoLog=True, bold=False, color='black', colorSpace='named', contrast=1.0, depth=0.0, flipHoriz=False, flipVert=False, font='Times New Roman', fontFiles=[], height=0.1, italic=False, languageStyle='LTR', name='instructions', opacity=1.0, ori=0, pos=array([0., 0.]), rgb=array([0., 0., 0.]), text=str(...), units='height', win=Window(...), wrapWidth=1)
4.6507 	EXP 	Created scenario1 = TextStim(__class__=<class 'psychopy.visual.text.TextStim'>, alignHoriz=method-wrapper(...), alignText='center', alignVert=method-wrapper(...), anchorHoriz='center', anchorVert='center', antialias=True, autoLog=True, bold=False, color='black', colorSpace='named', contrast=1.0, depth=0.0, flipHoriz=False, flipVert=False, font='Times New Roman', fontFiles=[], height=0.06, italic=False, languageStyle='LTR', name='scenario1', opacity=1.0, ori=0, pos=array([0. , 0.2]), rgb=array([0., 0., 0.]), text='text', units='height', win=Window(...), wrapWidth=1)
4.6584 	INFO 	Mouse: using default window
4.6586 	EXP 	window1: mouseVisible = True
4.6630 	EXP 	Created slider = Slider(__class__=<class 'psychopy.visual.slider.Slider'>, autoDraw=False, autoLog=True, color='LightGray', depth=0, flip=False, font='HelveticaBold', granularity=0, labelHeight=0.1, labelWrapWidth=None, labels=None, name='slider', pos=(0, -0.3), readOnly=False, self=UNKNOWN, size=(1.0, 0.1), style=method-wrapper(...), ticks=array([0. , 0.2, 0.4, 0.6, 0.8]), units='height', win=Window(...))
4.6690 	EXP 	Created notAtAll = TextStim(__class__=<class 'psychopy.visual.text.TextStim'>, alignHoriz=method-wrapper(...), alignText='center', alignVert=method-wrapper(...), anchorHoriz='center', anchorVert='center', antialias=True, autoLog=True, bold=False, color='black', colorSpace='named', contrast=1.0, depth=-2.0, flipHoriz=False, flipVert=False, font='Times New Roman', fontFiles=[], height=0.06, italic=False, languageStyle='LTR', name='notAtAll', opacity=1.0, ori=0, pos=array([-0.5, -0.2]), rgb=array([0., 0., 0.]), text='Not at All', units='height', win=Window(...), wrapWidth=1)
4.6729 	EXP 	Created veryMuch = TextStim(__class__=<class 'psychopy.visual.text.TextStim'>, alignHoriz=method-wrapper(...), alignText='center', alignVert=method-wrapper(...), anchorHoriz='center', anchorVert='center', antialias=True, autoLog=True, bold=False, color='black', colorSpace='named', contrast=1.0, depth=-3.0, flipHoriz=False, flipVert=False, font='Times New Roman', fontFiles=[], height=0.06, italic=False, languageStyle='LTR', name='veryMuch', opacity=1.0, ori=0, pos=array([ 0.5, -0.2]), rgb=array([0., 0., 0.]), text='Very much', units='height', win=Window(...), wrapWidth=1)
4.6951 	EXP 	slider: autoLog = True
4.6951 	EXP 	slider: markerPos = None
4.6951 	EXP 	slider: rating = None
4.6951 	EXP 	slider: markerPos = None
4.6951 	EXP 	slider: contrast = 1.0
4.6951 	EXP 	slider: autoLog = True
4.6951 	EXP 	slider: style = ['rating']
4.6951 	EXP 	IntroScreen: autoDraw = True
5.0140 	DATA 	Keypress: space
5.0288 	EXP 	IntroScreen: autoDraw = False
5.0288 	EXP 	instructions: autoDraw = True
5.3007 	DATA 	Keypress: space
5.3311 	EXP 	instructions: autoDraw = False
5.3311 	EXP 	slider: markerPos = None
5.3311 	EXP 	slider: markerPos = None
5.3311 	EXP 	slider: rating = None
5.3311 	EXP 	scenario1: autoDraw = True
5.3311 	EXP 	slider: autoDraw = True
5.3311 	EXP 	notAtAll: autoDraw = True
5.3311 	EXP 	veryMuch: autoDraw = True
9.7637 	DATA 	Mouse: Left button down, pos=(576,183)
9.7952 	EXP 	slider: markerPos = 0.27199999999999996
9.8117 	EXP 	slider: markerPos = 0.27199999999999996
9.8284 	EXP 	slider: markerPos = 0.27199999999999996
9.8449 	EXP 	slider: markerPos = 0.27199999999999996
9.8618 	EXP 	slider: markerPos = 0.27199999999999996
9.8777 	EXP 	slider: markerPos = 0.27199999999999996
9.8944 	EXP 	slider: markerPos = 0.27199999999999996
9.9116 	EXP 	slider: markerPos = 0.2737777777777778
9.9278 	EXP 	slider: markerPos = 0.2773333333333334
9.9452 	EXP 	slider: markerPos = 0.29155555555555557
9.9622 	EXP 	slider: markerPos = 0.3022222222222222
9.9793 	EXP 	slider: markerPos = 0.3208888888888889
9.9951 	EXP 	slider: markerPos = 0.33333333333333337
10.0119 	EXP 	slider: markerPos = 0.3528888888888889
10.0270 	EXP 	slider: markerPos = 0.3751111111111112
10.0453 	EXP 	slider: markerPos = 0.3848888888888889
10.0616 	EXP 	slider: markerPos = 0.3937777777777778
10.0780 	EXP 	slider: markerPos = 0.39822222222222226
10.0954 	EXP 	slider: markerPos = 0.4
10.1117 	EXP 	slider: markerPos = 0.40088888888888885
10.1283 	EXP 	slider: markerPos = 0.4026666666666667
10.1453 	EXP 	slider: markerPos = 0.40622222222222226
10.1616 	EXP 	slider: markerPos = 0.4115555555555556
10.1782 	EXP 	slider: markerPos = 0.41688888888888886
10.1947 	EXP 	slider: markerPos = 0.4231111111111111
10.2112 	EXP 	slider: markerPos = 0.42844444444444446
10.2284 	EXP 	slider: markerPos = 0.43200000000000005
10.2453 	EXP 	slider: markerPos = 0.43555555555555553
10.2619 	EXP 	slider: markerPos = 0.4382222222222223
10.2787 	EXP 	slider: markerPos = 0.4391111111111111
10.2937 	EXP 	slider: markerPos = 0.4391111111111111
10.3111 	EXP 	slider: markerPos = 0.44000000000000006
10.3280 	EXP 	slider: markerPos = 0.44000000000000006
10.3447 	EXP 	slider: markerPos = 0.44000000000000006
10.3616 	EXP 	slider: markerPos = 0.44000000000000006
10.3781 	EXP 	slider: markerPos = 0.44000000000000006
10.3952 	EXP 	slider: markerPos = 0.44000000000000006
10.4119 	EXP 	slider: markerPos = 0.4408888888888889
10.4289 	EXP 	slider: markerPos = 0.44533333333333336
10.4447 	EXP 	slider: markerPos = 0.45955555555555555
10.4612 	EXP 	slider: markerPos = 0.47111111111111115
10.4779 	EXP 	slider: markerPos = 0.4817777777777778
10.4950 	EXP 	slider: markerPos = 0.49244444444444446
10.5110 	EXP 	slider: markerPos = 0.5004444444444445
10.5284 	EXP 	slider: markerPos = 0.5084444444444445
10.5457 	EXP 	slider: markerPos = 0.5128888888888888
10.5626 	EXP 	slider: markerPos = 0.5164444444444445
10.5785 	EXP 	slider: markerPos = 0.5182222222222223
10.5944 	EXP 	slider: markerPos = 0.5182222222222223
10.6120 	EXP 	slider: markerPos = 0.5191111111111111
10.6280 	EXP 	slider: markerPos = 0.5191111111111111
10.6444 	EXP 	slider: markerPos = 0.5191111111111111
10.6617 	EXP 	slider: markerPos = 0.5191111111111111
10.6784 	EXP 	slider: markerPos = 0.5191111111111111
10.6952 	EXP 	slider: markerPos = 0.5191111111111111
10.7116 	EXP 	slider: markerPos = 0.5191111111111111
10.7278 	EXP 	slider: markerPos = 0.5191111111111111
10.7451 	EXP 	slider: markerPos = 0.5191111111111111
10.7613 	EXP 	slider: markerPos = 0.5191111111111111
10.7780 	EXP 	slider: markerPos = 0.5191111111111111
10.7946 	EXP 	slider: markerPos = 0.5173333333333334
10.8117 	EXP 	slider: markerPos = 0.5155555555555555
10.8282 	EXP 	slider: markerPos = 0.5137777777777778
10.8452 	EXP 	slider: markerPos = 0.5111111111111111
10.8617 	EXP 	slider: markerPos = 0.5084444444444445
10.8780 	EXP 	slider: markerPos = 0.5057777777777778
10.8953 	EXP 	slider: markerPos = 0.504
10.9112 	EXP 	slider: markerPos = 0.4977777777777778
10.9284 	EXP 	slider: markerPos = 0.49244444444444446
10.9451 	EXP 	slider: markerPos = 0.48444444444444446
10.9623 	EXP 	slider: markerPos = 0.47466666666666674
10.9791 	EXP 	slider: markerPos = 0.4657777777777778
10.9955 	EXP 	slider: markerPos = 0.45600000000000007
11.0116 	EXP 	slider: markerPos = 0.4426666666666667
11.0278 	EXP 	slider: markerPos = 0.43555555555555553
11.0439 	EXP 	slider: markerPos = 0.42844444444444446
11.0611 	EXP 	slider: markerPos = 0.4222222222222223
11.0785 	EXP 	slider: markerPos = 0.4151111111111111
11.0951 	EXP 	slider: markerPos = 0.4106666666666667
11.1123 	EXP 	slider: markerPos = 0.40622222222222226
11.1289 	EXP 	slider: markerPos = 0.4026666666666667
11.1452 	EXP 	slider: markerPos = 0.3973333333333333
11.1614 	EXP 	slider: markerPos = 0.3946666666666667
11.1786 	EXP 	slider: markerPos = 0.39111111111111113
11.1953 	EXP 	slider: markerPos = 0.3884444444444445
11.2113 	EXP 	slider: markerPos = 0.3866666666666667
11.2284 	EXP 	slider: markerPos = 0.3848888888888889
11.2452 	EXP 	slider: markerPos = 0.3848888888888889
11.2616 	EXP 	slider: markerPos = 0.384
11.2782 	EXP 	slider: markerPos = 0.384
11.2943 	EXP 	slider: markerPos = 0.3831111111111111
11.3118 	EXP 	slider: markerPos = 0.3831111111111111
11.3280 	EXP 	slider: markerPos = 0.3831111111111111
11.3441 	EXP 	slider: markerPos = 0.3831111111111111
11.3609 	EXP 	slider: markerPos = 0.3831111111111111
11.3786 	EXP 	slider: markerPos = 0.3831111111111111
11.3953 	EXP 	slider: markerPos = 0.38222222222222224
11.4117 	EXP 	slider: markerPos = 0.38222222222222224
11.4281 	EXP 	slider: markerPos = 0.38222222222222224
11.4443 	EXP 	slider: markerPos = 0.38222222222222224
11.4612 	EXP 	slider: markerPos = 0.38133333333333336
11.4776 	EXP 	slider: markerPos = 0.3804444444444445
11.4951 	EXP 	slider: markerPos = 0.37777777777777777
11.5116 	EXP 	slider: markerPos = 0.37422222222222223
11.5286 	EXP 	slider: markerPos = 0.36977777777777776
11.5455 	EXP 	slider: markerPos = 0.3626666666666667
11.5617 	EXP 	slider: markerPos = 0.35644444444444445
11.5781 	EXP 	slider: markerPos = 0.3448888888888889
11.5940 	EXP 	slider: markerPos = 0.33511111111111114
11.6113 	EXP 	slider: markerPos = 0.32533333333333336
11.6277 	EXP 	slider: markerPos = 0.3191111111111111
11.6444 	EXP 	slider: markerPos = 0.3137777777777778
11.6618 	EXP 	slider: markerPos = 0.30933333333333335
11.6786 	EXP 	slider: markerPos = 0.30488888888888893
11.6954 	EXP 	slider: markerPos = 0.30133333333333334
11.7118 	EXP 	slider: markerPos = 0.2951111111111111
11.7282 	EXP 	slider: markerPos = 0.29155555555555557
11.7443 	EXP 	slider: markerPos = 0.2888888888888889
11.7617 	EXP 	slider: markerPos = 0.28711111111111115
11.7784 	EXP 	slider: markerPos = 0.2862222222222222
11.7951 	EXP 	slider: markerPos = 0.2853333333333334
11.8116 	EXP 	slider: markerPos = 0.28444444444444444
11.8283 	EXP 	slider: markerPos = 0.28355555555555556
11.8448 	EXP 	slider: markerPos = 0.2826666666666667
11.8607 	EXP 	slider: markerPos = 0.2817777777777778
11.8775 	EXP 	slider: markerPos = 0.2808888888888889
11.8941 	EXP 	slider: markerPos = 0.27999999999999997
11.9111 	EXP 	slider: markerPos = 0.2782222222222222
11.9282 	EXP 	slider: markerPos = 0.2773333333333334
11.9449 	EXP 	slider: markerPos = 0.27644444444444444
11.9616 	EXP 	slider: markerPos = 0.2737777777777778
11.9783 	EXP 	slider: markerPos = 0.27022222222222225
11.9941 	EXP 	slider: markerPos = 0.26222222222222225
12.0116 	EXP 	slider: markerPos = 0.25955555555555554
12.0283 	EXP 	slider: markerPos = 0.2506666666666667
12.0446 	EXP 	slider: markerPos = 0.2426666666666667
12.0610 	EXP 	slider: markerPos = 0.23377777777777778
12.0783 	EXP 	slider: markerPos = 0.21688888888888888
12.0953 	EXP 	slider: markerPos = 0.19911111111111113
12.1121 	EXP 	slider: markerPos = 0.17688888888888887
12.1272 	EXP 	slider: markerPos = 0.1511111111111111
12.1441 	EXP 	slider: markerPos = 0.12266666666666666
12.1611 	EXP 	slider: markerPos = 0.08088888888888889
12.1778 	EXP 	slider: markerPos = 0.05511111111111111
12.1944 	EXP 	slider: markerPos = 0.039111111111111097
12.2114 	EXP 	slider: markerPos = 0.019555555555555548
12.2284 	EXP 	slider: markerPos = -0.004444444444444429
12.2450 	EXP 	slider: markerPos = -0.016888888888888866
12.2617 	EXP 	slider: markerPos = -0.03111111111111109
12.2778 	EXP 	slider: markerPos = -0.045333333333333316
12.2947 	EXP 	slider: markerPos = -0.05955555555555554
12.3113 	EXP 	slider: markerPos = -0.0666666666666667
12.3281 	EXP 	slider: markerPos = -0.07022222222222219
12.3449 	EXP 	slider: markerPos = -0.07199999999999998
12.3618 	EXP 	slider: markerPos = -0.07288888888888892
12.3785 	EXP 	slider: markerPos = -0.07288888888888892
12.3948 	EXP 	slider: markerPos = -0.07288888888888892
12.4118 	EXP 	slider: markerPos = -0.07288888888888892
12.4283 	EXP 	slider: markerPos = -0.07111111111111112
12.4446 	EXP 	slider: markerPos = -0.06933333333333334
12.4609 	EXP 	slider: markerPos = -0.06755555555555555
12.4777 	EXP 	slider: markerPos = -0.06577777777777775
12.4941 	EXP 	slider: markerPos = -0.06311111111111112
12.5111 	EXP 	slider: markerPos = -0.06044444444444448
12.5283 	EXP 	slider: markerPos = -0.056888888888888905
12.5448 	EXP 	slider: markerPos = -0.051555555555555535
12.5617 	EXP 	slider: markerPos = -0.04266666666666668
12.5778 	EXP 	slider: markerPos = -0.02400000000000002
12.5951 	EXP 	slider: markerPos = -0.008000000000000007
12.6117 	EXP 	slider: markerPos = 0.011555555555555541
12.6281 	EXP 	slider: markerPos = 0.03022222222222224
12.6449 	EXP 	slider: markerPos = 0.05155555555555558
12.6614 	EXP 	slider: markerPos = 0.07377777777777776
12.6786 	EXP 	slider: markerPos = 0.0968888888888889
12.6953 	EXP 	slider: markerPos = 0.11911111111111113
12.7107 	EXP 	slider: markerPos = 0.1528888888888889
12.7278 	EXP 	slider: markerPos = 0.17511111111111113
12.7445 	EXP 	slider: markerPos = 0.19644444444444448
12.7607 	EXP 	slider: markerPos = 0.21600000000000003
12.7779 	EXP 	slider: markerPos = 0.2293333333333333
12.7951 	EXP 	slider: markerPos = 0.25244444444444447
12.8115 	EXP 	slider: markerPos = 0.27199999999999996
12.8284 	EXP 	slider: markerPos = 0.29244444444444445
12.8445 	EXP 	slider: markerPos = 0.31466666666666665
12.8609 	EXP 	slider: markerPos = 0.3502222222222222
12.8782 	EXP 	slider: markerPos = 0.36711111111111117
12.8945 	EXP 	slider: markerPos = 0.3848888888888889
12.9117 	EXP 	slider: markerPos = 0.40622222222222226
12.9275 	EXP 	slider: markerPos = 0.4177777777777778
12.9448 	EXP 	slider: markerPos = 0.4382222222222223
12.9618 	EXP 	slider: markerPos = 0.45511111111111113
12.9782 	EXP 	slider: markerPos = 0.47466666666666674
12.9946 	EXP 	slider: markerPos = 0.5093333333333334
13.0109 	EXP 	slider: markerPos = 0.5351111111111111
13.0276 	EXP 	slider: markerPos = 0.5617777777777778
13.0447 	EXP 	slider: markerPos = 0.5875555555555556
13.0618 	EXP 	slider: markerPos = 0.6151111111111112
13.0785 	EXP 	slider: markerPos = 0.6391111111111112
13.0957 	EXP 	slider: markerPos = 0.6675555555555556
13.1112 	EXP 	slider: markerPos = 0.7093333333333334
13.1277 	EXP 	slider: markerPos = 0.7235555555555555
13.1446 	EXP 	slider: markerPos = 0.7493333333333334
13.1610 	EXP 	slider: markerPos = 0.7786666666666667
13.1781 	EXP 	slider: markerPos = 0.7964444444444445
13.1946 	EXP 	slider: markerPos = 0.808
13.2111 	EXP 	slider: markerPos = 0.8142222222222224
13.2281 	EXP 	slider: markerPos = 0.8195555555555556
13.2450 	EXP 	slider: markerPos = 0.8213333333333334
13.2618 	EXP 	slider: markerPos = 0.8222222222222222
13.2782 	EXP 	slider: markerPos = 0.8231111111111112
13.2949 	EXP 	slider: markerPos = 0.8231111111111112
13.3118 	EXP 	slider: markerPos = 0.8231111111111112
13.3282 	EXP 	slider: markerPos = 0.8231111111111112
13.3447 	EXP 	slider: markerPos = 0.8231111111111112
13.3615 	EXP 	slider: markerPos = 0.8231111111111112
13.3783 	EXP 	slider: markerPos = 0.8231111111111112
13.3950 	EXP 	slider: markerPos = 0.8231111111111112
13.4117 	EXP 	slider: markerPos = 0.8222222222222222
13.4280 	EXP 	slider: markerPos = 0.8204444444444445
13.4443 	EXP 	slider: markerPos = 0.8186666666666668
13.4618 	EXP 	slider: markerPos = 0.8168888888888889
13.4786 	EXP 	slider: markerPos = 0.815111111111111
13.4945 	EXP 	slider: markerPos = 0.8133333333333334
13.5117 	EXP 	slider: markerPos = 0.8115555555555556
13.5285 	EXP 	slider: markerPos = 0.8106666666666666
13.5449 	EXP 	slider: markerPos = 0.8088888888888889
13.5612 	EXP 	slider: markerPos = 0.8062222222222222
13.5774 	EXP 	slider: markerPos = 0.8044444444444445
13.6027 	EXP 	slider: markerPos = 0.8017777777777777
13.6286 	EXP 	slider: markerPos = 0.7964444444444445
13.6446 	EXP 	slider: markerPos = 0.7884444444444445
13.6618 	EXP 	slider: markerPos = 0.7822222222222224
13.6787 	EXP 	slider: markerPos = 0.776
13.6952 	EXP 	slider: markerPos = 0.768888888888889
13.7115 	EXP 	slider: markerPos = 0.7644444444444445
13.7282 	EXP 	slider: markerPos = 0.760888888888889
13.7449 	EXP 	slider: markerPos = 0.7582222222222224
13.7615 	EXP 	slider: markerPos = 0.7564444444444445
13.7778 	EXP 	slider: markerPos = 0.7546666666666667
13.7950 	EXP 	slider: markerPos = 0.7528888888888889
13.8119 	EXP 	slider: markerPos = 0.7502222222222223
13.8284 	EXP 	slider: markerPos = 0.7475555555555555
13.8447 	EXP 	slider: markerPos = 0.7457777777777779
13.8613 	EXP 	slider: markerPos = 0.7422222222222223
13.8780 	EXP 	slider: markerPos = 0.7368888888888889
13.8944 	EXP 	slider: markerPos = 0.7342222222222223
13.9116 	EXP 	slider: markerPos = 0.7315555555555555
13.9284 	EXP 	slider: markerPos = 0.7306666666666667
13.9448 	EXP 	slider: markerPos = 0.7288888888888889
13.9620 	EXP 	slider: markerPos = 0.7288888888888889
13.9780 	EXP 	slider: markerPos = 0.728
13.9943 	EXP 	slider: markerPos = 0.728
14.0115 	EXP 	slider: markerPos = 0.7271111111111112
14.0282 	EXP 	slider: markerPos = 0.7271111111111112
14.0450 	EXP 	slider: markerPos = 0.7271111111111112
14.0614 	EXP 	slider: markerPos = 0.7271111111111112
14.0778 	EXP 	slider: markerPos = 0.7262222222222223
14.0950 	EXP 	slider: markerPos = 0.7262222222222223
14.1116 	EXP 	slider: markerPos = 0.7262222222222223
14.1278 	EXP 	slider: markerPos = 0.7262222222222223
14.1446 	EXP 	slider: markerPos = 0.7253333333333334
14.1616 	EXP 	slider: markerPos = 0.7253333333333334
14.1783 	EXP 	slider: markerPos = 0.7253333333333334
14.1950 	EXP 	slider: markerPos = 0.7253333333333334
14.2116 	EXP 	slider: markerPos = 0.7244444444444444
14.2284 	EXP 	slider: markerPos = 0.7244444444444444
14.2447 	EXP 	slider: markerPos = 0.7244444444444444
14.2613 	EXP 	slider: markerPos = 0.7244444444444444
14.2782 	EXP 	slider: markerPos = 0.7235555555555555
14.2950 	EXP 	slider: markerPos = 0.7235555555555555
14.3110 	EXP 	slider: markerPos = 0.7235555555555555
14.3281 	EXP 	slider: markerPos = 0.7235555555555555
14.3450 	EXP 	slider: markerPos = 0.7226666666666667
14.3618 	EXP 	slider: markerPos = 0.7226666666666667
14.3776 	EXP 	slider: markerPos = 0.7226666666666667
14.3949 	EXP 	slider: markerPos = 0.7226666666666667
14.4114 	EXP 	slider: markerPos = 0.7226666666666667
14.4283 	EXP 	slider: markerPos = 0.7226666666666667
14.4443 	EXP 	slider: markerPos = 0.7226666666666667
14.4615 	EXP 	slider: markerPos = 0.7217777777777779
14.4784 	EXP 	slider: markerPos = 0.7217777777777779
14.4951 	EXP 	slider: markerPos = 0.7217777777777779
14.5121 	EXP 	slider: markerPos = 0.7208888888888889
14.5282 	EXP 	slider: markerPos = 0.7208888888888889
14.5450 	EXP 	slider: markerPos = 0.7200000000000001
14.5599 	EXP 	slider: markerPos = 0.7191111111111111
14.5782 	EXP 	slider: markerPos = 0.7182222222222223
14.5943 	EXP 	slider: markerPos = 0.7173333333333334
14.6113 	EXP 	slider: markerPos = 0.7155555555555555
14.6279 	EXP 	slider: markerPos = 0.7146666666666667
14.6448 	EXP 	slider: markerPos = 0.712888888888889
14.6619 	EXP 	slider: markerPos = 0.7111111111111111
14.6781 	EXP 	slider: markerPos = 0.7093333333333334
14.6948 	EXP 	slider: markerPos = 0.704888888888889
14.7109 	EXP 	slider: markerPos = 0.7031111111111111
14.7286 	EXP 	slider: markerPos = 0.7013333333333334
14.7442 	EXP 	slider: markerPos = 0.6995555555555556
14.7611 	EXP 	slider: markerPos = 0.6995555555555556
14.7782 	EXP 	slider: markerPos = 0.6986666666666667
14.7953 	EXP 	slider: markerPos = 0.6986666666666667
14.8116 	EXP 	slider: markerPos = 0.6977777777777778
14.8279 	EXP 	slider: markerPos = 0.6977777777777778
14.8450 	EXP 	slider: markerPos = 0.6977777777777778
14.8611 	EXP 	slider: markerPos = 0.6977777777777778
14.8784 	EXP 	slider: markerPos = 0.6977777777777778
14.8947 	EXP 	slider: markerPos = 0.6977777777777778
14.9113 	EXP 	slider: markerPos = 0.6977777777777778
14.9278 	EXP 	slider: markerPos = 0.6977777777777778
14.9450 	EXP 	slider: markerPos = 0.6977777777777778
14.9614 	EXP 	slider: markerPos = 0.6977777777777778
14.9777 	EXP 	slider: markerPos = 0.6977777777777778
14.9946 	EXP 	slider: markerPos = 0.6977777777777778
15.0116 	EXP 	slider: markerPos = 0.6977777777777778
15.0272 	EXP 	slider: markerPos = 0.6977777777777778
15.0447 	EXP 	slider: markerPos = 0.696888888888889
15.0614 	EXP 	slider: markerPos = 0.696888888888889
15.0784 	EXP 	slider: markerPos = 0.696888888888889
15.0944 	EXP 	slider: markerPos = 0.696888888888889
15.1111 	EXP 	slider: markerPos = 0.696888888888889
15.1281 	EXP 	slider: markerPos = 0.696888888888889
15.1443 	EXP 	slider: markerPos = 0.6960000000000001
15.1614 	EXP 	slider: markerPos = 0.6960000000000001
15.1778 	EXP 	slider: markerPos = 0.6951111111111111
15.1950 	EXP 	slider: markerPos = 0.6951111111111111
15.2115 	EXP 	slider: markerPos = 0.6933333333333334
15.2286 	EXP 	slider: markerPos = 0.6897777777777778
15.2447 	EXP 	slider: markerPos = 0.680888888888889
15.2617 	EXP 	slider: markerPos = 0.6657777777777778
15.2785 	EXP 	slider: markerPos = 0.6533333333333333
15.2945 	EXP 	slider: markerPos = 0.6391111111111112
15.3111 	EXP 	slider: markerPos = 0.6186666666666667
15.3273 	EXP 	slider: markerPos = 0.6000000000000001
15.3452 	EXP 	slider: markerPos = 0.5786666666666668
15.3619 	EXP 	slider: markerPos = 0.5573333333333333
15.3782 	EXP 	slider: markerPos = 0.5422222222222223
15.3948 	EXP 	slider: markerPos = 0.5253333333333334
15.4112 	EXP 	slider: markerPos = 0.512
15.4279 	EXP 	slider: markerPos = 0.5057777777777778
15.4444 	EXP 	slider: markerPos = 0.5031111111111111
15.4614 	EXP 	slider: markerPos = 0.5013333333333334
15.4783 	EXP 	slider: markerPos = 0.5013333333333334
15.4949 	EXP 	slider: markerPos = 0.5013333333333334
15.5116 	EXP 	slider: markerPos = 0.5013333333333334
15.5279 	EXP 	slider: markerPos = 0.5013333333333334
15.5449 	EXP 	slider: markerPos = 0.5013333333333334
15.5613 	EXP 	slider: markerPos = 0.5013333333333334
15.5781 	EXP 	slider: markerPos = 0.5013333333333334
15.5951 	EXP 	slider: markerPos = 0.5013333333333334
15.6117 	EXP 	slider: markerPos = 0.5013333333333334
15.6281 	EXP 	slider: markerPos = 0.5013333333333334
15.6446 	EXP 	slider: markerPos = 0.5013333333333334
15.6613 	EXP 	slider: markerPos = 0.5013333333333334
15.6775 	EXP 	slider: markerPos = 0.5013333333333334
15.6949 	EXP 	slider: markerPos = 0.5013333333333334
15.7114 	EXP 	slider: markerPos = 0.5004444444444445
15.7275 	EXP 	slider: markerPos = 0.5004444444444445
15.7451 	EXP 	slider: markerPos = 0.5004444444444445
15.7610 	EXP 	slider: markerPos = 0.5004444444444445
15.7783 	EXP 	slider: markerPos = 0.4995555555555556
15.7949 	EXP 	slider: markerPos = 0.49688888888888894
15.8119 	EXP 	slider: markerPos = 0.4933333333333334
15.8281 	EXP 	slider: markerPos = 0.48355555555555557
15.8444 	EXP 	slider: markerPos = 0.47555555555555556
15.8608 	EXP 	slider: markerPos = 0.46755555555555556
15.8774 	EXP 	slider: markerPos = 0.46311111111111114
15.8945 	EXP 	slider: markerPos = 0.45511111111111113
15.9117 	EXP 	slider: markerPos = 0.4488888888888889
15.9283 	EXP 	slider: markerPos = 0.44000000000000006
15.9453 	EXP 	slider: markerPos = 0.4328888888888889
15.9616 	EXP 	slider: markerPos = 0.42488888888888887
15.9777 	EXP 	slider: markerPos = 0.42044444444444445
15.9949 	EXP 	slider: markerPos = 0.4195555555555556
16.0115 	EXP 	slider: markerPos = 0.4186666666666667
16.0278 	EXP 	slider: markerPos = 0.4177777777777778
16.0449 	EXP 	slider: markerPos = 0.4177777777777778
16.0618 	EXP 	slider: markerPos = 0.4177777777777778
16.0781 	EXP 	slider: markerPos = 0.4177777777777778
16.0947 	EXP 	slider: markerPos = 0.4177777777777778
16.1110 	EXP 	slider: markerPos = 0.41688888888888886
16.1136 	DATA 	Mouse:  Left button up, pos=(739,107)
16.1279 	EXP 	slider: markerPos = 0.41688888888888886
16.1279 	EXP 	slider: rating = 0.41688888888888886
16.1449 	EXP 	scenario1: autoDraw = False
16.1449 	EXP 	slider: autoDraw = False
16.1449 	EXP 	notAtAll: autoDraw = False
16.1449 	EXP 	veryMuch: autoDraw = False
16.1473 	INFO 	saved data to '/Users/sabrinado/Desktop/data/_Big5_2020_Oct_25_1810_1.csv'
16.1488 	INFO 	saved data to /Users/sabrinado/Desktop/data/_Big5_2020_Oct_25_1810_1.psydat
16.4680 	EXP 	window1: mouseVisible = True
16.4683 	DEBUG 	Saving data for Big5 ExperimentHandler
