0.2983 	WARNING 	We strongly recommend you activate the PTB sound engine in PsychoPy prefs as the preferred audio engine. Its timing is vastly superior. Your prefs are currently set to use ['sounddevice', 'PTB', 'pyo', 'pygame'] (in that order).
4.0520 	INFO 	Loaded monitor calibration from ['2020_10_12 18:18']
4.8404 	EXP 	Created window1 = Window(allowGUI=False, allowStencil=False, args=UNKNOWN, autoLog=True, bitsMode=UNKNOWN, blendMode='avg', bpc=(8, 8, 8), color='white', colorSpace='named', depthBits=8, fullscr=<method-wrapper '__getattribute__' of attributeSetter object at 0x1429d7ba8>, gamma=None, gammaErrorPolicy='raise', kwargs=UNKNOWN, lms=UNKNOWN, monitor=<psychopy.monitors.calibTools.Monitor object at 0x14295be80>, multiSample=False, name='window1', numSamples=2, pos=[360.0, 225.0], screen=0, size=array([2880, 1800]), stencilBits=0, stereo=False, units='height', useFBO=True, useRetina=True, viewOri=0.0, viewPos=None, viewScale=None, waitBlanking=True, winType='pyglet')
4.8407 	EXP 	window1: mouseVisible = True
4.8408 	EXP 	window1: recordFrameIntervals = False
5.0230 	EXP 	window1: recordFrameIntervals = True
5.2065 	DEBUG 	Screen (0) actual frame rate measured at 60.17
5.2066 	EXP 	window1: recordFrameIntervals = False
5.3072 	EXP 	Created instructions = TextStim(__class__=<class 'psychopy.visual.text.TextStim'>, alignHoriz=method-wrapper(...), alignText='center', alignVert=method-wrapper(...), anchorHoriz='center', anchorVert='center', antialias=True, autoLog=True, bold=False, color='black', colorSpace='named', contrast=1.0, depth=0.0, flipHoriz=False, flipVert=False, font='Times New Roman', fontFiles=[], height=0.1, italic=False, languageStyle='LTR', name='instructions', opacity=1.0, ori=0, pos=array([0., 0.]), rgb=array([0., 0., 0.]), text=str(...), units='height', win=Window(...), wrapWidth=1)
5.3423 	EXP 	Created scenario1 = TextStim(__class__=<class 'psychopy.visual.text.TextStim'>, alignHoriz=method-wrapper(...), alignText='center', alignVert=method-wrapper(...), anchorHoriz='center', anchorVert='center', antialias=True, autoLog=True, bold=False, color='black', colorSpace='named', contrast=1.0, depth=0.0, flipHoriz=False, flipVert=False, font='Times New Roman', fontFiles=[], height=0.06, italic=False, languageStyle='LTR', name='scenario1', opacity=1.0, ori=0, pos=array([0. , 0.2]), rgb=array([0., 0., 0.]), text=str(...), units='height', win=Window(...), wrapWidth=1)
5.3512 	INFO 	Mouse: using default window
5.3513 	EXP 	window1: mouseVisible = True
5.3550 	EXP 	Created slider = Slider(__class__=<class 'psychopy.visual.slider.Slider'>, autoDraw=False, autoLog=True, color='LightGray', depth=0, flip=False, font='HelveticaBold', granularity=0, labelHeight=0.1, labelWrapWidth=None, labels=None, name='slider', pos=(0, -0.3), readOnly=False, self=UNKNOWN, size=(1.0, 0.1), style=method-wrapper(...), ticks=array([1, 2, 3, 4, 5]), units='height', win=Window(...))
5.3606 	EXP 	Created text = TextStim(__class__=<class 'psychopy.visual.text.TextStim'>, alignHoriz=method-wrapper(...), alignText='center', alignVert=method-wrapper(...), anchorHoriz='center', anchorVert='center', antialias=True, autoLog=True, bold=False, color='black', colorSpace='named', contrast=1.0, depth=-2.0, flipHoriz=False, flipVert=False, font='Times New Roman', fontFiles=[], height=0.06, italic=False, languageStyle='LTR', name='text', opacity=1.0, ori=0, pos=array([-0.5, -0.2]), rgb=array([0., 0., 0.]), text='Not at All', units='height', win=Window(...), wrapWidth=1)
5.3900 	EXP 	slider: autoLog = True
5.3900 	EXP 	slider: markerPos = None
5.3900 	EXP 	slider: rating = None
5.3900 	EXP 	slider: markerPos = None
5.3900 	EXP 	slider: contrast = 1.0
5.3900 	EXP 	slider: autoLog = True
5.3900 	EXP 	slider: style = ['rating']
5.3900 	EXP 	instructions: autoDraw = True
7.3373 	DATA 	Keypress: space
7.3730 	EXP 	instructions: autoDraw = False
7.3730 	EXP 	slider: markerPos = None
7.3730 	EXP 	slider: markerPos = None
7.3730 	EXP 	slider: rating = None
7.3730 	EXP 	scenario1: autoDraw = True
7.3730 	EXP 	slider: autoDraw = True
7.3730 	EXP 	text: autoDraw = True
10.6793 	DATA 	Keypress: escape
11.0878 	EXP 	window1: mouseVisible = True
11.0880 	DEBUG 	Saving data for Big5 ExperimentHandler
11.0889 	INFO 	saved data to /Users/sabrinado/Desktop/data/_Big5_2020_Oct_25_1756.psydat
11.0893 	INFO 	saved data to '/Users/sabrinado/Desktop/data/_Big5_2020_Oct_25_1756.csv'
