0.2891 	WARNING 	We strongly recommend you activate the PTB sound engine in PsychoPy prefs as the preferred audio engine. Its timing is vastly superior. Your prefs are currently set to use ['sounddevice', 'PTB', 'pyo', 'pygame'] (in that order).
3.7769 	INFO 	Loaded monitor calibration from ['2020_10_12 18:18']
4.5459 	EXP 	Created window1 = Window(allowGUI=True, allowStencil=False, args=UNKNOWN, autoLog=True, bitsMode=UNKNOWN, blendMode='avg', bpc=(8, 8, 8), color='black', colorSpace='named', depthBits=8, fullscr=<method-wrapper '__getattribute__' of attributeSetter object at 0x1428e4c88>, gamma=None, gammaErrorPolicy='raise', kwargs=UNKNOWN, lms=UNKNOWN, monitor=<psychopy.monitors.calibTools.Monitor object at 0x142810b00>, multiSample=False, name='window1', numSamples=2, pos=[360.0, 225.0], screen=0, size=array([2880, 1800]), stencilBits=0, stereo=False, units='height', useFBO=True, useRetina=True, viewOri=0.0, viewPos=None, viewScale=None, waitBlanking=True, winType='pyglet')
4.5462 	EXP 	window1: mouseVisible = True
4.5462 	EXP 	window1: recordFrameIntervals = False
4.7286 	EXP 	window1: recordFrameIntervals = True
4.9126 	DEBUG 	Screen (0) actual frame rate measured at 59.95
4.9127 	EXP 	window1: recordFrameIntervals = False
4.9932 	EXP 	Created IntroScreen = TextStim(__class__=<class 'psychopy.visual.text.TextStim'>, alignHoriz=method-wrapper(...), alignText='center', alignVert=method-wrapper(...), anchorHoriz='center', anchorVert='center', antialias=True, autoLog=True, bold=False, color='white', colorSpace='named', contrast=1.0, depth=0.0, flipHoriz=False, flipVert=False, font='Times New Roman', fontFiles=[], height=0.1, italic=False, languageStyle='LTR', name='IntroScreen', opacity=1.0, ori=0, pos=array([0., 0.]), rgb=array([255., 255., 255.]), text='Big 5 Test', units='height', win=Window(...), wrapWidth=1)
5.0404 	EXP 	Created instructions = TextStim(__class__=<class 'psychopy.visual.text.TextStim'>, alignHoriz=method-wrapper(...), alignText='center', alignVert=method-wrapper(...), anchorHoriz='center', anchorVert='center', antialias=True, autoLog=True, bold=False, color='white', colorSpace='named', contrast=1.0, depth=0.0, flipHoriz=False, flipVert=False, font='Times New Roman', fontFiles=[], height=0.1, italic=False, languageStyle='LTR', name='instructions', opacity=1.0, ori=0, pos=array([0., 0.]), rgb=array([255., 255., 255.]), text=str(...), units='height', win=Window(...), wrapWidth=1)
5.0668 	EXP 	Created scenario1 = TextStim(__class__=<class 'psychopy.visual.text.TextStim'>, alignHoriz=method-wrapper(...), alignText='center', alignVert=method-wrapper(...), anchorHoriz='center', anchorVert='center', antialias=True, autoLog=True, bold=False, color='white', colorSpace='named', contrast=1.0, depth=0.0, flipHoriz=False, flipVert=False, font='Times New Roman', fontFiles=[], height=0.06, italic=False, languageStyle='LTR', name='scenario1', opacity=1.0, ori=0, pos=array([0. , 0.2]), rgb=array([255., 255., 255.]), text='default text', units='height', win=Window(...), wrapWidth=1)
5.0720 	EXP 	Created notAtAll = TextStim(__class__=<class 'psychopy.visual.text.TextStim'>, alignHoriz=method-wrapper(...), alignText='center', alignVert=method-wrapper(...), anchorHoriz='center', anchorVert='center', antialias=True, autoLog=True, bold=False, color='white', colorSpace='named', contrast=1.0, depth=-1.0, flipHoriz=False, flipVert=False, font='Times New Roman', fontFiles=[], height=0.03, italic=False, languageStyle='LTR', name='notAtAll', opacity=1.0, ori=0, pos=array([-0.4, -0.2]), rgb=array([255., 255., 255.]), text='Not at All', units='height', win=Window(...), wrapWidth=1)
5.0768 	EXP 	Created veryMuch = TextStim(__class__=<class 'psychopy.visual.text.TextStim'>, alignHoriz=method-wrapper(...), alignText='center', alignVert=method-wrapper(...), anchorHoriz='center', anchorVert='center', antialias=True, autoLog=True, bold=False, color='white', colorSpace='named', contrast=1.0, depth=-2.0, flipHoriz=False, flipVert=False, font='Times New Roman', fontFiles=[], height=0.03, italic=False, languageStyle='LTR', name='veryMuch', opacity=1.0, ori=0, pos=array([ 0.4, -0.2]), rgb=array([255., 255., 255.]), text='Very much', units='height', win=Window(...), wrapWidth=1)
5.0848 	EXP 	window1: mouseVisible = True
5.1032 	EXP 	Created rating = RatingScale(__class__=type(...), acceptKeys=['return'], acceptPreText=UNKNOWN, acceptSize=UNKNOWN, acceptText='accept?', autoLog=True, choices=False, depth=0, disappear=False, flipVert=False, high=5, kwargs=UNKNOWN, labels=list(...), leftKeys=['left'], lineColor='White', low=1, marker=ShapeStim(...), markerColor='DarkBlue', markerExpansion=UNKNOWN, markerStart=None, maxTime=0.0, minTime=0.4, mouseOnly=False, name='rating', noMouse=False, pos=[0.0, -0.4], precision=1, respKeys=['1', '2', '3', '4', '5'], rightKeys=['right'], scale='', self=UNKNOWN, showAccept=True, showValue=True, singleClick=False, size=0.6, skipKeys=['tab'], stretch=1.0, textColor='LightGray', textFont='Helvetica Bold', textSize=0.12, tickHeight=1.0, tickMarks=4.0, win=Window(...))
5.1229 	EXP 	Created riskBehaviorScaleScreen = TextStim(__class__=<class 'psychopy.visual.text.TextStim'>, alignHoriz=method-wrapper(...), alignText='center', alignVert=method-wrapper(...), anchorHoriz='center', anchorVert='center', antialias=True, autoLog=True, bold=False, color='white', colorSpace='named', contrast=1.0, depth=0.0, flipHoriz=False, flipVert=False, font='Times New Roman', fontFiles=[], height=0.1, italic=False, languageStyle='LTR', name='riskBehaviorScaleScreen', opacity=1.0, ori=0, pos=array([0., 0.]), rgb=array([255., 255., 255.]), text=str(...), units='height', win=Window(...), wrapWidth=1)
5.1533 	EXP 	Created activity = TextStim(__class__=<class 'psychopy.visual.text.TextStim'>, alignHoriz=method-wrapper(...), alignText='center', alignVert=method-wrapper(...), anchorHoriz='center', anchorVert='center', antialias=True, autoLog=True, bold=False, color='white', colorSpace='named', contrast=1.0, depth=0.0, flipHoriz=False, flipVert=False, font='Times New Roman', fontFiles=[], height=0.06, italic=False, languageStyle='LTR', name='activity', opacity=1.0, ori=0, pos=array([0. , 0.2]), rgb=array([255., 255., 255.]), text='default text', units='height', win=Window(...), wrapWidth=1)
5.1585 	EXP 	Created notAtAll2 = TextStim(__class__=<class 'psychopy.visual.text.TextStim'>, alignHoriz=method-wrapper(...), alignText='center', alignVert=method-wrapper(...), anchorHoriz='center', anchorVert='center', antialias=True, autoLog=True, bold=False, color='white', colorSpace='named', contrast=1.0, depth=-1.0, flipHoriz=False, flipVert=False, font='Times New Roman', fontFiles=[], height=0.03, italic=False, languageStyle='LTR', name='notAtAll2', opacity=1.0, ori=0, pos=array([-0.4, -0.2]), rgb=array([255., 255., 255.]), text='Extremely unlikely', units='height', win=Window(...), wrapWidth=1)
5.1605 	EXP 	Created ExtremelyLikely = TextStim(__class__=<class 'psychopy.visual.text.TextStim'>, alignHoriz=method-wrapper(...), alignText='center', alignVert=method-wrapper(...), anchorHoriz='center', anchorVert='center', antialias=True, autoLog=True, bold=False, color='white', colorSpace='named', contrast=1.0, depth=-2.0, flipHoriz=False, flipVert=False, font='Times New Roman', fontFiles=[], height=0.03, italic=False, languageStyle='LTR', name='ExtremelyLikely', opacity=1.0, ori=0, pos=array([ 0.4, -0.2]), rgb=array([255., 255., 255.]), text='Extremely likely', units='height', win=Window(...), wrapWidth=1)
5.1607 	EXP 	window1: mouseVisible = True
5.1745 	EXP 	Created rating2 = RatingScale(__class__=type(...), acceptKeys=['return'], acceptPreText=UNKNOWN, acceptSize=UNKNOWN, acceptText='accept?', autoLog=True, choices=False, depth=0, disappear=False, flipVert=False, high=5, kwargs=UNKNOWN, labels=list(...), leftKeys=['left'], lineColor='White', low=1, marker=ShapeStim(...), markerColor='DarkBlue', markerExpansion=UNKNOWN, markerStart=None, maxTime=0.0, minTime=0.4, mouseOnly=False, name='rating2', noMouse=False, pos=[0.0, -0.4], precision=1, respKeys=['1', '2', '3', '4', '5'], rightKeys=['right'], scale='', self=UNKNOWN, showAccept=True, showValue=True, singleClick=False, size=0.6, skipKeys=['tab'], stretch=1.0, textColor='LightGray', textFont='Helvetica Bold', textSize=0.12, tickHeight=1.0, tickMarks=4.0, win=Window(...))
5.2026 	EXP 	Created riskPerceptionInstructions = TextStim(__class__=<class 'psychopy.visual.text.TextStim'>, alignHoriz=method-wrapper(...), alignText='center', alignVert=method-wrapper(...), anchorHoriz='center', anchorVert='center', antialias=True, autoLog=True, bold=False, color='white', colorSpace='named', contrast=1.0, depth=0.0, flipHoriz=False, flipVert=False, font='Times New Roman', fontFiles=[], height=0.06, italic=False, languageStyle='LTR', name='riskPerceptionInstructions', opacity=1.0, ori=0, pos=array([0., 0.]), rgb=array([255., 255., 255.]), text=str(...), units='height', win=Window(...), wrapWidth=1)
5.2282 	EXP 	Created riskPerceptionActivity2 = TextStim(__class__=<class 'psychopy.visual.text.TextStim'>, alignHoriz=method-wrapper(...), alignText='center', alignVert=method-wrapper(...), anchorHoriz='center', anchorVert='center', antialias=True, autoLog=True, bold=False, color='white', colorSpace='named', contrast=1.0, depth=0.0, flipHoriz=False, flipVert=False, font='Times New Roman', fontFiles=[], height=0.06, italic=False, languageStyle='LTR', name='riskPerceptionActivity2', opacity=1.0, ori=0, pos=array([0. , 0.2]), rgb=array([255., 255., 255.]), text='default text', units='height', win=Window(...), wrapWidth=1)
5.2284 	EXP 	window1: mouseVisible = True
5.2364 	EXP 	Created rating3 = RatingScale(__class__=type(...), acceptKeys=['return'], acceptPreText=UNKNOWN, acceptSize=UNKNOWN, acceptText='accept?', autoLog=True, choices=False, depth=0, disappear=False, flipVert=False, high=5, kwargs=UNKNOWN, labels=list(...), leftKeys=['left'], lineColor='White', low=1, marker=ShapeStim(...), markerColor='DarkBlue', markerExpansion=UNKNOWN, markerStart=None, maxTime=0.0, minTime=0.4, mouseOnly=False, name='rating3', noMouse=False, pos=[0.0, -0.4], precision=1, respKeys=['1', '2', '3', '4', '5'], rightKeys=['right'], scale='', self=UNKNOWN, showAccept=True, showValue=True, singleClick=False, size=0.6, skipKeys=['tab'], stretch=1.0, textColor='LightGray', textFont='Helvetica Bold', textSize=0.12, tickHeight=1.0, tickMarks=4.0, win=Window(...))
5.2397 	EXP 	Created notAtAllRisky = TextStim(__class__=<class 'psychopy.visual.text.TextStim'>, alignHoriz=method-wrapper(...), alignText='center', alignVert=method-wrapper(...), anchorHoriz='center', anchorVert='center', antialias=True, autoLog=True, bold=False, color='white', colorSpace='named', contrast=1.0, depth=-2.0, flipHoriz=False, flipVert=False, font='Times New Roman', fontFiles=[], height=0.03, italic=False, languageStyle='LTR', name='notAtAllRisky', opacity=1.0, ori=0, pos=array([-0.3, -0.1]), rgb=array([255., 255., 255.]), text='Not at all risky', units='height', win=Window(...), wrapWidth=1)
5.2423 	EXP 	Created ModeratelyRisky = TextStim(__class__=<class 'psychopy.visual.text.TextStim'>, alignHoriz=method-wrapper(...), alignText='center', alignVert=method-wrapper(...), anchorHoriz='center', anchorVert='center', antialias=True, autoLog=True, bold=False, color='white', colorSpace='named', contrast=1.0, depth=-3.0, flipHoriz=False, flipVert=False, font='Times New Roman', fontFiles=[], height=0.03, italic=False, languageStyle='LTR', name='ModeratelyRisky', opacity=1.0, ori=0, pos=array([ 0. , -0.1]), rgb=array([255., 255., 255.]), text='Moderately risky', units='height', win=Window(...), wrapWidth=1)
5.2445 	EXP 	Created ExtremelyRisky = TextStim(__class__=<class 'psychopy.visual.text.TextStim'>, alignHoriz=method-wrapper(...), alignText='center', alignVert=method-wrapper(...), anchorHoriz='center', anchorVert='center', antialias=True, autoLog=True, bold=False, color='white', colorSpace='named', contrast=1.0, depth=-4.0, flipHoriz=False, flipVert=False, font='Times New Roman', fontFiles=[], height=0.03, italic=False, languageStyle='LTR', name='ExtremelyRisky', opacity=1.0, ori=0, pos=array([-0.3, -0.1]), rgb=array([255., 255., 255.]), text='Extremely risky', units='height', win=Window(...), wrapWidth=1)
5.2532 	EXP 	Created expBenefits = TextStim(__class__=<class 'psychopy.visual.text.TextStim'>, alignHoriz=method-wrapper(...), alignText='center', alignVert=method-wrapper(...), anchorHoriz='center', anchorVert='center', antialias=True, autoLog=True, bold=False, color='white', colorSpace='named', contrast=1.0, depth=0.0, flipHoriz=False, flipVert=False, font='Times New Roman', fontFiles=[], height=0.06, italic=False, languageStyle='LTR', name='expBenefits', opacity=1.0, ori=0, pos=array([0., 0.]), rgb=array([255., 255., 255.]), text=str(...), units='height', win=Window(...), wrapWidth=1)
5.2768 	EXP 	Created riskBenefitsScale = TextStim(__class__=<class 'psychopy.visual.text.TextStim'>, alignHoriz=method-wrapper(...), alignText='center', alignVert=method-wrapper(...), anchorHoriz='center', anchorVert='center', antialias=True, autoLog=True, bold=False, color='white', colorSpace='named', contrast=1.0, depth=0.0, flipHoriz=False, flipVert=False, font='Times New Roman', fontFiles=[], height=0.06, italic=False, languageStyle='LTR', name='riskBenefitsScale', opacity=1.0, ori=0, pos=array([0. , 0.2]), rgb=array([255., 255., 255.]), text='default text', units='height', win=Window(...), wrapWidth=1)
5.2796 	EXP 	Created noBenefits = TextStim(__class__=<class 'psychopy.visual.text.TextStim'>, alignHoriz=method-wrapper(...), alignText='center', alignVert=method-wrapper(...), anchorHoriz='center', anchorVert='center', antialias=True, autoLog=True, bold=False, color='white', colorSpace='named', contrast=1.0, depth=-1.0, flipHoriz=False, flipVert=False, font='Times New Roman', fontFiles=[], height=0.03, italic=False, languageStyle='LTR', name='noBenefits', opacity=1.0, ori=0, pos=array([-0.3, -0.1]), rgb=array([255., 255., 255.]), text='No benefits at all', units='height', win=Window(...), wrapWidth=1)
5.2797 	EXP 	window1: mouseVisible = True
5.2877 	EXP 	Created rating4 = RatingScale(__class__=type(...), acceptKeys=['return'], acceptPreText=UNKNOWN, acceptSize=UNKNOWN, acceptText='accept?', autoLog=True, choices=False, depth=0, disappear=False, flipVert=False, high=5, kwargs=UNKNOWN, labels=list(...), leftKeys=['left'], lineColor='White', low=1, marker=ShapeStim(...), markerColor='DarkBlue', markerExpansion=UNKNOWN, markerStart=None, maxTime=0.0, minTime=0.4, mouseOnly=False, name='rating4', noMouse=False, pos=[0.0, -0.4], precision=1, respKeys=['1', '2', '3', '4', '5'], rightKeys=['right'], scale='', self=UNKNOWN, showAccept=True, showValue=True, singleClick=False, size=0.6, skipKeys=['tab'], stretch=1.0, textColor='LightGray', textFont='Helvetica Bold', textSize=0.12, tickHeight=1.0, tickMarks=4.0, win=Window(...))
5.2903 	EXP 	Created greatBenefits = TextStim(__class__=<class 'psychopy.visual.text.TextStim'>, alignHoriz=method-wrapper(...), alignText='center', alignVert=method-wrapper(...), anchorHoriz='center', anchorVert='center', antialias=True, autoLog=True, bold=False, color='white', colorSpace='named', contrast=1.0, depth=-3.0, flipHoriz=False, flipVert=False, font='Times New Roman', fontFiles=[], height=0.03, italic=False, languageStyle='LTR', name='greatBenefits', opacity=1.0, ori=0, pos=array([ 0.3, -0.1]), rgb=array([255., 255., 255.]), text='Great benefits', units='height', win=Window(...), wrapWidth=1)
5.2924 	EXP 	Created moderateBenefits = TextStim(__class__=<class 'psychopy.visual.text.TextStim'>, alignHoriz=method-wrapper(...), alignText='center', alignVert=method-wrapper(...), anchorHoriz='center', anchorVert='center', antialias=True, autoLog=True, bold=False, color='white', colorSpace='named', contrast=1.0, depth=-4.0, flipHoriz=False, flipVert=False, font='Times New Roman', fontFiles=[], height=0.03, italic=False, languageStyle='LTR', name='moderateBenefits', opacity=1.0, ori=0, pos=array([ 0. , -0.1]), rgb=array([255., 255., 255.]), text='Moderate benefits', units='height', win=Window(...), wrapWidth=1)
5.3242 	EXP 	Created big5Screen = TextStim(__class__=<class 'psychopy.visual.text.TextStim'>, alignHoriz=method-wrapper(...), alignText='center', alignVert=method-wrapper(...), anchorHoriz='center', anchorVert='center', antialias=True, autoLog=True, bold=False, color='white', colorSpace='named', contrast=1.0, depth=0.0, flipHoriz=False, flipVert=False, font='Times New Roman', fontFiles=[], height=0.1, italic=False, languageStyle='LTR', name='big5Screen', opacity=1.0, ori=0, pos=array([0., 0.]), rgb=array([255., 255., 255.]), text=str(...), units='height', win=Window(...), wrapWidth=1)
5.3471 	EXP 	window1: mouseVisible = True
5.3554 	EXP 	Created rating5 = RatingScale(__class__=type(...), acceptKeys=['return'], acceptPreText=UNKNOWN, acceptSize=UNKNOWN, acceptText='accept?', autoLog=True, choices=False, depth=0, disappear=False, flipVert=False, high=5, kwargs=UNKNOWN, labels=list(...), leftKeys=['left'], lineColor='White', low=1, marker=ShapeStim(...), markerColor='DarkBlue', markerExpansion=UNKNOWN, markerStart=None, maxTime=0.0, minTime=0.4, mouseOnly=False, name='rating5', noMouse=False, pos=[0.0, -0.4], precision=1, respKeys=['1', '2', '3', '4', '5'], rightKeys=['right'], scale='', self=UNKNOWN, showAccept=True, showValue=True, singleClick=False, size=0.6, skipKeys=['tab'], stretch=1.0, textColor='LightGray', textFont='Helvetica Bold', textSize=0.12, tickHeight=1.0, tickMarks=4.0, win=Window(...))
5.3596 	EXP 	Created characText = TextStim(__class__=<class 'psychopy.visual.text.TextStim'>, alignHoriz=method-wrapper(...), alignText='center', alignVert=method-wrapper(...), anchorHoriz='center', anchorVert='center', antialias=True, autoLog=True, bold=False, color='white', colorSpace='named', contrast=1.0, depth=-1.0, flipHoriz=False, flipVert=False, font='Times New Roman', fontFiles=[], height=0.06, italic=False, languageStyle='LTR', name='characText', opacity=1.0, ori=0, pos=array([0. , 0.2]), rgb=array([255., 255., 255.]), text='default text', units='height', win=Window(...), wrapWidth=1)
5.3639 	EXP 	Created Someone = TextStim(__class__=<class 'psychopy.visual.text.TextStim'>, alignHoriz=method-wrapper(...), alignText='center', alignVert=method-wrapper(...), anchorHoriz='center', anchorVert='center', antialias=True, autoLog=True, bold=False, color='white', colorSpace='named', contrast=1.0, depth=-2.0, flipHoriz=False, flipVert=False, font='Times New Roman', fontFiles=[], height=0.06, italic=False, languageStyle='LTR', name='Someone', opacity=1.0, ori=0, pos=array([-0.4 ,  0.35]), rgb=array([255., 255., 255.]), text='I am someone who…', units='height', win=Window(...), wrapWidth=1)
5.3692 	EXP 	Created disagreeStrongly = TextStim(__class__=<class 'psychopy.visual.text.TextStim'>, alignHoriz=method-wrapper(...), alignText='center', alignVert=method-wrapper(...), anchorHoriz='center', anchorVert='center', antialias=True, autoLog=True, bold=False, color='white', colorSpace='named', contrast=1.0, depth=-3.0, flipHoriz=False, flipVert=False, font='Times New Roman', fontFiles=[], height=0.03, italic=False, languageStyle='LTR', name='disagreeStrongly', opacity=1.0, ori=0, pos=array([-0.3, -0.1]), rgb=array([255., 255., 255.]), text='Disagree\nStrongly', units='height', win=Window(...), wrapWidth=1)
5.3719 	EXP 	Created disagreeALittle = TextStim(__class__=<class 'psychopy.visual.text.TextStim'>, alignHoriz=method-wrapper(...), alignText='center', alignVert=method-wrapper(...), anchorHoriz='center', anchorVert='center', antialias=True, autoLog=True, bold=False, color='white', colorSpace='named', contrast=1.0, depth=-4.0, flipHoriz=False, flipVert=False, font='Times New Roman', fontFiles=[], height=0.03, italic=False, languageStyle='LTR', name='disagreeALittle', opacity=1.0, ori=0, pos=array([-0.15, -0.1 ]), rgb=array([255., 255., 255.]), text='Disagree\na little', units='height', win=Window(...), wrapWidth=1)
5.3754 	EXP 	Created Neutral = TextStim(__class__=<class 'psychopy.visual.text.TextStim'>, alignHoriz=method-wrapper(...), alignText='center', alignVert=method-wrapper(...), anchorHoriz='center', anchorVert='center', antialias=True, autoLog=True, bold=False, color='white', colorSpace='named', contrast=1.0, depth=-5.0, flipHoriz=False, flipVert=False, font='Times New Roman', fontFiles=[], height=0.03, italic=False, languageStyle='LTR', name='Neutral', opacity=1.0, ori=0, pos=array([ 0. , -0.1]), rgb=array([255., 255., 255.]), text='Neutral;\nno opinion', units='height', win=Window(...), wrapWidth=1)
5.3780 	EXP 	Created AgreeALittle = TextStim(__class__=<class 'psychopy.visual.text.TextStim'>, alignHoriz=method-wrapper(...), alignText='center', alignVert=method-wrapper(...), anchorHoriz='center', anchorVert='center', antialias=True, autoLog=True, bold=False, color='white', colorSpace='named', contrast=1.0, depth=-6.0, flipHoriz=False, flipVert=False, font='Times New Roman', fontFiles=[], height=0.03, italic=False, languageStyle='LTR', name='AgreeALittle', opacity=1.0, ori=0, pos=array([ 0.15, -0.1 ]), rgb=array([255., 255., 255.]), text='Agree\na little', units='height', win=Window(...), wrapWidth=1)
5.3800 	EXP 	Created AgreeStrongly = TextStim(__class__=<class 'psychopy.visual.text.TextStim'>, alignHoriz=method-wrapper(...), alignText='center', alignVert=method-wrapper(...), anchorHoriz='center', anchorVert='center', antialias=True, autoLog=True, bold=False, color='white', colorSpace='named', contrast=1.0, depth=-7.0, flipHoriz=False, flipVert=False, font='Times New Roman', fontFiles=[], height=0.03, italic=False, languageStyle='LTR', name='AgreeStrongly', opacity=1.0, ori=0, pos=array([ 0.3, -0.1]), rgb=array([255., 255., 255.]), text='Agree\nstrongly', units='height', win=Window(...), wrapWidth=1)
5.3861 	EXP 	Created congratsText = TextStim(__class__=<class 'psychopy.visual.text.TextStim'>, alignHoriz=method-wrapper(...), alignText='center', alignVert=method-wrapper(...), anchorHoriz='center', anchorVert='center', antialias=True, autoLog=True, bold=False, color='white', colorSpace='named', contrast=1.0, depth=0.0, flipHoriz=False, flipVert=False, font='Times New Roman', fontFiles=[], height=0.1, italic=False, languageStyle='LTR', name='congratsText', opacity=1.0, ori=0, pos=array([0., 0.]), rgb=array([255., 255., 255.]), text=str(...), units='height', win=Window(...), wrapWidth=1)
5.4282 	EXP 	rating: flipVert = False
5.4282 	EXP 	rating: autoLog = True
5.4282 	EXP 	rating2: flipVert = False
5.4282 	EXP 	rating2: autoLog = True
5.4282 	EXP 	rating3: flipVert = False
5.4282 	EXP 	rating3: autoLog = True
5.4282 	EXP 	rating4: flipVert = False
5.4282 	EXP 	rating4: autoLog = True
5.4282 	EXP 	rating5: flipVert = False
5.4282 	EXP 	rating5: autoLog = True
5.4282 	EXP 	IntroScreen: autoDraw = True
6.2973 	DATA 	Keypress: space
6.3115 	EXP 	IntroScreen: autoDraw = False
6.3115 	EXP 	instructions: autoDraw = True
6.5877 	DEBUG 	Read Excel file with pandas: spatialAnxietyScale1.xlsx
6.5903 	DEBUG 	Clearing unnamed columns from spatialAnxietyScale1.xlsx
6.5907 	EXP 	Imported spatialAnxietyScale1.xlsx as conditions, 8 conditions, 1 params
6.5911 	EXP 	Created sequence: random, trialTypes=8, nReps=1, seed=None
6.5913 	EXP 	New trial (rep=0, index=0): OrderedDict([('Scenario', 'Locating your car in a very large parking lot or parking garage.')])
6.5989 	EXP 	RatingScale rating: reset()
6.6123 	DATA 	Keypress: space
6.6280 	EXP 	instructions: autoDraw = False
6.6280 	EXP 	scenario1: text = 'Locating your car in a very large parking lot or parking garage.'
6.6280 	EXP 	scenario1: autoDraw = True
6.6280 	EXP 	notAtAll: autoDraw = True
6.6280 	EXP 	veryMuch: autoDraw = True
6.6280 	EXP 	rating: autoDraw = True
7.5670 	DATA 	Mouse: Left button down, pos=(576,269)
7.6508 	DATA 	Mouse:  Left button up, pos=(577,269)
8.3021 	DATA 	Mouse: Left button down, pos=(661,143)
8.3662 	DATA 	Mouse:  Left button up, pos=(661,143)
8.8706 	DATA 	Mouse: Left button down, pos=(688,159)
8.8714 	DATA 	RatingScale rating: (mouse response) rating=2
8.8714 	DATA 	RatingScale rating: rating RT=2.272
8.8714 	DATA 	RatingScale rating: history=[(None, 0.0), (2, 0.968), (2, 2.272)]
8.8865 	EXP 	New trial (rep=0, index=1): OrderedDict([('Scenario', 'Pointing in the direction of a place outside that someone wants to get to and has asked you for directions, when you are in a windowless room.')])
8.9053 	EXP 	RatingScale rating: reset()
8.9316 	EXP 	scenario1: autoDraw = False
8.9316 	EXP 	notAtAll: autoDraw = False
8.9316 	EXP 	veryMuch: autoDraw = False
8.9316 	EXP 	rating: autoDraw = False
8.9316 	EXP 	scenario1: text = 'Pointing in the direction of a place outside that someone wants to get to and has asked you for directions, when you are in a windowless room.'
8.9316 	EXP 	scenario1: autoDraw = True
8.9316 	EXP 	notAtAll: autoDraw = True
8.9316 	EXP 	veryMuch: autoDraw = True
8.9316 	EXP 	rating: autoDraw = True
8.9359 	DATA 	Mouse:  Left button up, pos=(688,159)
9.4689 	DATA 	Mouse: Left button down, pos=(709,275)
9.5542 	DATA 	Mouse:  Left button up, pos=(709,275)
10.2030 	DATA 	Keypress: 2
11.1045 	DATA 	Mouse: Left button down, pos=(701,168)
11.1054 	DATA 	RatingScale rating: (mouse response) rating=2
11.1054 	DATA 	RatingScale rating: rating RT=2.199
11.1055 	DATA 	RatingScale rating: history=[(None, 0.0), (3, 0.564), (2, 1.298), (2, 2.199)]
11.1202 	EXP 	New trial (rep=0, index=2): OrderedDict([('Scenario', 'Finding your way out of a complex arrangement of offices that you have visited for the first time.')])
11.1352 	EXP 	RatingScale rating: reset()
11.1484 	EXP 	scenario1: autoDraw = False
11.1484 	EXP 	notAtAll: autoDraw = False
11.1484 	EXP 	veryMuch: autoDraw = False
11.1484 	EXP 	rating: autoDraw = False
11.1484 	EXP 	scenario1: text = 'Finding your way out of a complex arrangement of offices that you have visited for the first time.'
11.1484 	EXP 	scenario1: autoDraw = True
11.1484 	EXP 	notAtAll: autoDraw = True
11.1484 	EXP 	veryMuch: autoDraw = True
11.1484 	EXP 	rating: autoDraw = True
11.2508 	DATA 	Mouse:  Left button up, pos=(701,168)
11.6189 	DATA 	Keypress: 2
11.8379 	DATA 	Mouse: Left button down, pos=(701,168)
11.8389 	DATA 	RatingScale rating: (mouse response) rating=2
11.8390 	DATA 	RatingScale rating: rating RT=0.703
11.8390 	DATA 	RatingScale rating: history=[(None, 0.0), (2, 0.484), (2, 0.703)]
11.8539 	EXP 	New trial (rep=0, index=3): OrderedDict([('Scenario', 'Trying a new route that you think will be a shortcut without the benefit of a map.')])
11.8674 	EXP 	RatingScale rating: reset()
11.8806 	EXP 	scenario1: autoDraw = False
11.8806 	EXP 	notAtAll: autoDraw = False
11.8806 	EXP 	veryMuch: autoDraw = False
11.8806 	EXP 	rating: autoDraw = False
11.8806 	EXP 	scenario1: text = 'Trying a new route that you think will be a shortcut without the benefit of a map.'
11.8806 	EXP 	scenario1: autoDraw = True
11.8806 	EXP 	notAtAll: autoDraw = True
11.8806 	EXP 	veryMuch: autoDraw = True
11.8806 	EXP 	rating: autoDraw = True
11.9504 	DATA 	Mouse:  Left button up, pos=(701,168)
12.0179 	DATA 	Keypress: 2
12.2708 	DATA 	Mouse: Left button down, pos=(701,168)
12.2867 	DATA 	RatingScale rating: (mouse response) rating=2
12.2867 	DATA 	RatingScale rating: rating RT=0.418
12.2867 	DATA 	RatingScale rating: history=[(None, 0.0), (2, 0.15), (2, 0.418)]
12.3021 	EXP 	New trial (rep=0, index=4): OrderedDict([('Scenario', 'Finding your way back to a familiar area after realizing you have made a wrong turn and become lost while driving.')])
12.3169 	EXP 	RatingScale rating: reset()
12.3316 	EXP 	scenario1: autoDraw = False
12.3316 	EXP 	notAtAll: autoDraw = False
12.3316 	EXP 	veryMuch: autoDraw = False
12.3316 	EXP 	rating: autoDraw = False
12.3316 	EXP 	scenario1: text = 'Finding your way back to a familiar area after realizing you have made a wrong turn and become lost while driving.'
12.3316 	EXP 	scenario1: autoDraw = True
12.3316 	EXP 	notAtAll: autoDraw = True
12.3316 	EXP 	veryMuch: autoDraw = True
12.3316 	EXP 	rating: autoDraw = True
12.3748 	DATA 	Keypress: 2
12.3760 	DATA 	Mouse:  Left button up, pos=(701,168)
12.7208 	DATA 	Mouse: Left button down, pos=(701,168)
12.7377 	DATA 	RatingScale rating: (mouse response) rating=2
12.7378 	DATA 	RatingScale rating: rating RT=0.420
12.7378 	DATA 	RatingScale rating: history=[(None, 0.0), (2, 0.059), (2, 0.42)]
12.7526 	EXP 	New trial (rep=0, index=5): OrderedDict([('Scenario', 'Finding your way around in an unfamiliar mall.')])
12.7622 	EXP 	RatingScale rating: reset()
12.7813 	EXP 	scenario1: autoDraw = False
12.7813 	EXP 	notAtAll: autoDraw = False
12.7813 	EXP 	veryMuch: autoDraw = False
12.7813 	EXP 	rating: autoDraw = False
12.7813 	EXP 	scenario1: text = 'Finding your way around in an unfamiliar mall.'
12.7813 	EXP 	scenario1: autoDraw = True
12.7813 	EXP 	notAtAll: autoDraw = True
12.7813 	EXP 	veryMuch: autoDraw = True
12.7813 	EXP 	rating: autoDraw = True
12.8333 	DATA 	Mouse:  Left button up, pos=(701,168)
12.8353 	DATA 	Keypress: 2
13.2371 	DATA 	Mouse: Left button down, pos=(701,168)
13.2379 	DATA 	RatingScale rating: (mouse response) rating=2
13.2380 	DATA 	RatingScale rating: rating RT=0.475
13.2380 	DATA 	RatingScale rating: history=[(None, 0.0), (2, 0.073), (2, 0.475)]
13.2520 	EXP 	New trial (rep=0, index=6): OrderedDict([('Scenario', 'Finding your way to an appointment in an area of a city or town with which you are not familiar. ')])
13.2630 	EXP 	RatingScale rating: reset()
13.2815 	EXP 	scenario1: autoDraw = False
13.2815 	EXP 	notAtAll: autoDraw = False
13.2815 	EXP 	veryMuch: autoDraw = False
13.2815 	EXP 	rating: autoDraw = False
13.2815 	EXP 	scenario1: text = 'Finding your way to an appointment in an area of a city or town with which you are not familiar. '
13.2815 	EXP 	scenario1: autoDraw = True
13.2815 	EXP 	notAtAll: autoDraw = True
13.2815 	EXP 	veryMuch: autoDraw = True
13.2815 	EXP 	rating: autoDraw = True
13.2857 	DATA 	Keypress: 2
13.3526 	DATA 	Mouse:  Left button up, pos=(701,168)
13.7026 	DATA 	Keypress: 2
13.8023 	DATA 	Mouse: Left button down, pos=(701,168)
13.8031 	DATA 	RatingScale rating: (mouse response) rating=2
13.8032 	DATA 	RatingScale rating: rating RT=0.539
13.8032 	DATA 	RatingScale rating: history=[(None, 0.0), (2, 0.023), (2, 0.539)]
13.8187 	EXP 	New trial (rep=0, index=7): OrderedDict([('Scenario', 'Leaving a store that you have been to for the first time and deciding which way to turn to get to a destination.')])
13.8325 	EXP 	RatingScale rating: reset()
13.8477 	EXP 	scenario1: autoDraw = False
13.8477 	EXP 	notAtAll: autoDraw = False
13.8477 	EXP 	veryMuch: autoDraw = False
13.8477 	EXP 	rating: autoDraw = False
13.8477 	EXP 	scenario1: text = 'Leaving a store that you have been to for the first time and deciding which way to turn to get to a destination.'
13.8477 	EXP 	scenario1: autoDraw = True
13.8477 	EXP 	notAtAll: autoDraw = True
13.8477 	EXP 	veryMuch: autoDraw = True
13.8477 	EXP 	rating: autoDraw = True
13.9352 	DATA 	Mouse:  Left button up, pos=(701,168)
14.1690 	DATA 	Keypress: 2
14.2367 	DATA 	Mouse: Left button down, pos=(701,168)
14.2536 	DATA 	RatingScale rating: (mouse response) rating=2
14.2536 	DATA 	RatingScale rating: rating RT=0.420
14.2537 	DATA 	RatingScale rating: history=[(None, 0.0), (2, 0.336), (2, 0.42)]
14.2821 	EXP 	scenario1: autoDraw = False
14.2821 	EXP 	notAtAll: autoDraw = False
14.2821 	EXP 	veryMuch: autoDraw = False
14.2821 	EXP 	rating: autoDraw = False
14.2821 	EXP 	riskBehaviorScaleScreen: autoDraw = True
14.3499 	DATA 	Mouse:  Left button up, pos=(701,168)
14.5541 	DEBUG 	Read Excel file with pandas: activities.xlsx
14.5553 	DEBUG 	Clearing unnamed columns from activities.xlsx
14.5561 	EXP 	Imported activities.xlsx as conditions, 40 conditions, 1 params
14.5564 	EXP 	Created sequence: sequential, trialTypes=40, nReps=1, seed=None
14.5567 	EXP 	New trial (rep=0, index=0): OrderedDict([('C', 'Admitting that your tastes are different from those of your friends. (S)')])
14.5652 	EXP 	RatingScale rating2: reset()
14.5720 	DATA 	Keypress: 2
14.5977 	EXP 	riskBehaviorScaleScreen: autoDraw = False
14.5977 	EXP 	activity: text = 'Admitting that your tastes are different from those of your friends. (S)'
14.5977 	EXP 	activity: autoDraw = True
14.5977 	EXP 	notAtAll2: autoDraw = True
14.5977 	EXP 	ExtremelyLikely: autoDraw = True
14.5977 	EXP 	rating2: autoDraw = True
14.6365 	DATA 	Mouse: Left button down, pos=(701,168)
14.7698 	DATA 	Mouse:  Left button up, pos=(701,168)
14.9703 	DATA 	Keypress: 2
15.0702 	DATA 	Mouse: Left button down, pos=(701,168)
15.0709 	DATA 	RatingScale rating2: (mouse response) rating=2
15.0709 	DATA 	RatingScale rating2: rating RT=0.505
15.0710 	DATA 	RatingScale rating2: history=[(None, 0.0), (2, 0.007), (2, 0.505)]
15.0862 	EXP 	New trial (rep=0, index=1): OrderedDict([('C', 'Going camping in the wilderness, beyond the civilization of a campground. (R) ')])
15.0973 	EXP 	RatingScale rating2: reset()
15.1137 	EXP 	activity: autoDraw = False
15.1137 	EXP 	notAtAll2: autoDraw = False
15.1137 	EXP 	ExtremelyLikely: autoDraw = False
15.1137 	EXP 	rating2: autoDraw = False
15.1137 	EXP 	activity: text = 'Going camping in the wilderness, beyond the civilization of a campground. (R) '
15.1137 	EXP 	activity: autoDraw = True
15.1137 	EXP 	notAtAll2: autoDraw = True
15.1137 	EXP 	ExtremelyLikely: autoDraw = True
15.1137 	EXP 	rating2: autoDraw = True
15.2016 	DATA 	Mouse:  Left button up, pos=(701,168)
15.4367 	DATA 	Keypress: 2
15.5682 	DATA 	Mouse: Left button down, pos=(701,168)
15.5692 	DATA 	RatingScale rating2: (mouse response) rating=2
15.5692 	DATA 	RatingScale rating2: rating RT=0.471
15.5692 	DATA 	RatingScale rating2: history=[(None, 0.0), (2, 0.352), (2, 0.471)]
15.5841 	EXP 	New trial (rep=0, index=2): OrderedDict([('C', "Betting a day's income at the horse races. (G)")])
15.5941 	EXP 	RatingScale rating2: reset()
15.6138 	EXP 	activity: autoDraw = False
15.6138 	EXP 	notAtAll2: autoDraw = False
15.6138 	EXP 	ExtremelyLikely: autoDraw = False
15.6138 	EXP 	rating2: autoDraw = False
15.6138 	EXP 	activity: text = "Betting a day's income at the horse races. (G)"
15.6138 	EXP 	activity: autoDraw = True
15.6138 	EXP 	notAtAll2: autoDraw = True
15.6138 	EXP 	ExtremelyLikely: autoDraw = True
15.6138 	EXP 	rating2: autoDraw = True
15.6862 	DATA 	Mouse:  Left button up, pos=(701,168)
15.8361 	DATA 	Keypress: 2
15.9207 	DATA 	Mouse: Left button down, pos=(701,168)
16.0492 	DATA 	Mouse:  Left button up, pos=(701,168)
16.1861 	DATA 	Keypress: 2
16.2527 	DATA 	Mouse: Left button down, pos=(701,168)
16.2534 	DATA 	RatingScale rating2: (mouse response) rating=2
16.2534 	DATA 	RatingScale rating2: rating RT=0.659
16.2535 	DATA 	RatingScale rating2: history=[(None, 0.0), (2, 0.242), (2, 0.659)]
16.2668 	EXP 	New trial (rep=0, index=3): OrderedDict([('C', 'Buying an illegal drug for your own use. (H)')])
16.2756 	EXP 	RatingScale rating2: reset()
16.2975 	EXP 	activity: autoDraw = False
16.2975 	EXP 	notAtAll2: autoDraw = False
16.2975 	EXP 	ExtremelyLikely: autoDraw = False
16.2975 	EXP 	rating2: autoDraw = False
16.2975 	EXP 	activity: text = 'Buying an illegal drug for your own use. (H)'
16.2975 	EXP 	activity: autoDraw = True
16.2975 	EXP 	notAtAll2: autoDraw = True
16.2975 	EXP 	ExtremelyLikely: autoDraw = True
16.2975 	EXP 	rating2: autoDraw = True
16.3530 	DATA 	Mouse:  Left button up, pos=(701,168)
16.5365 	DATA 	Keypress: 2
16.5529 	DATA 	Mouse: Left button down, pos=(701,168)
16.6693 	DATA 	Mouse:  Left button up, pos=(701,168)
16.8360 	DATA 	Keypress: 2
16.8874 	DATA 	Mouse: Left button down, pos=(701,168)
16.8883 	DATA 	RatingScale rating2: (mouse response) rating=2
16.8883 	DATA 	RatingScale rating2: rating RT=0.612
16.8884 	DATA 	RatingScale rating2: history=[(None, 0.0), (2, 0.261), (2, 0.612)]
16.9027 	EXP 	New trial (rep=0, index=4): OrderedDict([('C', 'Cheating on an exam. (E)')])
16.9130 	EXP 	RatingScale rating2: reset()
16.9309 	EXP 	activity: autoDraw = False
16.9309 	EXP 	notAtAll2: autoDraw = False
16.9309 	EXP 	ExtremelyLikely: autoDraw = False
16.9309 	EXP 	rating2: autoDraw = False
16.9309 	EXP 	activity: text = 'Cheating on an exam. (E)'
16.9309 	EXP 	activity: autoDraw = True
16.9309 	EXP 	notAtAll2: autoDraw = True
16.9309 	EXP 	ExtremelyLikely: autoDraw = True
16.9309 	EXP 	rating2: autoDraw = True
16.9840 	DATA 	Mouse:  Left button up, pos=(701,168)
17.1497 	DATA 	Mouse: Left button down, pos=(701,168)
17.1517 	DATA 	Keypress: 2
17.2524 	DATA 	Mouse:  Left button up, pos=(701,168)
17.4184 	DATA 	Keypress: 2
17.4512 	DATA 	Mouse: Left button down, pos=(701,168)
17.4522 	DATA 	RatingScale rating2: (mouse response) rating=2
17.4522 	DATA 	RatingScale rating2: rating RT=0.538
17.4522 	DATA 	RatingScale rating2: history=[(None, 0.0), (2, 0.238), (2, 0.538)]
17.4674 	EXP 	New trial (rep=0, index=5): OrderedDict([('C', 'Chasing a tornado or hurricane by car to take dramatic photos. (R)')])
17.4774 	EXP 	RatingScale rating2: reset()
17.4983 	EXP 	activity: autoDraw = False
17.4983 	EXP 	notAtAll2: autoDraw = False
17.4983 	EXP 	ExtremelyLikely: autoDraw = False
17.4983 	EXP 	rating2: autoDraw = False
17.4983 	EXP 	activity: text = 'Chasing a tornado or hurricane by car to take dramatic photos. (R)'
17.4983 	EXP 	activity: autoDraw = True
17.4983 	EXP 	notAtAll2: autoDraw = True
17.4983 	EXP 	ExtremelyLikely: autoDraw = True
17.4983 	EXP 	rating2: autoDraw = True
17.5518 	DATA 	Mouse:  Left button up, pos=(701,168)
17.6856 	DATA 	Keypress: 2
17.7200 	DATA 	Mouse: Left button down, pos=(701,168)
17.8198 	DATA 	Mouse:  Left button up, pos=(701,168)
17.9202 	DATA 	Mouse: Left button down, pos=(701,168)
17.9211 	DATA 	RatingScale rating2: (mouse response) rating=2
17.9211 	DATA 	RatingScale rating2: rating RT=0.443
17.9211 	DATA 	RatingScale rating2: history=[(None, 0.0), (2, 0.222), (2, 0.443)]
17.9344 	EXP 	New trial (rep=0, index=6): OrderedDict([('C', 'Investing 10% of your annual income in a moderate growth mutual fund. (I)')])
17.9479 	EXP 	RatingScale rating2: reset()
17.9528 	DATA 	Keypress: 2
17.9660 	EXP 	activity: autoDraw = False
17.9660 	EXP 	notAtAll2: autoDraw = False
17.9660 	EXP 	ExtremelyLikely: autoDraw = False
17.9660 	EXP 	rating2: autoDraw = False
17.9660 	EXP 	activity: text = 'Investing 10% of your annual income in a moderate growth mutual fund. (I)'
17.9660 	EXP 	activity: autoDraw = True
17.9660 	EXP 	notAtAll2: autoDraw = True
17.9660 	EXP 	ExtremelyLikely: autoDraw = True
17.9660 	EXP 	rating2: autoDraw = True
18.0029 	DATA 	Mouse:  Left button up, pos=(701,168)
18.1030 	DATA 	Mouse: Left button down, pos=(701,168)
18.1868 	DATA 	Mouse:  Left button up, pos=(701,168)
18.2693 	DATA 	Mouse: Left button down, pos=(701,168)
18.2854 	DATA 	Keypress: 2
18.3379 	DATA 	Mouse:  Left button up, pos=(701,168)
18.4213 	DATA 	Mouse: Left button down, pos=(701,168)
18.4222 	DATA 	RatingScale rating2: (mouse response) rating=2
18.4222 	DATA 	RatingScale rating2: rating RT=0.473
18.4222 	DATA 	RatingScale rating2: history=[(None, 0.0), (2, 0.005), (2, 0.473)]
18.4364 	EXP 	New trial (rep=0, index=7): OrderedDict([('C', 'Consuming five or more servings of alcohol in a single evening. (H)')])
18.4476 	EXP 	RatingScale rating2: reset()
18.4641 	EXP 	activity: autoDraw = False
18.4641 	EXP 	notAtAll2: autoDraw = False
18.4641 	EXP 	ExtremelyLikely: autoDraw = False
18.4641 	EXP 	rating2: autoDraw = False
18.4641 	EXP 	activity: text = 'Consuming five or more servings of alcohol in a single evening. (H)'
18.4641 	EXP 	activity: autoDraw = True
18.4641 	EXP 	notAtAll2: autoDraw = True
18.4641 	EXP 	ExtremelyLikely: autoDraw = True
18.4641 	EXP 	rating2: autoDraw = True
18.5184 	DATA 	Mouse:  Left button up, pos=(701,168)
18.6037 	DATA 	Mouse: Left button down, pos=(701,168)
18.6852 	DATA 	Mouse:  Left button up, pos=(701,168)
18.7184 	DATA 	Keypress: 2
18.7687 	DATA 	Mouse: Left button down, pos=(701,168)
18.8376 	DATA 	Mouse:  Left button up, pos=(701,168)
18.9355 	DATA 	Mouse: Left button down, pos=(701,168)
18.9374 	DATA 	Keypress: 2
18.9385 	DATA 	RatingScale rating2: (mouse response) rating=2
18.9386 	DATA 	RatingScale rating2: rating RT=0.490
18.9386 	DATA 	RatingScale rating2: history=[(None, 0.0), (2, 0.271), (2, 0.49)]
18.9510 	EXP 	New trial (rep=0, index=8): OrderedDict([('C', 'Cheating by a significant amount on your income tax return. (E)')])
18.9582 	EXP 	RatingScale rating2: reset()
18.9806 	EXP 	activity: autoDraw = False
18.9806 	EXP 	notAtAll2: autoDraw = False
18.9806 	EXP 	ExtremelyLikely: autoDraw = False
18.9806 	EXP 	rating2: autoDraw = False
18.9806 	EXP 	activity: text = 'Cheating by a significant amount on your income tax return. (E)'
18.9806 	EXP 	activity: autoDraw = True
18.9806 	EXP 	notAtAll2: autoDraw = True
18.9806 	EXP 	ExtremelyLikely: autoDraw = True
18.9806 	EXP 	rating2: autoDraw = True
19.0188 	DATA 	Mouse:  Left button up, pos=(701,168)
19.1184 	DATA 	Mouse: Left button down, pos=(701,168)
19.1359 	DATA 	Keypress: 2
19.2034 	DATA 	Mouse:  Left button up, pos=(701,168)
19.3379 	DATA 	Keypress: 2
19.3682 	DATA 	Mouse: Left button down, pos=(701,168)
19.3692 	DATA 	RatingScale rating2: (mouse response) rating=2
19.3693 	DATA 	RatingScale rating2: rating RT=0.410
19.3693 	DATA 	RatingScale rating2: history=[(None, 0.0), (2, 0.178), (2, 0.41)]
19.3850 	EXP 	New trial (rep=0, index=9): OrderedDict([('C', 'Disagreeing with your father on a major issue. (S)')])
19.3973 	EXP 	RatingScale rating2: reset()
19.4144 	EXP 	activity: autoDraw = False
19.4144 	EXP 	notAtAll2: autoDraw = False
19.4144 	EXP 	ExtremelyLikely: autoDraw = False
19.4144 	EXP 	rating2: autoDraw = False
19.4144 	EXP 	activity: text = 'Disagreeing with your father on a major issue. (S)'
19.4144 	EXP 	activity: autoDraw = True
19.4144 	EXP 	notAtAll2: autoDraw = True
19.4144 	EXP 	ExtremelyLikely: autoDraw = True
19.4144 	EXP 	rating2: autoDraw = True
19.4502 	DATA 	Mouse:  Left button up, pos=(701,168)
19.5377 	DATA 	Keypress: 2
19.5510 	DATA 	Mouse: Left button down, pos=(701,168)
19.6366 	DATA 	Mouse:  Left button up, pos=(701,168)
19.7369 	DATA 	Mouse: Left button down, pos=(701,168)
19.7697 	DATA 	Keypress: 2
19.8023 	DATA 	RatingScale rating2: (mouse response) rating=2
19.8023 	DATA 	RatingScale rating2: rating RT=0.404
19.8024 	DATA 	RatingScale rating2: history=[(None, 0.0), (2, 0.152), (2, 0.404)]
19.8170 	EXP 	New trial (rep=0, index=10): OrderedDict([('C', "Betting a day's income at a high stake poker game. (G)")])
19.8262 	EXP 	RatingScale rating2: reset()
19.8288 	DATA 	Mouse:  Left button up, pos=(701,168)
19.8474 	EXP 	activity: autoDraw = False
19.8474 	EXP 	notAtAll2: autoDraw = False
19.8474 	EXP 	ExtremelyLikely: autoDraw = False
19.8474 	EXP 	rating2: autoDraw = False
19.8474 	EXP 	activity: text = "Betting a day's income at a high stake poker game. (G)"
19.8474 	EXP 	activity: autoDraw = True
19.8474 	EXP 	notAtAll2: autoDraw = True
19.8474 	EXP 	ExtremelyLikely: autoDraw = True
19.8474 	EXP 	rating2: autoDraw = True
19.9353 	DATA 	Keypress: 2
19.9520 	DATA 	Mouse: Left button down, pos=(701,168)
20.0203 	DATA 	Mouse:  Left button up, pos=(701,168)
20.1522 	DATA 	Keypress: 2
20.3347 	DATA 	Mouse: Left button down, pos=(701,168)
20.3354 	DATA 	RatingScale rating2: (mouse response) rating=2
20.3354 	DATA 	RatingScale rating2: rating RT=0.508
20.3354 	DATA 	RatingScale rating2: history=[(None, 0.0), (2, 0.109), (2, 0.508)]
20.3498 	EXP 	New trial (rep=0, index=11): OrderedDict([('C', 'Having an affair with a married man or woman. (E)')])
20.3582 	EXP 	RatingScale rating2: reset()
20.3627 	DATA 	Keypress: 2
20.3803 	EXP 	activity: autoDraw = False
20.3803 	EXP 	notAtAll2: autoDraw = False
20.3803 	EXP 	ExtremelyLikely: autoDraw = False
20.3803 	EXP 	rating2: autoDraw = False
20.3803 	EXP 	activity: text = 'Having an affair with a married man or woman. (E)'
20.3803 	EXP 	activity: autoDraw = True
20.3803 	EXP 	notAtAll2: autoDraw = True
20.3803 	EXP 	ExtremelyLikely: autoDraw = True
20.3803 	EXP 	rating2: autoDraw = True
20.4537 	DATA 	Mouse:  Left button up, pos=(701,168)
20.5692 	DATA 	Mouse: Left button down, pos=(701,168)
20.5869 	DATA 	Keypress: 2
20.6536 	DATA 	Mouse:  Left button up, pos=(701,168)
20.7365 	DATA 	Mouse: Left button down, pos=(701,168)
20.7548 	DATA 	Keypress: 2
20.7692 	DATA 	RatingScale rating2: (mouse response) rating=2
20.7692 	DATA 	RatingScale rating2: rating RT=0.410
20.7692 	DATA 	RatingScale rating2: history=[(None, 0.0), (2, 0.004), (2, 0.41)]
20.7829 	EXP 	New trial (rep=0, index=12): OrderedDict([('C', "Forging somebody's signature. (E)")])
20.7908 	EXP 	RatingScale rating2: reset()
20.8146 	EXP 	activity: autoDraw = False
20.8146 	EXP 	notAtAll2: autoDraw = False
20.8146 	EXP 	ExtremelyLikely: autoDraw = False
20.8146 	EXP 	rating2: autoDraw = False
20.8146 	EXP 	activity: text = "Forging somebody's signature. (E)"
20.8146 	EXP 	activity: autoDraw = True
20.8146 	EXP 	notAtAll2: autoDraw = True
20.8146 	EXP 	ExtremelyLikely: autoDraw = True
20.8146 	EXP 	rating2: autoDraw = True
20.8190 	DATA 	Mouse:  Left button up, pos=(701,168)
20.9518 	DATA 	Mouse: Left button down, pos=(701,168)
20.9542 	DATA 	Keypress: 2
21.0033 	DATA 	Mouse:  Left button up, pos=(701,168)
21.0873 	DATA 	Mouse: Left button down, pos=(701,168)
21.1225 	DATA 	Keypress: 2
21.1868 	DATA 	Mouse:  Left button up, pos=(701,168)
21.3187 	DATA 	Mouse: Left button down, pos=(701,168)
21.3221 	DATA 	Keypress: 2
21.3230 	DATA 	RatingScale rating2: (mouse response) rating=2
21.3231 	DATA 	RatingScale rating2: rating RT=0.531
21.3231 	DATA 	RatingScale rating2: history=[(None, 0.0), (2, 0.164), (2, 0.531)]
21.3506 	EXP 	New trial (rep=0, index=13): OrderedDict([('C', "Passing off somebody else's work as your own. (E)")])
21.3606 	EXP 	RatingScale rating2: reset()
21.3803 	EXP 	activity: autoDraw = False
21.3803 	EXP 	notAtAll2: autoDraw = False
21.3803 	EXP 	ExtremelyLikely: autoDraw = False
21.3803 	EXP 	rating2: autoDraw = False
21.3803 	EXP 	activity: text = "Passing off somebody else's work as your own. (E)"
21.3803 	EXP 	activity: autoDraw = True
21.3803 	EXP 	notAtAll2: autoDraw = True
21.3803 	EXP 	ExtremelyLikely: autoDraw = True
21.3803 	EXP 	rating2: autoDraw = True
21.3875 	DATA 	Mouse:  Left button up, pos=(701,168)
21.5025 	DATA 	Mouse: Left button down, pos=(701,168)
21.5045 	DATA 	Keypress: 2
21.5689 	DATA 	Mouse:  Left button up, pos=(701,168)
21.7207 	DATA 	Keypress: 2
21.7216 	DATA 	Mouse: Left button down, pos=(701,168)
21.7685 	DATA 	RatingScale rating2: (mouse response) rating=2
21.7686 	DATA 	RatingScale rating2: rating RT=0.407
21.7686 	DATA 	RatingScale rating2: history=[(None, 0.0), (2, 0.002), (2, 0.407)]
21.7835 	EXP 	New trial (rep=0, index=14): OrderedDict([('C', 'Going on a vacation in a third-world country without prearranged travel and hotel accommodations. (R)')])
21.7987 	EXP 	RatingScale rating2: reset()
21.8141 	EXP 	activity: autoDraw = False
21.8141 	EXP 	notAtAll2: autoDraw = False
21.8141 	EXP 	ExtremelyLikely: autoDraw = False
21.8141 	EXP 	rating2: autoDraw = False
21.8141 	EXP 	activity: text = 'Going on a vacation in a third-world country without prearranged travel and hotel accommodations. (R)'
21.8141 	EXP 	activity: autoDraw = True
21.8141 	EXP 	notAtAll2: autoDraw = True
21.8141 	EXP 	ExtremelyLikely: autoDraw = True
21.8141 	EXP 	rating2: autoDraw = True
21.8176 	DATA 	Mouse:  Left button up, pos=(701,168)
21.9517 	DATA 	Keypress: 2
21.9683 	DATA 	Mouse: Left button down, pos=(701,168)
22.0378 	DATA 	Mouse:  Left button up, pos=(701,168)
22.5683 	DATA 	Keypress: escape
22.9314 	EXP 	window1: mouseVisible = True
22.9316 	DEBUG 	Saving data for Big5 ExperimentHandler
22.9329 	INFO 	saved data to /Users/sabrinado/Library/CELSYS/Big5/data/_Big5_2020_Oct_27_1607.psydat
22.9349 	INFO 	saved data to '/Users/sabrinado/Library/CELSYS/Big5/data/_Big5_2020_Oct_27_1607.csv'
