0.2892 	WARNING 	We strongly recommend you activate the PTB sound engine in PsychoPy prefs as the preferred audio engine. Its timing is vastly superior. Your prefs are currently set to use ['sounddevice', 'PTB', 'pyo', 'pygame'] (in that order).
4.5428 	INFO 	Loaded monitor calibration from ['2020_10_12 18:18']
5.3359 	EXP 	Created window1 = Window(allowGUI=True, allowStencil=False, args=UNKNOWN, autoLog=True, bitsMode=UNKNOWN, blendMode='avg', bpc=(8, 8, 8), color='black', colorSpace='named', depthBits=8, fullscr=<method-wrapper '__getattribute__' of attributeSetter object at 0x143056c50>, gamma=None, gammaErrorPolicy='raise', kwargs=UNKNOWN, lms=UNKNOWN, monitor=<psychopy.monitors.calibTools.Monitor object at 0x142552ac8>, multiSample=False, name='window1', numSamples=2, pos=[360.0, 225.0], screen=0, size=array([2880, 1800]), stencilBits=0, stereo=False, units='height', useFBO=True, useRetina=True, viewOri=0.0, viewPos=None, viewScale=None, waitBlanking=True, winType='pyglet')
5.3361 	EXP 	window1: mouseVisible = True
5.3362 	EXP 	window1: recordFrameIntervals = False
5.5182 	EXP 	window1: recordFrameIntervals = True
5.7019 	DEBUG 	Screen (0) actual frame rate measured at 59.82
5.7019 	EXP 	window1: recordFrameIntervals = False
5.7828 	EXP 	Created IntroScreen = TextStim(__class__=<class 'psychopy.visual.text.TextStim'>, alignHoriz=method-wrapper(...), alignText='center', alignVert=method-wrapper(...), anchorHoriz='center', anchorVert='center', antialias=True, autoLog=True, bold=False, color='white', colorSpace='named', contrast=1.0, depth=0.0, flipHoriz=False, flipVert=False, font='Times New Roman', fontFiles=[], height=0.1, italic=False, languageStyle='LTR', name='IntroScreen', opacity=1.0, ori=0, pos=array([0., 0.]), rgb=array([255., 255., 255.]), text='Big 5 Test', units='height', win=Window(...), wrapWidth=1)
5.8290 	EXP 	Created instructions = TextStim(__class__=<class 'psychopy.visual.text.TextStim'>, alignHoriz=method-wrapper(...), alignText='center', alignVert=method-wrapper(...), anchorHoriz='center', anchorVert='center', antialias=True, autoLog=True, bold=False, color='white', colorSpace='named', contrast=1.0, depth=0.0, flipHoriz=False, flipVert=False, font='Times New Roman', fontFiles=[], height=0.1, italic=False, languageStyle='LTR', name='instructions', opacity=1.0, ori=0, pos=array([0., 0.]), rgb=array([255., 255., 255.]), text=str(...), units='height', win=Window(...), wrapWidth=1)
5.8557 	EXP 	Created scenario1 = TextStim(__class__=<class 'psychopy.visual.text.TextStim'>, alignHoriz=method-wrapper(...), alignText='center', alignVert=method-wrapper(...), anchorHoriz='center', anchorVert='center', antialias=True, autoLog=True, bold=False, color='white', colorSpace='named', contrast=1.0, depth=0.0, flipHoriz=False, flipVert=False, font='Times New Roman', fontFiles=[], height=0.06, italic=False, languageStyle='LTR', name='scenario1', opacity=1.0, ori=0, pos=array([0. , 0.2]), rgb=array([255., 255., 255.]), text='default text', units='height', win=Window(...), wrapWidth=1)
5.8610 	EXP 	Created notAtAll = TextStim(__class__=<class 'psychopy.visual.text.TextStim'>, alignHoriz=method-wrapper(...), alignText='center', alignVert=method-wrapper(...), anchorHoriz='center', anchorVert='center', antialias=True, autoLog=True, bold=False, color='white', colorSpace='named', contrast=1.0, depth=-1.0, flipHoriz=False, flipVert=False, font='Times New Roman', fontFiles=[], height=0.03, italic=False, languageStyle='LTR', name='notAtAll', opacity=1.0, ori=0, pos=array([-0.4, -0.2]), rgb=array([255., 255., 255.]), text='Not at All', units='height', win=Window(...), wrapWidth=1)
5.8659 	EXP 	Created veryMuch = TextStim(__class__=<class 'psychopy.visual.text.TextStim'>, alignHoriz=method-wrapper(...), alignText='center', alignVert=method-wrapper(...), anchorHoriz='center', anchorVert='center', antialias=True, autoLog=True, bold=False, color='white', colorSpace='named', contrast=1.0, depth=-2.0, flipHoriz=False, flipVert=False, font='Times New Roman', fontFiles=[], height=0.03, italic=False, languageStyle='LTR', name='veryMuch', opacity=1.0, ori=0, pos=array([ 0.4, -0.2]), rgb=array([255., 255., 255.]), text='Very much', units='height', win=Window(...), wrapWidth=1)
5.8736 	EXP 	window1: mouseVisible = True
5.8926 	EXP 	Created rating = RatingScale(__class__=type(...), acceptKeys=['return'], acceptPreText=UNKNOWN, acceptSize=UNKNOWN, acceptText='accept?', autoLog=True, choices=False, depth=0, disappear=False, flipVert=False, high=5, kwargs=UNKNOWN, labels=list(...), leftKeys=['left'], lineColor='White', low=1, marker=ShapeStim(...), markerColor='DarkBlue', markerExpansion=UNKNOWN, markerStart=None, maxTime=0.0, minTime=0.4, mouseOnly=False, name='rating', noMouse=False, pos=[0.0, -0.4], precision=1, respKeys=['1', '2', '3', '4', '5'], rightKeys=['right'], scale='', self=UNKNOWN, showAccept=True, showValue=True, singleClick=False, size=0.6, skipKeys=['tab'], stretch=1.0, textColor='LightGray', textFont='Helvetica Bold', textSize=0.12, tickHeight=1.0, tickMarks=4.0, win=Window(...))
5.9125 	EXP 	Created riskBehaviorScaleScreen = TextStim(__class__=<class 'psychopy.visual.text.TextStim'>, alignHoriz=method-wrapper(...), alignText='center', alignVert=method-wrapper(...), anchorHoriz='center', anchorVert='center', antialias=True, autoLog=True, bold=False, color='white', colorSpace='named', contrast=1.0, depth=0.0, flipHoriz=False, flipVert=False, font='Times New Roman', fontFiles=[], height=0.1, italic=False, languageStyle='LTR', name='riskBehaviorScaleScreen', opacity=1.0, ori=0, pos=array([0., 0.]), rgb=array([255., 255., 255.]), text=str(...), units='height', win=Window(...), wrapWidth=1)
5.9422 	EXP 	Created activity = TextStim(__class__=<class 'psychopy.visual.text.TextStim'>, alignHoriz=method-wrapper(...), alignText='center', alignVert=method-wrapper(...), anchorHoriz='center', anchorVert='center', antialias=True, autoLog=True, bold=False, color='white', colorSpace='named', contrast=1.0, depth=0.0, flipHoriz=False, flipVert=False, font='Times New Roman', fontFiles=[], height=0.06, italic=False, languageStyle='LTR', name='activity', opacity=1.0, ori=0, pos=array([0. , 0.2]), rgb=array([255., 255., 255.]), text='default text', units='height', win=Window(...), wrapWidth=1)
5.9474 	EXP 	Created notAtAll2 = TextStim(__class__=<class 'psychopy.visual.text.TextStim'>, alignHoriz=method-wrapper(...), alignText='center', alignVert=method-wrapper(...), anchorHoriz='center', anchorVert='center', antialias=True, autoLog=True, bold=False, color='white', colorSpace='named', contrast=1.0, depth=-1.0, flipHoriz=False, flipVert=False, font='Times New Roman', fontFiles=[], height=0.03, italic=False, languageStyle='LTR', name='notAtAll2', opacity=1.0, ori=0, pos=array([-0.4, -0.2]), rgb=array([255., 255., 255.]), text='Extremely unlikely', units='height', win=Window(...), wrapWidth=1)
5.9585 	EXP 	Created ExtremelyLikely = TextStim(__class__=<class 'psychopy.visual.text.TextStim'>, alignHoriz=method-wrapper(...), alignText='center', alignVert=method-wrapper(...), anchorHoriz='center', anchorVert='center', antialias=True, autoLog=True, bold=False, color='white', colorSpace='named', contrast=1.0, depth=-2.0, flipHoriz=False, flipVert=False, font='Arial', fontFiles=[], height=0.03, italic=False, languageStyle='LTR', name='ExtremelyLikely', opacity=1.0, ori=0, pos=array([ 0.4, -0.2]), rgb=array([255., 255., 255.]), text='Extremely likely', units='height', win=Window(...), wrapWidth=1)
5.9587 	EXP 	window1: mouseVisible = True
5.9727 	EXP 	Created rating_2 = RatingScale(__class__=type(...), acceptKeys=['return'], acceptPreText=UNKNOWN, acceptSize=UNKNOWN, acceptText='accept?', autoLog=True, choices=False, depth=0, disappear=False, flipVert=False, high=5, kwargs=UNKNOWN, labels=list(...), leftKeys=['left'], lineColor='White', low=1, marker=ShapeStim(...), markerColor='DarkBlue', markerExpansion=UNKNOWN, markerStart=None, maxTime=0.0, minTime=0.4, mouseOnly=False, name='rating_2', noMouse=False, pos=[0.0, -0.4], precision=1, respKeys=['1', '2', '3', '4', '5'], rightKeys=['right'], scale='', self=UNKNOWN, showAccept=True, showValue=True, singleClick=False, size=0.6, skipKeys=['tab'], stretch=1.0, textColor='LightGray', textFont='Helvetica Bold', textSize=0.12, tickHeight=1.0, tickMarks=4.0, win=Window(...))
6.0017 	EXP 	Created riskPerceptionInstructions = TextStim(__class__=<class 'psychopy.visual.text.TextStim'>, alignHoriz=method-wrapper(...), alignText='center', alignVert=method-wrapper(...), anchorHoriz='center', anchorVert='center', antialias=True, autoLog=True, bold=False, color='white', colorSpace='named', contrast=1.0, depth=0.0, flipHoriz=False, flipVert=False, font='Times New Roman', fontFiles=[], height=0.06, italic=False, languageStyle='LTR', name='riskPerceptionInstructions', opacity=1.0, ori=0, pos=array([0., 0.]), rgb=array([255., 255., 255.]), text=str(...), units='height', win=Window(...), wrapWidth=1)
6.0264 	EXP 	Created riskPerceptionActivity2 = TextStim(__class__=<class 'psychopy.visual.text.TextStim'>, alignHoriz=method-wrapper(...), alignText='center', alignVert=method-wrapper(...), anchorHoriz='center', anchorVert='center', antialias=True, autoLog=True, bold=False, color='white', colorSpace='named', contrast=1.0, depth=0.0, flipHoriz=False, flipVert=False, font='Times New Roman', fontFiles=[], height=0.06, italic=False, languageStyle='LTR', name='riskPerceptionActivity2', opacity=1.0, ori=0, pos=array([0. , 0.2]), rgb=array([255., 255., 255.]), text='default text', units='height', win=Window(...), wrapWidth=1)
6.0265 	EXP 	window1: mouseVisible = True
6.0347 	EXP 	Created rating_4 = RatingScale(__class__=type(...), acceptKeys=['return'], acceptPreText=UNKNOWN, acceptSize=UNKNOWN, acceptText='accept?', autoLog=True, choices=False, depth=0, disappear=False, flipVert=False, high=5, kwargs=UNKNOWN, labels=list(...), leftKeys=['left'], lineColor='White', low=1, marker=ShapeStim(...), markerColor='DarkBlue', markerExpansion=UNKNOWN, markerStart=None, maxTime=0.0, minTime=0.4, mouseOnly=False, name='rating_4', noMouse=False, pos=[0.0, -0.4], precision=1, respKeys=['1', '2', '3', '4', '5'], rightKeys=['right'], scale='', self=UNKNOWN, showAccept=True, showValue=True, singleClick=False, size=0.6, skipKeys=['tab'], stretch=1.0, textColor='LightGray', textFont='Helvetica Bold', textSize=0.12, tickHeight=1.0, tickMarks=4.0, win=Window(...))
6.0397 	EXP 	Created notAtAllRisky = TextStim(__class__=<class 'psychopy.visual.text.TextStim'>, alignHoriz=method-wrapper(...), alignText='center', alignVert=method-wrapper(...), anchorHoriz='center', anchorVert='center', antialias=True, autoLog=True, bold=False, color='white', colorSpace='named', contrast=1.0, depth=-2.0, flipHoriz=False, flipVert=False, font='Times New Roman', fontFiles=[], height=0.03, italic=False, languageStyle='LTR', name='notAtAllRisky', opacity=1.0, ori=0, pos=array([-0.4, -0.2]), rgb=array([255., 255., 255.]), text='Not at all risky', units='height', win=Window(...), wrapWidth=1)
6.0453 	EXP 	Created ExtremelyRisky = TextStim(__class__=<class 'psychopy.visual.text.TextStim'>, alignHoriz=method-wrapper(...), alignText='center', alignVert=method-wrapper(...), anchorHoriz='center', anchorVert='center', antialias=True, autoLog=True, bold=False, color='white', colorSpace='named', contrast=1.0, depth=-3.0, flipHoriz=False, flipVert=False, font='Times New Roman', fontFiles=[], height=0.03, italic=False, languageStyle='LTR', name='ExtremelyRisky', opacity=1.0, ori=0, pos=array([ 0.4, -0.2]), rgb=array([255., 255., 255.]), text='Extremely risky\n', units='height', win=Window(...), wrapWidth=1)
6.0484 	EXP 	Created ModeratelyRisky = TextStim(__class__=<class 'psychopy.visual.text.TextStim'>, alignHoriz=method-wrapper(...), alignText='center', alignVert=method-wrapper(...), anchorHoriz='center', anchorVert='center', antialias=True, autoLog=True, bold=False, color='white', colorSpace='named', contrast=1.0, depth=-4.0, flipHoriz=False, flipVert=False, font='Times New Roman', fontFiles=[], height=0.03, italic=False, languageStyle='LTR', name='ModeratelyRisky', opacity=1.0, ori=0, pos=array([ 0. , -0.2]), rgb=array([255., 255., 255.]), text='Moderately risky', units='height', win=Window(...), wrapWidth=1)
6.0699 	EXP 	Created expBenefits = TextStim(__class__=<class 'psychopy.visual.text.TextStim'>, alignHoriz=method-wrapper(...), alignText='center', alignVert=method-wrapper(...), anchorHoriz='center', anchorVert='center', antialias=True, autoLog=True, bold=False, color='white', colorSpace='named', contrast=1.0, depth=0.0, flipHoriz=False, flipVert=False, font='Times New Roman', fontFiles=[], height=0.1, italic=False, languageStyle='LTR', name='expBenefits', opacity=1.0, ori=0, pos=array([0., 0.]), rgb=array([255., 255., 255.]), text=str(...), units='height', win=Window(...), wrapWidth=1)
6.0937 	EXP 	Created riskBenefitsScale = TextStim(__class__=<class 'psychopy.visual.text.TextStim'>, alignHoriz=method-wrapper(...), alignText='center', alignVert=method-wrapper(...), anchorHoriz='center', anchorVert='center', antialias=True, autoLog=True, bold=False, color='white', colorSpace='named', contrast=1.0, depth=0.0, flipHoriz=False, flipVert=False, font='Times New Roman', fontFiles=[], height=0.06, italic=False, languageStyle='LTR', name='riskBenefitsScale', opacity=1.0, ori=0, pos=array([0. , 0.2]), rgb=array([255., 255., 255.]), text='default text', units='height', win=Window(...), wrapWidth=1)
6.0968 	EXP 	Created noBenefits = TextStim(__class__=<class 'psychopy.visual.text.TextStim'>, alignHoriz=method-wrapper(...), alignText='center', alignVert=method-wrapper(...), anchorHoriz='center', anchorVert='center', antialias=True, autoLog=True, bold=False, color='white', colorSpace='named', contrast=1.0, depth=-1.0, flipHoriz=False, flipVert=False, font='Times New Roman', fontFiles=[], height=0.03, italic=False, languageStyle='LTR', name='noBenefits', opacity=1.0, ori=0, pos=array([-0.4, -0.2]), rgb=array([255., 255., 255.]), text='No benefits at all', units='height', win=Window(...), wrapWidth=1)
6.0970 	EXP 	window1: mouseVisible = True
6.1089 	EXP 	Created rating_3 = RatingScale(__class__=type(...), acceptKeys=['return'], acceptPreText=UNKNOWN, acceptSize=UNKNOWN, acceptText='accept?', autoLog=True, choices=False, depth=0, disappear=False, flipVert=False, high=5, kwargs=UNKNOWN, labels=list(...), leftKeys=['left'], lineColor='White', low=1, marker=ShapeStim(...), markerColor='DarkBlue', markerExpansion=UNKNOWN, markerStart=None, maxTime=0.0, minTime=0.4, mouseOnly=False, name='rating_3', noMouse=False, pos=[0.0, -0.4], precision=1, respKeys=['1', '2', '3', '4', '5'], rightKeys=['right'], scale='', self=UNKNOWN, showAccept=True, showValue=True, singleClick=False, size=0.6, skipKeys=['tab'], stretch=1.0, textColor='LightGray', textFont='Helvetica Bold', textSize=0.12, tickHeight=1.0, tickMarks=4.0, win=Window(...))
6.1121 	EXP 	Created greatBenefits = TextStim(__class__=<class 'psychopy.visual.text.TextStim'>, alignHoriz=method-wrapper(...), alignText='center', alignVert=method-wrapper(...), anchorHoriz='center', anchorVert='center', antialias=True, autoLog=True, bold=False, color='white', colorSpace='named', contrast=1.0, depth=-3.0, flipHoriz=False, flipVert=False, font='Times New Roman', fontFiles=[], height=0.03, italic=False, languageStyle='LTR', name='greatBenefits', opacity=1.0, ori=0, pos=array([ 0.4, -0.2]), rgb=array([255., 255., 255.]), text='Great benefits', units='height', win=Window(...), wrapWidth=1)
6.1141 	EXP 	Created moderateBenefits = TextStim(__class__=<class 'psychopy.visual.text.TextStim'>, alignHoriz=method-wrapper(...), alignText='center', alignVert=method-wrapper(...), anchorHoriz='center', anchorVert='center', antialias=True, autoLog=True, bold=False, color='white', colorSpace='named', contrast=1.0, depth=-4.0, flipHoriz=False, flipVert=False, font='Times New Roman', fontFiles=[], height=0.03, italic=False, languageStyle='LTR', name='moderateBenefits', opacity=1.0, ori=0, pos=array([ 0. , -0.2]), rgb=array([255., 255., 255.]), text='Moderate benefits', units='height', win=Window(...), wrapWidth=1)
6.1366 	EXP 	Created big5Screen = TextStim(__class__=<class 'psychopy.visual.text.TextStim'>, alignHoriz=method-wrapper(...), alignText='center', alignVert=method-wrapper(...), anchorHoriz='center', anchorVert='center', antialias=True, autoLog=True, bold=False, color='white', colorSpace='named', contrast=1.0, depth=0.0, flipHoriz=False, flipVert=False, font='Times New Roman', fontFiles=[], height=0.1, italic=False, languageStyle='LTR', name='big5Screen', opacity=1.0, ori=0, pos=array([0., 0.]), rgb=array([255., 255., 255.]), text=str(...), units='height', win=Window(...), wrapWidth=1)
6.1598 	EXP 	window1: mouseVisible = True
6.1681 	EXP 	Created rating_5 = RatingScale(__class__=type(...), acceptKeys=['return'], acceptPreText=UNKNOWN, acceptSize=UNKNOWN, acceptText='accept?', autoLog=True, choices=False, depth=0, disappear=False, flipVert=False, high=5, kwargs=UNKNOWN, labels=list(...), leftKeys=['left'], lineColor='White', low=1, marker=ShapeStim(...), markerColor='DarkBlue', markerExpansion=UNKNOWN, markerStart=None, maxTime=0.0, minTime=0.4, mouseOnly=False, name='rating_5', noMouse=False, pos=[0.0, -0.4], precision=1, respKeys=['1', '2', '3', '4', '5'], rightKeys=['right'], scale='', self=UNKNOWN, showAccept=True, showValue=True, singleClick=False, size=0.6, skipKeys=['tab'], stretch=1.0, textColor='LightGray', textFont='Helvetica Bold', textSize=0.12, tickHeight=1.0, tickMarks=4.0, win=Window(...))
6.1724 	EXP 	Created characText = TextStim(__class__=<class 'psychopy.visual.text.TextStim'>, alignHoriz=method-wrapper(...), alignText='center', alignVert=method-wrapper(...), anchorHoriz='center', anchorVert='center', antialias=True, autoLog=True, bold=False, color='white', colorSpace='named', contrast=1.0, depth=-1.0, flipHoriz=False, flipVert=False, font='Times New Roman', fontFiles=[], height=0.06, italic=False, languageStyle='LTR', name='characText', opacity=1.0, ori=0, pos=array([0. , 0.2]), rgb=array([255., 255., 255.]), text='default text', units='height', win=Window(...), wrapWidth=1)
6.1767 	EXP 	Created Someone = TextStim(__class__=<class 'psychopy.visual.text.TextStim'>, alignHoriz=method-wrapper(...), alignText='center', alignVert=method-wrapper(...), anchorHoriz='center', anchorVert='center', antialias=True, autoLog=True, bold=False, color='white', colorSpace='named', contrast=1.0, depth=-2.0, flipHoriz=False, flipVert=False, font='Times New Roman', fontFiles=[], height=0.06, italic=False, languageStyle='LTR', name='Someone', opacity=1.0, ori=0, pos=array([-0.33,  0.2 ]), rgb=array([255., 255., 255.]), text='I am someone who…', units='height', win=Window(...), wrapWidth=1)
6.1821 	EXP 	Created disagreeStrongly = TextStim(__class__=<class 'psychopy.visual.text.TextStim'>, alignHoriz=method-wrapper(...), alignText='center', alignVert=method-wrapper(...), anchorHoriz='center', anchorVert='center', antialias=True, autoLog=True, bold=False, color='white', colorSpace='named', contrast=1.0, depth=-3.0, flipHoriz=False, flipVert=False, font='Times New Roman', fontFiles=[], height=0.03, italic=False, languageStyle='LTR', name='disagreeStrongly', opacity=1.0, ori=0, pos=array([-0.4, -0.2]), rgb=array([255., 255., 255.]), text='Disagree\nStrongly', units='height', win=Window(...), wrapWidth=1)
6.1868 	EXP 	Created disagreeALittle = TextStim(__class__=<class 'psychopy.visual.text.TextStim'>, alignHoriz=method-wrapper(...), alignText='center', alignVert=method-wrapper(...), anchorHoriz='center', anchorVert='center', antialias=True, autoLog=True, bold=False, color='white', colorSpace='named', contrast=1.0, depth=-4.0, flipHoriz=False, flipVert=False, font='Times New Roman', fontFiles=[], height=0.03, italic=False, languageStyle='LTR', name='disagreeALittle', opacity=1.0, ori=0, pos=array([ 0.2, -0.2]), rgb=array([255., 255., 255.]), text='Disagree\na little', units='height', win=Window(...), wrapWidth=1)
6.1936 	EXP 	Created Neutral = TextStim(__class__=<class 'psychopy.visual.text.TextStim'>, alignHoriz=method-wrapper(...), alignText='center', alignVert=method-wrapper(...), anchorHoriz='center', anchorVert='center', antialias=True, autoLog=True, bold=False, color='white', colorSpace='named', contrast=1.0, depth=-5.0, flipHoriz=False, flipVert=False, font='Arial', fontFiles=[], height=0.03, italic=False, languageStyle='LTR', name='Neutral', opacity=1.0, ori=0, pos=array([ 0. , -0.2]), rgb=array([255., 255., 255.]), text='Neutral;\nno opinion', units='height', win=Window(...), wrapWidth=1)
6.1964 	EXP 	Created AgreeALittle = TextStim(__class__=<class 'psychopy.visual.text.TextStim'>, alignHoriz=method-wrapper(...), alignText='center', alignVert=method-wrapper(...), anchorHoriz='center', anchorVert='center', antialias=True, autoLog=True, bold=False, color='white', colorSpace='named', contrast=1.0, depth=-6.0, flipHoriz=False, flipVert=False, font='Times New Roman', fontFiles=[], height=0.03, italic=False, languageStyle='LTR', name='AgreeALittle', opacity=1.0, ori=0, pos=array([ 0.2, -0.2]), rgb=array([255., 255., 255.]), text='Agree\na little', units='height', win=Window(...), wrapWidth=1)
6.1987 	EXP 	Created AgreeStrongly = TextStim(__class__=<class 'psychopy.visual.text.TextStim'>, alignHoriz=method-wrapper(...), alignText='center', alignVert=method-wrapper(...), anchorHoriz='center', anchorVert='center', antialias=True, autoLog=True, bold=False, color='white', colorSpace='named', contrast=1.0, depth=-7.0, flipHoriz=False, flipVert=False, font='Times New Roman', fontFiles=[], height=0.03, italic=False, languageStyle='LTR', name='AgreeStrongly', opacity=1.0, ori=0, pos=array([ 0.4, -0.2]), rgb=array([255., 255., 255.]), text='Agree\nstrongly', units='height', win=Window(...), wrapWidth=1)
6.2092 	EXP 	Created congratsText = TextStim(__class__=<class 'psychopy.visual.text.TextStim'>, alignHoriz=method-wrapper(...), alignText='center', alignVert=method-wrapper(...), anchorHoriz='center', anchorVert='center', antialias=True, autoLog=True, bold=False, color='white', colorSpace='named', contrast=1.0, depth=0.0, flipHoriz=False, flipVert=False, font='Times New Roman', fontFiles=[], height=0.1, italic=False, languageStyle='LTR', name='congratsText', opacity=1.0, ori=0, pos=array([0., 0.]), rgb=array([255., 255., 255.]), text=str(...), units='height', win=Window(...), wrapWidth=1)
6.2511 	EXP 	rating: flipVert = False
6.2511 	EXP 	rating: autoLog = True
6.2511 	EXP 	rating_2: flipVert = False
6.2511 	EXP 	rating_2: autoLog = True
6.2511 	EXP 	rating_4: flipVert = False
6.2511 	EXP 	rating_4: autoLog = True
6.2511 	EXP 	rating_3: flipVert = False
6.2511 	EXP 	rating_3: autoLog = True
6.2511 	EXP 	rating_5: flipVert = False
6.2511 	EXP 	rating_5: autoLog = True
6.2511 	EXP 	IntroScreen: autoDraw = True
6.6700 	DATA 	Keypress: space
6.6841 	EXP 	IntroScreen: autoDraw = False
6.6841 	EXP 	instructions: autoDraw = True
7.2309 	DEBUG 	Read Excel file with pandas: spatialAnxietyScale1.xlsx
7.2333 	DEBUG 	Clearing unnamed columns from spatialAnxietyScale1.xlsx
7.2337 	EXP 	Imported spatialAnxietyScale1.xlsx as conditions, 8 conditions, 1 params
7.2341 	EXP 	Created sequence: random, trialTypes=8, nReps=1, seed=None
7.2343 	EXP 	New trial (rep=0, index=0): OrderedDict([('Scenario', 'Pointing in the direction of a place outside that someone wants to get to and has asked you for directions, when you are in a windowless room.')])
7.2488 	EXP 	RatingScale rating: reset()
7.2629 	DATA 	Keypress: space
7.2879 	EXP 	instructions: autoDraw = False
7.2879 	EXP 	scenario1: text = 'Pointing in the direction of a place outside that someone wants to get to and has asked you for directions, when you are in a windowless room.'
7.2879 	EXP 	scenario1: autoDraw = True
7.2879 	EXP 	notAtAll: autoDraw = True
7.2879 	EXP 	veryMuch: autoDraw = True
7.2879 	EXP 	rating: autoDraw = True
8.4922 	DATA 	Mouse: Left button down, pos=(663,275)
8.5776 	DATA 	Mouse:  Left button up, pos=(663,275)
9.0420 	DATA 	Mouse: Left button down, pos=(695,173)
9.0432 	DATA 	RatingScale rating: (mouse response) rating=2
9.0432 	DATA 	RatingScale rating: rating RT=1.794
9.0432 	DATA 	RatingScale rating: history=[(None, 0.0), (2, 1.243), (2, 1.794)]
9.0582 	EXP 	New trial (rep=0, index=1): OrderedDict([('Scenario', 'Locating your car in a very large parking lot or parking garage.')])
9.0741 	EXP 	RatingScale rating: reset()
9.0881 	EXP 	scenario1: autoDraw = False
9.0881 	EXP 	notAtAll: autoDraw = False
9.0881 	EXP 	veryMuch: autoDraw = False
9.0881 	EXP 	rating: autoDraw = False
9.0881 	EXP 	scenario1: text = 'Locating your car in a very large parking lot or parking garage.'
9.0881 	EXP 	scenario1: autoDraw = True
9.0881 	EXP 	notAtAll: autoDraw = True
9.0881 	EXP 	veryMuch: autoDraw = True
9.0881 	EXP 	rating: autoDraw = True
9.1259 	DATA 	Mouse:  Left button up, pos=(695,173)
9.5591 	DATA 	Mouse: Left button down, pos=(612,262)
9.6272 	DATA 	Mouse:  Left button up, pos=(613,262)
9.8934 	DATA 	Mouse: Left button down, pos=(650,147)
9.8946 	DATA 	RatingScale rating: (mouse response) rating=2
9.8946 	DATA 	RatingScale rating: rating RT=0.820
9.8947 	DATA 	RatingScale rating: history=[(None, 0.0), (2, 0.485), (2, 0.82)]
9.9087 	EXP 	New trial (rep=0, index=2): OrderedDict([('Scenario', 'Finding your way out of a complex arrangement of offices that you have visited for the first time.')])
9.9240 	EXP 	RatingScale rating: reset()
9.9371 	EXP 	scenario1: autoDraw = False
9.9371 	EXP 	notAtAll: autoDraw = False
9.9371 	EXP 	veryMuch: autoDraw = False
9.9371 	EXP 	rating: autoDraw = False
9.9371 	EXP 	scenario1: text = 'Finding your way out of a complex arrangement of offices that you have visited for the first time.'
9.9371 	EXP 	scenario1: autoDraw = True
9.9371 	EXP 	notAtAll: autoDraw = True
9.9371 	EXP 	veryMuch: autoDraw = True
9.9371 	EXP 	rating: autoDraw = True
9.9581 	DATA 	Mouse:  Left button up, pos=(651,147)
10.3904 	DATA 	Mouse: Left button down, pos=(618,251)
10.4597 	DATA 	Mouse:  Left button up, pos=(618,251)
10.7269 	DATA 	Mouse: Left button down, pos=(653,153)
10.7277 	DATA 	RatingScale rating: (mouse response) rating=2
10.7277 	DATA 	RatingScale rating: rating RT=0.803
10.7277 	DATA 	RatingScale rating: history=[(None, 0.0), (2, 0.466), (2, 0.803)]
10.7412 	EXP 	New trial (rep=0, index=3): OrderedDict([('Scenario', 'Trying a new route that you think will be a shortcut without the benefit of a map.')])
10.7525 	EXP 	RatingScale rating: reset()
10.7703 	EXP 	scenario1: autoDraw = False
10.7703 	EXP 	notAtAll: autoDraw = False
10.7703 	EXP 	veryMuch: autoDraw = False
10.7703 	EXP 	rating: autoDraw = False
10.7703 	EXP 	scenario1: text = 'Trying a new route that you think will be a shortcut without the benefit of a map.'
10.7703 	EXP 	scenario1: autoDraw = True
10.7703 	EXP 	notAtAll: autoDraw = True
10.7703 	EXP 	veryMuch: autoDraw = True
10.7703 	EXP 	rating: autoDraw = True
10.8417 	DATA 	Mouse:  Left button up, pos=(653,153)
11.2741 	DATA 	Mouse: Left button down, pos=(607,268)
11.3417 	DATA 	Mouse:  Left button up, pos=(608,268)
11.5921 	DATA 	Mouse: Left button down, pos=(638,185)
11.5933 	DATA 	RatingScale rating: (mouse response) rating=2
11.5933 	DATA 	RatingScale rating: rating RT=0.840
11.5934 	DATA 	RatingScale rating: history=[(None, 0.0), (2, 0.521), (2, 0.84)]
11.6068 	EXP 	New trial (rep=0, index=4): OrderedDict([('Scenario', 'Finding your way to an appointment in an area of a city or town with which you are not familiar. ')])
11.6174 	EXP 	RatingScale rating: reset()
11.6372 	EXP 	scenario1: autoDraw = False
11.6372 	EXP 	notAtAll: autoDraw = False
11.6372 	EXP 	veryMuch: autoDraw = False
11.6372 	EXP 	rating: autoDraw = False
11.6372 	EXP 	scenario1: text = 'Finding your way to an appointment in an area of a city or town with which you are not familiar. '
11.6372 	EXP 	scenario1: autoDraw = True
11.6372 	EXP 	notAtAll: autoDraw = True
11.6372 	EXP 	veryMuch: autoDraw = True
11.6372 	EXP 	rating: autoDraw = True
11.6917 	DATA 	Mouse:  Left button up, pos=(638,184)
11.9589 	DATA 	Mouse: Left button down, pos=(620,260)
12.0597 	DATA 	Mouse:  Left button up, pos=(620,260)
12.3089 	DATA 	Mouse: Left button down, pos=(651,174)
12.3097 	DATA 	RatingScale rating: (mouse response) rating=2
12.3098 	DATA 	RatingScale rating: rating RT=0.691
12.3098 	DATA 	RatingScale rating: history=[(None, 0.0), (2, 0.341), (2, 0.691)]
12.3229 	EXP 	New trial (rep=0, index=5): OrderedDict([('Scenario', 'Leaving a store that you have been to for the first time and deciding which way to turn to get to a destination.')])
12.3337 	EXP 	RatingScale rating: reset()
12.3547 	EXP 	scenario1: autoDraw = False
12.3547 	EXP 	notAtAll: autoDraw = False
12.3547 	EXP 	veryMuch: autoDraw = False
12.3547 	EXP 	rating: autoDraw = False
12.3547 	EXP 	scenario1: text = 'Leaving a store that you have been to for the first time and deciding which way to turn to get to a destination.'
12.3547 	EXP 	scenario1: autoDraw = True
12.3547 	EXP 	notAtAll: autoDraw = True
12.3547 	EXP 	veryMuch: autoDraw = True
12.3547 	EXP 	rating: autoDraw = True
12.4084 	DATA 	Mouse:  Left button up, pos=(652,174)
12.6752 	DATA 	Mouse: Left button down, pos=(620,250)
12.7435 	DATA 	Mouse:  Left button up, pos=(620,250)
12.9755 	DATA 	Mouse: Left button down, pos=(676,160)
12.9762 	DATA 	RatingScale rating: (mouse response) rating=2
12.9763 	DATA 	RatingScale rating: rating RT=0.642
12.9763 	DATA 	RatingScale rating: history=[(None, 0.0), (2, 0.341), (2, 0.642)]
12.9897 	EXP 	New trial (rep=0, index=6): OrderedDict([('Scenario', 'Finding your way around in an unfamiliar mall.')])
12.9983 	EXP 	RatingScale rating: reset()
13.0205 	EXP 	scenario1: autoDraw = False
13.0205 	EXP 	notAtAll: autoDraw = False
13.0205 	EXP 	veryMuch: autoDraw = False
13.0205 	EXP 	rating: autoDraw = False
13.0205 	EXP 	scenario1: text = 'Finding your way around in an unfamiliar mall.'
13.0205 	EXP 	scenario1: autoDraw = True
13.0205 	EXP 	notAtAll: autoDraw = True
13.0205 	EXP 	veryMuch: autoDraw = True
13.0205 	EXP 	rating: autoDraw = True
13.0754 	DATA 	Mouse:  Left button up, pos=(676,160)
13.3249 	DATA 	Mouse: Left button down, pos=(633,239)
13.3926 	DATA 	Mouse:  Left button up, pos=(633,239)
13.6584 	DATA 	Mouse: Left button down, pos=(677,158)
13.6592 	DATA 	RatingScale rating: (mouse response) rating=2
13.6593 	DATA 	RatingScale rating: rating RT=0.660
13.6593 	DATA 	RatingScale rating: history=[(None, 0.0), (2, 0.327), (2, 0.66)]
13.6726 	EXP 	New trial (rep=0, index=7): OrderedDict([('Scenario', 'Finding your way back to a familiar area after realizing you have made a wrong turn and become lost while driving.')])
13.6855 	EXP 	RatingScale rating: reset()
13.7040 	EXP 	scenario1: autoDraw = False
13.7040 	EXP 	notAtAll: autoDraw = False
13.7040 	EXP 	veryMuch: autoDraw = False
13.7040 	EXP 	rating: autoDraw = False
13.7040 	EXP 	scenario1: text = 'Finding your way back to a familiar area after realizing you have made a wrong turn and become lost while driving.'
13.7040 	EXP 	scenario1: autoDraw = True
13.7040 	EXP 	notAtAll: autoDraw = True
13.7040 	EXP 	veryMuch: autoDraw = True
13.7040 	EXP 	rating: autoDraw = True
13.7579 	DATA 	Mouse:  Left button up, pos=(677,158)
14.0076 	DATA 	Mouse: Left button down, pos=(630,251)
14.0932 	DATA 	Mouse:  Left button up, pos=(630,251)
14.3254 	DATA 	Mouse: Left button down, pos=(684,150)
14.3261 	DATA 	RatingScale rating: (mouse response) rating=2
14.3261 	DATA 	RatingScale rating: rating RT=0.640
14.3262 	DATA 	RatingScale rating: history=[(None, 0.0), (2, 0.322), (2, 0.64)]
14.3874 	EXP 	scenario1: autoDraw = False
14.3874 	EXP 	notAtAll: autoDraw = False
14.3874 	EXP 	veryMuch: autoDraw = False
14.3874 	EXP 	rating: autoDraw = False
14.3874 	EXP 	riskBehaviorScaleScreen: autoDraw = True
14.4074 	DATA 	Mouse:  Left button up, pos=(684,150)
15.2305 	DEBUG 	Read Excel file with pandas: activities.xlsx
15.2320 	DEBUG 	Clearing unnamed columns from activities.xlsx
15.2329 	EXP 	Imported activities.xlsx as conditions, 40 conditions, 1 params
15.2333 	EXP 	Created sequence: sequential, trialTypes=40, nReps=1, seed=None
15.2336 	EXP 	New trial (rep=0, index=0): OrderedDict([('C', 'Admitting that your tastes are different from those of your friends. (S)')])
15.2424 	EXP 	RatingScale rating_2: reset()
15.2483 	DATA 	Keypress: space
15.2703 	EXP 	riskBehaviorScaleScreen: autoDraw = False
15.2703 	EXP 	activity: text = 'Admitting that your tastes are different from those of your friends. (S)'
15.2703 	EXP 	activity: autoDraw = True
15.2703 	EXP 	notAtAll2: autoDraw = True
15.2703 	EXP 	ExtremelyLikely: autoDraw = True
15.2703 	EXP 	rating_2: autoDraw = True
16.3416 	DATA 	Mouse: Left button down, pos=(704,278)
16.4439 	DATA 	Mouse:  Left button up, pos=(704,278)
16.7892 	DATA 	Mouse: Left button down, pos=(705,203)
16.8252 	DATA 	Mouse:  Left button up, pos=(705,203)
17.0745 	DATA 	Mouse: Left button down, pos=(705,196)
17.1763 	DATA 	Mouse:  Left button up, pos=(705,196)
17.7448 	DATA 	Mouse: Left button down, pos=(709,185)
17.7599 	DATA 	RatingScale rating_2: (mouse response) rating=3
17.7599 	DATA 	RatingScale rating_2: rating RT=2.517
17.7600 	DATA 	RatingScale rating_2: history=[(None, 0.0), (3, 1.099), (3, 2.517)]
17.7760 	EXP 	New trial (rep=0, index=1): OrderedDict([('C', 'Going camping in the wilderness, beyond the civilization of a campground. (R) ')])
17.7888 	EXP 	RatingScale rating_2: reset()
17.8040 	EXP 	activity: autoDraw = False
17.8040 	EXP 	notAtAll2: autoDraw = False
17.8040 	EXP 	ExtremelyLikely: autoDraw = False
17.8040 	EXP 	rating_2: autoDraw = False
17.8040 	EXP 	activity: text = 'Going camping in the wilderness, beyond the civilization of a campground. (R) '
17.8040 	EXP 	activity: autoDraw = True
17.8040 	EXP 	notAtAll2: autoDraw = True
17.8040 	EXP 	ExtremelyLikely: autoDraw = True
17.8040 	EXP 	rating_2: autoDraw = True
17.9408 	DATA 	Mouse:  Left button up, pos=(709,184)
18.2416 	DATA 	Mouse: Left button down, pos=(720,243)
18.3105 	DATA 	Mouse:  Left button up, pos=(720,243)
18.5270 	DATA 	Mouse: Left button down, pos=(720,149)
18.5279 	DATA 	RatingScale rating_2: (mouse response) rating=3
18.5279 	DATA 	RatingScale rating_2: rating RT=0.738
18.5279 	DATA 	RatingScale rating_2: history=[(None, 0.0), (3, 0.453), (3, 0.738)]
18.5423 	EXP 	New trial (rep=0, index=2): OrderedDict([('C', "Betting a day's income at the horse races. (G)")])
18.5539 	EXP 	RatingScale rating_2: reset()
18.5706 	EXP 	activity: autoDraw = False
18.5706 	EXP 	notAtAll2: autoDraw = False
18.5706 	EXP 	ExtremelyLikely: autoDraw = False
18.5706 	EXP 	rating_2: autoDraw = False
18.5706 	EXP 	activity: text = "Betting a day's income at the horse races. (G)"
18.5706 	EXP 	activity: autoDraw = True
18.5706 	EXP 	notAtAll2: autoDraw = True
18.5706 	EXP 	ExtremelyLikely: autoDraw = True
18.5706 	EXP 	rating_2: autoDraw = True
18.6084 	DATA 	Mouse:  Left button up, pos=(720,149)
18.9910 	DATA 	Mouse: Left button down, pos=(735,284)
19.0596 	DATA 	Mouse:  Left button up, pos=(735,284)
19.3105 	DATA 	Mouse: Left button down, pos=(726,186)
19.3113 	DATA 	RatingScale rating_2: (mouse response) rating=3
19.3113 	DATA 	RatingScale rating_2: rating RT=0.757
19.3114 	DATA 	RatingScale rating_2: history=[(None, 0.0), (3, 0.437), (3, 0.757)]
19.3257 	EXP 	New trial (rep=0, index=3): OrderedDict([('C', 'Buying an illegal drug for your own use. (H)')])
19.3367 	EXP 	RatingScale rating_2: reset()
19.3546 	EXP 	activity: autoDraw = False
19.3546 	EXP 	notAtAll2: autoDraw = False
19.3546 	EXP 	ExtremelyLikely: autoDraw = False
19.3546 	EXP 	rating_2: autoDraw = False
19.3546 	EXP 	activity: text = 'Buying an illegal drug for your own use. (H)'
19.3546 	EXP 	activity: autoDraw = True
19.3546 	EXP 	notAtAll2: autoDraw = True
19.3546 	EXP 	ExtremelyLikely: autoDraw = True
19.3546 	EXP 	rating_2: autoDraw = True
19.3741 	DATA 	Mouse:  Left button up, pos=(726,186)
19.6104 	DATA 	Mouse: Left button down, pos=(726,259)
19.6762 	DATA 	Mouse:  Left button up, pos=(726,259)
19.9265 	DATA 	Mouse: Left button down, pos=(726,181)
19.9274 	DATA 	RatingScale rating_2: (mouse response) rating=3
19.9274 	DATA 	RatingScale rating_2: rating RT=0.590
19.9274 	DATA 	RatingScale rating_2: history=[(None, 0.0), (3, 0.273), (3, 0.59)]
19.9419 	EXP 	New trial (rep=0, index=4): OrderedDict([('C', 'Cheating on an exam. (E)')])
19.9532 	EXP 	RatingScale rating_2: reset()
19.9703 	EXP 	activity: autoDraw = False
19.9703 	EXP 	notAtAll2: autoDraw = False
19.9703 	EXP 	ExtremelyLikely: autoDraw = False
19.9703 	EXP 	rating_2: autoDraw = False
19.9703 	EXP 	activity: text = 'Cheating on an exam. (E)'
19.9703 	EXP 	activity: autoDraw = True
19.9703 	EXP 	notAtAll2: autoDraw = True
19.9703 	EXP 	ExtremelyLikely: autoDraw = True
19.9703 	EXP 	rating_2: autoDraw = True
19.9909 	DATA 	Mouse:  Left button up, pos=(726,181)
20.2903 	DATA 	Mouse: Left button down, pos=(725,271)
20.3766 	DATA 	Mouse:  Left button up, pos=(725,271)
20.6104 	DATA 	Mouse: Left button down, pos=(725,175)
20.6113 	DATA 	RatingScale rating_2: (mouse response) rating=3
20.6113 	DATA 	RatingScale rating_2: rating RT=0.657
20.6113 	DATA 	RatingScale rating_2: history=[(None, 0.0), (3, 0.337), (3, 0.657)]
20.6248 	EXP 	New trial (rep=0, index=5): OrderedDict([('C', 'Chasing a tornado or hurricane by car to take dramatic photos. (R)')])
20.6352 	EXP 	RatingScale rating_2: reset()
20.6542 	EXP 	activity: autoDraw = False
20.6542 	EXP 	notAtAll2: autoDraw = False
20.6542 	EXP 	ExtremelyLikely: autoDraw = False
20.6542 	EXP 	rating_2: autoDraw = False
20.6542 	EXP 	activity: text = 'Chasing a tornado or hurricane by car to take dramatic photos. (R)'
20.6542 	EXP 	activity: autoDraw = True
20.6542 	EXP 	notAtAll2: autoDraw = True
20.6542 	EXP 	ExtremelyLikely: autoDraw = True
20.6542 	EXP 	rating_2: autoDraw = True
20.6908 	DATA 	Mouse:  Left button up, pos=(725,175)
21.0246 	DATA 	Mouse: Left button down, pos=(725,267)
21.0929 	DATA 	Mouse:  Left button up, pos=(725,267)
21.3742 	DATA 	Mouse: Left button down, pos=(725,180)
21.3753 	DATA 	RatingScale rating_2: (mouse response) rating=3
21.3754 	DATA 	RatingScale rating_2: rating RT=0.739
21.3754 	DATA 	RatingScale rating_2: history=[(None, 0.0), (3, 0.39), (3, 0.739)]
21.3893 	EXP 	New trial (rep=0, index=6): OrderedDict([('C', 'Investing 10% of your annual income in a moderate growth mutual fund. (I)')])
21.4040 	EXP 	RatingScale rating_2: reset()
21.4200 	EXP 	activity: autoDraw = False
21.4200 	EXP 	notAtAll2: autoDraw = False
21.4200 	EXP 	ExtremelyLikely: autoDraw = False
21.4200 	EXP 	rating_2: autoDraw = False
21.4200 	EXP 	activity: text = 'Investing 10% of your annual income in a moderate growth mutual fund. (I)'
21.4200 	EXP 	activity: autoDraw = True
21.4200 	EXP 	notAtAll2: autoDraw = True
21.4200 	EXP 	ExtremelyLikely: autoDraw = True
21.4200 	EXP 	rating_2: autoDraw = True
21.4752 	DATA 	Mouse:  Left button up, pos=(725,180)
21.8088 	DATA 	Mouse: Left button down, pos=(725,265)
21.9267 	DATA 	Mouse:  Left button up, pos=(725,266)
22.1937 	DATA 	Mouse: Left button down, pos=(725,176)
22.1947 	DATA 	RatingScale rating_2: (mouse response) rating=3
22.1948 	DATA 	RatingScale rating_2: rating RT=0.790
22.1948 	DATA 	RatingScale rating_2: history=[(None, 0.0), (3, 0.405), (3, 0.79)]
22.2083 	EXP 	New trial (rep=0, index=7): OrderedDict([('C', 'Consuming five or more servings of alcohol in a single evening. (H)')])
22.2202 	EXP 	RatingScale rating_2: reset()
22.2376 	EXP 	activity: autoDraw = False
22.2376 	EXP 	notAtAll2: autoDraw = False
22.2376 	EXP 	ExtremelyLikely: autoDraw = False
22.2376 	EXP 	rating_2: autoDraw = False
22.2376 	EXP 	activity: text = 'Consuming five or more servings of alcohol in a single evening. (H)'
22.2376 	EXP 	activity: autoDraw = True
22.2376 	EXP 	notAtAll2: autoDraw = True
22.2376 	EXP 	ExtremelyLikely: autoDraw = True
22.2376 	EXP 	rating_2: autoDraw = True
22.2583 	DATA 	Mouse:  Left button up, pos=(725,176)
22.5910 	DATA 	Mouse: Left button down, pos=(729,295)
22.6770 	DATA 	Mouse:  Left button up, pos=(729,295)
22.9099 	DATA 	Mouse: Left button down, pos=(729,204)
23.0079 	DATA 	Mouse:  Left button up, pos=(729,204)
23.3096 	DATA 	Mouse: Left button down, pos=(729,283)
23.3928 	DATA 	Mouse:  Left button up, pos=(729,283)
23.6602 	DATA 	Mouse: Left button down, pos=(729,149)
23.6612 	DATA 	RatingScale rating_2: (mouse response) rating=3
23.6612 	DATA 	RatingScale rating_2: rating RT=1.440
23.6612 	DATA 	RatingScale rating_2: history=[(None, 0.0), (3, 0.37), (3, 1.44)]
23.6755 	EXP 	New trial (rep=0, index=8): OrderedDict([('C', 'Cheating by a significant amount on your income tax return. (E)')])
23.6859 	EXP 	RatingScale rating_2: reset()
23.7037 	EXP 	activity: autoDraw = False
23.7037 	EXP 	notAtAll2: autoDraw = False
23.7037 	EXP 	ExtremelyLikely: autoDraw = False
23.7037 	EXP 	rating_2: autoDraw = False
23.7037 	EXP 	activity: text = 'Cheating by a significant amount on your income tax return. (E)'
23.7037 	EXP 	activity: autoDraw = True
23.7037 	EXP 	notAtAll2: autoDraw = True
23.7037 	EXP 	ExtremelyLikely: autoDraw = True
23.7037 	EXP 	rating_2: autoDraw = True
23.7585 	DATA 	Mouse:  Left button up, pos=(729,149)
24.0748 	DATA 	Mouse: Left button down, pos=(723,251)
24.1746 	DATA 	Mouse:  Left button up, pos=(723,251)
24.4273 	DATA 	Mouse: Left button down, pos=(723,137)
24.5097 	DATA 	Mouse:  Left button up, pos=(723,137)
24.9599 	DATA 	Mouse: Left button down, pos=(705,249)
25.0600 	DATA 	Mouse:  Left button up, pos=(705,249)
25.3250 	DATA 	Mouse: Left button down, pos=(705,170)
25.3261 	DATA 	RatingScale rating_2: (mouse response) rating=3
25.3261 	DATA 	RatingScale rating_2: rating RT=1.639
25.3262 	DATA 	RatingScale rating_2: history=[(None, 0.0), (3, 0.389), (3, 1.639)]
25.3403 	EXP 	New trial (rep=0, index=9): OrderedDict([('C', 'Disagreeing with your father on a major issue. (S)')])
25.3515 	EXP 	RatingScale rating_2: reset()
25.3709 	EXP 	activity: autoDraw = False
25.3709 	EXP 	notAtAll2: autoDraw = False
25.3709 	EXP 	ExtremelyLikely: autoDraw = False
25.3709 	EXP 	rating_2: autoDraw = False
25.3709 	EXP 	activity: text = 'Disagreeing with your father on a major issue. (S)'
25.3709 	EXP 	activity: autoDraw = True
25.3709 	EXP 	notAtAll2: autoDraw = True
25.3709 	EXP 	ExtremelyLikely: autoDraw = True
25.3709 	EXP 	rating_2: autoDraw = True
25.4255 	DATA 	Mouse:  Left button up, pos=(705,170)
25.7758 	DATA 	Mouse: Left button down, pos=(704,234)
25.8917 	DATA 	Mouse:  Left button up, pos=(704,234)
26.2408 	DATA 	Mouse: Left button down, pos=(705,168)
26.3414 	DATA 	Mouse:  Left button up, pos=(705,168)
26.5753 	DATA 	Mouse: Left button down, pos=(706,264)
26.6750 	DATA 	Mouse:  Left button up, pos=(706,264)
26.9409 	DATA 	Mouse: Left button down, pos=(706,157)
26.9418 	DATA 	RatingScale rating_2: (mouse response) rating=3
26.9419 	DATA 	RatingScale rating_2: rating RT=1.589
26.9419 	DATA 	RatingScale rating_2: history=[(None, 0.0), (3, 1.224), (3, 1.589)]
26.9565 	EXP 	New trial (rep=0, index=10): OrderedDict([('C', "Betting a day's income at a high stake poker game. (G)")])
26.9653 	EXP 	RatingScale rating_2: reset()
26.9867 	EXP 	activity: autoDraw = False
26.9867 	EXP 	notAtAll2: autoDraw = False
26.9867 	EXP 	ExtremelyLikely: autoDraw = False
26.9867 	EXP 	rating_2: autoDraw = False
26.9867 	EXP 	activity: text = "Betting a day's income at a high stake poker game. (G)"
26.9867 	EXP 	activity: autoDraw = True
26.9867 	EXP 	notAtAll2: autoDraw = True
26.9867 	EXP 	ExtremelyLikely: autoDraw = True
26.9867 	EXP 	rating_2: autoDraw = True
27.0249 	DATA 	Mouse:  Left button up, pos=(706,157)
27.2760 	DATA 	Mouse: Left button down, pos=(706,279)
27.3422 	DATA 	Mouse:  Left button up, pos=(706,279)
27.8449 	DATA 	Mouse: Left button down, pos=(723,196)
27.9431 	DATA 	Mouse:  Left button up, pos=(723,196)
28.3601 	DATA 	Mouse: Left button down, pos=(725,176)
28.3616 	DATA 	RatingScale rating_2: (mouse response) rating=3
28.3616 	DATA 	RatingScale rating_2: rating RT=1.395
28.3616 	DATA 	RatingScale rating_2: history=[(None, 0.0), (3, 0.311), (3, 1.395)]
28.3757 	EXP 	New trial (rep=0, index=11): OrderedDict([('C', 'Having an affair with a married man or woman. (E)')])
28.3854 	EXP 	RatingScale rating_2: reset()
28.4036 	EXP 	activity: autoDraw = False
28.4036 	EXP 	notAtAll2: autoDraw = False
28.4036 	EXP 	ExtremelyLikely: autoDraw = False
28.4036 	EXP 	rating_2: autoDraw = False
28.4036 	EXP 	activity: text = 'Having an affair with a married man or woman. (E)'
28.4036 	EXP 	activity: autoDraw = True
28.4036 	EXP 	notAtAll2: autoDraw = True
28.4036 	EXP 	ExtremelyLikely: autoDraw = True
28.4036 	EXP 	rating_2: autoDraw = True
28.4583 	DATA 	Mouse:  Left button up, pos=(725,176)
28.8584 	DATA 	Mouse: Left button down, pos=(725,264)
28.9594 	DATA 	Mouse:  Left button up, pos=(725,264)
29.1923 	DATA 	Mouse: Left button down, pos=(725,191)
29.2767 	DATA 	Mouse:  Left button up, pos=(725,191)
29.6587 	DATA 	Mouse: Left button down, pos=(719,297)
29.7431 	DATA 	Mouse:  Left button up, pos=(719,297)
30.0607 	DATA 	Mouse: Left button down, pos=(719,178)
30.0621 	DATA 	RatingScale rating_2: (mouse response) rating=3
30.0621 	DATA 	RatingScale rating_2: rating RT=1.676
30.0621 	DATA 	RatingScale rating_2: history=[(None, 0.0), (3, 0.473), (3, 1.676)]
30.0759 	EXP 	New trial (rep=0, index=12): OrderedDict([('C', "Forging somebody's signature. (E)")])
30.0851 	EXP 	RatingScale rating_2: reset()
30.1033 	EXP 	activity: autoDraw = False
30.1033 	EXP 	notAtAll2: autoDraw = False
30.1033 	EXP 	ExtremelyLikely: autoDraw = False
30.1033 	EXP 	rating_2: autoDraw = False
30.1033 	EXP 	activity: text = "Forging somebody's signature. (E)"
30.1033 	EXP 	activity: autoDraw = True
30.1033 	EXP 	notAtAll2: autoDraw = True
30.1033 	EXP 	ExtremelyLikely: autoDraw = True
30.1033 	EXP 	rating_2: autoDraw = True
30.1415 	DATA 	Mouse:  Left button up, pos=(719,178)
30.4587 	DATA 	Mouse: Left button down, pos=(719,269)
30.5259 	DATA 	Mouse:  Left button up, pos=(719,269)
30.8069 	DATA 	Mouse: Left button down, pos=(719,145)
30.8076 	DATA 	RatingScale rating_2: (mouse response) rating=3
30.8076 	DATA 	RatingScale rating_2: rating RT=0.722
30.8076 	DATA 	RatingScale rating_2: history=[(None, 0.0), (3, 0.374), (3, 0.722)]
30.8231 	EXP 	New trial (rep=0, index=13): OrderedDict([('C', "Passing off somebody else's work as your own. (E)")])
30.8331 	EXP 	RatingScale rating_2: reset()
30.8539 	EXP 	activity: autoDraw = False
30.8539 	EXP 	notAtAll2: autoDraw = False
30.8539 	EXP 	ExtremelyLikely: autoDraw = False
30.8539 	EXP 	rating_2: autoDraw = False
30.8539 	EXP 	activity: text = "Passing off somebody else's work as your own. (E)"
30.8539 	EXP 	activity: autoDraw = True
30.8539 	EXP 	notAtAll2: autoDraw = True
30.8539 	EXP 	ExtremelyLikely: autoDraw = True
30.8539 	EXP 	rating_2: autoDraw = True
30.8915 	DATA 	Mouse:  Left button up, pos=(719,145)
31.2406 	DATA 	Mouse: Left button down, pos=(715,277)
31.3101 	DATA 	Mouse:  Left button up, pos=(715,277)
31.8094 	DATA 	Mouse: Left button down, pos=(707,161)
31.8107 	DATA 	RatingScale rating_2: (mouse response) rating=3
31.8107 	DATA 	RatingScale rating_2: rating RT=0.977
31.8107 	DATA 	RatingScale rating_2: history=[(None, 0.0), (3, 0.407), (3, 0.977)]
31.8251 	EXP 	New trial (rep=0, index=14): OrderedDict([('C', 'Going on a vacation in a third-world country without prearranged travel and hotel accommodations. (R)')])
31.8394 	EXP 	RatingScale rating_2: reset()
31.8540 	EXP 	activity: autoDraw = False
31.8540 	EXP 	notAtAll2: autoDraw = False
31.8540 	EXP 	ExtremelyLikely: autoDraw = False
31.8540 	EXP 	rating_2: autoDraw = False
31.8540 	EXP 	activity: text = 'Going on a vacation in a third-world country without prearranged travel and hotel accommodations. (R)'
31.8540 	EXP 	activity: autoDraw = True
31.8540 	EXP 	notAtAll2: autoDraw = True
31.8540 	EXP 	ExtremelyLikely: autoDraw = True
31.8540 	EXP 	rating_2: autoDraw = True
31.9086 	DATA 	Mouse:  Left button up, pos=(707,160)
32.3090 	DATA 	Mouse: Left button down, pos=(706,271)
32.4245 	DATA 	Mouse:  Left button up, pos=(706,271)
32.9436 	DATA 	Mouse: Left button down, pos=(704,165)
32.9445 	DATA 	RatingScale rating_2: (mouse response) rating=3
32.9445 	DATA 	RatingScale rating_2: rating RT=1.104
32.9446 	DATA 	RatingScale rating_2: history=[(None, 0.0), (3, 0.469), (3, 1.104)]
32.9584 	EXP 	New trial (rep=0, index=15): OrderedDict([('C', 'Arguing with a friend about an issue on which he or she has a very different opinion. (S) ')])
32.9702 	EXP 	RatingScale rating_2: reset()
32.9868 	EXP 	activity: autoDraw = False
32.9868 	EXP 	notAtAll2: autoDraw = False
32.9868 	EXP 	ExtremelyLikely: autoDraw = False
32.9868 	EXP 	rating_2: autoDraw = False
32.9868 	EXP 	activity: text = 'Arguing with a friend about an issue on which he or she has a very different opinion. (S) '
32.9868 	EXP 	activity: autoDraw = True
32.9868 	EXP 	notAtAll2: autoDraw = True
32.9868 	EXP 	ExtremelyLikely: autoDraw = True
32.9868 	EXP 	rating_2: autoDraw = True
33.0575 	DATA 	Mouse:  Left button up, pos=(704,165)
33.4762 	DATA 	Mouse: Left button down, pos=(721,288)
33.5611 	DATA 	Mouse:  Left button up, pos=(721,288)
33.8597 	DATA 	Mouse: Left button down, pos=(721,206)
33.9930 	DATA 	Mouse:  Left button up, pos=(721,205)
34.5088 	DATA 	Mouse: Left button down, pos=(725,159)
34.5101 	DATA 	RatingScale rating_2: (mouse response) rating=3
34.5101 	DATA 	RatingScale rating_2: rating RT=1.539
34.5102 	DATA 	RatingScale rating_2: history=[(None, 0.0), (3, 0.506), (3, 1.539)]
34.5237 	EXP 	New trial (rep=0, index=16): OrderedDict([('C', 'Going down a ski run that is beyond your ability or closed. (R)')])
34.5340 	EXP 	RatingScale rating_2: reset()
34.5535 	EXP 	activity: autoDraw = False
34.5535 	EXP 	notAtAll2: autoDraw = False
34.5535 	EXP 	ExtremelyLikely: autoDraw = False
34.5535 	EXP 	rating_2: autoDraw = False
34.5535 	EXP 	activity: text = 'Going down a ski run that is beyond your ability or closed. (R)'
34.5535 	EXP 	activity: autoDraw = True
34.5535 	EXP 	notAtAll2: autoDraw = True
34.5535 	EXP 	ExtremelyLikely: autoDraw = True
34.5535 	EXP 	rating_2: autoDraw = True
34.6082 	DATA 	Mouse:  Left button up, pos=(725,159)
34.9742 	DATA 	Mouse: Left button down, pos=(725,262)
35.0750 	DATA 	Mouse:  Left button up, pos=(725,262)
35.3610 	DATA 	Mouse: Left button down, pos=(725,201)
35.4764 	DATA 	Mouse:  Left button up, pos=(725,201)
36.0920 	DATA 	Mouse: Left button down, pos=(726,186)
36.0934 	DATA 	RatingScale rating_2: (mouse response) rating=3
36.0934 	DATA 	RatingScale rating_2: rating RT=1.559
36.0935 	DATA 	RatingScale rating_2: history=[(None, 0.0), (3, 0.44), (3, 1.559)]
36.1071 	EXP 	New trial (rep=0, index=17): OrderedDict([('C', 'Investing 5% of your annual income in a very speculative stock. (I)')])
36.1198 	EXP 	RatingScale rating_2: reset()
36.1375 	EXP 	activity: autoDraw = False
36.1375 	EXP 	notAtAll2: autoDraw = False
36.1375 	EXP 	ExtremelyLikely: autoDraw = False
36.1375 	EXP 	rating_2: autoDraw = False
36.1375 	EXP 	activity: text = 'Investing 5% of your annual income in a very speculative stock. (I)'
36.1375 	EXP 	activity: autoDraw = True
36.1375 	EXP 	notAtAll2: autoDraw = True
36.1375 	EXP 	ExtremelyLikely: autoDraw = True
36.1375 	EXP 	rating_2: autoDraw = True
36.1754 	DATA 	Mouse:  Left button up, pos=(726,186)
36.7074 	DATA 	Mouse: Left button down, pos=(837,300)
36.7915 	DATA 	Mouse:  Left button up, pos=(837,300)
37.2598 	DATA 	Mouse: Left button down, pos=(777,189)
37.3596 	DATA 	Mouse:  Left button up, pos=(777,189)
37.7258 	DATA 	Mouse: Left button down, pos=(786,161)
37.7274 	DATA 	RatingScale rating_2: (mouse response) rating=4
37.7275 	DATA 	RatingScale rating_2: rating RT=1.607
37.7275 	DATA 	RatingScale rating_2: history=[(None, 0.0), (4, 0.588), (4, 1.606)]
37.7415 	EXP 	New trial (rep=0, index=18): OrderedDict([('C', 'Approaching your boss to ask for a raise. (S)')])
37.7532 	EXP 	RatingScale rating_2: reset()
37.7701 	EXP 	activity: autoDraw = False
37.7701 	EXP 	notAtAll2: autoDraw = False
37.7701 	EXP 	ExtremelyLikely: autoDraw = False
37.7701 	EXP 	rating_2: autoDraw = False
37.7701 	EXP 	activity: text = 'Approaching your boss to ask for a raise. (S)'
37.7701 	EXP 	activity: autoDraw = True
37.7701 	EXP 	notAtAll2: autoDraw = True
37.7701 	EXP 	ExtremelyLikely: autoDraw = True
37.7701 	EXP 	rating_2: autoDraw = True
37.7741 	DATA 	Mouse:  Left button up, pos=(786,160)
38.2590 	DATA 	Mouse: Left button down, pos=(875,280)
38.3418 	DATA 	Mouse:  Left button up, pos=(875,280)
38.8100 	DATA 	Mouse: Left button down, pos=(786,178)
38.8110 	DATA 	RatingScale rating_2: (mouse response) rating=4
38.8111 	DATA 	RatingScale rating_2: rating RT=1.057
38.8111 	DATA 	RatingScale rating_2: history=[(None, 0.0), (4, 0.506), (4, 1.057)]
38.8252 	EXP 	New trial (rep=0, index=19): OrderedDict([('C', 'Illegally copying a piece of software. (E) ')])
38.8339 	EXP 	RatingScale rating_2: reset()
38.8532 	EXP 	activity: autoDraw = False
38.8532 	EXP 	notAtAll2: autoDraw = False
38.8532 	EXP 	ExtremelyLikely: autoDraw = False
38.8532 	EXP 	rating_2: autoDraw = False
38.8532 	EXP 	activity: text = 'Illegally copying a piece of software. (E) '
38.8532 	EXP 	activity: autoDraw = True
38.8532 	EXP 	notAtAll2: autoDraw = True
38.8532 	EXP 	ExtremelyLikely: autoDraw = True
38.8532 	EXP 	rating_2: autoDraw = True
38.8915 	DATA 	Mouse:  Left button up, pos=(786,178)
39.2570 	DATA 	Mouse: Left button down, pos=(881,283)
39.3594 	DATA 	Mouse:  Left button up, pos=(881,283)
39.9260 	DATA 	Mouse: Left button down, pos=(805,169)
39.9273 	DATA 	RatingScale rating_2: (mouse response) rating=4
39.9273 	DATA 	RatingScale rating_2: rating RT=1.092
39.9274 	DATA 	RatingScale rating_2: history=[(None, 0.0), (4, 0.423), (4, 1.092)]
39.9413 	EXP 	New trial (rep=0, index=20): OrderedDict([('C', 'Going whitewater rafting during rapid water flows in the spring. (R) ')])
39.9521 	EXP 	RatingScale rating_2: reset()
39.9700 	EXP 	activity: autoDraw = False
39.9700 	EXP 	notAtAll2: autoDraw = False
39.9700 	EXP 	ExtremelyLikely: autoDraw = False
39.9700 	EXP 	rating_2: autoDraw = False
39.9700 	EXP 	activity: text = 'Going whitewater rafting during rapid water flows in the spring. (R) '
39.9700 	EXP 	activity: autoDraw = True
39.9700 	EXP 	notAtAll2: autoDraw = True
39.9700 	EXP 	ExtremelyLikely: autoDraw = True
39.9700 	EXP 	rating_2: autoDraw = True
39.9915 	DATA 	Mouse:  Left button up, pos=(805,169)
40.3259 	DATA 	Mouse: Left button down, pos=(861,297)
40.4097 	DATA 	Mouse:  Left button up, pos=(861,296)
40.7256 	DATA 	Mouse: Left button down, pos=(825,207)
40.8086 	DATA 	Mouse:  Left button up, pos=(825,207)
41.4597 	DATA 	Mouse: Left button down, pos=(799,167)
41.4613 	DATA 	RatingScale rating_2: (mouse response) rating=4
41.4614 	DATA 	RatingScale rating_2: rating RT=1.508
41.4614 	DATA 	RatingScale rating_2: history=[(None, 0.0), (4, 0.374), (4, 1.508)]
41.4758 	EXP 	New trial (rep=0, index=21): OrderedDict([('C', "Betting a day's income on the outcome of a sporting event (e.g. baseball, soccer, or football). (G)")])
41.4881 	EXP 	RatingScale rating_2: reset()
41.5032 	EXP 	activity: autoDraw = False
41.5032 	EXP 	notAtAll2: autoDraw = False
41.5032 	EXP 	ExtremelyLikely: autoDraw = False
41.5032 	EXP 	rating_2: autoDraw = False
41.5032 	EXP 	activity: text = "Betting a day's income on the outcome of a sporting event (e.g. baseball, soccer, or football). (G)"
41.5032 	EXP 	activity: autoDraw = True
41.5032 	EXP 	notAtAll2: autoDraw = True
41.5032 	EXP 	ExtremelyLikely: autoDraw = True
41.5032 	EXP 	rating_2: autoDraw = True
41.5574 	DATA 	Mouse:  Left button up, pos=(799,167)
41.8731 	DATA 	Mouse: Left button down, pos=(829,241)
41.9436 	DATA 	Mouse:  Left button up, pos=(829,241)
42.6601 	DATA 	Mouse: Left button down, pos=(771,164)
42.6613 	DATA 	RatingScale rating_2: (mouse response) rating=4
42.6614 	DATA 	RatingScale rating_2: rating RT=1.172
42.6614 	DATA 	RatingScale rating_2: history=[(None, 0.0), (4, 0.385), (4, 1.172)]
42.6759 	EXP 	New trial (rep=0, index=22): OrderedDict([('C', 'Telling a friend if his or her significant other has made a pass at you. (S)')])
42.6871 	EXP 	RatingScale rating_2: reset()
42.7031 	EXP 	activity: autoDraw = False
42.7031 	EXP 	notAtAll2: autoDraw = False
42.7031 	EXP 	ExtremelyLikely: autoDraw = False
42.7031 	EXP 	rating_2: autoDraw = False
42.7031 	EXP 	activity: text = 'Telling a friend if his or her significant other has made a pass at you. (S)'
42.7031 	EXP 	activity: autoDraw = True
42.7031 	EXP 	notAtAll2: autoDraw = True
42.7031 	EXP 	ExtremelyLikely: autoDraw = True
42.7031 	EXP 	rating_2: autoDraw = True
42.7574 	DATA 	Mouse:  Left button up, pos=(771,165)
43.1902 	DATA 	Mouse: Left button down, pos=(823,254)
43.2771 	DATA 	Mouse:  Left button up, pos=(823,254)
43.5432 	DATA 	Mouse: Left button down, pos=(800,167)
43.5441 	DATA 	RatingScale rating_2: (mouse response) rating=4
43.5441 	DATA 	RatingScale rating_2: rating RT=0.856
43.5441 	DATA 	RatingScale rating_2: history=[(None, 0.0), (4, 0.503), (4, 0.856)]
43.5587 	EXP 	New trial (rep=0, index=23): OrderedDict([('C', 'Investing 5% of your annual income in an conservative stock. (I)')])
43.5699 	EXP 	RatingScale rating_2: reset()
43.5874 	EXP 	activity: autoDraw = False
43.5874 	EXP 	notAtAll2: autoDraw = False
43.5874 	EXP 	ExtremelyLikely: autoDraw = False
43.5874 	EXP 	rating_2: autoDraw = False
43.5874 	EXP 	activity: text = 'Investing 5% of your annual income in an conservative stock. (I)'
43.5874 	EXP 	activity: autoDraw = True
43.5874 	EXP 	notAtAll2: autoDraw = True
43.5874 	EXP 	ExtremelyLikely: autoDraw = True
43.5874 	EXP 	rating_2: autoDraw = True
43.6570 	DATA 	Mouse:  Left button up, pos=(800,167)
43.9750 	DATA 	Mouse: Left button down, pos=(829,277)
44.0764 	DATA 	Mouse:  Left button up, pos=(829,277)
44.4097 	DATA 	Mouse: Left button down, pos=(812,209)
44.5258 	DATA 	Mouse:  Left button up, pos=(811,208)
45.0583 	DATA 	Mouse: Left button down, pos=(852,296)
45.1437 	DATA 	Mouse:  Left button up, pos=(852,296)
45.5432 	DATA 	Mouse: Left button down, pos=(814,155)
45.5444 	DATA 	RatingScale rating_2: (mouse response) rating=4
45.5444 	DATA 	RatingScale rating_2: rating RT=1.973
45.5444 	DATA 	RatingScale rating_2: history=[(None, 0.0), (4, 0.405), (4, 1.973)]
45.5582 	EXP 	New trial (rep=0, index=24): OrderedDict([('C', 'Shoplifting a small item (e.g. a lipstick or a pen). (E) ')])
45.5685 	EXP 	RatingScale rating_2: reset()
45.5873 	EXP 	activity: autoDraw = False
45.5873 	EXP 	notAtAll2: autoDraw = False
45.5873 	EXP 	ExtremelyLikely: autoDraw = False
45.5873 	EXP 	rating_2: autoDraw = False
45.5873 	EXP 	activity: text = 'Shoplifting a small item (e.g. a lipstick or a pen). (E) '
45.5873 	EXP 	activity: autoDraw = True
45.5873 	EXP 	notAtAll2: autoDraw = True
45.5873 	EXP 	ExtremelyLikely: autoDraw = True
45.5873 	EXP 	rating_2: autoDraw = True
45.6414 	DATA 	Mouse:  Left button up, pos=(814,155)
46.0256 	DATA 	Mouse: Left button down, pos=(841,254)
46.1260 	DATA 	Mouse:  Left button up, pos=(841,254)
46.4272 	DATA 	Mouse: Left button down, pos=(823,195)
46.5433 	DATA 	Mouse:  Left button up, pos=(823,195)
46.9258 	DATA 	Mouse: Left button down, pos=(816,174)
46.9425 	DATA 	RatingScale rating_2: (mouse response) rating=4
46.9426 	DATA 	RatingScale rating_2: rating RT=1.373
46.9426 	DATA 	RatingScale rating_2: history=[(None, 0.0), (4, 0.457), (4, 1.373)]
46.9576 	EXP 	New trial (rep=0, index=25): OrderedDict([('C', 'Wearing provocative or unconventional clothes on occasion. (S)')])
46.9697 	EXP 	RatingScale rating_2: reset()
46.9865 	EXP 	activity: autoDraw = False
46.9865 	EXP 	notAtAll2: autoDraw = False
46.9865 	EXP 	ExtremelyLikely: autoDraw = False
46.9865 	EXP 	rating_2: autoDraw = False
46.9865 	EXP 	activity: text = 'Wearing provocative or unconventional clothes on occasion. (S)'
46.9865 	EXP 	activity: autoDraw = True
46.9865 	EXP 	notAtAll2: autoDraw = True
46.9865 	EXP 	ExtremelyLikely: autoDraw = True
46.9865 	EXP 	rating_2: autoDraw = True
47.0248 	DATA 	Mouse:  Left button up, pos=(815,174)
47.4745 	DATA 	Mouse: Left button down, pos=(854,281)
47.5750 	DATA 	Mouse:  Left button up, pos=(854,281)
47.9425 	DATA 	Mouse: Left button down, pos=(825,190)
48.0088 	DATA 	Mouse:  Left button up, pos=(825,190)
48.5770 	DATA 	Mouse: Left button down, pos=(808,177)
48.5783 	DATA 	RatingScale rating_2: (mouse response) rating=4
48.5784 	DATA 	RatingScale rating_2: rating RT=1.608
48.5784 	DATA 	RatingScale rating_2: history=[(None, 0.0), (4, 0.505), (4, 1.608)]
48.5925 	EXP 	New trial (rep=0, index=26): OrderedDict([('C', 'Engaging in unprotected sex. (H)')])
48.6011 	EXP 	RatingScale rating_2: reset()
48.6208 	EXP 	activity: autoDraw = False
48.6208 	EXP 	notAtAll2: autoDraw = False
48.6208 	EXP 	ExtremelyLikely: autoDraw = False
48.6208 	EXP 	rating_2: autoDraw = False
48.6208 	EXP 	activity: text = 'Engaging in unprotected sex. (H)'
48.6208 	EXP 	activity: autoDraw = True
48.6208 	EXP 	notAtAll2: autoDraw = True
48.6208 	EXP 	ExtremelyLikely: autoDraw = True
48.6208 	EXP 	rating_2: autoDraw = True
48.6578 	DATA 	Mouse:  Left button up, pos=(808,177)
49.3421 	DATA 	Mouse: Left button down, pos=(840,284)
49.4261 	DATA 	Mouse:  Left button up, pos=(840,284)
50.1248 	DATA 	Mouse: Left button down, pos=(810,180)
50.1263 	DATA 	RatingScale rating_2: (mouse response) rating=4
50.1263 	DATA 	RatingScale rating_2: rating RT=1.524
50.1263 	DATA 	RatingScale rating_2: history=[(None, 0.0), (4, 0.741), (4, 1.524)]
50.1400 	EXP 	New trial (rep=0, index=27): OrderedDict([('C', 'Stealing an additional TV cable connection off the one you pay for. (E) ')])
50.1539 	EXP 	RatingScale rating_2: reset()
50.1706 	EXP 	activity: autoDraw = False
50.1706 	EXP 	notAtAll2: autoDraw = False
50.1706 	EXP 	ExtremelyLikely: autoDraw = False
50.1706 	EXP 	rating_2: autoDraw = False
50.1706 	EXP 	activity: text = 'Stealing an additional TV cable connection off the one you pay for. (E) '
50.1706 	EXP 	activity: autoDraw = True
50.1706 	EXP 	notAtAll2: autoDraw = True
50.1706 	EXP 	ExtremelyLikely: autoDraw = True
50.1706 	EXP 	rating_2: autoDraw = True
50.1914 	DATA 	Mouse:  Left button up, pos=(810,179)
50.6260 	DATA 	Mouse: Left button down, pos=(835,267)
50.6782 	DATA 	Mouse:  Left button up, pos=(835,267)
51.2087 	DATA 	Mouse: Left button down, pos=(792,172)
51.2099 	DATA 	RatingScale rating_2: (mouse response) rating=4
51.2099 	DATA 	RatingScale rating_2: rating RT=1.055
51.2099 	DATA 	RatingScale rating_2: history=[(None, 0.0), (4, 0.472), (4, 1.055)]
51.2238 	EXP 	New trial (rep=0, index=28): OrderedDict([('C', 'Not wearing a seatbelt when being a passenger in the front seat. (H)')])
51.2364 	EXP 	RatingScale rating_2: reset()
51.2542 	EXP 	activity: autoDraw = False
51.2542 	EXP 	notAtAll2: autoDraw = False
51.2542 	EXP 	ExtremelyLikely: autoDraw = False
51.2542 	EXP 	rating_2: autoDraw = False
51.2542 	EXP 	activity: text = 'Not wearing a seatbelt when being a passenger in the front seat. (H)'
51.2542 	EXP 	activity: autoDraw = True
51.2542 	EXP 	notAtAll2: autoDraw = True
51.2542 	EXP 	ExtremelyLikely: autoDraw = True
51.2542 	EXP 	rating_2: autoDraw = True
51.3073 	DATA 	Mouse:  Left button up, pos=(792,172)
51.7605 	DATA 	Mouse: Left button down, pos=(838,258)
51.8426 	DATA 	Mouse:  Left button up, pos=(837,258)
52.2401 	DATA 	Mouse: Left button down, pos=(798,163)
52.2405 	DATA 	RatingScale rating_2: (mouse response) rating=4
52.2405 	DATA 	RatingScale rating_2: rating RT=1.003
52.2405 	DATA 	RatingScale rating_2: history=[(None, 0.0), (4, 0.538), (4, 1.003)]
52.2559 	EXP 	New trial (rep=0, index=29): OrderedDict([('C', 'Investing 10% of your annual income in governmental bonds (treasury bills). (I)')])
52.2687 	EXP 	RatingScale rating_2: reset()
52.2874 	EXP 	activity: autoDraw = False
52.2874 	EXP 	notAtAll2: autoDraw = False
52.2874 	EXP 	ExtremelyLikely: autoDraw = False
52.2874 	EXP 	rating_2: autoDraw = False
52.2874 	EXP 	activity: text = 'Investing 10% of your annual income in governmental bonds (treasury bills). (I)'
52.2874 	EXP 	activity: autoDraw = True
52.2874 	EXP 	notAtAll2: autoDraw = True
52.2874 	EXP 	ExtremelyLikely: autoDraw = True
52.2874 	EXP 	rating_2: autoDraw = True
52.3417 	DATA 	Mouse:  Left button up, pos=(798,163)
53.0735 	DATA 	Mouse: Left button down, pos=(847,270)
53.1432 	DATA 	Mouse:  Left button up, pos=(847,270)
53.4278 	DATA 	Mouse: Left button down, pos=(817,169)
53.4289 	DATA 	RatingScale rating_2: (mouse response) rating=4
53.4290 	DATA 	RatingScale rating_2: rating RT=1.159
53.4290 	DATA 	RatingScale rating_2: history=[(None, 0.0), (4, 0.805), (4, 1.159)]
53.4563 	EXP 	New trial (rep=0, index=30): OrderedDict([('C', 'Periodically engaging in a dangerous sport (e.g. mountain climbing or sky diving). (R) ')])
53.4674 	EXP 	RatingScale rating_2: reset()
53.4864 	EXP 	activity: autoDraw = False
53.4864 	EXP 	notAtAll2: autoDraw = False
53.4864 	EXP 	ExtremelyLikely: autoDraw = False
53.4864 	EXP 	rating_2: autoDraw = False
53.4864 	EXP 	activity: text = 'Periodically engaging in a dangerous sport (e.g. mountain climbing or sky diving). (R) '
53.4864 	EXP 	activity: autoDraw = True
53.4864 	EXP 	notAtAll2: autoDraw = True
53.4864 	EXP 	ExtremelyLikely: autoDraw = True
53.4864 	EXP 	rating_2: autoDraw = True
53.5414 	DATA 	Mouse:  Left button up, pos=(817,169)
53.8745 	DATA 	Mouse: Left button down, pos=(841,256)
53.9757 	DATA 	Mouse:  Left button up, pos=(841,256)
54.2766 	DATA 	Mouse: Left button down, pos=(824,182)
54.2776 	DATA 	RatingScale rating_2: (mouse response) rating=4
54.2776 	DATA 	RatingScale rating_2: rating RT=0.809
54.2776 	DATA 	RatingScale rating_2: history=[(None, 0.0), (4, 0.407), (4, 0.809)]
54.2913 	EXP 	New trial (rep=0, index=31): OrderedDict([('C', 'Not wearing a helmet when riding a motorcycle. (H)')])
54.3004 	EXP 	RatingScale rating_2: reset()
54.3207 	EXP 	activity: autoDraw = False
54.3207 	EXP 	notAtAll2: autoDraw = False
54.3207 	EXP 	ExtremelyLikely: autoDraw = False
54.3207 	EXP 	rating_2: autoDraw = False
54.3207 	EXP 	activity: text = 'Not wearing a helmet when riding a motorcycle. (H)'
54.3207 	EXP 	activity: autoDraw = True
54.3207 	EXP 	notAtAll2: autoDraw = True
54.3207 	EXP 	ExtremelyLikely: autoDraw = True
54.3207 	EXP 	rating_2: autoDraw = True
54.3750 	DATA 	Mouse:  Left button up, pos=(824,182)
54.9232 	DATA 	Mouse: Left button down, pos=(853,253)
55.0083 	DATA 	Mouse:  Left button up, pos=(853,253)
55.4752 	DATA 	Mouse: Left button down, pos=(805,145)
55.4760 	DATA 	RatingScale rating_2: (mouse response) rating=4
55.4760 	DATA 	RatingScale rating_2: rating RT=1.175
55.4760 	DATA 	RatingScale rating_2: history=[(None, 0.0), (4, 0.623), (4, 1.175)]
55.4908 	EXP 	New trial (rep=0, index=32): OrderedDict([('C', "Gambling a week's income at a casino. (G)")])
55.4998 	EXP 	RatingScale rating_2: reset()
55.5197 	EXP 	activity: autoDraw = False
55.5197 	EXP 	notAtAll2: autoDraw = False
55.5197 	EXP 	ExtremelyLikely: autoDraw = False
55.5197 	EXP 	rating_2: autoDraw = False
55.5197 	EXP 	activity: text = "Gambling a week's income at a casino. (G)"
55.5197 	EXP 	activity: autoDraw = True
55.5197 	EXP 	notAtAll2: autoDraw = True
55.5197 	EXP 	ExtremelyLikely: autoDraw = True
55.5197 	EXP 	rating_2: autoDraw = True
55.5742 	DATA 	Mouse:  Left button up, pos=(805,145)
56.0571 	DATA 	Mouse: Left button down, pos=(847,261)
56.1262 	DATA 	Mouse:  Left button up, pos=(847,261)
56.4600 	DATA 	Mouse: Left button down, pos=(823,178)
56.4613 	DATA 	RatingScale rating_2: (mouse response) rating=4
56.4614 	DATA 	RatingScale rating_2: rating RT=0.961
56.4614 	DATA 	RatingScale rating_2: history=[(None, 0.0), (4, 0.557), (4, 0.961)]
56.4751 	EXP 	New trial (rep=0, index=33): OrderedDict([('C', 'Taking a job that you enjoy over one that is prestigious but less enjoyable. (S)')])
56.4874 	EXP 	RatingScale rating_2: reset()
56.5028 	EXP 	activity: autoDraw = False
56.5028 	EXP 	notAtAll2: autoDraw = False
56.5028 	EXP 	ExtremelyLikely: autoDraw = False
56.5028 	EXP 	rating_2: autoDraw = False
56.5028 	EXP 	activity: text = 'Taking a job that you enjoy over one that is prestigious but less enjoyable. (S)'
56.5028 	EXP 	activity: autoDraw = True
56.5028 	EXP 	notAtAll2: autoDraw = True
56.5028 	EXP 	ExtremelyLikely: autoDraw = True
56.5028 	EXP 	rating_2: autoDraw = True
56.5247 	DATA 	Mouse:  Left button up, pos=(822,178)
56.9567 	DATA 	Mouse: Left button down, pos=(849,259)
57.0425 	DATA 	Mouse:  Left button up, pos=(849,259)
57.3584 	DATA 	Mouse: Left button down, pos=(830,177)
57.3594 	DATA 	RatingScale rating_2: (mouse response) rating=4
57.3594 	DATA 	RatingScale rating_2: rating RT=0.871
57.3594 	DATA 	RatingScale rating_2: history=[(None, 0.0), (4, 0.469), (4, 0.871)]
57.3726 	EXP 	New trial (rep=0, index=34): OrderedDict([('C', 'Defending an unpopular issue that you believe in at a social occasion. (S)')])
57.3822 	EXP 	RatingScale rating_2: reset()
57.4030 	EXP 	activity: autoDraw = False
57.4030 	EXP 	notAtAll2: autoDraw = False
57.4030 	EXP 	ExtremelyLikely: autoDraw = False
57.4030 	EXP 	rating_2: autoDraw = False
57.4030 	EXP 	activity: text = 'Defending an unpopular issue that you believe in at a social occasion. (S)'
57.4030 	EXP 	activity: autoDraw = True
57.4030 	EXP 	notAtAll2: autoDraw = True
57.4030 	EXP 	ExtremelyLikely: autoDraw = True
57.4030 	EXP 	rating_2: autoDraw = True
57.4245 	DATA 	Mouse:  Left button up, pos=(830,177)
57.8417 	DATA 	Mouse: Left button down, pos=(880,289)
57.9420 	DATA 	Mouse:  Left button up, pos=(880,289)
58.3246 	DATA 	Mouse: Left button down, pos=(824,156)
58.3255 	DATA 	RatingScale rating_2: (mouse response) rating=4
58.3255 	DATA 	RatingScale rating_2: rating RT=0.942
58.3255 	DATA 	RatingScale rating_2: history=[(None, 0.0), (4, 0.459), (4, 0.942)]
58.3395 	EXP 	New trial (rep=0, index=35): OrderedDict([('C', 'Exposing yourself to the sun without using sunscreen. (H)')])
58.3492 	EXP 	RatingScale rating_2: reset()
58.3702 	EXP 	activity: autoDraw = False
58.3702 	EXP 	notAtAll2: autoDraw = False
58.3702 	EXP 	ExtremelyLikely: autoDraw = False
58.3702 	EXP 	rating_2: autoDraw = False
58.3702 	EXP 	activity: text = 'Exposing yourself to the sun without using sunscreen. (H)'
58.3702 	EXP 	activity: autoDraw = True
58.3702 	EXP 	notAtAll2: autoDraw = True
58.3702 	EXP 	ExtremelyLikely: autoDraw = True
58.3702 	EXP 	rating_2: autoDraw = True
58.4081 	DATA 	Mouse:  Left button up, pos=(824,156)
58.8416 	DATA 	Mouse: Left button down, pos=(864,289)
58.9096 	DATA 	Mouse:  Left button up, pos=(864,289)
59.2581 	DATA 	Mouse: Left button down, pos=(842,193)
59.3437 	DATA 	Mouse:  Left button up, pos=(842,193)
59.7576 	DATA 	Mouse: Left button down, pos=(875,276)
59.8751 	DATA 	Mouse:  Left button up, pos=(875,276)
60.1935 	DATA 	Mouse: Left button down, pos=(850,184)
60.2930 	DATA 	Mouse:  Left button up, pos=(849,184)
60.6275 	DATA 	Mouse: Left button down, pos=(864,242)
60.7093 	DATA 	Mouse:  Left button up, pos=(864,242)
61.0414 	DATA 	Mouse: Left button down, pos=(831,162)
61.0424 	DATA 	RatingScale rating_2: (mouse response) rating=4
61.0424 	DATA 	RatingScale rating_2: rating RT=2.692
61.0424 	DATA 	RatingScale rating_2: history=[(None, 0.0), (4, 0.493), (4, 2.692)]
61.0555 	EXP 	New trial (rep=0, index=36): OrderedDict([('C', 'Trying out bungee jumping at least once. (R)')])
61.0628 	EXP 	RatingScale rating_2: reset()
61.0868 	EXP 	activity: autoDraw = False
61.0868 	EXP 	notAtAll2: autoDraw = False
61.0868 	EXP 	ExtremelyLikely: autoDraw = False
61.0868 	EXP 	rating_2: autoDraw = False
61.0868 	EXP 	activity: text = 'Trying out bungee jumping at least once. (R)'
61.0868 	EXP 	activity: autoDraw = True
61.0868 	EXP 	notAtAll2: autoDraw = True
61.0868 	EXP 	ExtremelyLikely: autoDraw = True
61.0868 	EXP 	rating_2: autoDraw = True
61.1072 	DATA 	Mouse:  Left button up, pos=(831,162)
61.5405 	DATA 	Mouse: Left button down, pos=(838,271)
61.6268 	DATA 	Mouse:  Left button up, pos=(838,271)
62.0936 	DATA 	Mouse: Left button down, pos=(796,186)
62.0950 	DATA 	RatingScale rating_2: (mouse response) rating=4
62.0950 	DATA 	RatingScale rating_2: rating RT=1.031
62.0951 	DATA 	RatingScale rating_2: history=[(None, 0.0), (4, 0.478), (4, 1.031)]
62.1093 	EXP 	New trial (rep=0, index=37): OrderedDict([('C', 'Piloting your own small plane, if you could. (R) ')])
62.1192 	EXP 	RatingScale rating_2: reset()
62.1371 	EXP 	activity: autoDraw = False
62.1371 	EXP 	notAtAll2: autoDraw = False
62.1371 	EXP 	ExtremelyLikely: autoDraw = False
62.1371 	EXP 	rating_2: autoDraw = False
62.1371 	EXP 	activity: text = 'Piloting your own small plane, if you could. (R) '
62.1371 	EXP 	activity: autoDraw = True
62.1371 	EXP 	notAtAll2: autoDraw = True
62.1371 	EXP 	ExtremelyLikely: autoDraw = True
62.1371 	EXP 	rating_2: autoDraw = True
62.1571 	DATA 	Mouse:  Left button up, pos=(796,185)
62.7272 	DATA 	Mouse: Left button down, pos=(811,235)
62.8248 	DATA 	Mouse:  Left button up, pos=(811,235)
63.3731 	DATA 	Mouse: Left button down, pos=(825,261)
63.4760 	DATA 	Mouse:  Left button up, pos=(825,261)
64.1588 	DATA 	Mouse: Left button down, pos=(787,175)
64.1601 	DATA 	RatingScale rating_2: (mouse response) rating=4
64.1602 	DATA 	RatingScale rating_2: rating RT=2.040
64.1602 	DATA 	RatingScale rating_2: history=[(None, 0.0), (4, 1.254), (4, 2.04)]
64.1739 	EXP 	New trial (rep=0, index=38): OrderedDict([('C', 'Walking home alone at night in a somewhat unsafe area of town. (H)')])
64.1851 	EXP 	RatingScale rating_2: reset()
64.2038 	EXP 	activity: autoDraw = False
64.2038 	EXP 	notAtAll2: autoDraw = False
64.2038 	EXP 	ExtremelyLikely: autoDraw = False
64.2038 	EXP 	rating_2: autoDraw = False
64.2038 	EXP 	activity: text = 'Walking home alone at night in a somewhat unsafe area of town. (H)'
64.2038 	EXP 	activity: autoDraw = True
64.2038 	EXP 	notAtAll2: autoDraw = True
64.2038 	EXP 	ExtremelyLikely: autoDraw = True
64.2038 	EXP 	rating_2: autoDraw = True
64.2737 	DATA 	Mouse:  Left button up, pos=(787,175)
64.9287 	DATA 	Keypress: space
65.3419 	DATA 	Mouse: Left button down, pos=(821,267)
65.4581 	DATA 	Mouse:  Left button up, pos=(821,267)
65.7605 	DATA 	Mouse: Left button down, pos=(805,187)
65.7617 	DATA 	RatingScale rating_2: (mouse response) rating=4
65.7618 	DATA 	RatingScale rating_2: rating RT=1.576
65.7618 	DATA 	RatingScale rating_2: history=[(None, 0.0), (4, 1.157), (4, 1.576)]
65.7758 	EXP 	New trial (rep=0, index=39): OrderedDict([('C', 'Regularly eating high cholesterol foods. (H) ')])
65.7847 	EXP 	RatingScale rating_2: reset()
65.8031 	EXP 	activity: autoDraw = False
65.8031 	EXP 	notAtAll2: autoDraw = False
65.8031 	EXP 	ExtremelyLikely: autoDraw = False
65.8031 	EXP 	rating_2: autoDraw = False
65.8031 	EXP 	activity: text = 'Regularly eating high cholesterol foods. (H) '
65.8031 	EXP 	activity: autoDraw = True
65.8031 	EXP 	notAtAll2: autoDraw = True
65.8031 	EXP 	ExtremelyLikely: autoDraw = True
65.8031 	EXP 	rating_2: autoDraw = True
65.8249 	DATA 	Mouse:  Left button up, pos=(805,187)
66.4080 	DATA 	Mouse: Left button down, pos=(824,257)
66.4924 	DATA 	Mouse:  Left button up, pos=(824,257)
66.8247 	DATA 	Mouse: Left button down, pos=(797,139)
66.8942 	DATA 	Mouse:  Left button up, pos=(797,139)
67.2591 	DATA 	Mouse: Left button down, pos=(799,177)
67.2605 	DATA 	RatingScale rating_2: (mouse response) rating=4
67.2605 	DATA 	RatingScale rating_2: rating RT=1.475
67.2606 	DATA 	RatingScale rating_2: history=[(None, 0.0), (4, 0.623), (4, 1.475)]
67.3528 	EXP 	activity: autoDraw = False
67.3528 	EXP 	notAtAll2: autoDraw = False
67.3528 	EXP 	ExtremelyLikely: autoDraw = False
67.3528 	EXP 	rating_2: autoDraw = False
67.3528 	EXP 	riskPerceptionInstructions: autoDraw = True
67.3903 	DATA 	Mouse:  Left button up, pos=(799,176)
72.1130 	DEBUG 	Read Excel file with pandas: activities.xlsx
72.1145 	DEBUG 	Clearing unnamed columns from activities.xlsx
72.1154 	EXP 	Imported activities.xlsx as conditions, 40 conditions, 1 params
72.1158 	EXP 	Created sequence: sequential, trialTypes=40, nReps=1, seed=None
72.1162 	EXP 	New trial (rep=0, index=0): OrderedDict([('C', 'Admitting that your tastes are different from those of your friends. (S)')])
72.1221 	EXP 	RatingScale rating_4: reset()
72.1286 	DATA 	Keypress: space
72.1531 	EXP 	riskPerceptionInstructions: autoDraw = False
72.1531 	EXP 	riskPerceptionActivity2: text = 'Admitting that your tastes are different from those of your friends. (S)'
72.1531 	EXP 	riskPerceptionActivity2: autoDraw = True
72.1531 	EXP 	rating_4: autoDraw = True
72.1531 	EXP 	notAtAllRisky: autoDraw = True
72.1531 	EXP 	ExtremelyRisky: autoDraw = True
72.1531 	EXP 	ModeratelyRisky: autoDraw = True
78.5589 	DATA 	Mouse: Left button down, pos=(731,278)
78.6906 	DATA 	Mouse:  Left button up, pos=(731,278)
79.2262 	DATA 	Mouse: Left button down, pos=(739,164)
79.2277 	DATA 	RatingScale rating_4: (mouse response) rating=3
79.2277 	DATA 	RatingScale rating_4: rating RT=7.105
79.2277 	DATA 	RatingScale rating_4: history=[(None, 0.0), (3, 6.438), (3, 7.105)]
79.2432 	EXP 	New trial (rep=0, index=1): OrderedDict([('C', 'Going camping in the wilderness, beyond the civilization of a campground. (R) ')])
79.2528 	EXP 	RatingScale rating_4: reset()
79.2702 	EXP 	riskPerceptionActivity2: autoDraw = False
79.2702 	EXP 	rating_4: autoDraw = False
79.2702 	EXP 	notAtAllRisky: autoDraw = False
79.2702 	EXP 	ExtremelyRisky: autoDraw = False
79.2702 	EXP 	ModeratelyRisky: autoDraw = False
79.2702 	EXP 	riskPerceptionActivity2: text = 'Going camping in the wilderness, beyond the civilization of a campground. (R) '
79.2702 	EXP 	riskPerceptionActivity2: autoDraw = True
79.2702 	EXP 	rating_4: autoDraw = True
79.2702 	EXP 	notAtAllRisky: autoDraw = True
79.2702 	EXP 	ExtremelyRisky: autoDraw = True
79.2702 	EXP 	ModeratelyRisky: autoDraw = True
79.3419 	DATA 	Mouse:  Left button up, pos=(739,163)
79.7905 	DATA 	Mouse: Left button down, pos=(735,267)
79.8762 	DATA 	Mouse:  Left button up, pos=(735,267)
80.2277 	DATA 	Mouse: Left button down, pos=(738,175)
80.2293 	DATA 	RatingScale rating_4: (mouse response) rating=3
80.2293 	DATA 	RatingScale rating_4: rating RT=0.976
80.2294 	DATA 	RatingScale rating_4: history=[(None, 0.0), (3, 0.538), (3, 0.976)]
80.2572 	EXP 	New trial (rep=0, index=2): OrderedDict([('C', "Betting a day's income at the horse races. (G)")])
80.2667 	EXP 	RatingScale rating_4: reset()
80.2861 	EXP 	riskPerceptionActivity2: autoDraw = False
80.2861 	EXP 	rating_4: autoDraw = False
80.2861 	EXP 	notAtAllRisky: autoDraw = False
80.2861 	EXP 	ExtremelyRisky: autoDraw = False
80.2861 	EXP 	ModeratelyRisky: autoDraw = False
80.2861 	EXP 	riskPerceptionActivity2: text = "Betting a day's income at the horse races. (G)"
80.2861 	EXP 	riskPerceptionActivity2: autoDraw = True
80.2861 	EXP 	rating_4: autoDraw = True
80.2861 	EXP 	notAtAllRisky: autoDraw = True
80.2861 	EXP 	ExtremelyRisky: autoDraw = True
80.2861 	EXP 	ModeratelyRisky: autoDraw = True
80.3241 	DATA 	Mouse:  Left button up, pos=(738,174)
80.7736 	DATA 	Mouse: Left button down, pos=(721,266)
80.8767 	DATA 	Mouse:  Left button up, pos=(721,266)
81.2407 	DATA 	Mouse: Left button down, pos=(729,164)
81.2418 	DATA 	RatingScale rating_4: (mouse response) rating=3
81.2418 	DATA 	RatingScale rating_4: rating RT=0.974
81.2419 	DATA 	RatingScale rating_4: history=[(None, 0.0), (3, 0.507), (3, 0.974)]
81.2552 	EXP 	New trial (rep=0, index=3): OrderedDict([('C', 'Buying an illegal drug for your own use. (H)')])
81.2626 	EXP 	RatingScale rating_4: reset()
81.2865 	EXP 	riskPerceptionActivity2: autoDraw = False
81.2865 	EXP 	rating_4: autoDraw = False
81.2865 	EXP 	notAtAllRisky: autoDraw = False
81.2865 	EXP 	ExtremelyRisky: autoDraw = False
81.2865 	EXP 	ModeratelyRisky: autoDraw = False
81.2865 	EXP 	riskPerceptionActivity2: text = 'Buying an illegal drug for your own use. (H)'
81.2865 	EXP 	riskPerceptionActivity2: autoDraw = True
81.2865 	EXP 	rating_4: autoDraw = True
81.2865 	EXP 	notAtAllRisky: autoDraw = True
81.2865 	EXP 	ExtremelyRisky: autoDraw = True
81.2865 	EXP 	ModeratelyRisky: autoDraw = True
81.3418 	DATA 	Mouse:  Left button up, pos=(729,163)
81.8418 	DATA 	Mouse: Left button down, pos=(729,273)
81.9578 	DATA 	Mouse:  Left button up, pos=(729,273)
82.3265 	DATA 	Mouse: Left button down, pos=(730,171)
82.3279 	DATA 	RatingScale rating_4: (mouse response) rating=3
82.3279 	DATA 	RatingScale rating_4: rating RT=1.064
82.3279 	DATA 	RatingScale rating_4: history=[(None, 0.0), (3, 0.579), (3, 1.064)]
82.3421 	EXP 	New trial (rep=0, index=4): OrderedDict([('C', 'Cheating on an exam. (E)')])
82.3505 	EXP 	RatingScale rating_4: reset()
82.3693 	EXP 	riskPerceptionActivity2: autoDraw = False
82.3693 	EXP 	rating_4: autoDraw = False
82.3693 	EXP 	notAtAllRisky: autoDraw = False
82.3693 	EXP 	ExtremelyRisky: autoDraw = False
82.3693 	EXP 	ModeratelyRisky: autoDraw = False
82.3693 	EXP 	riskPerceptionActivity2: text = 'Cheating on an exam. (E)'
82.3693 	EXP 	riskPerceptionActivity2: autoDraw = True
82.3693 	EXP 	rating_4: autoDraw = True
82.3693 	EXP 	notAtAllRisky: autoDraw = True
82.3693 	EXP 	ExtremelyRisky: autoDraw = True
82.3693 	EXP 	ModeratelyRisky: autoDraw = True
82.4574 	DATA 	Mouse:  Left button up, pos=(730,170)
93.9405 	DATA 	Keypress: escape
94.3258 	EXP 	window1: mouseVisible = True
94.3259 	DEBUG 	Saving data for Big5 ExperimentHandler
94.3274 	INFO 	saved data to /Users/sabrinado/Library/CELSYS/Big5/data/_Big5_2020_Oct_27_1543.psydat
94.3337 	INFO 	saved data to '/Users/sabrinado/Library/CELSYS/Big5/data/_Big5_2020_Oct_27_1543.csv'
