0.3608 	WARNING 	We strongly recommend you activate the PTB sound engine in PsychoPy prefs as the preferred audio engine. Its timing is vastly superior. Your prefs are currently set to use ['sounddevice', 'PTB', 'pyo', 'pygame'] (in that order).
4.3495 	INFO 	Loaded monitor calibration from ['2020_10_12 18:18']
5.2148 	EXP 	Created window1 = Window(allowGUI=True, allowStencil=False, args=UNKNOWN, autoLog=True, bitsMode=UNKNOWN, blendMode='avg', bpc=(8, 8, 8), color='black', colorSpace='named', depthBits=8, fullscr=<method-wrapper '__getattribute__' of attributeSetter object at 0x141f68a90>, gamma=None, gammaErrorPolicy='raise', kwargs=UNKNOWN, lms=UNKNOWN, monitor=<psychopy.monitors.calibTools.Monitor object at 0x141c8fdd8>, multiSample=False, name='window1', numSamples=2, pos=[360.0, 225.0], screen=0, size=array([2880, 1800]), stencilBits=0, stereo=False, units='height', useFBO=True, useRetina=True, viewOri=0.0, viewPos=None, viewScale=None, waitBlanking=True, winType='pyglet')
5.2151 	EXP 	window1: mouseVisible = True
5.2152 	EXP 	window1: recordFrameIntervals = False
5.3957 	EXP 	window1: recordFrameIntervals = True
5.5794 	DEBUG 	Screen (0) actual frame rate measured at 59.99
5.5795 	EXP 	window1: recordFrameIntervals = False
5.6996 	EXP 	Created IntroScreen = TextStim(__class__=<class 'psychopy.visual.text.TextStim'>, alignHoriz=method-wrapper(...), alignText='center', alignVert=method-wrapper(...), anchorHoriz='center', anchorVert='center', antialias=True, autoLog=True, bold=False, color='white', colorSpace='named', contrast=1.0, depth=0.0, flipHoriz=False, flipVert=False, font='Times New Roman', fontFiles=[], height=0.1, italic=False, languageStyle='LTR', name='IntroScreen', opacity=1.0, ori=0, pos=array([0., 0.]), rgb=array([255., 255., 255.]), text='Big 5 Test', units='height', win=Window(...), wrapWidth=1)
5.7466 	EXP 	Created instructions = TextStim(__class__=<class 'psychopy.visual.text.TextStim'>, alignHoriz=method-wrapper(...), alignText='center', alignVert=method-wrapper(...), anchorHoriz='center', anchorVert='center', antialias=True, autoLog=True, bold=False, color='white', colorSpace='named', contrast=1.0, depth=0.0, flipHoriz=False, flipVert=False, font='Times New Roman', fontFiles=[], height=0.1, italic=False, languageStyle='LTR', name='instructions', opacity=1.0, ori=0, pos=array([0., 0.]), rgb=array([255., 255., 255.]), text=str(...), units='height', win=Window(...), wrapWidth=1)
5.7733 	EXP 	Created scenario1 = TextStim(__class__=<class 'psychopy.visual.text.TextStim'>, alignHoriz=method-wrapper(...), alignText='center', alignVert=method-wrapper(...), anchorHoriz='center', anchorVert='center', antialias=True, autoLog=True, bold=False, color='white', colorSpace='named', contrast=1.0, depth=0.0, flipHoriz=False, flipVert=False, font='Times New Roman', fontFiles=[], height=0.06, italic=False, languageStyle='LTR', name='scenario1', opacity=1.0, ori=0, pos=array([0. , 0.2]), rgb=array([255., 255., 255.]), text='default text', units='height', win=Window(...), wrapWidth=1)
5.7784 	EXP 	Created notAtAll = TextStim(__class__=<class 'psychopy.visual.text.TextStim'>, alignHoriz=method-wrapper(...), alignText='center', alignVert=method-wrapper(...), anchorHoriz='center', anchorVert='center', antialias=True, autoLog=True, bold=False, color='white', colorSpace='named', contrast=1.0, depth=-1.0, flipHoriz=False, flipVert=False, font='Times New Roman', fontFiles=[], height=0.03, italic=False, languageStyle='LTR', name='notAtAll', opacity=1.0, ori=0, pos=array([-0.4, -0.2]), rgb=array([255., 255., 255.]), text='Not at All', units='height', win=Window(...), wrapWidth=1)
5.7833 	EXP 	Created veryMuch = TextStim(__class__=<class 'psychopy.visual.text.TextStim'>, alignHoriz=method-wrapper(...), alignText='center', alignVert=method-wrapper(...), anchorHoriz='center', anchorVert='center', antialias=True, autoLog=True, bold=False, color='white', colorSpace='named', contrast=1.0, depth=-2.0, flipHoriz=False, flipVert=False, font='Times New Roman', fontFiles=[], height=0.03, italic=False, languageStyle='LTR', name='veryMuch', opacity=1.0, ori=0, pos=array([ 0.4, -0.2]), rgb=array([255., 255., 255.]), text='Very much', units='height', win=Window(...), wrapWidth=1)
5.7914 	EXP 	window1: mouseVisible = True
5.8156 	EXP 	Created rating = RatingScale(__class__=type(...), acceptKeys=['return'], acceptPreText=UNKNOWN, acceptSize=UNKNOWN, acceptText='accept?', autoLog=True, choices=False, depth=0, disappear=False, flipVert=False, high=5, kwargs=UNKNOWN, labels=list(...), leftKeys=['left'], lineColor='White', low=1, marker=ShapeStim(...), markerColor='DarkBlue', markerExpansion=UNKNOWN, markerStart=None, maxTime=0.0, minTime=0.4, mouseOnly=False, name='rating', noMouse=False, pos=[0.0, -0.4], precision=1, respKeys=['1', '2', '3', '4', '5'], rightKeys=['right'], scale='', self=UNKNOWN, showAccept=True, showValue=True, singleClick=False, size=0.6, skipKeys=['tab'], stretch=1.0, textColor='LightGray', textFont='Helvetica Bold', textSize=0.12, tickHeight=1.0, tickMarks=4.0, win=Window(...))
5.8356 	EXP 	Created riskBehaviorScaleScreen = TextStim(__class__=<class 'psychopy.visual.text.TextStim'>, alignHoriz=method-wrapper(...), alignText='center', alignVert=method-wrapper(...), anchorHoriz='center', anchorVert='center', antialias=True, autoLog=True, bold=False, color='white', colorSpace='named', contrast=1.0, depth=0.0, flipHoriz=False, flipVert=False, font='Times New Roman', fontFiles=[], height=0.1, italic=False, languageStyle='LTR', name='riskBehaviorScaleScreen', opacity=1.0, ori=0, pos=array([0., 0.]), rgb=array([255., 255., 255.]), text=str(...), units='height', win=Window(...), wrapWidth=1)
5.8658 	EXP 	Created activity = TextStim(__class__=<class 'psychopy.visual.text.TextStim'>, alignHoriz=method-wrapper(...), alignText='center', alignVert=method-wrapper(...), anchorHoriz='center', anchorVert='center', antialias=True, autoLog=True, bold=False, color='white', colorSpace='named', contrast=1.0, depth=0.0, flipHoriz=False, flipVert=False, font='Times New Roman', fontFiles=[], height=0.06, italic=False, languageStyle='LTR', name='activity', opacity=1.0, ori=0, pos=array([0. , 0.2]), rgb=array([255., 255., 255.]), text='default text', units='height', win=Window(...), wrapWidth=1)
5.8704 	EXP 	Created notAtAll2 = TextStim(__class__=<class 'psychopy.visual.text.TextStim'>, alignHoriz=method-wrapper(...), alignText='center', alignVert=method-wrapper(...), anchorHoriz='center', anchorVert='center', antialias=True, autoLog=True, bold=False, color='white', colorSpace='named', contrast=1.0, depth=-1.0, flipHoriz=False, flipVert=False, font='Times New Roman', fontFiles=[], height=0.03, italic=False, languageStyle='LTR', name='notAtAll2', opacity=1.0, ori=0, pos=array([-0.27, -0.1 ]), rgb=array([255., 255., 255.]), text='Very unlikely', units='height', win=Window(...), wrapWidth=1)
5.8724 	EXP 	Created ExtremelyLikely = TextStim(__class__=<class 'psychopy.visual.text.TextStim'>, alignHoriz=method-wrapper(...), alignText='center', alignVert=method-wrapper(...), anchorHoriz='center', anchorVert='center', antialias=True, autoLog=True, bold=False, color='white', colorSpace='named', contrast=1.0, depth=-2.0, flipHoriz=False, flipVert=False, font='Times New Roman', fontFiles=[], height=0.03, italic=False, languageStyle='LTR', name='ExtremelyLikely', opacity=1.0, ori=0, pos=array([ 0.27, -0.1 ]), rgb=array([255., 255., 255.]), text='Very likely', units='height', win=Window(...), wrapWidth=1)
5.8726 	EXP 	window1: mouseVisible = True
5.8866 	EXP 	Created rating2 = RatingScale(__class__=type(...), acceptKeys=['return'], acceptPreText=UNKNOWN, acceptSize=UNKNOWN, acceptText='accept?', autoLog=True, choices=False, depth=0, disappear=False, flipVert=False, high=5, kwargs=UNKNOWN, labels=list(...), leftKeys=['left'], lineColor='White', low=1, marker=ShapeStim(...), markerColor='DarkBlue', markerExpansion=UNKNOWN, markerStart=None, maxTime=0.0, minTime=0.4, mouseOnly=False, name='rating2', noMouse=False, pos=[0.0, -0.4], precision=1, respKeys=['1', '2', '3', '4', '5'], rightKeys=['right'], scale='', self=UNKNOWN, showAccept=True, showValue=True, singleClick=False, size=0.6, skipKeys=['tab'], stretch=1.0, textColor='LightGray', textFont='Helvetica Bold', textSize=0.12, tickHeight=1.0, tickMarks=4.0, win=Window(...))
5.8891 	EXP 	Created unlikely = TextStim(__class__=<class 'psychopy.visual.text.TextStim'>, alignHoriz=method-wrapper(...), alignText='center', alignVert=method-wrapper(...), anchorHoriz='center', anchorVert='center', antialias=True, autoLog=True, bold=False, color='white', colorSpace='named', contrast=1.0, depth=-5.0, flipHoriz=False, flipVert=False, font='Times New Roman', fontFiles=[], height=0.03, italic=False, languageStyle='LTR', name='unlikely', opacity=1.0, ori=0, pos=array([-0.13, -0.1 ]), rgb=array([255., 255., 255.]), text='Unlikely', units='height', win=Window(...), wrapWidth=1)
5.8928 	EXP 	Created neutral = TextStim(__class__=<class 'psychopy.visual.text.TextStim'>, alignHoriz=method-wrapper(...), alignText='center', alignVert=method-wrapper(...), anchorHoriz='center', anchorVert='center', antialias=True, autoLog=True, bold=False, color='white', colorSpace='named', contrast=1.0, depth=-6.0, flipHoriz=False, flipVert=False, font='Times New Roman', fontFiles=[], height=0.03, italic=False, languageStyle='LTR', name='neutral', opacity=1.0, ori=0, pos=array([ 0. , -0.1]), rgb=array([255., 255., 255.]), text='Not sure', units='height', win=Window(...), wrapWidth=1)
5.8949 	EXP 	Created Likely = TextStim(__class__=<class 'psychopy.visual.text.TextStim'>, alignHoriz=method-wrapper(...), alignText='center', alignVert=method-wrapper(...), anchorHoriz='center', anchorVert='center', antialias=True, autoLog=True, bold=False, color='white', colorSpace='named', contrast=1.0, depth=-7.0, flipHoriz=False, flipVert=False, font='Times New Roman', fontFiles=[], height=0.03, italic=False, languageStyle='LTR', name='Likely', opacity=1.0, ori=0, pos=array([ 0.13, -0.1 ]), rgb=array([255., 255., 255.]), text='Likely', units='height', win=Window(...), wrapWidth=1)
5.9221 	EXP 	Created riskPerceptionInstructions = TextStim(__class__=<class 'psychopy.visual.text.TextStim'>, alignHoriz=method-wrapper(...), alignText='center', alignVert=method-wrapper(...), anchorHoriz='center', anchorVert='center', antialias=True, autoLog=True, bold=False, color='white', colorSpace='named', contrast=1.0, depth=0.0, flipHoriz=False, flipVert=False, font='Times New Roman', fontFiles=[], height=0.06, italic=False, languageStyle='LTR', name='riskPerceptionInstructions', opacity=1.0, ori=0, pos=array([0., 0.]), rgb=array([255., 255., 255.]), text=str(...), units='height', win=Window(...), wrapWidth=1)
5.9464 	EXP 	Created riskPerceptionActivity2 = TextStim(__class__=<class 'psychopy.visual.text.TextStim'>, alignHoriz=method-wrapper(...), alignText='center', alignVert=method-wrapper(...), anchorHoriz='center', anchorVert='center', antialias=True, autoLog=True, bold=False, color='white', colorSpace='named', contrast=1.0, depth=0.0, flipHoriz=False, flipVert=False, font='Times New Roman', fontFiles=[], height=0.06, italic=False, languageStyle='LTR', name='riskPerceptionActivity2', opacity=1.0, ori=0, pos=array([0. , 0.2]), rgb=array([255., 255., 255.]), text='default text', units='height', win=Window(...), wrapWidth=1)
5.9466 	EXP 	window1: mouseVisible = True
5.9549 	EXP 	Created rating3 = RatingScale(__class__=type(...), acceptKeys=['return'], acceptPreText=UNKNOWN, acceptSize=UNKNOWN, acceptText='accept?', autoLog=True, choices=False, depth=0, disappear=False, flipVert=False, high=5, kwargs=UNKNOWN, labels=list(...), leftKeys=['left'], lineColor='White', low=1, marker=ShapeStim(...), markerColor='DarkBlue', markerExpansion=UNKNOWN, markerStart=None, maxTime=0.0, minTime=0.4, mouseOnly=False, name='rating3', noMouse=False, pos=[0.0, -0.4], precision=1, respKeys=['1', '2', '3', '4', '5'], rightKeys=['right'], scale='', self=UNKNOWN, showAccept=True, showValue=True, singleClick=False, size=0.6, skipKeys=['tab'], stretch=1.0, textColor='LightGray', textFont='Helvetica Bold', textSize=0.12, tickHeight=1.0, tickMarks=4.0, win=Window(...))
5.9574 	EXP 	Created notAtAllRisky = TextStim(__class__=<class 'psychopy.visual.text.TextStim'>, alignHoriz=method-wrapper(...), alignText='center', alignVert=method-wrapper(...), anchorHoriz='center', anchorVert='center', antialias=True, autoLog=True, bold=False, color='white', colorSpace='named', contrast=1.0, depth=-2.0, flipHoriz=False, flipVert=False, font='Times New Roman', fontFiles=[], height=0.03, italic=False, languageStyle='LTR', name='notAtAllRisky', opacity=1.0, ori=0, pos=array([-0.3, -0.1]), rgb=array([255., 255., 255.]), text='Not at all risky', units='height', win=Window(...), wrapWidth=1)
5.9603 	EXP 	Created ModeratelyRisky = TextStim(__class__=<class 'psychopy.visual.text.TextStim'>, alignHoriz=method-wrapper(...), alignText='center', alignVert=method-wrapper(...), anchorHoriz='center', anchorVert='center', antialias=True, autoLog=True, bold=False, color='white', colorSpace='named', contrast=1.0, depth=-3.0, flipHoriz=False, flipVert=False, font='Times New Roman', fontFiles=[], height=0.03, italic=False, languageStyle='LTR', name='ModeratelyRisky', opacity=1.0, ori=0, pos=array([ 0. , -0.1]), rgb=array([255., 255., 255.]), text='Moderately risky', units='height', win=Window(...), wrapWidth=1)
5.9634 	EXP 	Created ExtremelyRisky = TextStim(__class__=<class 'psychopy.visual.text.TextStim'>, alignHoriz=method-wrapper(...), alignText='center', alignVert=method-wrapper(...), anchorHoriz='center', anchorVert='center', antialias=True, autoLog=True, bold=False, color='white', colorSpace='named', contrast=1.0, depth=-4.0, flipHoriz=False, flipVert=False, font='Times New Roman', fontFiles=[], height=0.03, italic=False, languageStyle='LTR', name='ExtremelyRisky', opacity=1.0, ori=0, pos=array([ 0.3, -0.1]), rgb=array([255., 255., 255.]), text='Extremely risky', units='height', win=Window(...), wrapWidth=1)
5.9720 	EXP 	Created expBenefits = TextStim(__class__=<class 'psychopy.visual.text.TextStim'>, alignHoriz=method-wrapper(...), alignText='center', alignVert=method-wrapper(...), anchorHoriz='center', anchorVert='center', antialias=True, autoLog=True, bold=False, color='white', colorSpace='named', contrast=1.0, depth=0.0, flipHoriz=False, flipVert=False, font='Times New Roman', fontFiles=[], height=0.06, italic=False, languageStyle='LTR', name='expBenefits', opacity=1.0, ori=0, pos=array([0., 0.]), rgb=array([255., 255., 255.]), text=str(...), units='height', win=Window(...), wrapWidth=1)
5.9960 	EXP 	Created riskBenefitsScale = TextStim(__class__=<class 'psychopy.visual.text.TextStim'>, alignHoriz=method-wrapper(...), alignText='center', alignVert=method-wrapper(...), anchorHoriz='center', anchorVert='center', antialias=True, autoLog=True, bold=False, color='white', colorSpace='named', contrast=1.0, depth=0.0, flipHoriz=False, flipVert=False, font='Times New Roman', fontFiles=[], height=0.06, italic=False, languageStyle='LTR', name='riskBenefitsScale', opacity=1.0, ori=0, pos=array([0. , 0.2]), rgb=array([255., 255., 255.]), text='default text', units='height', win=Window(...), wrapWidth=1)
5.9990 	EXP 	Created noBenefits = TextStim(__class__=<class 'psychopy.visual.text.TextStim'>, alignHoriz=method-wrapper(...), alignText='center', alignVert=method-wrapper(...), anchorHoriz='center', anchorVert='center', antialias=True, autoLog=True, bold=False, color='white', colorSpace='named', contrast=1.0, depth=-1.0, flipHoriz=False, flipVert=False, font='Times New Roman', fontFiles=[], height=0.03, italic=False, languageStyle='LTR', name='noBenefits', opacity=1.0, ori=0, pos=array([-0.3, -0.1]), rgb=array([255., 255., 255.]), text='No benefits at all', units='height', win=Window(...), wrapWidth=1)
5.9991 	EXP 	window1: mouseVisible = True
6.0071 	EXP 	Created rating4 = RatingScale(__class__=type(...), acceptKeys=['return'], acceptPreText=UNKNOWN, acceptSize=UNKNOWN, acceptText='accept?', autoLog=True, choices=False, depth=0, disappear=False, flipVert=False, high=5, kwargs=UNKNOWN, labels=list(...), leftKeys=['left'], lineColor='White', low=1, marker=ShapeStim(...), markerColor='DarkBlue', markerExpansion=UNKNOWN, markerStart=None, maxTime=0.0, minTime=0.4, mouseOnly=False, name='rating4', noMouse=False, pos=[0.0, -0.4], precision=1, respKeys=['1', '2', '3', '4', '5'], rightKeys=['right'], scale='', self=UNKNOWN, showAccept=True, showValue=True, singleClick=False, size=0.6, skipKeys=['tab'], stretch=1.0, textColor='LightGray', textFont='Helvetica Bold', textSize=0.12, tickHeight=1.0, tickMarks=4.0, win=Window(...))
6.0097 	EXP 	Created greatBenefits = TextStim(__class__=<class 'psychopy.visual.text.TextStim'>, alignHoriz=method-wrapper(...), alignText='center', alignVert=method-wrapper(...), anchorHoriz='center', anchorVert='center', antialias=True, autoLog=True, bold=False, color='white', colorSpace='named', contrast=1.0, depth=-3.0, flipHoriz=False, flipVert=False, font='Times New Roman', fontFiles=[], height=0.03, italic=False, languageStyle='LTR', name='greatBenefits', opacity=1.0, ori=0, pos=array([ 0.3, -0.1]), rgb=array([255., 255., 255.]), text='Great benefits', units='height', win=Window(...), wrapWidth=1)
6.0117 	EXP 	Created moderateBenefits = TextStim(__class__=<class 'psychopy.visual.text.TextStim'>, alignHoriz=method-wrapper(...), alignText='center', alignVert=method-wrapper(...), anchorHoriz='center', anchorVert='center', antialias=True, autoLog=True, bold=False, color='white', colorSpace='named', contrast=1.0, depth=-4.0, flipHoriz=False, flipVert=False, font='Times New Roman', fontFiles=[], height=0.03, italic=False, languageStyle='LTR', name='moderateBenefits', opacity=1.0, ori=0, pos=array([ 0. , -0.1]), rgb=array([255., 255., 255.]), text='Moderate benefits', units='height', win=Window(...), wrapWidth=1)
6.0250 	EXP 	Created big5Screen = TextStim(__class__=<class 'psychopy.visual.text.TextStim'>, alignHoriz=method-wrapper(...), alignText='center', alignVert=method-wrapper(...), anchorHoriz='center', anchorVert='center', antialias=True, autoLog=True, bold=False, color='white', colorSpace='named', contrast=1.0, depth=0.0, flipHoriz=False, flipVert=False, font='Times New Roman', fontFiles=[], height=0.06, italic=False, languageStyle='LTR', name='big5Screen', opacity=1.0, ori=0, pos=array([0., 0.]), rgb=array([255., 255., 255.]), text=str(...), units='height', win=Window(...), wrapWidth=1)
6.0471 	EXP 	window1: mouseVisible = True
6.0551 	EXP 	Created rating5 = RatingScale(__class__=type(...), acceptKeys=['return'], acceptPreText=UNKNOWN, acceptSize=UNKNOWN, acceptText='accept?', autoLog=True, choices=False, depth=0, disappear=False, flipVert=False, high=5, kwargs=UNKNOWN, labels=list(...), leftKeys=['left'], lineColor='White', low=1, marker=ShapeStim(...), markerColor='DarkBlue', markerExpansion=UNKNOWN, markerStart=None, maxTime=0.0, minTime=0.4, mouseOnly=False, name='rating5', noMouse=False, pos=[0.0, -0.4], precision=1, respKeys=['1', '2', '3', '4', '5'], rightKeys=['right'], scale='', self=UNKNOWN, showAccept=True, showValue=True, singleClick=False, size=0.6, skipKeys=['tab'], stretch=1.0, textColor='LightGray', textFont='Helvetica Bold', textSize=0.12, tickHeight=1.0, tickMarks=4.0, win=Window(...))
6.0571 	EXP 	Created characText = TextStim(__class__=<class 'psychopy.visual.text.TextStim'>, alignHoriz=method-wrapper(...), alignText='center', alignVert=method-wrapper(...), anchorHoriz='center', anchorVert='center', antialias=True, autoLog=True, bold=False, color='white', colorSpace='named', contrast=1.0, depth=-1.0, flipHoriz=False, flipVert=False, font='Times New Roman', fontFiles=[], height=0.06, italic=False, languageStyle='LTR', name='characText', opacity=1.0, ori=0, pos=array([0. , 0.2]), rgb=array([255., 255., 255.]), text='default text', units='height', win=Window(...), wrapWidth=1)
6.0606 	EXP 	Created Someone = TextStim(__class__=<class 'psychopy.visual.text.TextStim'>, alignHoriz=method-wrapper(...), alignText='center', alignVert=method-wrapper(...), anchorHoriz='center', anchorVert='center', antialias=True, autoLog=True, bold=False, color='white', colorSpace='named', contrast=1.0, depth=-2.0, flipHoriz=False, flipVert=False, font='Times New Roman', fontFiles=[], height=0.06, italic=False, languageStyle='LTR', name='Someone', opacity=1.0, ori=0, pos=array([-0.4 ,  0.35]), rgb=array([255., 255., 255.]), text='I am someone who…', units='height', win=Window(...), wrapWidth=1)
6.0642 	EXP 	Created disagreeStrongly = TextStim(__class__=<class 'psychopy.visual.text.TextStim'>, alignHoriz=method-wrapper(...), alignText='center', alignVert=method-wrapper(...), anchorHoriz='center', anchorVert='center', antialias=True, autoLog=True, bold=False, color='white', colorSpace='named', contrast=1.0, depth=-3.0, flipHoriz=False, flipVert=False, font='Times New Roman', fontFiles=[], height=0.03, italic=False, languageStyle='LTR', name='disagreeStrongly', opacity=1.0, ori=0, pos=array([-0.3, -0.1]), rgb=array([255., 255., 255.]), text='Disagree\nStrongly', units='height', win=Window(...), wrapWidth=1)
6.0666 	EXP 	Created disagreeALittle = TextStim(__class__=<class 'psychopy.visual.text.TextStim'>, alignHoriz=method-wrapper(...), alignText='center', alignVert=method-wrapper(...), anchorHoriz='center', anchorVert='center', antialias=True, autoLog=True, bold=False, color='white', colorSpace='named', contrast=1.0, depth=-4.0, flipHoriz=False, flipVert=False, font='Times New Roman', fontFiles=[], height=0.03, italic=False, languageStyle='LTR', name='disagreeALittle', opacity=1.0, ori=0, pos=array([-0.15, -0.1 ]), rgb=array([255., 255., 255.]), text='Disagree\na little', units='height', win=Window(...), wrapWidth=1)
6.0701 	EXP 	Created Neutral = TextStim(__class__=<class 'psychopy.visual.text.TextStim'>, alignHoriz=method-wrapper(...), alignText='center', alignVert=method-wrapper(...), anchorHoriz='center', anchorVert='center', antialias=True, autoLog=True, bold=False, color='white', colorSpace='named', contrast=1.0, depth=-5.0, flipHoriz=False, flipVert=False, font='Times New Roman', fontFiles=[], height=0.03, italic=False, languageStyle='LTR', name='Neutral', opacity=1.0, ori=0, pos=array([ 0. , -0.1]), rgb=array([255., 255., 255.]), text='Neutral;\nno opinion', units='height', win=Window(...), wrapWidth=1)
6.0727 	EXP 	Created AgreeALittle = TextStim(__class__=<class 'psychopy.visual.text.TextStim'>, alignHoriz=method-wrapper(...), alignText='center', alignVert=method-wrapper(...), anchorHoriz='center', anchorVert='center', antialias=True, autoLog=True, bold=False, color='white', colorSpace='named', contrast=1.0, depth=-6.0, flipHoriz=False, flipVert=False, font='Times New Roman', fontFiles=[], height=0.03, italic=False, languageStyle='LTR', name='AgreeALittle', opacity=1.0, ori=0, pos=array([ 0.15, -0.1 ]), rgb=array([255., 255., 255.]), text='Agree\na little', units='height', win=Window(...), wrapWidth=1)
6.0748 	EXP 	Created AgreeStrongly = TextStim(__class__=<class 'psychopy.visual.text.TextStim'>, alignHoriz=method-wrapper(...), alignText='center', alignVert=method-wrapper(...), anchorHoriz='center', anchorVert='center', antialias=True, autoLog=True, bold=False, color='white', colorSpace='named', contrast=1.0, depth=-7.0, flipHoriz=False, flipVert=False, font='Times New Roman', fontFiles=[], height=0.03, italic=False, languageStyle='LTR', name='AgreeStrongly', opacity=1.0, ori=0, pos=array([ 0.3, -0.1]), rgb=array([255., 255., 255.]), text='Agree\nstrongly', units='height', win=Window(...), wrapWidth=1)
6.0844 	EXP 	Created congratsText = TextStim(__class__=<class 'psychopy.visual.text.TextStim'>, alignHoriz=method-wrapper(...), alignText='center', alignVert=method-wrapper(...), anchorHoriz='center', anchorVert='center', antialias=True, autoLog=True, bold=False, color='white', colorSpace='named', contrast=1.0, depth=0.0, flipHoriz=False, flipVert=False, font='Times New Roman', fontFiles=[], height=0.1, italic=False, languageStyle='LTR', name='congratsText', opacity=1.0, ori=0, pos=array([0., 0.]), rgb=array([255., 255., 255.]), text=str(...), units='height', win=Window(...), wrapWidth=1)
6.1287 	EXP 	rating: flipVert = False
6.1287 	EXP 	rating: autoLog = True
6.1287 	EXP 	rating2: flipVert = False
6.1287 	EXP 	rating2: autoLog = True
6.1287 	EXP 	rating3: flipVert = False
6.1287 	EXP 	rating3: autoLog = True
6.1287 	EXP 	rating4: flipVert = False
6.1287 	EXP 	rating4: autoLog = True
6.1287 	EXP 	rating5: flipVert = False
6.1287 	EXP 	rating5: autoLog = True
6.1287 	EXP 	IntroScreen: autoDraw = True
6.5154 	DATA 	Keypress: space
6.5288 	EXP 	IntroScreen: autoDraw = False
6.5288 	EXP 	instructions: autoDraw = True
6.8755 	DEBUG 	Read Excel file with pandas: spatialAnxietyScale1.xlsx
6.8782 	DEBUG 	Clearing unnamed columns from spatialAnxietyScale1.xlsx
6.8786 	EXP 	Imported spatialAnxietyScale1.xlsx as conditions, 8 conditions, 1 params
6.8790 	EXP 	Created sequence: random, trialTypes=8, nReps=1, seed=None
6.8793 	EXP 	New trial (rep=0, index=0): OrderedDict([('Scenario', 'Locating your car in a very large parking lot or parking garage.')])
6.8892 	EXP 	RatingScale rating: reset()
6.9047 	DATA 	Keypress: space
6.9290 	EXP 	instructions: autoDraw = False
6.9290 	EXP 	scenario1: text = 'Locating your car in a very large parking lot or parking garage.'
6.9290 	EXP 	scenario1: autoDraw = True
6.9290 	EXP 	notAtAll: autoDraw = True
6.9290 	EXP 	veryMuch: autoDraw = True
6.9290 	EXP 	rating: autoDraw = True
7.9172 	DATA 	Keypress: 2
8.3837 	DATA 	Mouse: Left button down, pos=(690,187)
8.3851 	DATA 	RatingScale rating: (mouse response) rating=2
8.3851 	DATA 	RatingScale rating: rating RT=1.495
8.3851 	DATA 	RatingScale rating: history=[(None, 0.0), (2, 1.028), (2, 1.495)]
8.3997 	EXP 	New trial (rep=0, index=1): OrderedDict([('Scenario', 'Finding your way back to a familiar area after realizing you have made a wrong turn and become lost while driving.')])
8.4163 	EXP 	RatingScale rating: reset()
8.4290 	EXP 	scenario1: autoDraw = False
8.4290 	EXP 	notAtAll: autoDraw = False
8.4290 	EXP 	veryMuch: autoDraw = False
8.4290 	EXP 	rating: autoDraw = False
8.4290 	EXP 	scenario1: text = 'Finding your way back to a familiar area after realizing you have made a wrong turn and become lost while driving.'
8.4290 	EXP 	scenario1: autoDraw = True
8.4290 	EXP 	notAtAll: autoDraw = True
8.4290 	EXP 	veryMuch: autoDraw = True
8.4290 	EXP 	rating: autoDraw = True
8.4468 	DATA 	Mouse:  Left button up, pos=(690,187)
8.7334 	DATA 	Keypress: 2
8.7651 	DATA 	Mouse: Left button down, pos=(690,169)
8.8334 	DATA 	RatingScale rating: (mouse response) rating=2
8.8334 	DATA 	RatingScale rating: rating RT=0.416
8.8335 	DATA 	RatingScale rating: history=[(None, 0.0), (2, 0.317), (2, 0.416)]
8.8354 	DATA 	Mouse:  Left button up, pos=(690,169)
8.8496 	EXP 	New trial (rep=0, index=2): OrderedDict([('Scenario', 'Pointing in the direction of a place outside that someone wants to get to and has asked you for directions, when you are in a windowless room.')])
8.8651 	EXP 	RatingScale rating: reset()
8.8779 	EXP 	scenario1: autoDraw = False
8.8779 	EXP 	notAtAll: autoDraw = False
8.8779 	EXP 	veryMuch: autoDraw = False
8.8779 	EXP 	rating: autoDraw = False
8.8779 	EXP 	scenario1: text = 'Pointing in the direction of a place outside that someone wants to get to and has asked you for directions, when you are in a windowless room.'
8.8779 	EXP 	scenario1: autoDraw = True
8.8779 	EXP 	notAtAll: autoDraw = True
8.8779 	EXP 	veryMuch: autoDraw = True
8.8779 	EXP 	rating: autoDraw = True
9.0325 	DATA 	Mouse: Left button down, pos=(690,169)
9.0345 	DATA 	Keypress: 2
9.1160 	DATA 	Mouse:  Left button up, pos=(690,169)
9.2171 	DATA 	Keypress: 3
9.2674 	DATA 	Mouse: Left button down, pos=(690,169)
9.2829 	DATA 	RatingScale rating: (mouse response) rating=3
9.2829 	DATA 	RatingScale rating: rating RT=0.417
9.2829 	DATA 	RatingScale rating: history=[(None, 0.0), (2, 0.17), (3, 0.352), (3, 0.417)]
9.2981 	EXP 	New trial (rep=0, index=3): OrderedDict([('Scenario', 'Finding your way out of a complex arrangement of offices that you have visited for the first time.')])
9.3104 	EXP 	RatingScale rating: reset()
9.3286 	EXP 	scenario1: autoDraw = False
9.3286 	EXP 	notAtAll: autoDraw = False
9.3286 	EXP 	veryMuch: autoDraw = False
9.3286 	EXP 	rating: autoDraw = False
9.3286 	EXP 	scenario1: text = 'Finding your way out of a complex arrangement of offices that you have visited for the first time.'
9.3286 	EXP 	scenario1: autoDraw = True
9.3286 	EXP 	notAtAll: autoDraw = True
9.3286 	EXP 	veryMuch: autoDraw = True
9.3286 	EXP 	rating: autoDraw = True
9.3334 	DATA 	Mouse:  Left button up, pos=(690,169)
9.4328 	DATA 	Keypress: 3
9.4846 	DATA 	Mouse: Left button down, pos=(690,169)
9.5500 	DATA 	Mouse:  Left button up, pos=(690,169)
9.6181 	DATA 	Keypress: 3
9.6835 	DATA 	Mouse: Left button down, pos=(690,169)
9.7159 	DATA 	RatingScale rating: (mouse response) rating=3
9.7159 	DATA 	RatingScale rating: rating RT=0.405
9.7159 	DATA 	RatingScale rating: history=[(None, 0.0), (3, 0.122), (3, 0.405)]
9.7315 	EXP 	New trial (rep=0, index=4): OrderedDict([('Scenario', 'Leaving a store that you have been to for the first time and deciding which way to turn to get to a destination.')])
9.7441 	EXP 	RatingScale rating: reset()
9.7466 	DATA 	Mouse:  Left button up, pos=(690,169)
9.7621 	EXP 	scenario1: autoDraw = False
9.7621 	EXP 	notAtAll: autoDraw = False
9.7621 	EXP 	veryMuch: autoDraw = False
9.7621 	EXP 	rating: autoDraw = False
9.7621 	EXP 	scenario1: text = 'Leaving a store that you have been to for the first time and deciding which way to turn to get to a destination.'
9.7621 	EXP 	scenario1: autoDraw = True
9.7621 	EXP 	notAtAll: autoDraw = True
9.7621 	EXP 	veryMuch: autoDraw = True
9.7621 	EXP 	rating: autoDraw = True
9.8022 	DATA 	Keypress: 3
9.8677 	DATA 	Mouse: Left button down, pos=(690,169)
9.9500 	DATA 	Mouse:  Left button up, pos=(690,169)
9.9853 	DATA 	Keypress: 3
10.0505 	DATA 	Mouse: Left button down, pos=(690,169)
10.1330 	DATA 	Mouse:  Left button up, pos=(690,169)
10.2343 	DATA 	Keypress: 4
10.2515 	DATA 	Mouse: Left button down, pos=(690,169)
10.2520 	DATA 	RatingScale rating: (mouse response) rating=4
10.2520 	DATA 	RatingScale rating: rating RT=0.507
10.2520 	DATA 	RatingScale rating: history=[(None, 0.0), (3, 0.07), (4, 0.49), (4, 0.507)]
10.2645 	EXP 	New trial (rep=0, index=5): OrderedDict([('Scenario', 'Trying a new route that you think will be a shortcut without the benefit of a map.')])
10.2733 	EXP 	RatingScale rating: reset()
10.2951 	EXP 	scenario1: autoDraw = False
10.2951 	EXP 	notAtAll: autoDraw = False
10.2951 	EXP 	veryMuch: autoDraw = False
10.2951 	EXP 	rating: autoDraw = False
10.2951 	EXP 	scenario1: text = 'Trying a new route that you think will be a shortcut without the benefit of a map.'
10.2951 	EXP 	scenario1: autoDraw = True
10.2951 	EXP 	notAtAll: autoDraw = True
10.2951 	EXP 	veryMuch: autoDraw = True
10.2951 	EXP 	rating: autoDraw = True
10.3485 	DATA 	Mouse:  Left button up, pos=(690,169)
10.4489 	DATA 	Keypress: 4
10.4847 	DATA 	Mouse: Left button down, pos=(690,169)
10.5504 	DATA 	Mouse:  Left button up, pos=(690,169)
10.6517 	DATA 	Keypress: 4
10.6833 	DATA 	Mouse: Left button down, pos=(690,169)
10.6840 	DATA 	RatingScale rating: (mouse response) rating=4
10.6841 	DATA 	RatingScale rating: rating RT=0.410
10.6841 	DATA 	RatingScale rating: history=[(None, 0.0), (4, 0.176), (4, 0.41)]
10.6990 	EXP 	New trial (rep=0, index=6): OrderedDict([('Scenario', 'Finding your way around in an unfamiliar mall.')])
10.7080 	EXP 	RatingScale rating: reset()
10.7290 	EXP 	scenario1: autoDraw = False
10.7290 	EXP 	notAtAll: autoDraw = False
10.7290 	EXP 	veryMuch: autoDraw = False
10.7290 	EXP 	rating: autoDraw = False
10.7290 	EXP 	scenario1: text = 'Finding your way around in an unfamiliar mall.'
10.7290 	EXP 	scenario1: autoDraw = True
10.7290 	EXP 	notAtAll: autoDraw = True
10.7290 	EXP 	veryMuch: autoDraw = True
10.7290 	EXP 	rating: autoDraw = True
10.7491 	DATA 	Mouse:  Left button up, pos=(690,169)
10.8346 	DATA 	Keypress: 4
10.8846 	DATA 	Mouse: Left button down, pos=(690,169)
10.9665 	DATA 	Mouse:  Left button up, pos=(690,169)
11.0508 	DATA 	Keypress: 4
11.0827 	DATA 	Mouse: Left button down, pos=(690,169)
11.1174 	DATA 	RatingScale rating: (mouse response) rating=4
11.1174 	DATA 	RatingScale rating: rating RT=0.408
11.1175 	DATA 	RatingScale rating: history=[(None, 0.0), (4, 0.139), (4, 0.408)]
11.1317 	EXP 	New trial (rep=0, index=7): OrderedDict([('Scenario', 'Finding your way to an appointment in an area of a city or town with which you are not familiar. ')])
11.1425 	EXP 	RatingScale rating: reset()
11.1451 	DATA 	Mouse:  Left button up, pos=(690,169)
11.1621 	EXP 	scenario1: autoDraw = False
11.1621 	EXP 	notAtAll: autoDraw = False
11.1621 	EXP 	veryMuch: autoDraw = False
11.1621 	EXP 	rating: autoDraw = False
11.1621 	EXP 	scenario1: text = 'Finding your way to an appointment in an area of a city or town with which you are not familiar. '
11.1621 	EXP 	scenario1: autoDraw = True
11.1621 	EXP 	notAtAll: autoDraw = True
11.1621 	EXP 	veryMuch: autoDraw = True
11.1621 	EXP 	rating: autoDraw = True
11.2501 	DATA 	Keypress: 4
11.2832 	DATA 	Mouse: Left button down, pos=(690,169)
11.3655 	DATA 	Mouse:  Left button up, pos=(690,169)
11.4718 	DATA 	Keypress: 4
11.4728 	DATA 	Mouse: Left button down, pos=(690,169)
11.5508 	DATA 	RatingScale rating: (mouse response) rating=4
11.5508 	DATA 	RatingScale rating: rating RT=0.407
11.5509 	DATA 	RatingScale rating: history=[(None, 0.0), (4, 0.108), (4, 0.407)]
11.5532 	DATA 	Mouse:  Left button up, pos=(690,169)
11.5789 	EXP 	scenario1: autoDraw = False
11.5789 	EXP 	notAtAll: autoDraw = False
11.5789 	EXP 	veryMuch: autoDraw = False
11.5789 	EXP 	rating: autoDraw = False
11.5789 	EXP 	riskBehaviorScaleScreen: autoDraw = True
11.6484 	DATA 	Keypress: 4
11.6680 	DEBUG 	Read Excel file with pandas: AppendixA.xlsx
11.6691 	DEBUG 	Clearing unnamed columns from AppendixA.xlsx
11.6699 	EXP 	Imported AppendixA.xlsx as conditions, 50 conditions, 1 params
11.6703 	EXP 	Created sequence: sequential, trialTypes=50, nReps=1, seed=None
11.6706 	EXP 	New trial (rep=0, index=0): OrderedDict([('C', 'Admitting that your tastes are different from those of your friends. (S)')])
11.6782 	EXP 	RatingScale rating2: reset()
11.6833 	DATA 	Mouse: Left button down, pos=(690,169)
11.6960 	EXP 	riskBehaviorScaleScreen: autoDraw = False
11.6960 	EXP 	activity: text = 'Admitting that your tastes are different from those of your friends. (S)'
11.6960 	EXP 	activity: autoDraw = True
11.6960 	EXP 	notAtAll2: autoDraw = True
11.6960 	EXP 	ExtremelyLikely: autoDraw = True
11.6960 	EXP 	rating2: autoDraw = True
11.6960 	EXP 	unlikely: autoDraw = True
11.6960 	EXP 	neutral: autoDraw = True
11.6960 	EXP 	Likely: autoDraw = True
11.7686 	DATA 	Mouse:  Left button up, pos=(690,169)
11.8672 	DATA 	Keypress: 4
12.4328 	DATA 	Mouse: Left button down, pos=(690,169)
12.4349 	DATA 	Keypress: 4
12.4361 	DATA 	RatingScale rating2: (mouse response) rating=4
12.4362 	DATA 	RatingScale rating2: rating RT=0.757
12.4362 	DATA 	RatingScale rating2: history=[(None, 0.0), (4, 0.005), (4, 0.757)]
12.4507 	EXP 	New trial (rep=0, index=1): OrderedDict([('C', 'Arguing with a friend who has a very different opinion on an issue. (S)')])
12.4585 	EXP 	RatingScale rating2: reset()
12.4783 	EXP 	activity: autoDraw = False
12.4783 	EXP 	notAtAll2: autoDraw = False
12.4783 	EXP 	ExtremelyLikely: autoDraw = False
12.4783 	EXP 	rating2: autoDraw = False
12.4783 	EXP 	unlikely: autoDraw = False
12.4783 	EXP 	neutral: autoDraw = False
12.4783 	EXP 	Likely: autoDraw = False
12.4783 	EXP 	activity: text = 'Arguing with a friend who has a very different opinion on an issue. (S)'
12.4783 	EXP 	activity: autoDraw = True
12.4783 	EXP 	notAtAll2: autoDraw = True
12.4783 	EXP 	ExtremelyLikely: autoDraw = True
12.4783 	EXP 	rating2: autoDraw = True
12.4783 	EXP 	unlikely: autoDraw = True
12.4783 	EXP 	neutral: autoDraw = True
12.4783 	EXP 	Likely: autoDraw = True
12.5173 	DATA 	Mouse:  Left button up, pos=(690,169)
12.6334 	DATA 	Mouse: Left button down, pos=(690,169)
12.6509 	DATA 	Keypress: 4
12.7158 	DATA 	Mouse:  Left button up, pos=(690,169)
12.8676 	DATA 	Mouse: Left button down, pos=(690,169)
12.8683 	DATA 	RatingScale rating2: (mouse response) rating=4
12.8683 	DATA 	RatingScale rating2: rating RT=0.409
12.8684 	DATA 	RatingScale rating2: history=[(None, 0.0), (4, 0.193), (4, 0.409)]
12.8829 	EXP 	New trial (rep=0, index=2): OrderedDict([('C', 'Asking your boss for a raise. (S)')])
12.8898 	EXP 	RatingScale rating2: reset()
12.8943 	DATA 	Keypress: 4
12.9117 	EXP 	activity: autoDraw = False
12.9117 	EXP 	notAtAll2: autoDraw = False
12.9117 	EXP 	ExtremelyLikely: autoDraw = False
12.9117 	EXP 	rating2: autoDraw = False
12.9117 	EXP 	unlikely: autoDraw = False
12.9117 	EXP 	neutral: autoDraw = False
12.9117 	EXP 	Likely: autoDraw = False
12.9117 	EXP 	activity: text = 'Asking your boss for a raise. (S)'
12.9117 	EXP 	activity: autoDraw = True
12.9117 	EXP 	notAtAll2: autoDraw = True
12.9117 	EXP 	ExtremelyLikely: autoDraw = True
12.9117 	EXP 	rating2: autoDraw = True
12.9117 	EXP 	unlikely: autoDraw = True
12.9117 	EXP 	neutral: autoDraw = True
12.9117 	EXP 	Likely: autoDraw = True
12.9167 	DATA 	Mouse:  Left button up, pos=(690,169)
13.0344 	DATA 	Keypress: 3
13.0511 	DATA 	Mouse: Left button down, pos=(690,169)
13.1197 	DATA 	Mouse:  Left button up, pos=(690,169)
13.2495 	DATA 	Mouse: Left button down, pos=(690,169)
13.2517 	DATA 	Keypress: 3
13.3007 	DATA 	RatingScale rating2: (mouse response) rating=3
13.3008 	DATA 	RatingScale rating2: rating RT=0.410
13.3008 	DATA 	RatingScale rating2: history=[(None, 0.0), (4, 0.005), (3, 0.145), (3, 0.41)]
13.3156 	EXP 	New trial (rep=0, index=3): OrderedDict([('C', "Betting a day's income at the horse races. (F)")])
13.3239 	EXP 	RatingScale rating2: reset()
13.3263 	DATA 	Mouse:  Left button up, pos=(690,169)
13.3459 	EXP 	activity: autoDraw = False
13.3459 	EXP 	notAtAll2: autoDraw = False
13.3459 	EXP 	ExtremelyLikely: autoDraw = False
13.3459 	EXP 	rating2: autoDraw = False
13.3459 	EXP 	unlikely: autoDraw = False
13.3459 	EXP 	neutral: autoDraw = False
13.3459 	EXP 	Likely: autoDraw = False
13.3459 	EXP 	activity: text = "Betting a day's income at the horse races. (F)"
13.3459 	EXP 	activity: autoDraw = True
13.3459 	EXP 	notAtAll2: autoDraw = True
13.3459 	EXP 	ExtremelyLikely: autoDraw = True
13.3459 	EXP 	rating2: autoDraw = True
13.3459 	EXP 	unlikely: autoDraw = True
13.3459 	EXP 	neutral: autoDraw = True
13.3459 	EXP 	Likely: autoDraw = True
13.4156 	DATA 	Keypress: 3
13.5996 	DATA 	Mouse: Left button down, pos=(690,169)
13.6032 	DATA 	Keypress: 3
13.6855 	DATA 	Mouse:  Left button up, pos=(690,169)
13.7836 	DATA 	Mouse: Left button down, pos=(690,169)
13.7844 	DATA 	RatingScale rating2: (mouse response) rating=3
13.7845 	DATA 	RatingScale rating2: rating RT=0.460
13.7845 	DATA 	RatingScale rating2: history=[(None, 0.0), (3, 0.092), (3, 0.46)]
13.7988 	EXP 	New trial (rep=0, index=4): OrderedDict([('C', 'Buying an illegal drug for your own use. (E)')])
13.8064 	EXP 	RatingScale rating2: reset()
13.8102 	DATA 	Keypress: 3
13.8288 	EXP 	activity: autoDraw = False
13.8288 	EXP 	notAtAll2: autoDraw = False
13.8288 	EXP 	ExtremelyLikely: autoDraw = False
13.8288 	EXP 	rating2: autoDraw = False
13.8288 	EXP 	unlikely: autoDraw = False
13.8288 	EXP 	neutral: autoDraw = False
13.8288 	EXP 	Likely: autoDraw = False
13.8288 	EXP 	activity: text = 'Buying an illegal drug for your own use. (E)'
13.8288 	EXP 	activity: autoDraw = True
13.8288 	EXP 	notAtAll2: autoDraw = True
13.8288 	EXP 	ExtremelyLikely: autoDraw = True
13.8288 	EXP 	rating2: autoDraw = True
13.8288 	EXP 	unlikely: autoDraw = True
13.8288 	EXP 	neutral: autoDraw = True
13.8288 	EXP 	Likely: autoDraw = True
13.8845 	DATA 	Mouse:  Left button up, pos=(690,169)
14.0164 	DATA 	Mouse: Left button down, pos=(690,169)
14.0187 	DATA 	Keypress: 3
14.1018 	DATA 	Mouse:  Left button up, pos=(690,169)
14.2180 	DATA 	Mouse: Left button down, pos=(690,169)
14.2185 	DATA 	RatingScale rating2: (mouse response) rating=3
14.2185 	DATA 	RatingScale rating2: rating RT=0.411
14.2185 	DATA 	RatingScale rating2: history=[(None, 0.0), (3, 0.004), (3, 0.411)]
14.2332 	EXP 	New trial (rep=0, index=5): OrderedDict([('C', 'Chasing a tornado by car to take photos that you can sell to the press ®')])
14.2450 	EXP 	RatingScale rating2: reset()
14.2492 	DATA 	Keypress: 3
14.2609 	EXP 	activity: autoDraw = False
14.2609 	EXP 	notAtAll2: autoDraw = False
14.2609 	EXP 	ExtremelyLikely: autoDraw = False
14.2609 	EXP 	rating2: autoDraw = False
14.2609 	EXP 	unlikely: autoDraw = False
14.2609 	EXP 	neutral: autoDraw = False
14.2609 	EXP 	Likely: autoDraw = False
14.2609 	EXP 	activity: text = 'Chasing a tornado by car to take photos that you can sell to the press ®'
14.2609 	EXP 	activity: autoDraw = True
14.2609 	EXP 	notAtAll2: autoDraw = True
14.2609 	EXP 	ExtremelyLikely: autoDraw = True
14.2609 	EXP 	rating2: autoDraw = True
14.2609 	EXP 	unlikely: autoDraw = True
14.2609 	EXP 	neutral: autoDraw = True
14.2609 	EXP 	Likely: autoDraw = True
14.3164 	DATA 	Mouse:  Left button up, pos=(690,169)
14.4543 	DATA 	Keypress: 3
14.4553 	DATA 	Mouse: Left button down, pos=(690,169)
14.5514 	DATA 	Mouse:  Left button up, pos=(690,169)
14.6844 	DATA 	Mouse: Left button down, pos=(690,169)
14.6849 	DATA 	RatingScale rating2: (mouse response) rating=3
14.6849 	DATA 	RatingScale rating2: rating RT=0.439
14.6849 	DATA 	RatingScale rating2: history=[(None, 0.0), (3, 0.004), (3, 0.439)]
14.6893 	DATA 	Keypress: 3
14.7158 	EXP 	New trial (rep=0, index=6): OrderedDict([('C', 'Cheating a fair amount on your income tax. (E) ')])
14.7244 	EXP 	RatingScale rating2: reset()
14.7450 	EXP 	activity: autoDraw = False
14.7450 	EXP 	notAtAll2: autoDraw = False
14.7450 	EXP 	ExtremelyLikely: autoDraw = False
14.7450 	EXP 	rating2: autoDraw = False
14.7450 	EXP 	unlikely: autoDraw = False
14.7450 	EXP 	neutral: autoDraw = False
14.7450 	EXP 	Likely: autoDraw = False
14.7450 	EXP 	activity: text = 'Cheating a fair amount on your income tax. (E) '
14.7450 	EXP 	activity: autoDraw = True
14.7450 	EXP 	notAtAll2: autoDraw = True
14.7450 	EXP 	ExtremelyLikely: autoDraw = True
14.7450 	EXP 	rating2: autoDraw = True
14.7450 	EXP 	unlikely: autoDraw = True
14.7450 	EXP 	neutral: autoDraw = True
14.7450 	EXP 	Likely: autoDraw = True
14.7698 	DATA 	Mouse:  Left button up, pos=(690,169)
14.8869 	DATA 	Keypress: 3
14.9332 	DATA 	Mouse: Left button down, pos=(690,169)
15.0175 	DATA 	Mouse:  Left button up, pos=(690,169)
15.1213 	DATA 	Keypress: 3
15.1528 	DATA 	Mouse: Left button down, pos=(690,169)
15.1667 	DATA 	RatingScale rating2: (mouse response) rating=3
15.1667 	DATA 	RatingScale rating2: rating RT=0.441
15.1667 	DATA 	RatingScale rating2: history=[(None, 0.0), (3, 0.002), (3, 0.441)]
15.1831 	EXP 	New trial (rep=0, index=7): OrderedDict([('C', 'Cheating on an exam. (E) ')])
15.1913 	EXP 	RatingScale rating2: reset()
15.2121 	EXP 	activity: autoDraw = False
15.2121 	EXP 	notAtAll2: autoDraw = False
15.2121 	EXP 	ExtremelyLikely: autoDraw = False
15.2121 	EXP 	rating2: autoDraw = False
15.2121 	EXP 	unlikely: autoDraw = False
15.2121 	EXP 	neutral: autoDraw = False
15.2121 	EXP 	Likely: autoDraw = False
15.2121 	EXP 	activity: text = 'Cheating on an exam. (E) '
15.2121 	EXP 	activity: autoDraw = True
15.2121 	EXP 	notAtAll2: autoDraw = True
15.2121 	EXP 	ExtremelyLikely: autoDraw = True
15.2121 	EXP 	rating2: autoDraw = True
15.2121 	EXP 	unlikely: autoDraw = True
15.2121 	EXP 	neutral: autoDraw = True
15.2121 	EXP 	Likely: autoDraw = True
15.2319 	DATA 	Mouse:  Left button up, pos=(690,169)
15.7349 	DATA 	Keypress: 3
15.9355 	DATA 	Mouse: Left button down, pos=(690,169)
15.9365 	DATA 	RatingScale rating2: (mouse response) rating=3
15.9365 	DATA 	RatingScale rating2: rating RT=0.744
15.9366 	DATA 	RatingScale rating2: history=[(None, 0.0), (3, 0.544), (3, 0.744)]
15.9519 	EXP 	New trial (rep=0, index=8): OrderedDict([('C', 'Co-signing a new car loan for a friend. (F)')])
15.9619 	EXP 	RatingScale rating2: reset()
15.9782 	EXP 	activity: autoDraw = False
15.9782 	EXP 	notAtAll2: autoDraw = False
15.9782 	EXP 	ExtremelyLikely: autoDraw = False
15.9782 	EXP 	rating2: autoDraw = False
15.9782 	EXP 	unlikely: autoDraw = False
15.9782 	EXP 	neutral: autoDraw = False
15.9782 	EXP 	Likely: autoDraw = False
15.9782 	EXP 	activity: text = 'Co-signing a new car loan for a friend. (F)'
15.9782 	EXP 	activity: autoDraw = True
15.9782 	EXP 	notAtAll2: autoDraw = True
15.9782 	EXP 	ExtremelyLikely: autoDraw = True
15.9782 	EXP 	rating2: autoDraw = True
15.9782 	EXP 	unlikely: autoDraw = True
15.9782 	EXP 	neutral: autoDraw = True
15.9782 	EXP 	Likely: autoDraw = True
15.9999 	DATA 	Keypress: 3
16.0523 	DATA 	Mouse:  Left button up, pos=(690,169)
16.2175 	DATA 	Mouse: Left button down, pos=(690,169)
16.2366 	DATA 	Keypress: 3
16.3191 	DATA 	Mouse:  Left button up, pos=(690,169)
16.4678 	DATA 	Mouse: Left button down, pos=(690,169)
16.4687 	DATA 	RatingScale rating2: (mouse response) rating=3
16.4687 	DATA 	RatingScale rating2: rating RT=0.506
16.4688 	DATA 	RatingScale rating2: history=[(None, 0.0), (3, 0.038), (3, 0.506)]
16.4842 	EXP 	New trial (rep=0, index=9): OrderedDict([('C', 'Dating someone that you are working with. (S)')])
16.4932 	EXP 	RatingScale rating2: reset()
16.4972 	DATA 	Keypress: 3
16.5111 	EXP 	activity: autoDraw = False
16.5111 	EXP 	notAtAll2: autoDraw = False
16.5111 	EXP 	ExtremelyLikely: autoDraw = False
16.5111 	EXP 	rating2: autoDraw = False
16.5111 	EXP 	unlikely: autoDraw = False
16.5111 	EXP 	neutral: autoDraw = False
16.5111 	EXP 	Likely: autoDraw = False
16.5111 	EXP 	activity: text = 'Dating someone that you are working with. (S)'
16.5111 	EXP 	activity: autoDraw = True
16.5111 	EXP 	notAtAll2: autoDraw = True
16.5111 	EXP 	ExtremelyLikely: autoDraw = True
16.5111 	EXP 	rating2: autoDraw = True
16.5111 	EXP 	unlikely: autoDraw = True
16.5111 	EXP 	neutral: autoDraw = True
16.5111 	EXP 	Likely: autoDraw = True
16.5846 	DATA 	Mouse:  Left button up, pos=(690,169)
16.7689 	DATA 	Keypress: 3
16.7698 	DATA 	Mouse: Left button down, pos=(690,169)
16.8831 	DATA 	Mouse:  Left button up, pos=(690,169)
17.0189 	DATA 	Mouse: Left button down, pos=(690,169)
17.0338 	DATA 	Keypress: 3
17.0349 	DATA 	RatingScale rating2: (mouse response) rating=3
17.0349 	DATA 	RatingScale rating2: rating RT=0.541
17.0349 	DATA 	RatingScale rating2: history=[(None, 0.0), (3, 0.004), (3, 0.541)]
17.0481 	EXP 	New trial (rep=0, index=10): OrderedDict([('C', "Deciding to share an apartment with someone you don't know well. (S)")])
17.0557 	EXP 	RatingScale rating2: reset()
17.0787 	EXP 	activity: autoDraw = False
17.0787 	EXP 	notAtAll2: autoDraw = False
17.0787 	EXP 	ExtremelyLikely: autoDraw = False
17.0787 	EXP 	rating2: autoDraw = False
17.0787 	EXP 	unlikely: autoDraw = False
17.0787 	EXP 	neutral: autoDraw = False
17.0787 	EXP 	Likely: autoDraw = False
17.0787 	EXP 	activity: text = "Deciding to share an apartment with someone you don't know well. (S)"
17.0787 	EXP 	activity: autoDraw = True
17.0787 	EXP 	notAtAll2: autoDraw = True
17.0787 	EXP 	ExtremelyLikely: autoDraw = True
17.0787 	EXP 	rating2: autoDraw = True
17.0787 	EXP 	unlikely: autoDraw = True
17.0787 	EXP 	neutral: autoDraw = True
17.0787 	EXP 	Likely: autoDraw = True
17.1482 	DATA 	Mouse:  Left button up, pos=(690,169)
17.2826 	DATA 	Keypress: 3
17.3005 	DATA 	Mouse: Left button down, pos=(690,169)
17.4008 	DATA 	Mouse:  Left button up, pos=(690,169)
17.5426 	DATA 	Keypress: 3
17.5438 	DATA 	Mouse: Left button down, pos=(690,169)
17.5450 	DATA 	RatingScale rating2: (mouse response) rating=3
17.5450 	DATA 	RatingScale rating2: rating RT=0.488
17.5450 	DATA 	RatingScale rating2: history=[(None, 0.0), (3, 0.227), (3, 0.488)]
17.5642 	EXP 	New trial (rep=0, index=11): OrderedDict([('C', 'Disagreeing with your father on a major issue. (S)')])
17.5728 	EXP 	RatingScale rating2: reset()
17.5956 	EXP 	activity: autoDraw = False
17.5956 	EXP 	notAtAll2: autoDraw = False
17.5956 	EXP 	ExtremelyLikely: autoDraw = False
17.5956 	EXP 	rating2: autoDraw = False
17.5956 	EXP 	unlikely: autoDraw = False
17.5956 	EXP 	neutral: autoDraw = False
17.5956 	EXP 	Likely: autoDraw = False
17.5956 	EXP 	activity: text = 'Disagreeing with your father on a major issue. (S)'
17.5956 	EXP 	activity: autoDraw = True
17.5956 	EXP 	notAtAll2: autoDraw = True
17.5956 	EXP 	ExtremelyLikely: autoDraw = True
17.5956 	EXP 	rating2: autoDraw = True
17.5956 	EXP 	unlikely: autoDraw = True
17.5956 	EXP 	neutral: autoDraw = True
17.5956 	EXP 	Likely: autoDraw = True
17.6480 	DATA 	Mouse:  Left button up, pos=(690,169)
17.8175 	DATA 	Mouse: Left button down, pos=(690,169)
17.8205 	DATA 	Keypress: 3
17.9326 	DATA 	Mouse:  Left button up, pos=(690,169)
18.0677 	DATA 	Keypress: 3
18.0991 	DATA 	Mouse: Left button down, pos=(690,169)
18.0999 	DATA 	RatingScale rating2: (mouse response) rating=3
18.0999 	DATA 	RatingScale rating2: rating RT=0.526
18.1000 	DATA 	RatingScale rating2: history=[(None, 0.0), (3, 0.248), (3, 0.526)]
18.1161 	EXP 	New trial (rep=0, index=12): OrderedDict([('C', 'Driving home after you had three drinks in the last two hours. (E)')])
18.1259 	EXP 	RatingScale rating2: reset()
18.1455 	EXP 	activity: autoDraw = False
18.1455 	EXP 	notAtAll2: autoDraw = False
18.1455 	EXP 	ExtremelyLikely: autoDraw = False
18.1455 	EXP 	rating2: autoDraw = False
18.1455 	EXP 	unlikely: autoDraw = False
18.1455 	EXP 	neutral: autoDraw = False
18.1455 	EXP 	Likely: autoDraw = False
18.1455 	EXP 	activity: text = 'Driving home after you had three drinks in the last two hours. (E)'
18.1455 	EXP 	activity: autoDraw = True
18.1455 	EXP 	notAtAll2: autoDraw = True
18.1455 	EXP 	ExtremelyLikely: autoDraw = True
18.1455 	EXP 	rating2: autoDraw = True
18.1455 	EXP 	unlikely: autoDraw = True
18.1455 	EXP 	neutral: autoDraw = True
18.1455 	EXP 	Likely: autoDraw = True
18.2004 	DATA 	Mouse:  Left button up, pos=(690,169)
19.5994 	DATA 	Keypress: escape
19.9668 	EXP 	window1: mouseVisible = True
19.9669 	DEBUG 	Saving data for Big5 ExperimentHandler
19.9689 	INFO 	saved data to /Users/sabrinado/Library/CELSYS/Big5/data/_Big5_2020_Oct_30_1732.psydat
19.9723 	INFO 	saved data to '/Users/sabrinado/Library/CELSYS/Big5/data/_Big5_2020_Oct_30_1732.csv'
